#
# There is insufficient memory for the Java Runtime Environment to continue.
# Native memory allocation (malloc) failed to allocate 1827056 bytes for Chunk::new
# Possible reasons:
#   The system is out of physical RAM or swap space
#   The process is running with CompressedOops enabled, and the Java Heap may be blocking the growth of the native heap
# Possible solutions:
#   Reduce memory load on the system
#   Increase physical memory or swap space
#   Check if swap backing store is full
#   Decrease Java heap size (-Xmx/-Xms)
#   Decrease number of Java threads
#   Decrease Java thread stack sizes (-Xss)
#   Set larger code cache with -XX:ReservedCodeCacheSize=
#   JVM is running with Unscaled Compressed Oops mode in which the Java heap is
#     placed in the first 4GB address space. The Java Heap base address is the
#     maximum limit for the native heap growth. Please use -XX:HeapBaseMinAddress
#     to set the Java Heap base and to place the Java Heap above 4GB virtual address.
# This output file may be truncated or incomplete.
#
#  Out of Memory Error (./open/src/hotspot/share/memory/arena.cpp:195), pid=2672, tid=12292
#
# JRE version: Java(TM) SE Runtime Environment (15.0+36) (build 15+36-1562)
# Java VM: Java HotSpot(TM) 64-Bit Server VM (15+36-1562, mixed mode, sharing, tiered, compressed oops, g1 gc, windows-amd64)
# No core dump will be written. Minidumps are not enabled by default on client versions of Windows
#

---------------  S U M M A R Y ------------

Command Line: --add-opens=java.base/java.util=ALL-UNNAMED --add-opens=java.base/java.lang=ALL-UNNAMED --add-opens=java.base/java.lang.invoke=ALL-UNNAMED --add-opens=java.prefs/java.util.prefs=ALL-UNNAMED -XX:MaxMetaspaceSize=256m -XX:+HeapDumpOnOutOfMemoryError -Xms256m -Xmx512m -Dfile.encoding=windows-1252 -Duser.country=US -Duser.language=en -Duser.variant org.gradle.launcher.daemon.bootstrap.GradleDaemon 6.5

Host: Intel(R) Core(TM) i5-8250U CPU @ 1.60GHz, 8 cores, 7G,  Windows 10 , 64 bit Build 19041 (10.0.19041.804)
Time: Fri Apr  2 01:00:37 2021 India Standard Time elapsed time: 5.219275 seconds (0d 0h 0m 5s)

---------------  T H R E A D  ---------------

Current thread (0x00000218d4af8870):  JavaThread "C2 CompilerThread2" daemon [_thread_in_native, id=12292, stack(0x000000595ad00000,0x000000595ae00000)]


Current CompileTask:
C2:   5219 2087   !   4       java.security.AccessController::doPrivileged (26 bytes)

Stack: [0x000000595ad00000,0x000000595ae00000]
Native frames: (J=compiled Java code, j=interpreted, Vv=VM code, C=native code)
V  [jvm.dll+0x629eaa]
V  [jvm.dll+0x780379]
V  [jvm.dll+0x781ad3]
V  [jvm.dll+0x782133]
V  [jvm.dll+0x2159d5]
V  [jvm.dll+0x9794a]
V  [jvm.dll+0x9802c]
V  [jvm.dll+0x32dbd8]
V  [jvm.dll+0x2f6ffa]
V  [jvm.dll+0x2f63ba]
V  [jvm.dll+0x1e9dd5]
V  [jvm.dll+0x1e903e]
V  [jvm.dll+0x177f17]
V  [jvm.dll+0x1f88f5]
V  [jvm.dll+0x1f699c]
V  [jvm.dll+0x74384d]
V  [jvm.dll+0x73c64a]
V  [jvm.dll+0x628d16]
C  [ucrtbase.dll+0x21bb2]
C  [KERNEL32.DLL+0x17034]
C  [ntdll.dll+0x52651]


---------------  P R O C E S S  ---------------

Threads class SMR info:
_java_thread_list=0x00000218d4dea130, length=27, elements={
0x00000218b4e91e60, 0x00000218d2065100, 0x00000218d2065be0, 0x00000218d20824d0,
0x00000218d2084ea0, 0x00000218d2085860, 0x00000218d2087560, 0x00000218d208a530,
0x00000218d208b240, 0x00000218d2acc3c0, 0x00000218d2ad1420, 0x00000218d3e35ee0,
0x00000218d48ff760, 0x00000218d48eb810, 0x00000218d43b90e0, 0x00000218d43b5fc0,
0x00000218d43ba5c0, 0x00000218d43baa90, 0x00000218d40c0020, 0x00000218d40c3960,
0x00000218d40bebb0, 0x00000218d40be210, 0x00000218d40bc530, 0x00000218d40bced0,
0x00000218d4a73040, 0x00000218d4af8870, 0x00000218d40bdd40
}

Java Threads: ( => current thread )
  0x00000218b4e91e60 JavaThread "main" [_thread_blocked, id=6324, stack(0x0000005958500000,0x0000005958600000)]
  0x00000218d2065100 JavaThread "Reference Handler" daemon [_thread_blocked, id=228, stack(0x0000005958c00000,0x0000005958d00000)]
  0x00000218d2065be0 JavaThread "Finalizer" daemon [_thread_blocked, id=12420, stack(0x0000005958d00000,0x0000005958e00000)]
  0x00000218d20824d0 JavaThread "Signal Dispatcher" daemon [_thread_blocked, id=5180, stack(0x0000005958e00000,0x0000005958f00000)]
  0x00000218d2084ea0 JavaThread "Attach Listener" daemon [_thread_blocked, id=14000, stack(0x0000005958f00000,0x0000005959000000)]
  0x00000218d2085860 JavaThread "Service Thread" daemon [_thread_blocked, id=8060, stack(0x0000005959000000,0x0000005959100000)]
  0x00000218d2087560 JavaThread "C2 CompilerThread0" daemon [_thread_in_native, id=2784, stack(0x0000005959100000,0x0000005959200000)]
  0x00000218d208a530 JavaThread "C1 CompilerThread0" daemon [_thread_blocked, id=10200, stack(0x0000005959200000,0x0000005959300000)]
  0x00000218d208b240 JavaThread "Sweeper thread" daemon [_thread_blocked, id=1780, stack(0x0000005959300000,0x0000005959400000)]
  0x00000218d2acc3c0 JavaThread "Common-Cleaner" daemon [_thread_blocked, id=10412, stack(0x0000005959400000,0x0000005959500000)]
  0x00000218d2ad1420 JavaThread "Notification Thread" daemon [_thread_blocked, id=8136, stack(0x0000005959500000,0x0000005959600000)]
  0x00000218d3e35ee0 JavaThread "Daemon health stats" [_thread_blocked, id=11580, stack(0x0000005959e00000,0x0000005959f00000)]
  0x00000218d48ff760 JavaThread "Incoming local TCP Connector on port 51625" [_thread_in_native, id=4132, stack(0x0000005959700000,0x0000005959800000)]
  0x00000218d48eb810 JavaThread "Daemon periodic checks" [_thread_blocked, id=6364, stack(0x000000595a100000,0x000000595a200000)]
  0x00000218d43b90e0 JavaThread "Daemon" [_thread_blocked, id=6460, stack(0x000000595a200000,0x000000595a300000)]
  0x00000218d43b5fc0 JavaThread "Handler for socket connection from /127.0.0.1:51625 to /127.0.0.1:51626" [_thread_in_native, id=8580, stack(0x000000595a300000,0x000000595a400000)]
  0x00000218d43ba5c0 JavaThread "Cancel handler" [_thread_blocked, id=14064, stack(0x000000595a400000,0x000000595a500000)]
  0x00000218d43baa90 JavaThread "Daemon worker" [_thread_in_vm, id=5580, stack(0x000000595a500000,0x000000595a600000)]
  0x00000218d40c0020 JavaThread "Asynchronous log dispatcher for DefaultDaemonConnection: socket connection from /127.0.0.1:51625 to /127.0.0.1:51626" [_thread_blocked, id=736, stack(0x000000595a600000,0x000000595a700000)]
  0x00000218d40c3960 JavaThread "Stdin handler" [_thread_blocked, id=2468, stack(0x000000595a700000,0x000000595a800000)]
  0x00000218d40bebb0 JavaThread "Thread-8" [_thread_blocked, id=12992, stack(0x000000595a800000,0x000000595a900000)]
  0x00000218d40be210 JavaThread "Cache worker for journal cache (C:\Users\Mendiratta\.gradle\caches\journal-1)" [_thread_blocked, id=11960, stack(0x000000595aa00000,0x000000595ab00000)]
  0x00000218d40bc530 JavaThread "File lock request listener" [_thread_in_native, id=2160, stack(0x000000595ab00000,0x000000595ac00000)]
  0x00000218d40bced0 JavaThread "Cache worker for file hash cache (C:\Users\Mendiratta\.gradle\caches\6.5\fileHashes)" [_thread_blocked, id=11292, stack(0x000000595ac00000,0x000000595ad00000)]
  0x00000218d4a73040 JavaThread "C2 CompilerThread1" daemon [_thread_in_native, id=6608, stack(0x000000595a900000,0x000000595aa00000)]
=>0x00000218d4af8870 JavaThread "C2 CompilerThread2" daemon [_thread_in_native, id=12292, stack(0x000000595ad00000,0x000000595ae00000)]
  0x00000218d40bdd40 JavaThread "Cache worker for file hash cache (C:\Users\Mendiratta\AndroidStudioProjects\and-nd-firebase-1.00-starting-point\.gradle\6.5\fileHashes)" [_thread_blocked, id=1712, stack(0x000000595ae00000,0x000000595af00000)]

Other Threads:
  0x00000218d2063970 VMThread "VM Thread" [stack: 0x0000005958b00000,0x0000005958c00000] [id=13104]
  0x00000218d2af68f0 WatcherThread [stack: 0x0000005959600000,0x0000005959700000] [id=1072]
  0x00000218b4eb83f0 GCTaskThread "GC Thread#0" [stack: 0x0000005958600000,0x0000005958700000] [id=12500]
  0x00000218d2ff2e30 GCTaskThread "GC Thread#1" [stack: 0x0000005959800000,0x0000005959900000] [id=13788]
  0x00000218d2ff5e00 GCTaskThread "GC Thread#2" [stack: 0x0000005959900000,0x0000005959a00000] [id=13640]
  0x00000218d2ff3af0 GCTaskThread "GC Thread#3" [stack: 0x0000005959a00000,0x0000005959b00000] [id=5468]
  0x00000218d2ff3490 GCTaskThread "GC Thread#4" [stack: 0x0000005959b00000,0x0000005959c00000] [id=9740]
  0x00000218d2ff4e10 GCTaskThread "GC Thread#5" [stack: 0x0000005959c00000,0x0000005959d00000] [id=7728]
  0x00000218b4ebe5e0 ConcurrentGCThread "G1 Main Marker" [stack: 0x0000005958700000,0x0000005958800000] [id=5556]
  0x00000218b4ebf160 ConcurrentGCThread "G1 Conc#0" [stack: 0x0000005958800000,0x0000005958900000] [id=9780]
  0x00000218b4f6dc40 ConcurrentGCThread "G1 Refine#0" [stack: 0x0000005958900000,0x0000005958a00000] [id=7832]
  0x00000218d2da1530 ConcurrentGCThread "G1 Refine#1" [stack: 0x0000005959d00000,0x0000005959e00000] [id=4796]
  0x00000218b4f6e670 ConcurrentGCThread "G1 Young RemSet Sampling" [stack: 0x0000005958a00000,0x0000005958b00000] [id=2768]

Threads with active compile tasks:
C2 CompilerThread0     5258 2021       4       java.net.URLClassLoader$1::run (5 bytes)
C2 CompilerThread1     5258 2009   !   4       java.net.URLClassLoader::findClass (47 bytes)
C2 CompilerThread2     5258 2087   !   4       java.security.AccessController::doPrivileged (26 bytes)

VM state: not at safepoint (normal execution)

VM Mutex/Monitor currently owned by a thread: None

Heap address: 0x00000000e0000000, size: 512 MB, Compressed Oops mode: 32-bit
CDS archive(s) mapped at: [0x0000000800000000-0x0000000800b50000-0x0000000800b50000), size 11862016, SharedBaseAddress: 0x0000000800000000, ArchiveRelocationMode: 0.
Compressed class space mapped at: 0x0000000800b50000-0x0000000810350000, size: 260046848
Narrow klass base: 0x0000000800000000, Narrow klass shift: 3, Narrow klass range: 0x100000000

GC Precious Log:
 CPUs: 8 total, 8 available
 Memory: 8069M
 Large Page Support: Disabled
 NUMA Support: Disabled
 Compressed Oops: Enabled (32-bit)
 Heap Region Size: 1M
 Heap Min Capacity: 256M
 Heap Initial Capacity: 256M
 Heap Max Capacity: 512M
 Pre-touch: Disabled
 Parallel Workers: 8
 Concurrent Workers: 2
 Concurrent Refinement Workers: 8
 Periodic GC: Disabled

Heap:
 garbage-first heap   total 262144K, used 79372K [0x00000000e0000000, 0x0000000100000000)
  region size 1024K, 70 young (71680K), 4 survivors (4096K)
 Metaspace       used 17731K, capacity 18149K, committed 18304K, reserved 270336K
  class space    used 2448K, capacity 2594K, committed 2688K, reserved 253952K

Heap Regions: E=young(eden), S=young(survivor), O=old, HS=humongous(starts), HC=humongous(continues), CS=collection set, F=free, OA=open archive, CA=closed archive, TAMS=top-at-mark-start (previous, next)
|   0|0x00000000e0000000, 0x00000000e0100000, 0x00000000e0100000|100%| O|  |TAMS 0x00000000e0000000, 0x00000000e0000000| Untracked 
|   1|0x00000000e0100000, 0x00000000e0200000, 0x00000000e0200000|100%| O|  |TAMS 0x00000000e0100000, 0x00000000e0100000| Untracked 
|   2|0x00000000e0200000, 0x00000000e0283000, 0x00000000e0300000| 51%| O|  |TAMS 0x00000000e0200000, 0x00000000e0200000| Untracked 
|   3|0x00000000e0300000, 0x00000000e0400000, 0x00000000e0400000|100%|HS|  |TAMS 0x00000000e0300000, 0x00000000e0300000| Complete 
|   4|0x00000000e0400000, 0x00000000e0500000, 0x00000000e0500000|100%|HC|  |TAMS 0x00000000e0400000, 0x00000000e0400000| Complete 
|   5|0x00000000e0500000, 0x00000000e0600000, 0x00000000e0600000|100%|HC|  |TAMS 0x00000000e0500000, 0x00000000e0500000| Complete 
|   6|0x00000000e0600000, 0x00000000e0700000, 0x00000000e0700000|100%| O|  |TAMS 0x00000000e0600000, 0x00000000e0600000| Untracked 
|   7|0x00000000e0700000, 0x00000000e0800000, 0x00000000e0800000|100%| O|  |TAMS 0x00000000e0700000, 0x00000000e0700000| Untracked 
|   8|0x00000000e0800000, 0x00000000e0900000, 0x00000000e0900000|100%| O|  |TAMS 0x00000000e0800000, 0x00000000e0800000| Untracked 
|   9|0x00000000e0900000, 0x00000000e0a00000, 0x00000000e0a00000|100%|HS|  |TAMS 0x00000000e0900000, 0x00000000e0900000| Complete 
|  10|0x00000000e0a00000, 0x00000000e0a00000, 0x00000000e0b00000|  0%| F|  |TAMS 0x00000000e0a00000, 0x00000000e0a00000| Untracked 
|  11|0x00000000e0b00000, 0x00000000e0b00000, 0x00000000e0c00000|  0%| F|  |TAMS 0x00000000e0b00000, 0x00000000e0b00000| Untracked 
|  12|0x00000000e0c00000, 0x00000000e0c00000, 0x00000000e0d00000|  0%| F|  |TAMS 0x00000000e0c00000, 0x00000000e0c00000| Untracked 
|  13|0x00000000e0d00000, 0x00000000e0d00000, 0x00000000e0e00000|  0%| F|  |TAMS 0x00000000e0d00000, 0x00000000e0d00000| Untracked 
|  14|0x00000000e0e00000, 0x00000000e0e00000, 0x00000000e0f00000|  0%| F|  |TAMS 0x00000000e0e00000, 0x00000000e0e00000| Untracked 
|  15|0x00000000e0f00000, 0x00000000e0f00000, 0x00000000e1000000|  0%| F|  |TAMS 0x00000000e0f00000, 0x00000000e0f00000| Untracked 
|  16|0x00000000e1000000, 0x00000000e1000000, 0x00000000e1100000|  0%| F|  |TAMS 0x00000000e1000000, 0x00000000e1000000| Untracked 
|  17|0x00000000e1100000, 0x00000000e1100000, 0x00000000e1200000|  0%| F|  |TAMS 0x00000000e1100000, 0x00000000e1100000| Untracked 
|  18|0x00000000e1200000, 0x00000000e1200000, 0x00000000e1300000|  0%| F|  |TAMS 0x00000000e1200000, 0x00000000e1200000| Untracked 
|  19|0x00000000e1300000, 0x00000000e1300000, 0x00000000e1400000|  0%| F|  |TAMS 0x00000000e1300000, 0x00000000e1300000| Untracked 
|  20|0x00000000e1400000, 0x00000000e1400000, 0x00000000e1500000|  0%| F|  |TAMS 0x00000000e1400000, 0x00000000e1400000| Untracked 
|  21|0x00000000e1500000, 0x00000000e1500000, 0x00000000e1600000|  0%| F|  |TAMS 0x00000000e1500000, 0x00000000e1500000| Untracked 
|  22|0x00000000e1600000, 0x00000000e1600000, 0x00000000e1700000|  0%| F|  |TAMS 0x00000000e1600000, 0x00000000e1600000| Untracked 
|  23|0x00000000e1700000, 0x00000000e1700000, 0x00000000e1800000|  0%| F|  |TAMS 0x00000000e1700000, 0x00000000e1700000| Untracked 
|  24|0x00000000e1800000, 0x00000000e1800000, 0x00000000e1900000|  0%| F|  |TAMS 0x00000000e1800000, 0x00000000e1800000| Untracked 
|  25|0x00000000e1900000, 0x00000000e1900000, 0x00000000e1a00000|  0%| F|  |TAMS 0x00000000e1900000, 0x00000000e1900000| Untracked 
|  26|0x00000000e1a00000, 0x00000000e1a00000, 0x00000000e1b00000|  0%| F|  |TAMS 0x00000000e1a00000, 0x00000000e1a00000| Untracked 
|  27|0x00000000e1b00000, 0x00000000e1b00000, 0x00000000e1c00000|  0%| F|  |TAMS 0x00000000e1b00000, 0x00000000e1b00000| Untracked 
|  28|0x00000000e1c00000, 0x00000000e1c00000, 0x00000000e1d00000|  0%| F|  |TAMS 0x00000000e1c00000, 0x00000000e1c00000| Untracked 
|  29|0x00000000e1d00000, 0x00000000e1d00000, 0x00000000e1e00000|  0%| F|  |TAMS 0x00000000e1d00000, 0x00000000e1d00000| Untracked 
|  30|0x00000000e1e00000, 0x00000000e1e00000, 0x00000000e1f00000|  0%| F|  |TAMS 0x00000000e1e00000, 0x00000000e1e00000| Untracked 
|  31|0x00000000e1f00000, 0x00000000e1f00000, 0x00000000e2000000|  0%| F|  |TAMS 0x00000000e1f00000, 0x00000000e1f00000| Untracked 
|  32|0x00000000e2000000, 0x00000000e2000000, 0x00000000e2100000|  0%| F|  |TAMS 0x00000000e2000000, 0x00000000e2000000| Untracked 
|  33|0x00000000e2100000, 0x00000000e2100000, 0x00000000e2200000|  0%| F|  |TAMS 0x00000000e2100000, 0x00000000e2100000| Untracked 
|  34|0x00000000e2200000, 0x00000000e2200000, 0x00000000e2300000|  0%| F|  |TAMS 0x00000000e2200000, 0x00000000e2200000| Untracked 
|  35|0x00000000e2300000, 0x00000000e2300000, 0x00000000e2400000|  0%| F|  |TAMS 0x00000000e2300000, 0x00000000e2300000| Untracked 
|  36|0x00000000e2400000, 0x00000000e2400000, 0x00000000e2500000|  0%| F|  |TAMS 0x00000000e2400000, 0x00000000e2400000| Untracked 
|  37|0x00000000e2500000, 0x00000000e2500000, 0x00000000e2600000|  0%| F|  |TAMS 0x00000000e2500000, 0x00000000e2500000| Untracked 
|  38|0x00000000e2600000, 0x00000000e2600000, 0x00000000e2700000|  0%| F|  |TAMS 0x00000000e2600000, 0x00000000e2600000| Untracked 
|  39|0x00000000e2700000, 0x00000000e2700000, 0x00000000e2800000|  0%| F|  |TAMS 0x00000000e2700000, 0x00000000e2700000| Untracked 
|  40|0x00000000e2800000, 0x00000000e2800000, 0x00000000e2900000|  0%| F|  |TAMS 0x00000000e2800000, 0x00000000e2800000| Untracked 
|  41|0x00000000e2900000, 0x00000000e2900000, 0x00000000e2a00000|  0%| F|  |TAMS 0x00000000e2900000, 0x00000000e2900000| Untracked 
|  42|0x00000000e2a00000, 0x00000000e2a00000, 0x00000000e2b00000|  0%| F|  |TAMS 0x00000000e2a00000, 0x00000000e2a00000| Untracked 
|  43|0x00000000e2b00000, 0x00000000e2b00000, 0x00000000e2c00000|  0%| F|  |TAMS 0x00000000e2b00000, 0x00000000e2b00000| Untracked 
|  44|0x00000000e2c00000, 0x00000000e2c00000, 0x00000000e2d00000|  0%| F|  |TAMS 0x00000000e2c00000, 0x00000000e2c00000| Untracked 
|  45|0x00000000e2d00000, 0x00000000e2d00000, 0x00000000e2e00000|  0%| F|  |TAMS 0x00000000e2d00000, 0x00000000e2d00000| Untracked 
|  46|0x00000000e2e00000, 0x00000000e2e00000, 0x00000000e2f00000|  0%| F|  |TAMS 0x00000000e2e00000, 0x00000000e2e00000| Untracked 
|  47|0x00000000e2f00000, 0x00000000e2f00000, 0x00000000e3000000|  0%| F|  |TAMS 0x00000000e2f00000, 0x00000000e2f00000| Untracked 
|  48|0x00000000e3000000, 0x00000000e3000000, 0x00000000e3100000|  0%| F|  |TAMS 0x00000000e3000000, 0x00000000e3000000| Untracked 
|  49|0x00000000e3100000, 0x00000000e3100000, 0x00000000e3200000|  0%| F|  |TAMS 0x00000000e3100000, 0x00000000e3100000| Untracked 
|  50|0x00000000e3200000, 0x00000000e3200000, 0x00000000e3300000|  0%| F|  |TAMS 0x00000000e3200000, 0x00000000e3200000| Untracked 
|  51|0x00000000e3300000, 0x00000000e3300000, 0x00000000e3400000|  0%| F|  |TAMS 0x00000000e3300000, 0x00000000e3300000| Untracked 
|  52|0x00000000e3400000, 0x00000000e3400000, 0x00000000e3500000|  0%| F|  |TAMS 0x00000000e3400000, 0x00000000e3400000| Untracked 
|  53|0x00000000e3500000, 0x00000000e3500000, 0x00000000e3600000|  0%| F|  |TAMS 0x00000000e3500000, 0x00000000e3500000| Untracked 
|  54|0x00000000e3600000, 0x00000000e3600000, 0x00000000e3700000|  0%| F|  |TAMS 0x00000000e3600000, 0x00000000e3600000| Untracked 
|  55|0x00000000e3700000, 0x00000000e3700000, 0x00000000e3800000|  0%| F|  |TAMS 0x00000000e3700000, 0x00000000e3700000| Untracked 
|  56|0x00000000e3800000, 0x00000000e3800000, 0x00000000e3900000|  0%| F|  |TAMS 0x00000000e3800000, 0x00000000e3800000| Untracked 
|  57|0x00000000e3900000, 0x00000000e3900000, 0x00000000e3a00000|  0%| F|  |TAMS 0x00000000e3900000, 0x00000000e3900000| Untracked 
|  58|0x00000000e3a00000, 0x00000000e3a00000, 0x00000000e3b00000|  0%| F|  |TAMS 0x00000000e3a00000, 0x00000000e3a00000| Untracked 
|  59|0x00000000e3b00000, 0x00000000e3b00000, 0x00000000e3c00000|  0%| F|  |TAMS 0x00000000e3b00000, 0x00000000e3b00000| Untracked 
|  60|0x00000000e3c00000, 0x00000000e3c00000, 0x00000000e3d00000|  0%| F|  |TAMS 0x00000000e3c00000, 0x00000000e3c00000| Untracked 
|  61|0x00000000e3d00000, 0x00000000e3d00000, 0x00000000e3e00000|  0%| F|  |TAMS 0x00000000e3d00000, 0x00000000e3d00000| Untracked 
|  62|0x00000000e3e00000, 0x00000000e3e00000, 0x00000000e3f00000|  0%| F|  |TAMS 0x00000000e3e00000, 0x00000000e3e00000| Untracked 
|  63|0x00000000e3f00000, 0x00000000e3f00000, 0x00000000e4000000|  0%| F|  |TAMS 0x00000000e3f00000, 0x00000000e3f00000| Untracked 
|  64|0x00000000e4000000, 0x00000000e4000000, 0x00000000e4100000|  0%| F|  |TAMS 0x00000000e4000000, 0x00000000e4000000| Untracked 
|  65|0x00000000e4100000, 0x00000000e4100000, 0x00000000e4200000|  0%| F|  |TAMS 0x00000000e4100000, 0x00000000e4100000| Untracked 
|  66|0x00000000e4200000, 0x00000000e4200000, 0x00000000e4300000|  0%| F|  |TAMS 0x00000000e4200000, 0x00000000e4200000| Untracked 
|  67|0x00000000e4300000, 0x00000000e4300000, 0x00000000e4400000|  0%| F|  |TAMS 0x00000000e4300000, 0x00000000e4300000| Untracked 
|  68|0x00000000e4400000, 0x00000000e4400000, 0x00000000e4500000|  0%| F|  |TAMS 0x00000000e4400000, 0x00000000e4400000| Untracked 
|  69|0x00000000e4500000, 0x00000000e4500000, 0x00000000e4600000|  0%| F|  |TAMS 0x00000000e4500000, 0x00000000e4500000| Untracked 
|  70|0x00000000e4600000, 0x00000000e4600000, 0x00000000e4700000|  0%| F|  |TAMS 0x00000000e4600000, 0x00000000e4600000| Untracked 
|  71|0x00000000e4700000, 0x00000000e4700000, 0x00000000e4800000|  0%| F|  |TAMS 0x00000000e4700000, 0x00000000e4700000| Untracked 
|  72|0x00000000e4800000, 0x00000000e4800000, 0x00000000e4900000|  0%| F|  |TAMS 0x00000000e4800000, 0x00000000e4800000| Untracked 
|  73|0x00000000e4900000, 0x00000000e4900000, 0x00000000e4a00000|  0%| F|  |TAMS 0x00000000e4900000, 0x00000000e4900000| Untracked 
|  74|0x00000000e4a00000, 0x00000000e4a00000, 0x00000000e4b00000|  0%| F|  |TAMS 0x00000000e4a00000, 0x00000000e4a00000| Untracked 
|  75|0x00000000e4b00000, 0x00000000e4b00000, 0x00000000e4c00000|  0%| F|  |TAMS 0x00000000e4b00000, 0x00000000e4b00000| Untracked 
|  76|0x00000000e4c00000, 0x00000000e4c00000, 0x00000000e4d00000|  0%| F|  |TAMS 0x00000000e4c00000, 0x00000000e4c00000| Untracked 
|  77|0x00000000e4d00000, 0x00000000e4d00000, 0x00000000e4e00000|  0%| F|  |TAMS 0x00000000e4d00000, 0x00000000e4d00000| Untracked 
|  78|0x00000000e4e00000, 0x00000000e4e00000, 0x00000000e4f00000|  0%| F|  |TAMS 0x00000000e4e00000, 0x00000000e4e00000| Untracked 
|  79|0x00000000e4f00000, 0x00000000e4f00000, 0x00000000e5000000|  0%| F|  |TAMS 0x00000000e4f00000, 0x00000000e4f00000| Untracked 
|  80|0x00000000e5000000, 0x00000000e5000000, 0x00000000e5100000|  0%| F|  |TAMS 0x00000000e5000000, 0x00000000e5000000| Untracked 
|  81|0x00000000e5100000, 0x00000000e5100000, 0x00000000e5200000|  0%| F|  |TAMS 0x00000000e5100000, 0x00000000e5100000| Untracked 
|  82|0x00000000e5200000, 0x00000000e5200000, 0x00000000e5300000|  0%| F|  |TAMS 0x00000000e5200000, 0x00000000e5200000| Untracked 
|  83|0x00000000e5300000, 0x00000000e5300000, 0x00000000e5400000|  0%| F|  |TAMS 0x00000000e5300000, 0x00000000e5300000| Untracked 
|  84|0x00000000e5400000, 0x00000000e5400000, 0x00000000e5500000|  0%| F|  |TAMS 0x00000000e5400000, 0x00000000e5400000| Untracked 
|  85|0x00000000e5500000, 0x00000000e5500000, 0x00000000e5600000|  0%| F|  |TAMS 0x00000000e5500000, 0x00000000e5500000| Untracked 
|  86|0x00000000e5600000, 0x00000000e5600000, 0x00000000e5700000|  0%| F|  |TAMS 0x00000000e5600000, 0x00000000e5600000| Untracked 
|  87|0x00000000e5700000, 0x00000000e5700000, 0x00000000e5800000|  0%| F|  |TAMS 0x00000000e5700000, 0x00000000e5700000| Untracked 
|  88|0x00000000e5800000, 0x00000000e5800000, 0x00000000e5900000|  0%| F|  |TAMS 0x00000000e5800000, 0x00000000e5800000| Untracked 
|  89|0x00000000e5900000, 0x00000000e5900000, 0x00000000e5a00000|  0%| F|  |TAMS 0x00000000e5900000, 0x00000000e5900000| Untracked 
|  90|0x00000000e5a00000, 0x00000000e5a00000, 0x00000000e5b00000|  0%| F|  |TAMS 0x00000000e5a00000, 0x00000000e5a00000| Untracked 
|  91|0x00000000e5b00000, 0x00000000e5b00000, 0x00000000e5c00000|  0%| F|  |TAMS 0x00000000e5b00000, 0x00000000e5b00000| Untracked 
|  92|0x00000000e5c00000, 0x00000000e5c00000, 0x00000000e5d00000|  0%| F|  |TAMS 0x00000000e5c00000, 0x00000000e5c00000| Untracked 
|  93|0x00000000e5d00000, 0x00000000e5d00000, 0x00000000e5e00000|  0%| F|  |TAMS 0x00000000e5d00000, 0x00000000e5d00000| Untracked 
|  94|0x00000000e5e00000, 0x00000000e5e00000, 0x00000000e5f00000|  0%| F|  |TAMS 0x00000000e5e00000, 0x00000000e5e00000| Untracked 
|  95|0x00000000e5f00000, 0x00000000e5f00000, 0x00000000e6000000|  0%| F|  |TAMS 0x00000000e5f00000, 0x00000000e5f00000| Untracked 
|  96|0x00000000e6000000, 0x00000000e6000000, 0x00000000e6100000|  0%| F|  |TAMS 0x00000000e6000000, 0x00000000e6000000| Untracked 
|  97|0x00000000e6100000, 0x00000000e6100000, 0x00000000e6200000|  0%| F|  |TAMS 0x00000000e6100000, 0x00000000e6100000| Untracked 
|  98|0x00000000e6200000, 0x00000000e6200000, 0x00000000e6300000|  0%| F|  |TAMS 0x00000000e6200000, 0x00000000e6200000| Untracked 
|  99|0x00000000e6300000, 0x00000000e6300000, 0x00000000e6400000|  0%| F|  |TAMS 0x00000000e6300000, 0x00000000e6300000| Untracked 
| 100|0x00000000e6400000, 0x00000000e6400000, 0x00000000e6500000|  0%| F|  |TAMS 0x00000000e6400000, 0x00000000e6400000| Untracked 
| 101|0x00000000e6500000, 0x00000000e6500000, 0x00000000e6600000|  0%| F|  |TAMS 0x00000000e6500000, 0x00000000e6500000| Untracked 
| 102|0x00000000e6600000, 0x00000000e6600000, 0x00000000e6700000|  0%| F|  |TAMS 0x00000000e6600000, 0x00000000e6600000| Untracked 
| 103|0x00000000e6700000, 0x00000000e6700000, 0x00000000e6800000|  0%| F|  |TAMS 0x00000000e6700000, 0x00000000e6700000| Untracked 
| 104|0x00000000e6800000, 0x00000000e6800000, 0x00000000e6900000|  0%| F|  |TAMS 0x00000000e6800000, 0x00000000e6800000| Untracked 
| 105|0x00000000e6900000, 0x00000000e6900000, 0x00000000e6a00000|  0%| F|  |TAMS 0x00000000e6900000, 0x00000000e6900000| Untracked 
| 106|0x00000000e6a00000, 0x00000000e6a00000, 0x00000000e6b00000|  0%| F|  |TAMS 0x00000000e6a00000, 0x00000000e6a00000| Untracked 
| 107|0x00000000e6b00000, 0x00000000e6b00000, 0x00000000e6c00000|  0%| F|  |TAMS 0x00000000e6b00000, 0x00000000e6b00000| Untracked 
| 108|0x00000000e6c00000, 0x00000000e6c00000, 0x00000000e6d00000|  0%| F|  |TAMS 0x00000000e6c00000, 0x00000000e6c00000| Untracked 
| 109|0x00000000e6d00000, 0x00000000e6d00000, 0x00000000e6e00000|  0%| F|  |TAMS 0x00000000e6d00000, 0x00000000e6d00000| Untracked 
| 110|0x00000000e6e00000, 0x00000000e6e00000, 0x00000000e6f00000|  0%| F|  |TAMS 0x00000000e6e00000, 0x00000000e6e00000| Untracked 
| 111|0x00000000e6f00000, 0x00000000e6f00000, 0x00000000e7000000|  0%| F|  |TAMS 0x00000000e6f00000, 0x00000000e6f00000| Untracked 
| 112|0x00000000e7000000, 0x00000000e7000000, 0x00000000e7100000|  0%| F|  |TAMS 0x00000000e7000000, 0x00000000e7000000| Untracked 
| 113|0x00000000e7100000, 0x00000000e7100000, 0x00000000e7200000|  0%| F|  |TAMS 0x00000000e7100000, 0x00000000e7100000| Untracked 
| 114|0x00000000e7200000, 0x00000000e7200000, 0x00000000e7300000|  0%| F|  |TAMS 0x00000000e7200000, 0x00000000e7200000| Untracked 
| 115|0x00000000e7300000, 0x00000000e7300000, 0x00000000e7400000|  0%| F|  |TAMS 0x00000000e7300000, 0x00000000e7300000| Untracked 
| 116|0x00000000e7400000, 0x00000000e7400000, 0x00000000e7500000|  0%| F|  |TAMS 0x00000000e7400000, 0x00000000e7400000| Untracked 
| 117|0x00000000e7500000, 0x00000000e7500000, 0x00000000e7600000|  0%| F|  |TAMS 0x00000000e7500000, 0x00000000e7500000| Untracked 
| 118|0x00000000e7600000, 0x00000000e7600000, 0x00000000e7700000|  0%| F|  |TAMS 0x00000000e7600000, 0x00000000e7600000| Untracked 
| 119|0x00000000e7700000, 0x00000000e7700000, 0x00000000e7800000|  0%| F|  |TAMS 0x00000000e7700000, 0x00000000e7700000| Untracked 
| 120|0x00000000e7800000, 0x00000000e7800000, 0x00000000e7900000|  0%| F|  |TAMS 0x00000000e7800000, 0x00000000e7800000| Untracked 
| 121|0x00000000e7900000, 0x00000000e7900000, 0x00000000e7a00000|  0%| F|  |TAMS 0x00000000e7900000, 0x00000000e7900000| Untracked 
| 122|0x00000000e7a00000, 0x00000000e7a00000, 0x00000000e7b00000|  0%| F|  |TAMS 0x00000000e7a00000, 0x00000000e7a00000| Untracked 
| 123|0x00000000e7b00000, 0x00000000e7b00000, 0x00000000e7c00000|  0%| F|  |TAMS 0x00000000e7b00000, 0x00000000e7b00000| Untracked 
| 124|0x00000000e7c00000, 0x00000000e7c00000, 0x00000000e7d00000|  0%| F|  |TAMS 0x00000000e7c00000, 0x00000000e7c00000| Untracked 
| 125|0x00000000e7d00000, 0x00000000e7d00000, 0x00000000e7e00000|  0%| F|  |TAMS 0x00000000e7d00000, 0x00000000e7d00000| Untracked 
| 126|0x00000000e7e00000, 0x00000000e7e00000, 0x00000000e7f00000|  0%| F|  |TAMS 0x00000000e7e00000, 0x00000000e7e00000| Untracked 
| 127|0x00000000e7f00000, 0x00000000e7f00000, 0x00000000e8000000|  0%| F|  |TAMS 0x00000000e7f00000, 0x00000000e7f00000| Untracked 
| 128|0x00000000e8000000, 0x00000000e8000000, 0x00000000e8100000|  0%| F|  |TAMS 0x00000000e8000000, 0x00000000e8000000| Untracked 
| 129|0x00000000e8100000, 0x00000000e8100000, 0x00000000e8200000|  0%| F|  |TAMS 0x00000000e8100000, 0x00000000e8100000| Untracked 
| 130|0x00000000e8200000, 0x00000000e8200000, 0x00000000e8300000|  0%| F|  |TAMS 0x00000000e8200000, 0x00000000e8200000| Untracked 
| 131|0x00000000e8300000, 0x00000000e8300000, 0x00000000e8400000|  0%| F|  |TAMS 0x00000000e8300000, 0x00000000e8300000| Untracked 
| 132|0x00000000e8400000, 0x00000000e8400000, 0x00000000e8500000|  0%| F|  |TAMS 0x00000000e8400000, 0x00000000e8400000| Untracked 
| 133|0x00000000e8500000, 0x00000000e8500000, 0x00000000e8600000|  0%| F|  |TAMS 0x00000000e8500000, 0x00000000e8500000| Untracked 
| 134|0x00000000e8600000, 0x00000000e8600000, 0x00000000e8700000|  0%| F|  |TAMS 0x00000000e8600000, 0x00000000e8600000| Untracked 
| 135|0x00000000e8700000, 0x00000000e8700000, 0x00000000e8800000|  0%| F|  |TAMS 0x00000000e8700000, 0x00000000e8700000| Untracked 
| 136|0x00000000e8800000, 0x00000000e8800000, 0x00000000e8900000|  0%| F|  |TAMS 0x00000000e8800000, 0x00000000e8800000| Untracked 
| 137|0x00000000e8900000, 0x00000000e8900000, 0x00000000e8a00000|  0%| F|  |TAMS 0x00000000e8900000, 0x00000000e8900000| Untracked 
| 138|0x00000000e8a00000, 0x00000000e8a00000, 0x00000000e8b00000|  0%| F|  |TAMS 0x00000000e8a00000, 0x00000000e8a00000| Untracked 
| 139|0x00000000e8b00000, 0x00000000e8b00000, 0x00000000e8c00000|  0%| F|  |TAMS 0x00000000e8b00000, 0x00000000e8b00000| Untracked 
| 140|0x00000000e8c00000, 0x00000000e8c00000, 0x00000000e8d00000|  0%| F|  |TAMS 0x00000000e8c00000, 0x00000000e8c00000| Untracked 
| 141|0x00000000e8d00000, 0x00000000e8d00000, 0x00000000e8e00000|  0%| F|  |TAMS 0x00000000e8d00000, 0x00000000e8d00000| Untracked 
| 142|0x00000000e8e00000, 0x00000000e8e00000, 0x00000000e8f00000|  0%| F|  |TAMS 0x00000000e8e00000, 0x00000000e8e00000| Untracked 
| 143|0x00000000e8f00000, 0x00000000e8f00000, 0x00000000e9000000|  0%| F|  |TAMS 0x00000000e8f00000, 0x00000000e8f00000| Untracked 
| 144|0x00000000e9000000, 0x00000000e9000000, 0x00000000e9100000|  0%| F|  |TAMS 0x00000000e9000000, 0x00000000e9000000| Untracked 
| 145|0x00000000e9100000, 0x00000000e9100000, 0x00000000e9200000|  0%| F|  |TAMS 0x00000000e9100000, 0x00000000e9100000| Untracked 
| 146|0x00000000e9200000, 0x00000000e9200000, 0x00000000e9300000|  0%| F|  |TAMS 0x00000000e9200000, 0x00000000e9200000| Untracked 
| 147|0x00000000e9300000, 0x00000000e9300000, 0x00000000e9400000|  0%| F|  |TAMS 0x00000000e9300000, 0x00000000e9300000| Untracked 
| 148|0x00000000e9400000, 0x00000000e9400000, 0x00000000e9500000|  0%| F|  |TAMS 0x00000000e9400000, 0x00000000e9400000| Untracked 
| 149|0x00000000e9500000, 0x00000000e9500000, 0x00000000e9600000|  0%| F|  |TAMS 0x00000000e9500000, 0x00000000e9500000| Untracked 
| 150|0x00000000e9600000, 0x00000000e9600000, 0x00000000e9700000|  0%| F|  |TAMS 0x00000000e9600000, 0x00000000e9600000| Untracked 
| 151|0x00000000e9700000, 0x00000000e9700000, 0x00000000e9800000|  0%| F|  |TAMS 0x00000000e9700000, 0x00000000e9700000| Untracked 
| 152|0x00000000e9800000, 0x00000000e9800000, 0x00000000e9900000|  0%| F|  |TAMS 0x00000000e9800000, 0x00000000e9800000| Untracked 
| 153|0x00000000e9900000, 0x00000000e9900000, 0x00000000e9a00000|  0%| F|  |TAMS 0x00000000e9900000, 0x00000000e9900000| Untracked 
| 154|0x00000000e9a00000, 0x00000000e9a00000, 0x00000000e9b00000|  0%| F|  |TAMS 0x00000000e9a00000, 0x00000000e9a00000| Untracked 
| 155|0x00000000e9b00000, 0x00000000e9b00000, 0x00000000e9c00000|  0%| F|  |TAMS 0x00000000e9b00000, 0x00000000e9b00000| Untracked 
| 156|0x00000000e9c00000, 0x00000000e9c00000, 0x00000000e9d00000|  0%| F|  |TAMS 0x00000000e9c00000, 0x00000000e9c00000| Untracked 
| 157|0x00000000e9d00000, 0x00000000e9d00000, 0x00000000e9e00000|  0%| F|  |TAMS 0x00000000e9d00000, 0x00000000e9d00000| Untracked 
| 158|0x00000000e9e00000, 0x00000000e9e00000, 0x00000000e9f00000|  0%| F|  |TAMS 0x00000000e9e00000, 0x00000000e9e00000| Untracked 
| 159|0x00000000e9f00000, 0x00000000e9f00000, 0x00000000ea000000|  0%| F|  |TAMS 0x00000000e9f00000, 0x00000000e9f00000| Untracked 
| 160|0x00000000ea000000, 0x00000000ea000000, 0x00000000ea100000|  0%| F|  |TAMS 0x00000000ea000000, 0x00000000ea000000| Untracked 
| 161|0x00000000ea100000, 0x00000000ea100000, 0x00000000ea200000|  0%| F|  |TAMS 0x00000000ea100000, 0x00000000ea100000| Untracked 
| 162|0x00000000ea200000, 0x00000000ea200000, 0x00000000ea300000|  0%| F|  |TAMS 0x00000000ea200000, 0x00000000ea200000| Untracked 
| 163|0x00000000ea300000, 0x00000000ea300000, 0x00000000ea400000|  0%| F|  |TAMS 0x00000000ea300000, 0x00000000ea300000| Untracked 
| 164|0x00000000ea400000, 0x00000000ea400000, 0x00000000ea500000|  0%| F|  |TAMS 0x00000000ea400000, 0x00000000ea400000| Untracked 
| 165|0x00000000ea500000, 0x00000000ea500000, 0x00000000ea600000|  0%| F|  |TAMS 0x00000000ea500000, 0x00000000ea500000| Untracked 
| 166|0x00000000ea600000, 0x00000000ea600000, 0x00000000ea700000|  0%| F|  |TAMS 0x00000000ea600000, 0x00000000ea600000| Untracked 
| 167|0x00000000ea700000, 0x00000000ea700000, 0x00000000ea800000|  0%| F|  |TAMS 0x00000000ea700000, 0x00000000ea700000| Untracked 
| 168|0x00000000ea800000, 0x00000000ea800000, 0x00000000ea900000|  0%| F|  |TAMS 0x00000000ea800000, 0x00000000ea800000| Untracked 
| 169|0x00000000ea900000, 0x00000000ea900000, 0x00000000eaa00000|  0%| F|  |TAMS 0x00000000ea900000, 0x00000000ea900000| Untracked 
| 170|0x00000000eaa00000, 0x00000000eaa00000, 0x00000000eab00000|  0%| F|  |TAMS 0x00000000eaa00000, 0x00000000eaa00000| Untracked 
| 171|0x00000000eab00000, 0x00000000eab00000, 0x00000000eac00000|  0%| F|  |TAMS 0x00000000eab00000, 0x00000000eab00000| Untracked 
| 172|0x00000000eac00000, 0x00000000eac00000, 0x00000000ead00000|  0%| F|  |TAMS 0x00000000eac00000, 0x00000000eac00000| Untracked 
| 173|0x00000000ead00000, 0x00000000ead00000, 0x00000000eae00000|  0%| F|  |TAMS 0x00000000ead00000, 0x00000000ead00000| Untracked 
| 174|0x00000000eae00000, 0x00000000eae00000, 0x00000000eaf00000|  0%| F|  |TAMS 0x00000000eae00000, 0x00000000eae00000| Untracked 
| 175|0x00000000eaf00000, 0x00000000eaf00000, 0x00000000eb000000|  0%| F|  |TAMS 0x00000000eaf00000, 0x00000000eaf00000| Untracked 
| 176|0x00000000eb000000, 0x00000000eb000000, 0x00000000eb100000|  0%| F|  |TAMS 0x00000000eb000000, 0x00000000eb000000| Untracked 
| 177|0x00000000eb100000, 0x00000000eb100000, 0x00000000eb200000|  0%| F|  |TAMS 0x00000000eb100000, 0x00000000eb100000| Untracked 
| 178|0x00000000eb200000, 0x00000000eb200000, 0x00000000eb300000|  0%| F|  |TAMS 0x00000000eb200000, 0x00000000eb200000| Untracked 
| 179|0x00000000eb300000, 0x00000000eb300000, 0x00000000eb400000|  0%| F|  |TAMS 0x00000000eb300000, 0x00000000eb300000| Untracked 
| 180|0x00000000eb400000, 0x00000000eb400000, 0x00000000eb500000|  0%| F|  |TAMS 0x00000000eb400000, 0x00000000eb400000| Untracked 
| 181|0x00000000eb500000, 0x00000000eb500000, 0x00000000eb600000|  0%| F|  |TAMS 0x00000000eb500000, 0x00000000eb500000| Untracked 
| 182|0x00000000eb600000, 0x00000000eb600000, 0x00000000eb700000|  0%| F|  |TAMS 0x00000000eb600000, 0x00000000eb600000| Untracked 
| 183|0x00000000eb700000, 0x00000000eb700000, 0x00000000eb800000|  0%| F|  |TAMS 0x00000000eb700000, 0x00000000eb700000| Untracked 
| 184|0x00000000eb800000, 0x00000000eb800000, 0x00000000eb900000|  0%| F|  |TAMS 0x00000000eb800000, 0x00000000eb800000| Untracked 
| 185|0x00000000eb900000, 0x00000000eb900000, 0x00000000eba00000|  0%| F|  |TAMS 0x00000000eb900000, 0x00000000eb900000| Untracked 
| 186|0x00000000eba00000, 0x00000000eba81918, 0x00000000ebb00000| 50%| E|  |TAMS 0x00000000eba00000, 0x00000000eba00000| Complete 
| 187|0x00000000ebb00000, 0x00000000ebc00000, 0x00000000ebc00000|100%| E|CS|TAMS 0x00000000ebb00000, 0x00000000ebb00000| Complete 
| 188|0x00000000ebc00000, 0x00000000ebd00000, 0x00000000ebd00000|100%| E|CS|TAMS 0x00000000ebc00000, 0x00000000ebc00000| Complete 
| 189|0x00000000ebd00000, 0x00000000ebe00000, 0x00000000ebe00000|100%| E|CS|TAMS 0x00000000ebd00000, 0x00000000ebd00000| Complete 
| 190|0x00000000ebe00000, 0x00000000ebf00000, 0x00000000ebf00000|100%| E|CS|TAMS 0x00000000ebe00000, 0x00000000ebe00000| Complete 
| 191|0x00000000ebf00000, 0x00000000ec000000, 0x00000000ec000000|100%| E|CS|TAMS 0x00000000ebf00000, 0x00000000ebf00000| Complete 
| 192|0x00000000ec000000, 0x00000000ec100000, 0x00000000ec100000|100%| E|CS|TAMS 0x00000000ec000000, 0x00000000ec000000| Complete 
| 193|0x00000000ec100000, 0x00000000ec200000, 0x00000000ec200000|100%| E|CS|TAMS 0x00000000ec100000, 0x00000000ec100000| Complete 
| 194|0x00000000ec200000, 0x00000000ec300000, 0x00000000ec300000|100%| E|CS|TAMS 0x00000000ec200000, 0x00000000ec200000| Complete 
| 195|0x00000000ec300000, 0x00000000ec400000, 0x00000000ec400000|100%| E|CS|TAMS 0x00000000ec300000, 0x00000000ec300000| Complete 
| 196|0x00000000ec400000, 0x00000000ec500000, 0x00000000ec500000|100%| E|CS|TAMS 0x00000000ec400000, 0x00000000ec400000| Complete 
| 197|0x00000000ec500000, 0x00000000ec600000, 0x00000000ec600000|100%| E|CS|TAMS 0x00000000ec500000, 0x00000000ec500000| Complete 
| 198|0x00000000ec600000, 0x00000000ec700000, 0x00000000ec700000|100%| E|CS|TAMS 0x00000000ec600000, 0x00000000ec600000| Complete 
| 199|0x00000000ec700000, 0x00000000ec800000, 0x00000000ec800000|100%| E|CS|TAMS 0x00000000ec700000, 0x00000000ec700000| Complete 
| 200|0x00000000ec800000, 0x00000000ec900000, 0x00000000ec900000|100%| E|CS|TAMS 0x00000000ec800000, 0x00000000ec800000| Complete 
| 201|0x00000000ec900000, 0x00000000eca00000, 0x00000000eca00000|100%| E|CS|TAMS 0x00000000ec900000, 0x00000000ec900000| Complete 
| 202|0x00000000eca00000, 0x00000000ecb00000, 0x00000000ecb00000|100%| E|CS|TAMS 0x00000000eca00000, 0x00000000eca00000| Complete 
| 203|0x00000000ecb00000, 0x00000000ecc00000, 0x00000000ecc00000|100%| E|CS|TAMS 0x00000000ecb00000, 0x00000000ecb00000| Complete 
| 204|0x00000000ecc00000, 0x00000000ecd00000, 0x00000000ecd00000|100%| E|CS|TAMS 0x00000000ecc00000, 0x00000000ecc00000| Complete 
| 205|0x00000000ecd00000, 0x00000000ece00000, 0x00000000ece00000|100%| E|CS|TAMS 0x00000000ecd00000, 0x00000000ecd00000| Complete 
| 206|0x00000000ece00000, 0x00000000ecf00000, 0x00000000ecf00000|100%| E|CS|TAMS 0x00000000ece00000, 0x00000000ece00000| Complete 
| 207|0x00000000ecf00000, 0x00000000ed000000, 0x00000000ed000000|100%| E|CS|TAMS 0x00000000ecf00000, 0x00000000ecf00000| Complete 
| 208|0x00000000ed000000, 0x00000000ed100000, 0x00000000ed100000|100%| E|CS|TAMS 0x00000000ed000000, 0x00000000ed000000| Complete 
| 209|0x00000000ed100000, 0x00000000ed200000, 0x00000000ed200000|100%| E|CS|TAMS 0x00000000ed100000, 0x00000000ed100000| Complete 
| 210|0x00000000ed200000, 0x00000000ed300000, 0x00000000ed300000|100%| E|CS|TAMS 0x00000000ed200000, 0x00000000ed200000| Complete 
| 211|0x00000000ed300000, 0x00000000ed400000, 0x00000000ed400000|100%| E|CS|TAMS 0x00000000ed300000, 0x00000000ed300000| Complete 
| 212|0x00000000ed400000, 0x00000000ed500000, 0x00000000ed500000|100%| E|CS|TAMS 0x00000000ed400000, 0x00000000ed400000| Complete 
| 213|0x00000000ed500000, 0x00000000ed600000, 0x00000000ed600000|100%| E|CS|TAMS 0x00000000ed500000, 0x00000000ed500000| Complete 
| 214|0x00000000ed600000, 0x00000000ed700000, 0x00000000ed700000|100%| E|CS|TAMS 0x00000000ed600000, 0x00000000ed600000| Complete 
| 215|0x00000000ed700000, 0x00000000ed800000, 0x00000000ed800000|100%| E|CS|TAMS 0x00000000ed700000, 0x00000000ed700000| Complete 
| 216|0x00000000ed800000, 0x00000000ed900000, 0x00000000ed900000|100%| E|CS|TAMS 0x00000000ed800000, 0x00000000ed800000| Complete 
| 217|0x00000000ed900000, 0x00000000eda00000, 0x00000000eda00000|100%| E|CS|TAMS 0x00000000ed900000, 0x00000000ed900000| Complete 
| 218|0x00000000eda00000, 0x00000000edb00000, 0x00000000edb00000|100%| E|  |TAMS 0x00000000eda00000, 0x00000000eda00000| Complete 
| 219|0x00000000edb00000, 0x00000000edc00000, 0x00000000edc00000|100%| E|CS|TAMS 0x00000000edb00000, 0x00000000edb00000| Complete 
| 220|0x00000000edc00000, 0x00000000edd00000, 0x00000000edd00000|100%| E|CS|TAMS 0x00000000edc00000, 0x00000000edc00000| Complete 
| 221|0x00000000edd00000, 0x00000000ede00000, 0x00000000ede00000|100%| E|CS|TAMS 0x00000000edd00000, 0x00000000edd00000| Complete 
| 222|0x00000000ede00000, 0x00000000edf00000, 0x00000000edf00000|100%| E|CS|TAMS 0x00000000ede00000, 0x00000000ede00000| Complete 
| 223|0x00000000edf00000, 0x00000000ee000000, 0x00000000ee000000|100%| S|CS|TAMS 0x00000000edf00000, 0x00000000edf00000| Complete 
| 224|0x00000000ee000000, 0x00000000ee100000, 0x00000000ee100000|100%| S|CS|TAMS 0x00000000ee000000, 0x00000000ee000000| Complete 
| 225|0x00000000ee100000, 0x00000000ee200000, 0x00000000ee200000|100%| S|CS|TAMS 0x00000000ee100000, 0x00000000ee100000| Complete 
| 226|0x00000000ee200000, 0x00000000ee300000, 0x00000000ee300000|100%| S|CS|TAMS 0x00000000ee200000, 0x00000000ee200000| Complete 
| 227|0x00000000ee300000, 0x00000000ee400000, 0x00000000ee400000|100%| E|CS|TAMS 0x00000000ee300000, 0x00000000ee300000| Complete 
| 228|0x00000000ee400000, 0x00000000ee500000, 0x00000000ee500000|100%| E|CS|TAMS 0x00000000ee400000, 0x00000000ee400000| Complete 
| 229|0x00000000ee500000, 0x00000000ee600000, 0x00000000ee600000|100%| E|CS|TAMS 0x00000000ee500000, 0x00000000ee500000| Complete 
| 230|0x00000000ee600000, 0x00000000ee700000, 0x00000000ee700000|100%| E|CS|TAMS 0x00000000ee600000, 0x00000000ee600000| Complete 
| 231|0x00000000ee700000, 0x00000000ee800000, 0x00000000ee800000|100%| E|CS|TAMS 0x00000000ee700000, 0x00000000ee700000| Complete 
| 232|0x00000000ee800000, 0x00000000ee900000, 0x00000000ee900000|100%| E|CS|TAMS 0x00000000ee800000, 0x00000000ee800000| Complete 
| 233|0x00000000ee900000, 0x00000000eea00000, 0x00000000eea00000|100%| E|CS|TAMS 0x00000000ee900000, 0x00000000ee900000| Complete 
| 234|0x00000000eea00000, 0x00000000eeb00000, 0x00000000eeb00000|100%| E|CS|TAMS 0x00000000eea00000, 0x00000000eea00000| Complete 
| 235|0x00000000eeb00000, 0x00000000eec00000, 0x00000000eec00000|100%| E|CS|TAMS 0x00000000eeb00000, 0x00000000eeb00000| Complete 
| 236|0x00000000eec00000, 0x00000000eed00000, 0x00000000eed00000|100%| E|CS|TAMS 0x00000000eec00000, 0x00000000eec00000| Complete 
| 237|0x00000000eed00000, 0x00000000eee00000, 0x00000000eee00000|100%| E|CS|TAMS 0x00000000eed00000, 0x00000000eed00000| Complete 
| 238|0x00000000eee00000, 0x00000000eef00000, 0x00000000eef00000|100%| E|CS|TAMS 0x00000000eee00000, 0x00000000eee00000| Complete 
| 239|0x00000000eef00000, 0x00000000ef000000, 0x00000000ef000000|100%| E|CS|TAMS 0x00000000eef00000, 0x00000000eef00000| Complete 
| 240|0x00000000ef000000, 0x00000000ef100000, 0x00000000ef100000|100%| E|CS|TAMS 0x00000000ef000000, 0x00000000ef000000| Complete 
| 241|0x00000000ef100000, 0x00000000ef200000, 0x00000000ef200000|100%| E|CS|TAMS 0x00000000ef100000, 0x00000000ef100000| Complete 
| 242|0x00000000ef200000, 0x00000000ef300000, 0x00000000ef300000|100%| E|CS|TAMS 0x00000000ef200000, 0x00000000ef200000| Complete 
| 243|0x00000000ef300000, 0x00000000ef400000, 0x00000000ef400000|100%| E|CS|TAMS 0x00000000ef300000, 0x00000000ef300000| Complete 
| 244|0x00000000ef400000, 0x00000000ef500000, 0x00000000ef500000|100%| E|CS|TAMS 0x00000000ef400000, 0x00000000ef400000| Complete 
| 245|0x00000000ef500000, 0x00000000ef600000, 0x00000000ef600000|100%| E|CS|TAMS 0x00000000ef500000, 0x00000000ef500000| Complete 
| 246|0x00000000ef600000, 0x00000000ef700000, 0x00000000ef700000|100%| E|CS|TAMS 0x00000000ef600000, 0x00000000ef600000| Complete 
| 247|0x00000000ef700000, 0x00000000ef800000, 0x00000000ef800000|100%| E|CS|TAMS 0x00000000ef700000, 0x00000000ef700000| Complete 
| 248|0x00000000ef800000, 0x00000000ef900000, 0x00000000ef900000|100%| E|CS|TAMS 0x00000000ef800000, 0x00000000ef800000| Complete 
| 249|0x00000000ef900000, 0x00000000efa00000, 0x00000000efa00000|100%| E|CS|TAMS 0x00000000ef900000, 0x00000000ef900000| Complete 
| 250|0x00000000efa00000, 0x00000000efb00000, 0x00000000efb00000|100%| E|CS|TAMS 0x00000000efa00000, 0x00000000efa00000| Complete 
| 251|0x00000000efb00000, 0x00000000efc00000, 0x00000000efc00000|100%| E|CS|TAMS 0x00000000efb00000, 0x00000000efb00000| Complete 
| 252|0x00000000efc00000, 0x00000000efd00000, 0x00000000efd00000|100%| E|CS|TAMS 0x00000000efc00000, 0x00000000efc00000| Complete 
| 253|0x00000000efd00000, 0x00000000efe00000, 0x00000000efe00000|100%| E|CS|TAMS 0x00000000efd00000, 0x00000000efd00000| Complete 
| 254|0x00000000efe00000, 0x00000000eff00000, 0x00000000eff00000|100%| E|CS|TAMS 0x00000000efe00000, 0x00000000efe00000| Complete 
| 255|0x00000000eff00000, 0x00000000f0000000, 0x00000000f0000000|100%| E|CS|TAMS 0x00000000eff00000, 0x00000000eff00000| Complete 

Card table byte_map: [0x00000218ce430000,0x00000218ce530000] _byte_map_base: 0x00000218cdd30000

Marking Bits (Prev, Next): (CMBitMap*) 0x00000218b4eb9b80, (CMBitMap*) 0x00000218b4eb9bc0
 Prev Bits: [0x00000218ce630000, 0x00000218cee30000)
 Next Bits: [0x00000218cee30000, 0x00000218cf630000)

Polling page: 0x00000218b4f70000

Metaspace:

Usage:
  Non-class:     15.25 MB capacity,    14.97 MB ( 98%) used,   266.34 KB (  2%) free+waste,    23.31 KB ( <1%) overhead. 
      Class:      2.53 MB capacity,     2.40 MB ( 95%) used,   126.23 KB (  5%) free+waste,    10.88 KB ( <1%) overhead. 
       Both:     17.79 MB capacity,    17.37 MB ( 98%) used,   392.56 KB (  2%) free+waste,    34.19 KB ( <1%) overhead. 

Virtual space:
  Non-class space:       16.00 MB reserved,      15.50 MB ( 97%) committed 
      Class space:      248.00 MB reserved,       2.62 MB (  1%) committed 
             Both:      264.00 MB reserved,      18.12 MB (  7%) committed 

Chunk freelists:
   Non-Class:  61.00 KB
       Class:  30.00 KB
        Both:  91.00 KB

MaxMetaspaceSize: 256.00 MB
CompressedClassSpaceSize: 248.00 MB

CodeHeap 'non-profiled nmethods': size=120000Kb used=976Kb max_used=976Kb free=119023Kb
 bounds [0x00000218c63a0000, 0x00000218c6610000, 0x00000218cd8d0000]
CodeHeap 'profiled nmethods': size=120000Kb used=4332Kb max_used=4332Kb free=115667Kb
 bounds [0x00000218bee70000, 0x00000218bf2b0000, 0x00000218c63a0000]
CodeHeap 'non-nmethods': size=5760Kb used=1220Kb max_used=1285Kb free=4539Kb
 bounds [0x00000218be8d0000, 0x00000218beb40000, 0x00000218bee70000]
 total_blobs=2629 nmethods=2137 adapters=404
 compilation: enabled
              stopped_count=0, restarted_count=0
 full_count=0

Compilation events (20 events):
Event: 5.157 Thread 0x00000218d208a530 2124       3       jdk.internal.org.objectweb.asm.ClassWriter::toByteArray (1515 bytes)
Event: 5.167 Thread 0x00000218d208a530 nmethod 2124 0x00000218bf28f890 code [0x00000218bf2901c0, 0x00000218bf293f78]
Event: 5.167 Thread 0x00000218d208a530 2125       3       jdk.internal.reflect.NativeMethodAccessorImpl::invoke (117 bytes)
Event: 5.169 Thread 0x00000218d208a530 nmethod 2125 0x00000218bf295f10 code [0x00000218bf2961a0, 0x00000218bf296fe8]
Event: 5.169 Thread 0x00000218d208a530 2127       3       sun.security.provider.ByteArrayAccess::b2iBig64 (614 bytes)
Event: 5.170 Thread 0x00000218d208a530 nmethod 2127 0x00000218bf297490 code [0x00000218bf2976e0, 0x00000218bf298468]
Event: 5.172 Thread 0x00000218d208a530 2130       3       java.lang.ThreadLocal$ThreadLocalMap::nextIndex (15 bytes)
Event: 5.172 Thread 0x00000218d208a530 nmethod 2130 0x00000218bf298910 code [0x00000218bf298aa0, 0x00000218bf298bd8]
Event: 5.199 Thread 0x00000218d208a530 2131   !   3       java.lang.invoke.MethodHandle::setVarargs (25 bytes)
Event: 5.200 Thread 0x00000218d208a530 nmethod 2131 0x00000218bf298c90 code [0x00000218bf298e80, 0x00000218bf299518]
Event: 5.200 Thread 0x00000218d208a530 2133       3       java.lang.invoke.Invokers$Holder::linkToTargetMethod (9 bytes)
Event: 5.200 Thread 0x00000218d208a530 nmethod 2133 0x00000218bf299710 code [0x00000218bf2998c0, 0x00000218bf299cb8]
Event: 5.200 Thread 0x00000218d208a530 2132       3       java.lang.invoke.MemberName::isVarargs (23 bytes)
Event: 5.200 Thread 0x00000218d208a530 nmethod 2132 0x00000218bf299d90 code [0x00000218bf299f60, 0x00000218bf29a3f8]
Event: 5.206 Thread 0x00000218d208a530 2134       1       java.util.concurrent.ConcurrentHashMap$MapEntry::getKey (5 bytes)
Event: 5.206 Thread 0x00000218d208a530 nmethod 2134 0x00000218c6493d90 code [0x00000218c6493f20, 0x00000218c6493fd8]
Event: 5.212 Thread 0x00000218d208a530 2135       3       sun.reflect.generics.parser.SignatureParser::parseTypeSignature (130 bytes)
Event: 5.213 Thread 0x00000218d208a530 nmethod 2135 0x00000218bf29a590 code [0x00000218bf29a760, 0x00000218bf29abc8]
Event: 5.213 Thread 0x00000218d208a530 2136       3       sun.reflect.generics.visitor.Reifier::visitClassTypeSignature (381 bytes)
Event: 5.215 Thread 0x00000218d208a530 nmethod 2136 0x00000218bf29ad10 code [0x00000218bf29b120, 0x00000218bf29cd28]

GC Heap History (4 events):
Event: 1.099 GC heap before
{Heap before GC invocations=0 (full 0):
 garbage-first heap   total 262144K, used 28672K [0x00000000e0000000, 0x0000000100000000)
  region size 1024K, 23 young (23552K), 0 survivors (0K)
 Metaspace       used 3847K, capacity 6533K, committed 6656K, reserved 262144K
  class space    used 474K, capacity 727K, committed 768K, reserved 253952K
}
Event: 1.112 GC heap after
{Heap after GC invocations=1 (full 0):
 garbage-first heap   total 262144K, used 8416K [0x00000000e0000000, 0x0000000100000000)
  region size 1024K, 3 young (3072K), 3 survivors (3072K)
 Metaspace       used 3847K, capacity 6533K, committed 6656K, reserved 262144K
  class space    used 474K, capacity 727K, committed 768K, reserved 253952K
}
Event: 2.053 GC heap before
{Heap before GC invocations=1 (full 0):
 garbage-first heap   total 262144K, used 35040K [0x00000000e0000000, 0x0000000100000000)
  region size 1024K, 29 young (29696K), 3 survivors (3072K)
 Metaspace       used 4019K, capacity 6533K, committed 6656K, reserved 262144K
  class space    used 479K, capacity 727K, committed 768K, reserved 253952K
}
Event: 2.056 GC heap after
{Heap after GC invocations=2 (full 0):
 garbage-first heap   total 262144K, used 12812K [0x00000000e0000000, 0x0000000100000000)
  region size 1024K, 4 young (4096K), 4 survivors (4096K)
 Metaspace       used 4019K, capacity 6533K, committed 6656K, reserved 262144K
  class space    used 479K, capacity 727K, committed 768K, reserved 253952K
}

Deoptimization events (20 events):
Event: 4.265 Thread 0x00000218d43baa90 Uncommon trap: trap_request=0xffffff45 fr.pc=0x00000218c64675b8 relative=0x0000000000000698
Event: 4.265 Thread 0x00000218d43baa90 Uncommon trap: reason=unstable_if action=reinterpret pc=0x00000218c64675b8 method=java.util.ArrayList.grow(I)[Ljava/lang/Object; @ 17 c2
Event: 4.265 Thread 0x00000218d43baa90 DEOPT PACKING pc=0x00000218c64675b8 sp=0x000000595a5fd970
Event: 4.266 Thread 0x00000218d43baa90 DEOPT UNPACKING pc=0x00000218be91e42f sp=0x000000595a5fd808 mode 2
Event: 4.603 Thread 0x00000218d43baa90 Uncommon trap: trap_request=0xffffff45 fr.pc=0x00000218c6400e5c relative=0x000000000000005c
Event: 4.603 Thread 0x00000218d43baa90 Uncommon trap: reason=unstable_if action=reinterpret pc=0x00000218c6400e5c method=java.util.LinkedHashMap.afterNodeInsertion(Z)V @ 1 c2
Event: 4.603 Thread 0x00000218d43baa90 DEOPT PACKING pc=0x00000218c6400e5c sp=0x000000595a5fbf80
Event: 4.603 Thread 0x00000218d43baa90 DEOPT UNPACKING pc=0x00000218be91e42f sp=0x000000595a5fbf00 mode 2
Event: 4.877 Thread 0x00000218d43baa90 Uncommon trap: trap_request=0xffffff45 fr.pc=0x00000218c6428720 relative=0x00000000000003e0
Event: 4.877 Thread 0x00000218d43baa90 Uncommon trap: reason=unstable_if action=reinterpret pc=0x00000218c6428720 method=java.util.concurrent.ConcurrentHashMap.get(Ljava/lang/Object;)Ljava/lang/Object; @ 76 c2
Event: 4.877 Thread 0x00000218d43baa90 DEOPT PACKING pc=0x00000218c6428720 sp=0x000000595a5fa320
Event: 4.877 Thread 0x00000218d43baa90 DEOPT UNPACKING pc=0x00000218be91e42f sp=0x000000595a5fa298 mode 2
Event: 4.954 Thread 0x00000218d43baa90 Uncommon trap: trap_request=0xffffff45 fr.pc=0x00000218c6475010 relative=0x00000000000002d0
Event: 4.954 Thread 0x00000218d43baa90 Uncommon trap: reason=unstable_if action=reinterpret pc=0x00000218c6475010 method=java.util.HashMap.getNode(Ljava/lang/Object;)Ljava/util/HashMap$Node; @ 66 c2
Event: 4.954 Thread 0x00000218d43baa90 DEOPT PACKING pc=0x00000218c6475010 sp=0x000000595a5fd000
Event: 4.954 Thread 0x00000218d43baa90 DEOPT UNPACKING pc=0x00000218be91e42f sp=0x000000595a5fcf20 mode 2
Event: 4.954 Thread 0x00000218d43baa90 Uncommon trap: trap_request=0xffffff45 fr.pc=0x00000218c63e3418 relative=0x00000000000002b8
Event: 4.954 Thread 0x00000218d43baa90 Uncommon trap: reason=unstable_if action=reinterpret pc=0x00000218c63e3418 method=java.util.HashMap.getNode(Ljava/lang/Object;)Ljava/util/HashMap$Node; @ 66 c2
Event: 4.954 Thread 0x00000218d43baa90 DEOPT PACKING pc=0x00000218c63e3418 sp=0x000000595a5fcf90
Event: 4.954 Thread 0x00000218d43baa90 DEOPT UNPACKING pc=0x00000218be91e42f sp=0x000000595a5fcf20 mode 2

Classes unloaded (0 events):
No events

Classes redefined (0 events):
No events

Internal exceptions (20 events):
Event: 3.215 Thread 0x00000218b4e91e60 Exception <a 'java/io/IOException'{0x00000000eef8ec98}> (0x00000000eef8ec98) 
thrown [./open/src/hotspot/share/prims/jni.cpp, line 578]
Event: 3.446 Thread 0x00000218d43baa90 Exception <a 'java/lang/NoSuchMethodError'{0x00000000eeb7d1a8}: 'void java.lang.invoke.DirectMethodHandle$Holder.invokeVirtual(java.lang.Object, java.lang.Object, java.lang.Object, java.lang.Object)'> (0x00000000eeb7d1a8) 
thrown [./open/src/hotspot/share/interpreter/linkResolver.cpp, line 782]
Event: 3.448 Thread 0x00000218d43baa90 Exception <a 'java/lang/NoSuchMethodError'{0x00000000eea06e78}: 'void java.lang.invoke.DirectMethodHandle$Holder.invokeSpecial(java.lang.Object, java.lang.Object, java.lang.Object, java.lang.Object, java.lang.Object)'> (0x00000000eea06e78) 
thrown [./open/src/hotspot/share/interpreter/linkResolver.cpp, line 782]
Event: 3.449 Thread 0x00000218d43baa90 Exception <a 'java/lang/NoSuchMethodError'{0x00000000eea0e900}: 'java.lang.Object java.lang.invoke.Invokers$Holder.invoker(java.lang.Object, java.lang.Object, java.lang.Object, java.lang.Object)'> (0x00000000eea0e900) 
thrown [./open/src/hotspot/share/interpreter/linkResolver.cpp, line 782]
Event: 3.463 Thread 0x00000218d43baa90 Exception <a 'java/lang/NoSuchMethodError'{0x00000000eea43bb8}: 'long java.lang.invoke.DirectMethodHandle$Holder.invokeInterface(java.lang.Object, java.lang.Object)'> (0x00000000eea43bb8) 
thrown [./open/src/hotspot/share/interpreter/linkResolver.cpp, line 782]
Event: 3.469 Thread 0x00000218d43baa90 Exception <a 'java/lang/NoSuchMethodError'{0x00000000eea5ed70}: 'void java.lang.invoke.DelegatingMethodHandle$Holder.reinvoke_L(java.lang.Object, java.lang.Object, java.lang.Object, java.lang.Object, java.lang.Object, java.lang.Object, java.lang.Object)'> (0x00000000eea5ed70) 
thrown [./open/src/hotspot/share/interpreter/linkResolver.cpp, line 782]
Event: 3.607 Thread 0x00000218d43baa90 Exception <a 'java/lang/NoSuchMethodError'{0x00000000ee7873e8}: 'java.lang.Object java.lang.invoke.DirectMethodHandle$Holder.invokeVirtual(java.lang.Object, java.lang.Object, java.lang.Object)'> (0x00000000ee7873e8) 
thrown [./open/src/hotspot/share/interpreter/linkResolver.cpp, line 782]
Event: 3.777 Thread 0x00000218d43baa90 Exception <a 'java/lang/NoSuchMethodError'{0x00000000ede59ab8}: 'void java.lang.invoke.DirectMethodHandle$Holder.invokeStaticInit(java.lang.Object)'> (0x00000000ede59ab8) 
thrown [./open/src/hotspot/share/interpreter/linkResolver.cpp, line 782]
Event: 4.204 Thread 0x00000218d43baa90 Exception <a 'java/lang/NoSuchMethodError'{0x00000000ed605be8}: 'int java.lang.invoke.DirectMethodHandle$Holder.invokeSpecialIFC(java.lang.Object, java.lang.Object, java.lang.Object, java.lang.Object)'> (0x00000000ed605be8) 
thrown [./open/src/hotspot/share/interpreter/linkResolver.cpp, line 782]
Event: 4.208 Thread 0x00000218d43baa90 Exception <a 'java/lang/NoSuchMethodError'{0x00000000ed6150b8}: 'java.lang.Object java.lang.invoke.DirectMethodHandle$Holder.invokeInterface(java.lang.Object, java.lang.Object, java.lang.Object)'> (0x00000000ed6150b8) 
thrown [./open/src/hotspot/share/interpreter/linkResolver.cpp, line 782]
Event: 4.209 Thread 0x00000218d43baa90 Exception <a 'java/lang/IncompatibleClassChangeError'{0x00000000ed618bf8}: Found class java.lang.Object, but interface was expected> (0x00000000ed618bf8) 
thrown [./open/src/hotspot/share/interpreter/linkResolver.cpp, line 848]
Event: 4.535 Thread 0x00000218d43baa90 Exception <a 'java/lang/NoSuchMethodError'{0x00000000ed02d538}: 'java.lang.Object java.lang.invoke.DirectMethodHandle$Holder.invokeVirtual(java.lang.Object, java.lang.Object, java.lang.Object, java.lang.Object)'> (0x00000000ed02d538) 
thrown [./open/src/hotspot/share/interpreter/linkResolver.cpp, line 782]
Event: 4.870 Thread 0x00000218d43baa90 Exception <a 'java/lang/NoSuchMethodError'{0x00000000ec9bb960}: 'java.lang.Object java.lang.invoke.DirectMethodHandle$Holder.newInvokeSpecial(java.lang.Object, java.lang.Object, java.lang.Object, java.lang.Object, java.lang.Object)'> (0x00000000ec9bb960) 
thrown [./open/src/hotspot/share/interpreter/linkResolver.cpp, line 782]
Event: 4.912 Thread 0x00000218d43baa90 Exception <a 'java/lang/NoSuchMethodError'{0x00000000ec7565d8}: 'void java.lang.invoke.DirectMethodHandle$Holder.invokeSpecial(java.lang.Object, java.lang.Object, java.lang.Object, java.lang.Object, java.lang.Object, java.lang.Object)'> (0x00000000ec7565d8) 
thrown [./open/src/hotspot/share/interpreter/linkResolver.cpp, line 782]
Event: 4.943 Thread 0x00000218d43baa90 Exception <a 'java/lang/NoSuchMethodError'{0x00000000ec69d010}: 'java.lang.Object java.lang.invoke.Invokers$Holder.invoker(java.lang.Object, java.lang.Object, java.lang.Object)'> (0x00000000ec69d010) 
thrown [./open/src/hotspot/share/interpreter/linkResolver.cpp, line 782]
Event: 4.972 Thread 0x00000218d43baa90 Exception <a 'java/lang/NoSuchMethodError'{0x00000000ec592d30}: 'void java.lang.invoke.DirectMethodHandle$Holder.invokeSpecial(java.lang.Object, java.lang.Object, java.lang.Object, java.lang.Object, java.lang.Object, java.lang.Object, java.lang.Object)'> (0x00000000ec592d30) 
thrown [./open/src/hotspot/share/interpreter/linkResolver.cpp, line 782]
Event: 4.973 Thread 0x00000218d43baa90 Exception <a 'java/lang/NoSuchMethodError'{0x00000000ec59bc20}: 'java.lang.Object java.lang.invoke.DirectMethodHandle$Holder.newInvokeSpecial(java.lang.Object, java.lang.Object, java.lang.Object, java.lang.Object, java.lang.Object, java.lang.Object)'> (0x00000000ec59bc20) 
thrown [./open/src/hotspot/share/interpreter/linkResolver.cpp, line 782]
Event: 4.999 Thread 0x00000218d43baa90 Exception <a 'java/lang/NoSuchMethodError'{0x00000000ec4924b8}: 'java.lang.Object java.lang.invoke.DirectMethodHandle$Holder.invokeVirtual(java.lang.Object, java.lang.Object, java.lang.Object, java.lang.Object, java.lang.Object, java.lang.Object, java.lang.Object, java.lang.Object, java.lang.Object, java.lang.Object, java.lang.Object, java.lang.Object, java.lang.Object, java.lang.Object, java.lang.Object, java.lang.Object, java.lang.Object)'> (0x00000000ec4924b8) 
thrown [./open/src/hotspot/share/interpret
Event: 5.090 Thread 0x00000218d43baa90 Exception <a 'java/lang/NoSuchMethodError'{0x00000000ec1c81e0}: 'int java.lang.invoke.DirectMethodHandle$Holder.invokeVirtual(java.lang.Object, java.lang.Object)'> (0x00000000ec1c81e0) 
thrown [./open/src/hotspot/share/interpreter/linkResolver.cpp, line 782]
Event: 5.161 Thread 0x00000218d43baa90 Exception <a 'java/lang/NoSuchMethodError'{0x00000000ebff7970}: 'java.lang.Object java.lang.invoke.DirectMethodHandle$Holder.newInvokeSpecial(java.lang.Object, java.lang.Object, int)'> (0x00000000ebff7970) 
thrown [./open/src/hotspot/share/interpreter/linkResolver.cpp, line 782]

Events (20 events):
Event: 5.109 loading class java/lang/AbstractMethodError
Event: 5.109 loading class java/lang/AbstractMethodError done
Event: 5.112 loading class java/lang/InstantiationException
Event: 5.112 loading class java/lang/InstantiationException done
Event: 5.146 loading class java/util/concurrent/atomic/AtomicReferenceFieldUpdater
Event: 5.147 loading class java/util/concurrent/atomic/AtomicReferenceFieldUpdater done
Event: 5.147 loading class java/util/concurrent/atomic/AtomicReferenceFieldUpdater$AtomicReferenceFieldUpdaterImpl
Event: 5.147 loading class java/util/concurrent/atomic/AtomicReferenceFieldUpdater$AtomicReferenceFieldUpdaterImpl done
Event: 5.147 loading class java/util/concurrent/atomic/AtomicReferenceFieldUpdater$AtomicReferenceFieldUpdaterImpl$1
Event: 5.147 loading class java/util/concurrent/atomic/AtomicReferenceFieldUpdater$AtomicReferenceFieldUpdaterImpl$1 done
Event: 5.178 loading class java/util/ArrayList$ListItr
Event: 5.178 loading class java/util/ArrayList$ListItr done
Event: 5.178 Executing VM operation: HandshakeAllThreads
Event: 5.178 Executing VM operation: HandshakeAllThreads done
Event: 5.186 loading class java/util/concurrent/TimeoutException
Event: 5.186 loading class java/util/concurrent/TimeoutException done
Event: 5.186 loading class java/util/concurrent/CancellationException
Event: 5.186 loading class java/util/concurrent/CancellationException done
Event: 5.189 loading class java/util/ServiceConfigurationError
Event: 5.190 loading class java/util/ServiceConfigurationError done


Dynamic libraries:
0x00007ff798ff0000 - 0x00007ff798fff000 	C:\Program Files\Java\jdk-15\bin\java.exe
0x00007ff9e78f0000 - 0x00007ff9e7ae5000 	C:\WINDOWS\SYSTEM32\ntdll.dll
0x00007ff9e7640000 - 0x00007ff9e76fd000 	C:\WINDOWS\System32\KERNEL32.DLL
0x00007ff9e5310000 - 0x00007ff9e55d9000 	C:\WINDOWS\System32\KERNELBASE.dll
0x00007ff9e5640000 - 0x00007ff9e5740000 	C:\WINDOWS\System32\ucrtbase.dll
0x00007ff9dd660000 - 0x00007ff9dd678000 	C:\Program Files\Java\jdk-15\bin\jli.dll
0x00007ff9dd680000 - 0x00007ff9dd699000 	C:\Program Files\Java\jdk-15\bin\VCRUNTIME140.dll
0x00007ff9e5cb0000 - 0x00007ff9e5d5c000 	C:\WINDOWS\System32\ADVAPI32.dll
0x00007ff9e6c20000 - 0x00007ff9e6cbe000 	C:\WINDOWS\System32\msvcrt.dll
0x00007ff9e5d60000 - 0x00007ff9e5dfc000 	C:\WINDOWS\System32\sechost.dll
0x00007ff9e6a60000 - 0x00007ff9e6b8b000 	C:\WINDOWS\System32\RPCRT4.dll
0x00007ff9e6020000 - 0x00007ff9e61c0000 	C:\WINDOWS\System32\USER32.dll
0x00007ff9ce260000 - 0x00007ff9ce4fa000 	C:\WINDOWS\WinSxS\amd64_microsoft.windows.common-controls_6595b64144ccf1df_6.0.19041.844_none_ca00b6081b84eb1d\COMCTL32.dll
0x00007ff9e5030000 - 0x00007ff9e5052000 	C:\WINDOWS\System32\win32u.dll
0x00007ff9e6900000 - 0x00007ff9e692a000 	C:\WINDOWS\System32\GDI32.dll
0x00007ff9e5840000 - 0x00007ff9e594b000 	C:\WINDOWS\System32\gdi32full.dll
0x00007ff9e50e0000 - 0x00007ff9e517d000 	C:\WINDOWS\System32\msvcp_win.dll
0x00007ff9d5570000 - 0x00007ff9d557a000 	C:\WINDOWS\SYSTEM32\VERSION.dll
0x00007ff9e6350000 - 0x00007ff9e6380000 	C:\WINDOWS\System32\IMM32.DLL
0x00007ff9ded30000 - 0x00007ff9ded3c000 	C:\Program Files\Java\jdk-15\bin\vcruntime140_1.dll
0x00007ff9dd200000 - 0x00007ff9dd291000 	C:\Program Files\Java\jdk-15\bin\msvcp140.dll
0x00007ff9ac420000 - 0x00007ff9acf7c000 	C:\Program Files\Java\jdk-15\bin\server\jvm.dll
0x00007ff9e6930000 - 0x00007ff9e6938000 	C:\WINDOWS\System32\PSAPI.DLL
0x00007ff9d15b0000 - 0x00007ff9d15b9000 	C:\WINDOWS\SYSTEM32\WSOCK32.dll
0x00007ff9e6bb0000 - 0x00007ff9e6c1b000 	C:\WINDOWS\System32\WS2_32.dll
0x00007ff9d6b30000 - 0x00007ff9d6b57000 	C:\WINDOWS\SYSTEM32\WINMM.dll
0x00007ff9e38d0000 - 0x00007ff9e38e2000 	C:\WINDOWS\SYSTEM32\kernel.appcore.dll
0x00007ff9dd650000 - 0x00007ff9dd65a000 	C:\Program Files\Java\jdk-15\bin\jimage.dll
0x00007ff9cf350000 - 0x00007ff9cf534000 	C:\WINDOWS\SYSTEM32\DBGHELP.DLL
0x00007ff9cf2f0000 - 0x00007ff9cf31c000 	C:\WINDOWS\SYSTEM32\dbgcore.DLL
0x00007ff9e5060000 - 0x00007ff9e50e0000 	C:\WINDOWS\System32\bcryptPrimitives.dll
0x00007ff9dd1d0000 - 0x00007ff9dd1f5000 	C:\Program Files\Java\jdk-15\bin\java.dll
0x00007ff9e6e10000 - 0x00007ff9e7552000 	C:\WINDOWS\System32\SHELL32.dll
0x00007ff9e2ee0000 - 0x00007ff9e3670000 	C:\WINDOWS\SYSTEM32\windows.storage.dll
0x00007ff9e5950000 - 0x00007ff9e5ca5000 	C:\WINDOWS\System32\combase.dll
0x00007ff9e4aa0000 - 0x00007ff9e4acc000 	C:\WINDOWS\SYSTEM32\Wldp.dll
0x00007ff9e67f0000 - 0x00007ff9e689e000 	C:\WINDOWS\System32\SHCORE.dll
0x00007ff9e68a0000 - 0x00007ff9e68f5000 	C:\WINDOWS\System32\shlwapi.dll
0x00007ff9e4f70000 - 0x00007ff9e4f8f000 	C:\WINDOWS\SYSTEM32\profapi.dll
0x00007ff9dd630000 - 0x00007ff9dd649000 	C:\Program Files\Java\jdk-15\bin\net.dll
0x00007ff9db8e0000 - 0x00007ff9db9ec000 	C:\WINDOWS\SYSTEM32\WINHTTP.dll
0x00007ff9e4820000 - 0x00007ff9e488a000 	C:\WINDOWS\system32\mswsock.dll
0x00007ff9dd180000 - 0x00007ff9dd192000 	C:\Program Files\Java\jdk-15\bin\nio.dll
0x00007ff9dd160000 - 0x00007ff9dd178000 	C:\Program Files\Java\jdk-15\bin\zip.dll
0x00007ff9dd4b0000 - 0x00007ff9dd4c0000 	C:\Program Files\Java\jdk-15\bin\verify.dll
0x00007ff9c0e30000 - 0x00007ff9c0e57000 	C:\Users\Mendiratta\.gradle\native\f6784746aeab05261644944871eae4fe03e0ef1612fff0a4a95f87b438bc6780\windows-amd64\native-platform.dll
0x00007ff9dd140000 - 0x00007ff9dd149000 	C:\Program Files\Java\jdk-15\bin\management.dll
0x00007ff9dd130000 - 0x00007ff9dd13b000 	C:\Program Files\Java\jdk-15\bin\management_ext.dll
0x00007ff9e49f0000 - 0x00007ff9e4a08000 	C:\WINDOWS\SYSTEM32\CRYPTSP.dll
0x00007ff9e4110000 - 0x00007ff9e4144000 	C:\WINDOWS\system32\rsaenh.dll
0x00007ff9e5180000 - 0x00007ff9e51a7000 	C:\WINDOWS\System32\bcrypt.dll
0x00007ff9e4ef0000 - 0x00007ff9e4f1e000 	C:\WINDOWS\SYSTEM32\USERENV.dll
0x00007ff9e4a10000 - 0x00007ff9e4a1c000 	C:\WINDOWS\SYSTEM32\CRYPTBASE.dll
0x00007ff9e44a0000 - 0x00007ff9e44db000 	C:\WINDOWS\SYSTEM32\IPHLPAPI.DLL
0x00007ff9e6e00000 - 0x00007ff9e6e08000 	C:\WINDOWS\System32\NSI.dll
0x00007ff9dddb0000 - 0x00007ff9dddc7000 	C:\WINDOWS\SYSTEM32\dhcpcsvc6.DLL
0x00007ff9ddd90000 - 0x00007ff9dddad000 	C:\WINDOWS\SYSTEM32\dhcpcsvc.DLL
0x00007ff9e44e0000 - 0x00007ff9e45ab000 	C:\WINDOWS\SYSTEM32\DNSAPI.dll
0x00007ff9dddf0000 - 0x00007ff9dddfb000 	C:\WINDOWS\SYSTEM32\WINNSI.DLL

dbghelp: loaded successfully - version: 4.0.5 - missing functions: none
symbol engine: initialized successfully - sym options: 0x614 - pdb path: .;C:\Program Files\Java\jdk-15\bin;C:\WINDOWS\SYSTEM32;C:\WINDOWS\WinSxS\amd64_microsoft.windows.common-controls_6595b64144ccf1df_6.0.19041.844_none_ca00b6081b84eb1d;C:\Program Files\Java\jdk-15\bin\server;C:\Users\Mendiratta\.gradle\native\f6784746aeab05261644944871eae4fe03e0ef1612fff0a4a95f87b438bc6780\windows-amd64

VM Arguments:
jvm_args: --add-opens=java.base/java.util=ALL-UNNAMED --add-opens=java.base/java.lang=ALL-UNNAMED --add-opens=java.base/java.lang.invoke=ALL-UNNAMED --add-opens=java.prefs/java.util.prefs=ALL-UNNAMED -XX:MaxMetaspaceSize=256m -XX:+HeapDumpOnOutOfMemoryError -Xms256m -Xmx512m -Dfile.encoding=windows-1252 -Duser.country=US -Duser.language=en -Duser.variant 
java_command: org.gradle.launcher.daemon.bootstrap.GradleDaemon 6.5
java_class_path (initial): C:\Users\Mendiratta\.gradle\wrapper\dists\gradle-6.5-bin\6nifqtx7604sqp1q6g8wikw7p\gradle-6.5\lib\gradle-launcher-6.5.jar
Launcher Type: SUN_STANDARD

[Global flags]
     intx CICompilerCount                          = 4                                         {product} {ergonomic}
   size_t CompressedClassSpaceSize                 = 260046848                                 {product} {ergonomic}
     uint ConcGCThreads                            = 2                                         {product} {ergonomic}
     uint G1ConcRefinementThreads                  = 8                                         {product} {ergonomic}
   size_t G1HeapRegionSize                         = 1048576                                   {product} {ergonomic}
    uintx GCDrainStackTargetSize                   = 64                                        {product} {ergonomic}
     bool HeapDumpOnOutOfMemoryError               = true                                   {manageable} {command line}
   size_t InitialHeapSize                          = 268435456                                 {product} {command line}
   size_t MarkStackSize                            = 4194304                                   {product} {ergonomic}
   size_t MaxHeapSize                              = 536870912                                 {product} {command line}
   size_t MaxMetaspaceSize                         = 268435456                                 {product} {command line}
   size_t MaxNewSize                               = 321912832                                 {product} {ergonomic}
   size_t MinHeapDeltaBytes                        = 1048576                                   {product} {ergonomic}
   size_t MinHeapSize                              = 268435456                                 {product} {command line}
    uintx NonNMethodCodeHeapSize                   = 5839372                                {pd product} {ergonomic}
    uintx NonProfiledCodeHeapSize                  = 122909434                              {pd product} {ergonomic}
    uintx ProfiledCodeHeapSize                     = 122909434                              {pd product} {ergonomic}
    uintx ReservedCodeCacheSize                    = 251658240                              {pd product} {ergonomic}
     bool SegmentedCodeCache                       = true                                      {product} {ergonomic}
   size_t SoftMaxHeapSize                          = 536870912                              {manageable} {ergonomic}
     bool UseCompressedClassPointers               = true                                 {lp64_product} {ergonomic}
     bool UseCompressedOops                        = true                                 {lp64_product} {ergonomic}
     bool UseG1GC                                  = true                                      {product} {ergonomic}
     bool UseLargePagesIndividualAllocation        = false                                  {pd product} {ergonomic}

Logging:
Log output configuration:
 #0: stdout all=warning uptime,level,tags
 #1: stderr all=off uptime,level,tags

Environment Variables:
CLASSPATH=C:\Users\Mendiratta\AndroidStudioProjects\and-nd-firebase-1.00-starting-point\\gradle\wrapper\gradle-wrapper.jar
PATH=C:\Python39\Scripts\;C:\Python39\;C:\Program Files\Common Files\Oracle\Java\javapath;C:\Program Files (x86)\Intel\iCLS Client\;C:\Program Files\Intel\iCLS Client\;C:\WINDOWS\system32;C:\WINDOWS;C:\WINDOWS\System32\Wbem;C:\WINDOWS\System32\WindowsPowerShell\v1.0\;C:\Program Files\Intel\WiFi\bin\;C:\Program Files\Common Files\Intel\WirelessCommon\;C:\Program Files (x86)\Intel\Intel(R) Management Engine Components\DAL;C:\Program Files\Intel\Intel(R) Management Engine Components\DAL;C:\Program Files (x86)\Intel\Intel(R) Management Engine Components\IPT;C:\Program Files\Intel\Intel(R) Management Engine Components\IPT;C:\WINDOWS\System32\OpenSSH\;C:\Program Files\Git\cmd;C:\Program Files\Polyspace\R2019a\bin;C:\sqlite;C:\Users\Mendiratta\AppData\Local\Android\Sdk\platform-tools;C:\Program Files\nodejs\;C:\ProgramData\chocolatey\bin;C:\Users\Mendiratta\AppData\Local\Microsoft\WindowsApps;C:\Users\Mendiratta\AppData\Roaming\Microsoft\Windows\Start Menu\Programs\Python 3.7;C:\Users\Mendiratta\AppData\Local\Programs\Python\Python37-32;;C:\Users\Mendiratta\AppData\Local\Programs\Microsoft VS Code\bin;C:\Users\Mendiratta\AppData\Roaming\npm
USERNAME=Mendiratta
OS=Windows_NT
PROCESSOR_IDENTIFIER=Intel64 Family 6 Model 142 Stepping 10, GenuineIntel



---------------  S Y S T E M  ---------------

OS:
 Windows 10 , 64 bit Build 19041 (10.0.19041.804)
OS uptime: 0 days 1:08 hours
HyperV virtualization detected

CPU: total 8 (initial active 8) (4 cores per cpu, 2 threads per core) family 6 model 142 stepping 10, cmov, cx8, fxsr, mmx, sse, sse2, sse3, ssse3, sse4.1, sse4.2, popcnt, vzeroupper, avx, avx2, aes, clmul, erms, 3dnowpref, lzcnt, ht, tsc, tscinvbit, bmi1, bmi2, adx, fma, clflush, clflushopt

Memory: 4k page, system-wide physical 8069M (911M free)
TotalPageFile size 9093M (AvailPageFile size 5M)
current process WorkingSet (physical memory assigned to process): 208M, peak: 208M
current process commit charge ("private bytes"): 443M, peak: 445M

vm_info: Java HotSpot(TM) 64-Bit Server VM (15+36-1562) for windows-amd64 JRE (15+36-1562), built on Aug 11 2020 22:38:02 by "mach5one" with unknown MS VC++:1925

END.
