#
# There is insufficient memory for the Java Runtime Environment to continue.
# Native memory allocation (malloc) failed to allocate 207456 bytes for Chunk::new
# Possible reasons:
#   The system is out of physical RAM or swap space
#   The process is running with CompressedOops enabled, and the Java Heap may be blocking the growth of the native heap
# Possible solutions:
#   Reduce memory load on the system
#   Increase physical memory or swap space
#   Check if swap backing store is full
#   Decrease Java heap size (-Xmx/-Xms)
#   Decrease number of Java threads
#   Decrease Java thread stack sizes (-Xss)
#   Set larger code cache with -XX:ReservedCodeCacheSize=
#   JVM is running with Unscaled Compressed Oops mode in which the Java heap is
#     placed in the first 4GB address space. The Java Heap base address is the
#     maximum limit for the native heap growth. Please use -XX:HeapBaseMinAddress
#     to set the Java Heap base and to place the Java Heap above 4GB virtual address.
# This output file may be truncated or incomplete.
#
#  Out of Memory Error (./open/src/hotspot/share/memory/arena.cpp:195), pid=5696, tid=10092
#
# JRE version: Java(TM) SE Runtime Environment (15.0+36) (build 15+36-1562)
# Java VM: Java HotSpot(TM) 64-Bit Server VM (15+36-1562, mixed mode, sharing, tiered, compressed oops, g1 gc, windows-amd64)
# No core dump will be written. Minidumps are not enabled by default on client versions of Windows
#

---------------  S U M M A R Y ------------

Command Line: -Dorg.gradle.appname=gradlew org.gradle.wrapper.GradleWrapperMain clean

Host: Intel(R) Core(TM) i5-8250U CPU @ 1.60GHz, 8 cores, 7G,  Windows 10 , 64 bit Build 19041 (10.0.19041.928)
Time: Fri Apr 23 02:56:59 2021 India Standard Time elapsed time: 1.263102 seconds (0d 0h 0m 1s)

---------------  T H R E A D  ---------------

Current thread (0x00000176f372e3c0):  JavaThread "C2 CompilerThread0" daemon [_thread_in_native, id=10092, stack(0x0000006623100000,0x0000006623200000)]


Current CompileTask:
C2:   1263 1060 % !   4       java.util.concurrent.ConcurrentHashMap::transfer @ 96 (849 bytes)

Stack: [0x0000006623100000,0x0000006623200000]
Native frames: (J=compiled Java code, j=interpreted, Vv=VM code, C=native code)
V  [jvm.dll+0x629eaa]
V  [jvm.dll+0x780379]
V  [jvm.dll+0x781ad3]
V  [jvm.dll+0x782133]
V  [jvm.dll+0x2159d5]
V  [jvm.dll+0x9794a]
V  [jvm.dll+0x9802c]
V  [jvm.dll+0x27992f]
V  [jvm.dll+0x53faf4]
V  [jvm.dll+0x1f23a4]
V  [jvm.dll+0x1eb6c3]
V  [jvm.dll+0x1e8f37]
V  [jvm.dll+0x177f17]
V  [jvm.dll+0x1f88f5]
V  [jvm.dll+0x1f699c]
V  [jvm.dll+0x74384d]
V  [jvm.dll+0x73c64a]
V  [jvm.dll+0x628d16]
C  [ucrtbase.dll+0x21bb2]
C  [KERNEL32.DLL+0x17034]
C  [ntdll.dll+0x52651]


---------------  P R O C E S S  ---------------

Threads class SMR info:
_java_thread_list=0x00000176f4b1e230, length=13, elements={
0x00000176d4c5f5b0, 0x00000176f370d9b0, 0x00000176f370e580, 0x00000176f3728810,
0x00000176f372b2d0, 0x00000176f372cd90, 0x00000176f372e3c0, 0x00000176f3732620,
0x00000176f37357f0, 0x00000176f415a690, 0x00000176f418bec0, 0x00000176f48ce5f0,
0x00000176f4b8e060
}

Java Threads: ( => current thread )
  0x00000176d4c5f5b0 JavaThread "main" [_thread_in_native, id=9728, stack(0x0000006622500000,0x0000006622600000)]
  0x00000176f370d9b0 JavaThread "Reference Handler" daemon [_thread_blocked, id=14140, stack(0x0000006622c00000,0x0000006622d00000)]
  0x00000176f370e580 JavaThread "Finalizer" daemon [_thread_blocked, id=15108, stack(0x0000006622d00000,0x0000006622e00000)]
  0x00000176f3728810 JavaThread "Signal Dispatcher" daemon [_thread_blocked, id=13860, stack(0x0000006622e00000,0x0000006622f00000)]
  0x00000176f372b2d0 JavaThread "Attach Listener" daemon [_thread_blocked, id=988, stack(0x0000006622f00000,0x0000006623000000)]
  0x00000176f372cd90 JavaThread "Service Thread" daemon [_thread_blocked, id=10492, stack(0x0000006623000000,0x0000006623100000)]
=>0x00000176f372e3c0 JavaThread "C2 CompilerThread0" daemon [_thread_in_native, id=10092, stack(0x0000006623100000,0x0000006623200000)]
  0x00000176f3732620 JavaThread "C1 CompilerThread0" daemon [_thread_blocked, id=11752, stack(0x0000006623200000,0x0000006623300000)]
  0x00000176f37357f0 JavaThread "Sweeper thread" daemon [_thread_blocked, id=4692, stack(0x0000006623300000,0x0000006623400000)]
  0x00000176f415a690 JavaThread "Notification Thread" daemon [_thread_blocked, id=5860, stack(0x0000006623400000,0x0000006623500000)]
  0x00000176f418bec0 JavaThread "Common-Cleaner" daemon [_thread_blocked, id=8692, stack(0x0000006623600000,0x0000006623700000)]
  0x00000176f48ce5f0 JavaThread "pool-1-thread-1" [_thread_blocked, id=14544, stack(0x0000006623700000,0x0000006623800000)]
  0x00000176f4b8e060 JavaThread "C2 CompilerThread1" daemon [_thread_in_native, id=5916, stack(0x0000006623d00000,0x0000006623e00000)]

Other Threads:
  0x00000176f370b990 VMThread "VM Thread" [stack: 0x0000006622b00000,0x0000006622c00000] [id=5772]
  0x00000176f41773a0 WatcherThread [stack: 0x0000006623500000,0x0000006623600000] [id=5164]
  0x00000176d4ca1560 GCTaskThread "GC Thread#0" [stack: 0x0000006622600000,0x0000006622700000] [id=12040]
  0x00000176f441f410 GCTaskThread "GC Thread#1" [stack: 0x0000006623800000,0x0000006623900000] [id=3308]
  0x00000176f441fda0 GCTaskThread "GC Thread#2" [stack: 0x0000006623900000,0x0000006623a00000] [id=15096]
  0x00000176f441e0f0 GCTaskThread "GC Thread#3" [stack: 0x0000006623a00000,0x0000006623b00000] [id=3132]
  0x00000176d4cb2470 ConcurrentGCThread "G1 Main Marker" [stack: 0x0000006622700000,0x0000006622800000] [id=7588]
  0x00000176d4cb4070 ConcurrentGCThread "G1 Conc#0" [stack: 0x0000006622800000,0x0000006622900000] [id=5608]
  0x00000176d4d3eb80 ConcurrentGCThread "G1 Refine#0" [stack: 0x0000006622900000,0x0000006622a00000] [id=14736]
  0x00000176f3580830 ConcurrentGCThread "G1 Young RemSet Sampling" [stack: 0x0000006622a00000,0x0000006622b00000] [id=9452]

Threads with active compile tasks:
C2 CompilerThread0     1295 1060 % !   4       java.util.concurrent.ConcurrentHashMap::transfer @ 96 (849 bytes)
C2 CompilerThread1     1295 1112 %     4       java.lang.StringLatin1::compareToCI @ 16 (108 bytes)

VM state: not at safepoint (normal execution)

VM Mutex/Monitor currently owned by a thread: None

Heap address: 0x0000000081e00000, size: 2018 MB, Compressed Oops mode: 32-bit
CDS archive(s) mapped at: [0x0000000800000000-0x0000000800b50000-0x0000000800b50000), size 11862016, SharedBaseAddress: 0x0000000800000000, ArchiveRelocationMode: 0.
Compressed class space mapped at: 0x0000000800b50000-0x0000000840b50000, size: 1073741824
Narrow klass base: 0x0000000800000000, Narrow klass shift: 3, Narrow klass range: 0x100000000

GC Precious Log:
 CPUs: 8 total, 8 available
 Memory: 8069M
 Large Page Support: Disabled
 NUMA Support: Disabled
 Compressed Oops: Enabled (32-bit)
 Heap Region Size: 1M
 Heap Min Capacity: 8M
 Heap Initial Capacity: 128M
 Heap Max Capacity: 2018M
 Pre-touch: Disabled
 Parallel Workers: 8
 Concurrent Workers: 2
 Concurrent Refinement Workers: 8
 Periodic GC: Disabled

Heap:
 garbage-first heap   total 131072K, used 16895K [0x0000000081e00000, 0x0000000100000000)
  region size 1024K, 12 young (12288K), 3 survivors (3072K)
 Metaspace       used 7413K, capacity 8715K, committed 8832K, reserved 1056768K
  class space    used 993K, capacity 1113K, committed 1152K, reserved 1048576K

Heap Regions: E=young(eden), S=young(survivor), O=old, HS=humongous(starts), HC=humongous(continues), CS=collection set, F=free, OA=open archive, CA=closed archive, TAMS=top-at-mark-start (previous, next)
|   0|0x0000000081e00000, 0x0000000081e00000, 0x0000000081f00000|  0%| F|  |TAMS 0x0000000081e00000, 0x0000000081e00000| Untracked 
|   1|0x0000000081f00000, 0x0000000081f00000, 0x0000000082000000|  0%| F|  |TAMS 0x0000000081f00000, 0x0000000081f00000| Untracked 
|   2|0x0000000082000000, 0x0000000082000000, 0x0000000082100000|  0%| F|  |TAMS 0x0000000082000000, 0x0000000082000000| Untracked 
|   3|0x0000000082100000, 0x0000000082200000, 0x0000000082200000|100%|HS|  |TAMS 0x0000000082100000, 0x0000000082100000| Complete 
|   4|0x0000000082200000, 0x0000000082300000, 0x0000000082300000|100%|HC|  |TAMS 0x0000000082200000, 0x0000000082200000| Complete 
|   5|0x0000000082300000, 0x0000000082400000, 0x0000000082400000|100%|HC|  |TAMS 0x0000000082300000, 0x0000000082300000| Complete 
|   6|0x0000000082400000, 0x0000000082500000, 0x0000000082500000|100%| O|  |TAMS 0x0000000082400000, 0x0000000082400000| Untracked 
|   7|0x0000000082500000, 0x0000000082600000, 0x0000000082600000|100%| O|  |TAMS 0x0000000082500000, 0x0000000082500000| Untracked 
|   8|0x0000000082600000, 0x000000008267fc00, 0x0000000082700000| 49%| O|  |TAMS 0x0000000082600000, 0x0000000082600000| Untracked 
|   9|0x0000000082700000, 0x0000000082700000, 0x0000000082800000|  0%| F|  |TAMS 0x0000000082700000, 0x0000000082700000| Untracked 
|  10|0x0000000082800000, 0x0000000082800000, 0x0000000082900000|  0%| F|  |TAMS 0x0000000082800000, 0x0000000082800000| Untracked 
|  11|0x0000000082900000, 0x0000000082900000, 0x0000000082a00000|  0%| F|  |TAMS 0x0000000082900000, 0x0000000082900000| Untracked 
|  12|0x0000000082a00000, 0x0000000082a00000, 0x0000000082b00000|  0%| F|  |TAMS 0x0000000082a00000, 0x0000000082a00000| Untracked 
|  13|0x0000000082b00000, 0x0000000082b00000, 0x0000000082c00000|  0%| F|  |TAMS 0x0000000082b00000, 0x0000000082b00000| Untracked 
|  14|0x0000000082c00000, 0x0000000082c00000, 0x0000000082d00000|  0%| F|  |TAMS 0x0000000082c00000, 0x0000000082c00000| Untracked 
|  15|0x0000000082d00000, 0x0000000082d00000, 0x0000000082e00000|  0%| F|  |TAMS 0x0000000082d00000, 0x0000000082d00000| Untracked 
|  16|0x0000000082e00000, 0x0000000082e00000, 0x0000000082f00000|  0%| F|  |TAMS 0x0000000082e00000, 0x0000000082e00000| Untracked 
|  17|0x0000000082f00000, 0x0000000082f00000, 0x0000000083000000|  0%| F|  |TAMS 0x0000000082f00000, 0x0000000082f00000| Untracked 
|  18|0x0000000083000000, 0x0000000083000000, 0x0000000083100000|  0%| F|  |TAMS 0x0000000083000000, 0x0000000083000000| Untracked 
|  19|0x0000000083100000, 0x0000000083100000, 0x0000000083200000|  0%| F|  |TAMS 0x0000000083100000, 0x0000000083100000| Untracked 
|  20|0x0000000083200000, 0x0000000083200000, 0x0000000083300000|  0%| F|  |TAMS 0x0000000083200000, 0x0000000083200000| Untracked 
|  21|0x0000000083300000, 0x0000000083300000, 0x0000000083400000|  0%| F|  |TAMS 0x0000000083300000, 0x0000000083300000| Untracked 
|  22|0x0000000083400000, 0x0000000083400000, 0x0000000083500000|  0%| F|  |TAMS 0x0000000083400000, 0x0000000083400000| Untracked 
|  23|0x0000000083500000, 0x0000000083500000, 0x0000000083600000|  0%| F|  |TAMS 0x0000000083500000, 0x0000000083500000| Untracked 
|  24|0x0000000083600000, 0x0000000083600000, 0x0000000083700000|  0%| F|  |TAMS 0x0000000083600000, 0x0000000083600000| Untracked 
|  25|0x0000000083700000, 0x0000000083700000, 0x0000000083800000|  0%| F|  |TAMS 0x0000000083700000, 0x0000000083700000| Untracked 
|  26|0x0000000083800000, 0x0000000083800000, 0x0000000083900000|  0%| F|  |TAMS 0x0000000083800000, 0x0000000083800000| Untracked 
|  27|0x0000000083900000, 0x0000000083900000, 0x0000000083a00000|  0%| F|  |TAMS 0x0000000083900000, 0x0000000083900000| Untracked 
|  28|0x0000000083a00000, 0x0000000083a00000, 0x0000000083b00000|  0%| F|  |TAMS 0x0000000083a00000, 0x0000000083a00000| Untracked 
|  29|0x0000000083b00000, 0x0000000083b00000, 0x0000000083c00000|  0%| F|  |TAMS 0x0000000083b00000, 0x0000000083b00000| Untracked 
|  30|0x0000000083c00000, 0x0000000083c00000, 0x0000000083d00000|  0%| F|  |TAMS 0x0000000083c00000, 0x0000000083c00000| Untracked 
|  31|0x0000000083d00000, 0x0000000083d00000, 0x0000000083e00000|  0%| F|  |TAMS 0x0000000083d00000, 0x0000000083d00000| Untracked 
|  32|0x0000000083e00000, 0x0000000083e00000, 0x0000000083f00000|  0%| F|  |TAMS 0x0000000083e00000, 0x0000000083e00000| Untracked 
|  33|0x0000000083f00000, 0x0000000083f00000, 0x0000000084000000|  0%| F|  |TAMS 0x0000000083f00000, 0x0000000083f00000| Untracked 
|  34|0x0000000084000000, 0x0000000084000000, 0x0000000084100000|  0%| F|  |TAMS 0x0000000084000000, 0x0000000084000000| Untracked 
|  35|0x0000000084100000, 0x0000000084100000, 0x0000000084200000|  0%| F|  |TAMS 0x0000000084100000, 0x0000000084100000| Untracked 
|  36|0x0000000084200000, 0x0000000084200000, 0x0000000084300000|  0%| F|  |TAMS 0x0000000084200000, 0x0000000084200000| Untracked 
|  37|0x0000000084300000, 0x0000000084300000, 0x0000000084400000|  0%| F|  |TAMS 0x0000000084300000, 0x0000000084300000| Untracked 
|  38|0x0000000084400000, 0x0000000084400000, 0x0000000084500000|  0%| F|  |TAMS 0x0000000084400000, 0x0000000084400000| Untracked 
|  39|0x0000000084500000, 0x0000000084500000, 0x0000000084600000|  0%| F|  |TAMS 0x0000000084500000, 0x0000000084500000| Untracked 
|  40|0x0000000084600000, 0x0000000084600000, 0x0000000084700000|  0%| F|  |TAMS 0x0000000084600000, 0x0000000084600000| Untracked 
|  41|0x0000000084700000, 0x0000000084700000, 0x0000000084800000|  0%| F|  |TAMS 0x0000000084700000, 0x0000000084700000| Untracked 
|  42|0x0000000084800000, 0x0000000084800000, 0x0000000084900000|  0%| F|  |TAMS 0x0000000084800000, 0x0000000084800000| Untracked 
|  43|0x0000000084900000, 0x0000000084900000, 0x0000000084a00000|  0%| F|  |TAMS 0x0000000084900000, 0x0000000084900000| Untracked 
|  44|0x0000000084a00000, 0x0000000084a00000, 0x0000000084b00000|  0%| F|  |TAMS 0x0000000084a00000, 0x0000000084a00000| Untracked 
|  45|0x0000000084b00000, 0x0000000084b00000, 0x0000000084c00000|  0%| F|  |TAMS 0x0000000084b00000, 0x0000000084b00000| Untracked 
|  46|0x0000000084c00000, 0x0000000084c00000, 0x0000000084d00000|  0%| F|  |TAMS 0x0000000084c00000, 0x0000000084c00000| Untracked 
|  47|0x0000000084d00000, 0x0000000084d00000, 0x0000000084e00000|  0%| F|  |TAMS 0x0000000084d00000, 0x0000000084d00000| Untracked 
|  48|0x0000000084e00000, 0x0000000084e00000, 0x0000000084f00000|  0%| F|  |TAMS 0x0000000084e00000, 0x0000000084e00000| Untracked 
|  49|0x0000000084f00000, 0x0000000084f00000, 0x0000000085000000|  0%| F|  |TAMS 0x0000000084f00000, 0x0000000084f00000| Untracked 
|  50|0x0000000085000000, 0x0000000085000000, 0x0000000085100000|  0%| F|  |TAMS 0x0000000085000000, 0x0000000085000000| Untracked 
|  51|0x0000000085100000, 0x0000000085100000, 0x0000000085200000|  0%| F|  |TAMS 0x0000000085100000, 0x0000000085100000| Untracked 
|  52|0x0000000085200000, 0x0000000085200000, 0x0000000085300000|  0%| F|  |TAMS 0x0000000085200000, 0x0000000085200000| Untracked 
|  53|0x0000000085300000, 0x0000000085300000, 0x0000000085400000|  0%| F|  |TAMS 0x0000000085300000, 0x0000000085300000| Untracked 
|  54|0x0000000085400000, 0x0000000085400000, 0x0000000085500000|  0%| F|  |TAMS 0x0000000085400000, 0x0000000085400000| Untracked 
|  55|0x0000000085500000, 0x0000000085500000, 0x0000000085600000|  0%| F|  |TAMS 0x0000000085500000, 0x0000000085500000| Untracked 
|  56|0x0000000085600000, 0x0000000085600000, 0x0000000085700000|  0%| F|  |TAMS 0x0000000085600000, 0x0000000085600000| Untracked 
|  57|0x0000000085700000, 0x0000000085700000, 0x0000000085800000|  0%| F|  |TAMS 0x0000000085700000, 0x0000000085700000| Untracked 
|  58|0x0000000085800000, 0x0000000085800000, 0x0000000085900000|  0%| F|  |TAMS 0x0000000085800000, 0x0000000085800000| Untracked 
|  59|0x0000000085900000, 0x0000000085900000, 0x0000000085a00000|  0%| F|  |TAMS 0x0000000085900000, 0x0000000085900000| Untracked 
|  60|0x0000000085a00000, 0x0000000085a00000, 0x0000000085b00000|  0%| F|  |TAMS 0x0000000085a00000, 0x0000000085a00000| Untracked 
|  61|0x0000000085b00000, 0x0000000085b00000, 0x0000000085c00000|  0%| F|  |TAMS 0x0000000085b00000, 0x0000000085b00000| Untracked 
|  62|0x0000000085c00000, 0x0000000085c00000, 0x0000000085d00000|  0%| F|  |TAMS 0x0000000085c00000, 0x0000000085c00000| Untracked 
|  63|0x0000000085d00000, 0x0000000085d00000, 0x0000000085e00000|  0%| F|  |TAMS 0x0000000085d00000, 0x0000000085d00000| Untracked 
|  64|0x0000000085e00000, 0x0000000085e00000, 0x0000000085f00000|  0%| F|  |TAMS 0x0000000085e00000, 0x0000000085e00000| Untracked 
|  65|0x0000000085f00000, 0x0000000085f00000, 0x0000000086000000|  0%| F|  |TAMS 0x0000000085f00000, 0x0000000085f00000| Untracked 
|  66|0x0000000086000000, 0x0000000086000000, 0x0000000086100000|  0%| F|  |TAMS 0x0000000086000000, 0x0000000086000000| Untracked 
|  67|0x0000000086100000, 0x0000000086100000, 0x0000000086200000|  0%| F|  |TAMS 0x0000000086100000, 0x0000000086100000| Untracked 
|  68|0x0000000086200000, 0x0000000086200000, 0x0000000086300000|  0%| F|  |TAMS 0x0000000086200000, 0x0000000086200000| Untracked 
|  69|0x0000000086300000, 0x0000000086300000, 0x0000000086400000|  0%| F|  |TAMS 0x0000000086300000, 0x0000000086300000| Untracked 
|  70|0x0000000086400000, 0x0000000086400000, 0x0000000086500000|  0%| F|  |TAMS 0x0000000086400000, 0x0000000086400000| Untracked 
|  71|0x0000000086500000, 0x0000000086500000, 0x0000000086600000|  0%| F|  |TAMS 0x0000000086500000, 0x0000000086500000| Untracked 
|  72|0x0000000086600000, 0x0000000086600000, 0x0000000086700000|  0%| F|  |TAMS 0x0000000086600000, 0x0000000086600000| Untracked 
|  73|0x0000000086700000, 0x0000000086700000, 0x0000000086800000|  0%| F|  |TAMS 0x0000000086700000, 0x0000000086700000| Untracked 
|  74|0x0000000086800000, 0x0000000086800000, 0x0000000086900000|  0%| F|  |TAMS 0x0000000086800000, 0x0000000086800000| Untracked 
|  75|0x0000000086900000, 0x0000000086900000, 0x0000000086a00000|  0%| F|  |TAMS 0x0000000086900000, 0x0000000086900000| Untracked 
|  76|0x0000000086a00000, 0x0000000086a00000, 0x0000000086b00000|  0%| F|  |TAMS 0x0000000086a00000, 0x0000000086a00000| Untracked 
|  77|0x0000000086b00000, 0x0000000086b00000, 0x0000000086c00000|  0%| F|  |TAMS 0x0000000086b00000, 0x0000000086b00000| Untracked 
|  78|0x0000000086c00000, 0x0000000086c00000, 0x0000000086d00000|  0%| F|  |TAMS 0x0000000086c00000, 0x0000000086c00000| Untracked 
|  79|0x0000000086d00000, 0x0000000086d00000, 0x0000000086e00000|  0%| F|  |TAMS 0x0000000086d00000, 0x0000000086d00000| Untracked 
|  80|0x0000000086e00000, 0x0000000086e00000, 0x0000000086f00000|  0%| F|  |TAMS 0x0000000086e00000, 0x0000000086e00000| Untracked 
|  81|0x0000000086f00000, 0x0000000086f00000, 0x0000000087000000|  0%| F|  |TAMS 0x0000000086f00000, 0x0000000086f00000| Untracked 
|  82|0x0000000087000000, 0x0000000087000000, 0x0000000087100000|  0%| F|  |TAMS 0x0000000087000000, 0x0000000087000000| Untracked 
|  83|0x0000000087100000, 0x0000000087100000, 0x0000000087200000|  0%| F|  |TAMS 0x0000000087100000, 0x0000000087100000| Untracked 
|  84|0x0000000087200000, 0x0000000087200000, 0x0000000087300000|  0%| F|  |TAMS 0x0000000087200000, 0x0000000087200000| Untracked 
|  85|0x0000000087300000, 0x0000000087300000, 0x0000000087400000|  0%| F|  |TAMS 0x0000000087300000, 0x0000000087300000| Untracked 
|  86|0x0000000087400000, 0x0000000087400000, 0x0000000087500000|  0%| F|  |TAMS 0x0000000087400000, 0x0000000087400000| Untracked 
|  87|0x0000000087500000, 0x0000000087500000, 0x0000000087600000|  0%| F|  |TAMS 0x0000000087500000, 0x0000000087500000| Untracked 
|  88|0x0000000087600000, 0x0000000087600000, 0x0000000087700000|  0%| F|  |TAMS 0x0000000087600000, 0x0000000087600000| Untracked 
|  89|0x0000000087700000, 0x0000000087700000, 0x0000000087800000|  0%| F|  |TAMS 0x0000000087700000, 0x0000000087700000| Untracked 
|  90|0x0000000087800000, 0x0000000087800000, 0x0000000087900000|  0%| F|  |TAMS 0x0000000087800000, 0x0000000087800000| Untracked 
|  91|0x0000000087900000, 0x0000000087900000, 0x0000000087a00000|  0%| F|  |TAMS 0x0000000087900000, 0x0000000087900000| Untracked 
|  92|0x0000000087a00000, 0x0000000087a00000, 0x0000000087b00000|  0%| F|  |TAMS 0x0000000087a00000, 0x0000000087a00000| Untracked 
|  93|0x0000000087b00000, 0x0000000087b00000, 0x0000000087c00000|  0%| F|  |TAMS 0x0000000087b00000, 0x0000000087b00000| Untracked 
|  94|0x0000000087c00000, 0x0000000087c00000, 0x0000000087d00000|  0%| F|  |TAMS 0x0000000087c00000, 0x0000000087c00000| Untracked 
|  95|0x0000000087d00000, 0x0000000087d00000, 0x0000000087e00000|  0%| F|  |TAMS 0x0000000087d00000, 0x0000000087d00000| Untracked 
|  96|0x0000000087e00000, 0x0000000087e00000, 0x0000000087f00000|  0%| F|  |TAMS 0x0000000087e00000, 0x0000000087e00000| Untracked 
|  97|0x0000000087f00000, 0x0000000087f00000, 0x0000000088000000|  0%| F|  |TAMS 0x0000000087f00000, 0x0000000087f00000| Untracked 
|  98|0x0000000088000000, 0x0000000088000000, 0x0000000088100000|  0%| F|  |TAMS 0x0000000088000000, 0x0000000088000000| Untracked 
|  99|0x0000000088100000, 0x0000000088100000, 0x0000000088200000|  0%| F|  |TAMS 0x0000000088100000, 0x0000000088100000| Untracked 
| 100|0x0000000088200000, 0x0000000088200000, 0x0000000088300000|  0%| F|  |TAMS 0x0000000088200000, 0x0000000088200000| Untracked 
| 101|0x0000000088300000, 0x0000000088300000, 0x0000000088400000|  0%| F|  |TAMS 0x0000000088300000, 0x0000000088300000| Untracked 
| 102|0x0000000088400000, 0x0000000088500000, 0x0000000088500000|100%| S|CS|TAMS 0x0000000088400000, 0x0000000088400000| Complete 
| 103|0x0000000088500000, 0x0000000088600000, 0x0000000088600000|100%| S|CS|TAMS 0x0000000088500000, 0x0000000088500000| Complete 
| 104|0x0000000088600000, 0x0000000088700000, 0x0000000088700000|100%| S|CS|TAMS 0x0000000088600000, 0x0000000088600000| Complete 
| 105|0x0000000088700000, 0x0000000088700000, 0x0000000088800000|  0%| F|  |TAMS 0x0000000088700000, 0x0000000088700000| Untracked 
| 106|0x0000000088800000, 0x0000000088800000, 0x0000000088900000|  0%| F|  |TAMS 0x0000000088800000, 0x0000000088800000| Untracked 
| 107|0x0000000088900000, 0x0000000088900000, 0x0000000088a00000|  0%| F|  |TAMS 0x0000000088900000, 0x0000000088900000| Untracked 
| 108|0x0000000088a00000, 0x0000000088a00000, 0x0000000088b00000|  0%| F|  |TAMS 0x0000000088a00000, 0x0000000088a00000| Untracked 
| 109|0x0000000088b00000, 0x0000000088b00000, 0x0000000088c00000|  0%| F|  |TAMS 0x0000000088b00000, 0x0000000088b00000| Untracked 
| 110|0x0000000088c00000, 0x0000000088c00000, 0x0000000088d00000|  0%| F|  |TAMS 0x0000000088c00000, 0x0000000088c00000| Untracked 
| 111|0x0000000088d00000, 0x0000000088d00000, 0x0000000088e00000|  0%| F|  |TAMS 0x0000000088d00000, 0x0000000088d00000| Untracked 
| 112|0x0000000088e00000, 0x0000000088e00000, 0x0000000088f00000|  0%| F|  |TAMS 0x0000000088e00000, 0x0000000088e00000| Untracked 
| 113|0x0000000088f00000, 0x0000000088f00000, 0x0000000089000000|  0%| F|  |TAMS 0x0000000088f00000, 0x0000000088f00000| Untracked 
| 114|0x0000000089000000, 0x0000000089000000, 0x0000000089100000|  0%| F|  |TAMS 0x0000000089000000, 0x0000000089000000| Untracked 
| 115|0x0000000089100000, 0x0000000089100000, 0x0000000089200000|  0%| F|  |TAMS 0x0000000089100000, 0x0000000089100000| Untracked 
| 116|0x0000000089200000, 0x0000000089200000, 0x0000000089300000|  0%| F|  |TAMS 0x0000000089200000, 0x0000000089200000| Untracked 
| 117|0x0000000089300000, 0x0000000089300000, 0x0000000089400000|  0%| F|  |TAMS 0x0000000089300000, 0x0000000089300000| Untracked 
| 118|0x0000000089400000, 0x0000000089482010, 0x0000000089500000| 50%| E|  |TAMS 0x0000000089400000, 0x0000000089400000| Complete 
| 119|0x0000000089500000, 0x0000000089600000, 0x0000000089600000|100%| E|CS|TAMS 0x0000000089500000, 0x0000000089500000| Complete 
| 120|0x0000000089600000, 0x0000000089700000, 0x0000000089700000|100%| E|CS|TAMS 0x0000000089600000, 0x0000000089600000| Complete 
| 121|0x0000000089700000, 0x0000000089800000, 0x0000000089800000|100%| E|CS|TAMS 0x0000000089700000, 0x0000000089700000| Complete 
| 122|0x0000000089800000, 0x0000000089900000, 0x0000000089900000|100%| E|CS|TAMS 0x0000000089800000, 0x0000000089800000| Complete 
| 123|0x0000000089900000, 0x0000000089a00000, 0x0000000089a00000|100%| E|CS|TAMS 0x0000000089900000, 0x0000000089900000| Complete 
| 124|0x0000000089a00000, 0x0000000089b00000, 0x0000000089b00000|100%| E|CS|TAMS 0x0000000089a00000, 0x0000000089a00000| Complete 
| 125|0x0000000089b00000, 0x0000000089c00000, 0x0000000089c00000|100%| E|CS|TAMS 0x0000000089b00000, 0x0000000089b00000| Complete 
| 126|0x0000000089c00000, 0x0000000089d00000, 0x0000000089d00000|100%| E|CS|TAMS 0x0000000089c00000, 0x0000000089c00000| Complete 
| 127|0x0000000089d00000, 0x0000000089e00000, 0x0000000089e00000|100%| E|CS|TAMS 0x0000000089d00000, 0x0000000089d00000| Complete 

Card table byte_map: [0x00000176ec5d0000,0x00000176ec9d0000] _byte_map_base: 0x00000176ec1c1000

Marking Bits (Prev, Next): (CMBitMap*) 0x00000176d4ca1dd0, (CMBitMap*) 0x00000176d4ca1e10
 Prev Bits: [0x00000176ecdd0000, 0x00000176eed58000)
 Next Bits: [0x00000176eed60000, 0x00000176f0ce8000)

Polling page: 0x00000176d2c30000

Metaspace:

Usage:
  Non-class:      7.42 MB capacity,     6.27 MB ( 84%) used,     1.14 MB ( 15%) free+waste,     8.06 KB ( <1%) overhead. 
      Class:      1.09 MB capacity,   993.71 KB ( 89%) used,   115.16 KB ( 10%) free+waste,     4.12 KB ( <1%) overhead. 
       Both:      8.51 MB capacity,     7.24 MB ( 85%) used,     1.26 MB ( 15%) free+waste,    12.19 KB ( <1%) overhead. 

Virtual space:
  Non-class space:        8.00 MB reserved,       7.50 MB ( 94%) committed 
      Class space:        1.00 GB reserved,       1.12 MB ( <1%) committed 
             Both:        1.01 GB reserved,       8.62 MB ( <1%) committed 

Chunk freelists:
   Non-Class:  14.00 KB
       Class:  7.00 KB
        Both:  21.00 KB

MaxMetaspaceSize: 17179869184.00 GB
CompressedClassSpaceSize: 1.00 GB

CodeHeap 'non-profiled nmethods': size=120000Kb used=369Kb max_used=369Kb free=119631Kb
 bounds [0x00000176e4970000, 0x00000176e4be0000, 0x00000176ebea0000]
CodeHeap 'profiled nmethods': size=120000Kb used=1953Kb max_used=1953Kb free=118046Kb
 bounds [0x00000176dd440000, 0x00000176dd6b0000, 0x00000176e4970000]
CodeHeap 'non-nmethods': size=5760Kb used=1178Kb max_used=1192Kb free=4581Kb
 bounds [0x00000176dcea0000, 0x00000176dd110000, 0x00000176dd440000]
 total_blobs=1556 nmethods=1116 adapters=353
 compilation: enabled
              stopped_count=0, restarted_count=0
 full_count=0

Compilation events (20 events):
Event: 1.256 Thread 0x00000176f3732620 1048       3       sun.util.locale.ParseStatus::isError (13 bytes)
Event: 1.256 Thread 0x00000176f3732620 nmethod 1048 0x00000176dd5f8a10 code [0x00000176dd5f8ba0, 0x00000176dd5f8cf8]
Event: 1.256 Thread 0x00000176f3732620 1049       3       sun.util.locale.BaseLocale::hashCode (67 bytes)
Event: 1.256 Thread 0x00000176f3732620 nmethod 1049 0x00000176dd5f8d90 code [0x00000176dd5f8f60, 0x00000176dd5f9238]
Event: 1.256 Thread 0x00000176f3732620 1050       1       sun.util.locale.LanguageTag::getLanguage (5 bytes)
Event: 1.256 Thread 0x00000176f3732620 nmethod 1050 0x00000176e49ca190 code [0x00000176e49ca320, 0x00000176e49ca3d8]
Event: 1.256 Thread 0x00000176f3732620 1051       1       sun.util.locale.LanguageTag::getScript (5 bytes)
Event: 1.256 Thread 0x00000176f3732620 nmethod 1051 0x00000176e49ca490 code [0x00000176e49ca620, 0x00000176e49ca6d8]
Event: 1.256 Thread 0x00000176f3732620 1052       1       sun.util.locale.LanguageTag::getRegion (5 bytes)
Event: 1.256 Thread 0x00000176f3732620 nmethod 1052 0x00000176e49ca790 code [0x00000176e49ca920, 0x00000176e49ca9d8]
Event: 1.256 Thread 0x00000176f3732620 1053       1       sun.util.locale.LanguageTag::getPrivateuse (5 bytes)
Event: 1.256 Thread 0x00000176f3732620 nmethod 1053 0x00000176e49caa90 code [0x00000176e49cac20, 0x00000176e49cacd8]
Event: 1.257 Thread 0x00000176f3732620 1054       3       sun.util.locale.BaseLocale::<init> (76 bytes)
Event: 1.257 Thread 0x00000176f372e3c0 1060 % !   4       java.util.concurrent.ConcurrentHashMap::transfer @ 96 (849 bytes)
Event: 1.257 Thread 0x00000176f3732620 nmethod 1054 0x00000176dd5f9390 code [0x00000176dd5f95c0, 0x00000176dd5f9be8]
Event: 1.257 Thread 0x00000176f3732620 1055       3       sun.util.locale.StringTokenIterator::nextDelimiter (116 bytes)
Event: 1.258 Thread 0x00000176f3732620 nmethod 1055 0x00000176dd5f9e10 code [0x00000176dd5fa140, 0x00000176dd5fb558]
Event: 1.258 Thread 0x00000176f3732620 1063       3       sun.util.locale.BaseLocale$Key::hashCode (178 bytes)
Event: 1.260 Thread 0x00000176f3732620 nmethod 1063 0x00000176dd5fbe10 code [0x00000176dd5fc220, 0x00000176dd5fe298]
Event: 1.260 Thread 0x00000176f3732620 1064       3       sun.util.locale.BaseLocale::getInstance (186 bytes)

GC Heap History (2 events):
Event: 0.814 GC heap before
{Heap before GC invocations=0 (full 0):
 garbage-first heap   total 131072K, used 29696K [0x0000000081e00000, 0x0000000100000000)
  region size 1024K, 23 young (23552K), 0 survivors (0K)
 Metaspace       used 4977K, capacity 7303K, committed 7552K, reserved 1056768K
  class space    used 657K, capacity 877K, committed 896K, reserved 1048576K
}
Event: 0.820 GC heap after
{Heap after GC invocations=1 (full 0):
 garbage-first heap   total 131072K, used 8703K [0x0000000081e00000, 0x0000000100000000)
  region size 1024K, 3 young (3072K), 3 survivors (3072K)
 Metaspace       used 4977K, capacity 7303K, committed 7552K, reserved 1056768K
  class space    used 657K, capacity 877K, committed 896K, reserved 1048576K
}

Deoptimization events (20 events):
Event: 0.870 Thread 0x00000176f48ce5f0 DEOPT PACKING pc=0x00000176e49bf2cc sp=0x00000066237fda90
Event: 0.870 Thread 0x00000176f48ce5f0 DEOPT UNPACKING pc=0x00000176dceee42f sp=0x00000066237fda18 mode 2
Event: 0.870 Thread 0x00000176f48ce5f0 Uncommon trap: trap_request=0xffffffde fr.pc=0x00000176e49bf2cc relative=0x000000000000012c
Event: 0.870 Thread 0x00000176f48ce5f0 Uncommon trap: reason=class_check action=maybe_recompile pc=0x00000176e49bf2cc method=jdk.internal.misc.Unsafe.allocateUninitializedArray(Ljava/lang/Class;I)Ljava/lang/Object; @ 51 c2
Event: 0.870 Thread 0x00000176f48ce5f0 DEOPT PACKING pc=0x00000176e49bf2cc sp=0x00000066237fdb30
Event: 0.870 Thread 0x00000176f48ce5f0 DEOPT UNPACKING pc=0x00000176dceee42f sp=0x00000066237fdab8 mode 2
Event: 0.870 Thread 0x00000176d4c5f5b0 Uncommon trap: trap_request=0xffffffde fr.pc=0x00000176e49bf2cc relative=0x000000000000012c
Event: 0.870 Thread 0x00000176d4c5f5b0 Uncommon trap: reason=class_check action=maybe_recompile pc=0x00000176e49bf2cc method=jdk.internal.misc.Unsafe.allocateUninitializedArray(Ljava/lang/Class;I)Ljava/lang/Object; @ 51 c2
Event: 0.870 Thread 0x00000176d4c5f5b0 DEOPT PACKING pc=0x00000176e49bf2cc sp=0x00000066225fbe70
Event: 0.870 Thread 0x00000176f48ce5f0 Uncommon trap: trap_request=0xffffffde fr.pc=0x00000176e49bf2cc relative=0x000000000000012c
Event: 0.870 Thread 0x00000176f48ce5f0 Uncommon trap: reason=class_check action=maybe_recompile pc=0x00000176e49bf2cc method=jdk.internal.misc.Unsafe.allocateUninitializedArray(Ljava/lang/Class;I)Ljava/lang/Object; @ 51 c2
Event: 0.870 Thread 0x00000176f48ce5f0 DEOPT PACKING pc=0x00000176e49bf2cc sp=0x00000066237fdb60
Event: 0.870 Thread 0x00000176d4c5f5b0 DEOPT UNPACKING pc=0x00000176dceee42f sp=0x00000066225fbdf8 mode 2
Event: 0.870 Thread 0x00000176f48ce5f0 DEOPT UNPACKING pc=0x00000176dceee42f sp=0x00000066237fdae8 mode 2
Event: 0.877 Thread 0x00000176f48ce5f0 DEOPT PACKING pc=0x00000176dd4897d0 sp=0x00000066237fa470
Event: 0.877 Thread 0x00000176f48ce5f0 DEOPT UNPACKING pc=0x00000176dceee23f sp=0x00000066237f98f8 mode 0
Event: 0.896 Thread 0x00000176d4c5f5b0 DEOPT PACKING pc=0x00000176dd4b955f sp=0x00000066225f9f90
Event: 0.896 Thread 0x00000176d4c5f5b0 DEOPT UNPACKING pc=0x00000176dceee23f sp=0x00000066225f93e0 mode 0
Event: 0.919 Thread 0x00000176d4c5f5b0 DEOPT PACKING pc=0x00000176dd4f5490 sp=0x00000066225fa770
Event: 0.919 Thread 0x00000176d4c5f5b0 DEOPT UNPACKING pc=0x00000176dceee23f sp=0x00000066225f9c88 mode 0

Classes unloaded (0 events):
No events

Classes redefined (0 events):
No events

Internal exceptions (20 events):
Event: 0.259 Thread 0x00000176d4c5f5b0 Exception <a 'java/lang/NoSuchMethodError'{0x0000000089cde9d8}: 'void java.lang.invoke.DirectMethodHandle$Holder.invokeStatic(java.lang.Object, java.lang.Object)'> (0x0000000089cde9d8) 
thrown [./open/src/hotspot/share/interpreter/linkResolver.cpp, line 782]
Event: 0.260 Thread 0x00000176d4c5f5b0 Exception <a 'java/lang/NoSuchMethodError'{0x0000000089ce2798}: 'void java.lang.invoke.DirectMethodHandle$Holder.invokeStaticInit(java.lang.Object, java.lang.Object)'> (0x0000000089ce2798) 
thrown [./open/src/hotspot/share/interpreter/linkResolver.cpp, line 782]
Event: 0.312 Thread 0x00000176d4c5f5b0 Exception <a 'java/lang/NoSuchMethodError'{0x0000000089bfae60}: 'int java.lang.invoke.DirectMethodHandle$Holder.invokeStaticInit(java.lang.Object, java.lang.Object)'> (0x0000000089bfae60) 
thrown [./open/src/hotspot/share/interpreter/linkResolver.cpp, line 782]
Event: 0.617 Thread 0x00000176d4c5f5b0 Exception <a 'java/lang/NoSuchMethodError'{0x0000000088f46740}: 'void java.lang.invoke.DirectMethodHandle$Holder.invokeSpecial(java.lang.Object, java.lang.Object, java.lang.Object)'> (0x0000000088f46740) 
thrown [./open/src/hotspot/share/interpreter/linkResolver.cpp, line 782]
Event: 0.683 Thread 0x00000176d4c5f5b0 Exception <a 'java/lang/NoClassDefFoundError'{0x0000000088de76a0}: org/slf4j/impl/StaticMarkerBinder> (0x0000000088de76a0) 
thrown [./open/src/hotspot/share/classfile/systemDictionary.cpp, line 284]
Event: 0.690 Thread 0x00000176d4c5f5b0 Exception <a 'java/lang/NoSuchMethodError'{0x0000000088c51328}: 'java.lang.Object java.lang.invoke.DirectMethodHandle$Holder.invokeVirtual(java.lang.Object, java.lang.Object, java.lang.Object, java.lang.Object, java.lang.Object)'> (0x0000000088c51328) 
thrown [./open/src/hotspot/share/interpreter/linkResolver.cpp, line 782]
Event: 0.775 Thread 0x00000176d4c5f5b0 Exception <a 'java/lang/NoSuchMethodError'{0x0000000088841780}: 'java.lang.Object java.lang.invoke.Invokers$Holder.invoker(java.lang.Object, java.lang.Object, java.lang.Object, java.lang.Object, java.lang.Object)'> (0x0000000088841780) 
thrown [./open/src/hotspot/share/interpreter/linkResolver.cpp, line 782]
Event: 0.779 Thread 0x00000176d4c5f5b0 Exception <a 'java/lang/NoSuchMethodError'{0x000000008884bde8}: 'java.lang.Object java.lang.invoke.DirectMethodHandle$Holder.invokeStatic(java.lang.Object, java.lang.Object, int)'> (0x000000008884bde8) 
thrown [./open/src/hotspot/share/interpreter/linkResolver.cpp, line 782]
Event: 0.780 Thread 0x00000176d4c5f5b0 Exception <a 'java/lang/NoSuchMethodError'{0x0000000088858158}: 'void java.lang.invoke.DelegatingMethodHandle$Holder.delegate(java.lang.Object, java.lang.Object, int, java.lang.Object)'> (0x0000000088858158) 
thrown [./open/src/hotspot/share/interpreter/linkResolver.cpp, line 782]
Event: 0.781 Thread 0x00000176d4c5f5b0 Exception <a 'java/lang/NoSuchMethodError'{0x000000008885c660}: 'int java.lang.invoke.DirectMethodHandle$Holder.invokeSpecial(java.lang.Object, java.lang.Object, java.lang.Object)'> (0x000000008885c660) 
thrown [./open/src/hotspot/share/interpreter/linkResolver.cpp, line 782]
Event: 0.785 Thread 0x00000176d4c5f5b0 Exception <a 'java/lang/NoSuchMethodError'{0x0000000088877e10}: 'java.lang.Object java.lang.invoke.Invokers$Holder.invokeExact_MT(java.lang.Object, java.lang.Object, java.lang.Object, java.lang.Object)'> (0x0000000088877e10) 
thrown [./open/src/hotspot/share/interpreter/linkResolver.cpp, line 782]
Event: 0.828 Thread 0x00000176d4c5f5b0 Exception <a 'java/lang/NoSuchMethodError'{0x0000000089d93320}: 'java.lang.Object java.lang.invoke.DirectMethodHandle$Holder.invokeStatic(java.lang.Object)'> (0x0000000089d93320) 
thrown [./open/src/hotspot/share/interpreter/linkResolver.cpp, line 782]
Event: 0.829 Thread 0x00000176d4c5f5b0 Exception <a 'java/lang/NoSuchMethodError'{0x0000000089d96c38}: 'java.lang.Object java.lang.invoke.DirectMethodHandle$Holder.invokeStaticInit(java.lang.Object)'> (0x0000000089d96c38) 
thrown [./open/src/hotspot/share/interpreter/linkResolver.cpp, line 782]
Event: 0.853 Thread 0x00000176d4c5f5b0 Exception <a 'java/lang/NoSuchMethodError'{0x0000000089db65a0}: 'java.lang.Object java.lang.invoke.DirectMethodHandle$Holder.invokeInterface(java.lang.Object, java.lang.Object)'> (0x0000000089db65a0) 
thrown [./open/src/hotspot/share/interpreter/linkResolver.cpp, line 782]
Event: 0.854 Thread 0x00000176d4c5f5b0 Exception <a 'java/lang/NoSuchMethodError'{0x0000000089dbf070}: 'java.lang.Object java.lang.invoke.DirectMethodHandle$Holder.invokeStaticInit(java.lang.Object, java.lang.Object, java.lang.Object)'> (0x0000000089dbf070) 
thrown [./open/src/hotspot/share/interpreter/linkResolver.cpp, line 782]
Event: 0.864 Thread 0x00000176d4c5f5b0 Implicit null exception at 0x00000176e49b35af to 0x00000176e49b3a0c
Event: 0.864 Thread 0x00000176d4c5f5b0 Implicit null exception at 0x00000176e49b0eaf to 0x00000176e49b1304
Event: 0.934 Thread 0x00000176d4c5f5b0 Exception <a 'java/lang/NoSuchMethodError'{0x0000000089850188}: 'java.lang.Object java.lang.invoke.DirectMethodHandle$Holder.invokeStaticInit(java.lang.Object, int, int, int, int)'> (0x0000000089850188) 
thrown [./open/src/hotspot/share/interpreter/linkResolver.cpp, line 782]
Event: 1.011 Thread 0x00000176d4c5f5b0 Exception <a 'java/lang/NoSuchMethodError'{0x00000000898d8748}: 'java.lang.Object java.lang.invoke.DirectMethodHandle$Holder.invokeStaticInit(java.lang.Object, java.lang.Object, int, int, int, int)'> (0x00000000898d8748) 
thrown [./open/src/hotspot/share/interpreter/linkResolver.cpp, line 782]
Event: 1.188 Thread 0x00000176d4c5f5b0 Exception <a 'java/lang/NoSuchMethodError'{0x0000000089707d10}: 'void java.lang.invoke.DirectMethodHandle$Holder.invokeStatic(java.lang.Object, java.lang.Object, java.lang.Object)'> (0x0000000089707d10) 
thrown [./open/src/hotspot/share/interpreter/linkResolver.cpp, line 782]

Events (20 events):
Event: 1.195 loading class sun/nio/ch/ExtendedSocketOption
Event: 1.196 loading class sun/nio/ch/ExtendedSocketOption done
Event: 1.196 loading class sun/nio/ch/ExtendedSocketOption$1
Event: 1.196 loading class sun/nio/ch/ExtendedSocketOption$1 done
Event: 1.200 loading class java/nio/channels/OverlappingFileLockException
Event: 1.200 loading class java/nio/channels/OverlappingFileLockException done
Event: 1.200 loading class java/io/EOFException
Event: 1.201 loading class java/io/EOFException done
Event: 1.235 loading class sun/util/calendar/ZoneInfoFile$Checksum
Event: 1.236 loading class java/util/zip/CRC32
Event: 1.236 loading class java/util/zip/Checksum
Event: 1.236 loading class java/util/zip/Checksum done
Event: 1.236 loading class java/util/zip/CRC32 done
Event: 1.237 loading class sun/util/calendar/ZoneInfoFile$Checksum done
Event: 1.237 loading class java/util/zip/Checksum$1
Event: 1.237 loading class java/util/zip/Checksum$1 done
Event: 1.245 loading class jdk/internal/module/ModulePatcher$PatchedModuleReader
Event: 1.245 loading class jdk/internal/module/ModulePatcher$PatchedModuleReader done
Event: 1.246 loading class sun/net/www/protocol/jrt/Handler
Event: 1.246 loading class sun/net/www/protocol/jrt/Handler done


Dynamic libraries:
0x00007ff686a70000 - 0x00007ff686a7f000 	C:\Program Files\Java\jdk-15\bin\java.exe
0x00007fff49fb0000 - 0x00007fff4a1a5000 	C:\WINDOWS\SYSTEM32\ntdll.dll
0x00007fff48b10000 - 0x00007fff48bcd000 	C:\WINDOWS\System32\KERNEL32.DLL
0x00007fff47ba0000 - 0x00007fff47e68000 	C:\WINDOWS\System32\KERNELBASE.dll
0x00007fff47990000 - 0x00007fff47a90000 	C:\WINDOWS\System32\ucrtbase.dll
0x00007fff26770000 - 0x00007fff26789000 	C:\Program Files\Java\jdk-15\bin\VCRUNTIME140.dll
0x00007fff23060000 - 0x00007fff23078000 	C:\Program Files\Java\jdk-15\bin\jli.dll
0x00007fff49ec0000 - 0x00007fff49f6c000 	C:\WINDOWS\System32\ADVAPI32.dll
0x00007fff48a70000 - 0x00007fff48b0e000 	C:\WINDOWS\System32\msvcrt.dll
0x00007fff49600000 - 0x00007fff4969b000 	C:\WINDOWS\System32\sechost.dll
0x00007fff48200000 - 0x00007fff4832b000 	C:\WINDOWS\System32\RPCRT4.dll
0x00007fff48cd0000 - 0x00007fff48e70000 	C:\WINDOWS\System32\USER32.dll
0x00007fff476f0000 - 0x00007fff47712000 	C:\WINDOWS\System32\win32u.dll
0x00007fff48a40000 - 0x00007fff48a6a000 	C:\WINDOWS\System32\GDI32.dll
0x00007fff314b0000 - 0x00007fff3174a000 	C:\WINDOWS\WinSxS\amd64_microsoft.windows.common-controls_6595b64144ccf1df_6.0.19041.844_none_ca00b6081b84eb1d\COMCTL32.dll
0x00007fff47880000 - 0x00007fff4798b000 	C:\WINDOWS\System32\gdi32full.dll
0x00007fff47ec0000 - 0x00007fff47f5d000 	C:\WINDOWS\System32\msvcp_win.dll
0x00007fff38520000 - 0x00007fff3852a000 	C:\WINDOWS\SYSTEM32\VERSION.dll
0x00007fff48010000 - 0x00007fff48040000 	C:\WINDOWS\System32\IMM32.DLL
0x00007fff40790000 - 0x00007fff4079c000 	C:\Program Files\Java\jdk-15\bin\vcruntime140_1.dll
0x00007fff205b0000 - 0x00007fff20641000 	C:\Program Files\Java\jdk-15\bin\msvcp140.dll
0x00007fff0dab0000 - 0x00007fff0e60c000 	C:\Program Files\Java\jdk-15\bin\server\jvm.dll
0x00007fff481f0000 - 0x00007fff481f8000 	C:\WINDOWS\System32\PSAPI.DLL
0x00007fff33160000 - 0x00007fff33169000 	C:\WINDOWS\SYSTEM32\WSOCK32.dll
0x00007fff39a00000 - 0x00007fff39a27000 	C:\WINDOWS\SYSTEM32\WINMM.dll
0x00007fff49e50000 - 0x00007fff49ebb000 	C:\WINDOWS\System32\WS2_32.dll
0x00007fff45f80000 - 0x00007fff45f92000 	C:\WINDOWS\SYSTEM32\kernel.appcore.dll
0x00007fff40280000 - 0x00007fff4028a000 	C:\Program Files\Java\jdk-15\bin\jimage.dll
0x00007fff31750000 - 0x00007fff31934000 	C:\WINDOWS\SYSTEM32\DBGHELP.DLL
0x00007fff31480000 - 0x00007fff314ac000 	C:\WINDOWS\SYSTEM32\dbgcore.DLL
0x00007fff47f60000 - 0x00007fff47fe0000 	C:\WINDOWS\System32\bcryptPrimitives.dll
0x00007fff23030000 - 0x00007fff23055000 	C:\Program Files\Java\jdk-15\bin\java.dll
0x00007fff49700000 - 0x00007fff49e42000 	C:\WINDOWS\System32\SHELL32.dll
0x00007fff457d0000 - 0x00007fff45f61000 	C:\WINDOWS\SYSTEM32\windows.storage.dll
0x00007fff484c0000 - 0x00007fff48815000 	C:\WINDOWS\System32\combase.dll
0x00007fff47160000 - 0x00007fff4718c000 	C:\WINDOWS\SYSTEM32\Wldp.dll
0x00007fff48410000 - 0x00007fff484be000 	C:\WINDOWS\System32\SHCORE.dll
0x00007fff48c70000 - 0x00007fff48cc5000 	C:\WINDOWS\System32\shlwapi.dll
0x00007fff47630000 - 0x00007fff4764f000 	C:\WINDOWS\SYSTEM32\profapi.dll
0x00007fff23010000 - 0x00007fff23029000 	C:\Program Files\Java\jdk-15\bin\net.dll
0x00007fff39ed0000 - 0x00007fff39fdb000 	C:\WINDOWS\SYSTEM32\WINHTTP.dll
0x00007fff46ed0000 - 0x00007fff46f3a000 	C:\WINDOWS\system32\mswsock.dll
0x00007fff22ff0000 - 0x00007fff23002000 	C:\Program Files\Java\jdk-15\bin\nio.dll
0x00007fff22fd0000 - 0x00007fff22fe8000 	C:\Program Files\Java\jdk-15\bin\zip.dll
0x00007fff3fc60000 - 0x00007fff3fc70000 	C:\Program Files\Java\jdk-15\bin\verify.dll
0x00007fff22d90000 - 0x00007fff22db7000 	C:\Users\Mendiratta\.gradle\native\f6784746aeab05261644944871eae4fe03e0ef1612fff0a4a95f87b438bc6780\windows-amd64\native-platform.dll
0x00007fff32190000 - 0x00007fff3219a000 	C:\Users\Mendiratta\.gradle\native\jansi\1.18\windows64\jansi.dll
0x00007fff2b650000 - 0x00007fff2b659000 	C:\Program Files\Java\jdk-15\bin\management.dll
0x00007fff2b3d0000 - 0x00007fff2b3db000 	C:\Program Files\Java\jdk-15\bin\management_ext.dll
0x00007fff470a0000 - 0x00007fff470b8000 	C:\WINDOWS\SYSTEM32\CRYPTSP.dll
0x00007fff467c0000 - 0x00007fff467f4000 	C:\WINDOWS\system32\rsaenh.dll
0x00007fff47fe0000 - 0x00007fff48007000 	C:\WINDOWS\System32\bcrypt.dll
0x00007fff475f0000 - 0x00007fff4761e000 	C:\WINDOWS\SYSTEM32\USERENV.dll
0x00007fff470c0000 - 0x00007fff470cc000 	C:\WINDOWS\SYSTEM32\CRYPTBASE.dll
0x00007fff46b50000 - 0x00007fff46b8b000 	C:\WINDOWS\SYSTEM32\IPHLPAPI.DLL
0x00007fff48c60000 - 0x00007fff48c68000 	C:\WINDOWS\System32\NSI.dll
0x00007fff3f710000 - 0x00007fff3f727000 	C:\WINDOWS\SYSTEM32\dhcpcsvc6.DLL
0x00007fff3fb20000 - 0x00007fff3fb3d000 	C:\WINDOWS\SYSTEM32\dhcpcsvc.DLL
0x00007fff46b90000 - 0x00007fff46c5c000 	C:\WINDOWS\SYSTEM32\DNSAPI.dll
0x00007fff40460000 - 0x00007fff4046b000 	C:\WINDOWS\SYSTEM32\WINNSI.DLL

dbghelp: loaded successfully - version: 4.0.5 - missing functions: none
symbol engine: initialized successfully - sym options: 0x614 - pdb path: .;C:\Program Files\Java\jdk-15\bin;C:\WINDOWS\SYSTEM32;C:\WINDOWS\WinSxS\amd64_microsoft.windows.common-controls_6595b64144ccf1df_6.0.19041.844_none_ca00b6081b84eb1d;C:\Program Files\Java\jdk-15\bin\server;C:\Users\Mendiratta\.gradle\native\f6784746aeab05261644944871eae4fe03e0ef1612fff0a4a95f87b438bc6780\windows-amd64;C:\Users\Mendiratta\.gradle\native\jansi\1.18\windows64

VM Arguments:
jvm_args: -Dorg.gradle.appname=gradlew 
java_command: org.gradle.wrapper.GradleWrapperMain clean
java_class_path (initial): C:\Users\Mendiratta\AndroidStudioProjects\Bookerkotlin\\gradle\wrapper\gradle-wrapper.jar
Launcher Type: SUN_STANDARD

[Global flags]
     intx CICompilerCount                          = 4                                         {product} {ergonomic}
     uint ConcGCThreads                            = 2                                         {product} {ergonomic}
     uint G1ConcRefinementThreads                  = 8                                         {product} {ergonomic}
   size_t G1HeapRegionSize                         = 1048576                                   {product} {ergonomic}
    uintx GCDrainStackTargetSize                   = 64                                        {product} {ergonomic}
   size_t InitialHeapSize                          = 134217728                                 {product} {ergonomic}
   size_t MarkStackSize                            = 4194304                                   {product} {ergonomic}
   size_t MaxHeapSize                              = 2116026368                                {product} {ergonomic}
   size_t MaxNewSize                               = 1268776960                                {product} {ergonomic}
   size_t MinHeapDeltaBytes                        = 1048576                                   {product} {ergonomic}
   size_t MinHeapSize                              = 8388608                                   {product} {ergonomic}
    uintx NonNMethodCodeHeapSize                   = 5839372                                {pd product} {ergonomic}
    uintx NonProfiledCodeHeapSize                  = 122909434                              {pd product} {ergonomic}
    uintx ProfiledCodeHeapSize                     = 122909434                              {pd product} {ergonomic}
    uintx ReservedCodeCacheSize                    = 251658240                              {pd product} {ergonomic}
     bool SegmentedCodeCache                       = true                                      {product} {ergonomic}
   size_t SoftMaxHeapSize                          = 2116026368                             {manageable} {ergonomic}
     bool UseCompressedClassPointers               = true                                 {lp64_product} {ergonomic}
     bool UseCompressedOops                        = true                                 {lp64_product} {ergonomic}
     bool UseG1GC                                  = true                                      {product} {ergonomic}
     bool UseLargePagesIndividualAllocation        = false                                  {pd product} {ergonomic}

Logging:
Log output configuration:
 #0: stdout all=warning uptime,level,tags
 #1: stderr all=off uptime,level,tags

Environment Variables:
CLASSPATH=C:\Users\Mendiratta\AndroidStudioProjects\Bookerkotlin\\gradle\wrapper\gradle-wrapper.jar
PATH=C:\Python39\Scripts\;C:\Python39\;C:\Program Files\Common Files\Oracle\Java\javapath;C:\Program Files (x86)\Intel\iCLS Client\;C:\Program Files\Intel\iCLS Client\;C:\WINDOWS\system32;C:\WINDOWS;C:\WINDOWS\System32\Wbem;C:\WINDOWS\System32\WindowsPowerShell\v1.0\;C:\Program Files\Intel\WiFi\bin\;C:\Program Files\Common Files\Intel\WirelessCommon\;C:\Program Files (x86)\Intel\Intel(R) Management Engine Components\DAL;C:\Program Files\Intel\Intel(R) Management Engine Components\DAL;C:\Program Files (x86)\Intel\Intel(R) Management Engine Components\IPT;C:\Program Files\Intel\Intel(R) Management Engine Components\IPT;C:\WINDOWS\System32\OpenSSH\;C:\Program Files\Polyspace\R2019a\bin;C:\sqlite;C:\Users\Mendiratta\AppData\Local\Android\Sdk\platform-tools;C:\Program Files\nodejs\;C:\ProgramData\chocolatey\bin;C:\Program Files\Git\cmd;C:\Users\Mendiratta\AppData\Local\Microsoft\WindowsApps;C:\Users\Mendiratta\AppData\Roaming\Microsoft\Windows\Start Menu\Programs\Python 3.7;C:\Users\Mendiratta\AppData\Local\Programs\Python\Python37-32;;C:\Users\Mendiratta\AppData\Local\Programs\Microsoft VS Code\bin;C:\Users\Mendiratta\AppData\Roaming\npm
USERNAME=Mendiratta
OS=Windows_NT
PROCESSOR_IDENTIFIER=Intel64 Family 6 Model 142 Stepping 10, GenuineIntel



---------------  S Y S T E M  ---------------

OS:
 Windows 10 , 64 bit Build 19041 (10.0.19041.928)
OS uptime: 0 days 12:02 hours
HyperV virtualization detected

CPU: total 8 (initial active 8) (4 cores per cpu, 2 threads per core) family 6 model 142 stepping 10, cmov, cx8, fxsr, mmx, sse, sse2, sse3, ssse3, sse4.1, sse4.2, popcnt, vzeroupper, avx, avx2, aes, clmul, erms, 3dnowpref, lzcnt, ht, tsc, tscinvbit, bmi1, bmi2, adx, fma, clflush, clflushopt

Memory: 4k page, system-wide physical 8069M (1348M free)
TotalPageFile size 9093M (AvailPageFile size 2M)
current process WorkingSet (physical memory assigned to process): 85M, peak: 85M
current process commit charge ("private bytes"): 228M, peak: 228M

vm_info: Java HotSpot(TM) 64-Bit Server VM (15+36-1562) for windows-amd64 JRE (15+36-1562), built on Aug 11 2020 22:38:02 by "mach5one" with unknown MS VC++:1925

END.
