#
# There is insufficient memory for the Java Runtime Environment to continue.
# Native memory allocation (malloc) failed to allocate 1169744 bytes for Chunk::new
# Possible reasons:
#   The system is out of physical RAM or swap space
#   The process is running with CompressedOops enabled, and the Java Heap may be blocking the growth of the native heap
# Possible solutions:
#   Reduce memory load on the system
#   Increase physical memory or swap space
#   Check if swap backing store is full
#   Decrease Java heap size (-Xmx/-Xms)
#   Decrease number of Java threads
#   Decrease Java thread stack sizes (-Xss)
#   Set larger code cache with -XX:ReservedCodeCacheSize=
#   JVM is running with Unscaled Compressed Oops mode in which the Java heap is
#     placed in the first 4GB address space. The Java Heap base address is the
#     maximum limit for the native heap growth. Please use -XX:HeapBaseMinAddress
#     to set the Java Heap base and to place the Java Heap above 4GB virtual address.
# This output file may be truncated or incomplete.
#
#  Out of Memory Error (allocation.cpp:389), pid=780, tid=0x0000000000003744
#
# JRE version: OpenJDK Runtime Environment (8.0_242-b01) (build 1.8.0_242-release-1644-b01)
# Java VM: OpenJDK 64-Bit Server VM (25.242-b01 mixed mode windows-amd64 compressed oops)
# Failed to write core dump. Minidumps are not enabled by default on client versions of Windows
#

---------------  T H R E A D  ---------------

Current thread (0x00000000174ca000):  JavaThread "C2 CompilerThread0" daemon [_thread_in_native, id=14148, stack(0x0000000019ba0000,0x0000000019ca0000)]

Stack: [0x0000000019ba0000,0x0000000019ca0000]
[error occurred during error reporting (printing stack bounds), id 0xc0000005]

Native frames: (J=compiled Java code, j=interpreted, Vv=VM code, C=native code)


Current CompileTask:
C2:2627979 32597       4       com.android.tools.r8.ir.conversion.N::a (866 bytes)


---------------  P R O C E S S  ---------------

Java Threads: ( => current thread )
  0x0000000032003800 JavaThread "RMI TCP Connection(27)-127.0.0.1" daemon [_thread_in_native, id=7592, stack(0x000000003bd60000,0x000000003be60000)]
  0x000000001b491800 JavaThread "RMI TCP Connection(26)-127.0.0.1" daemon [_thread_in_native, id=6756, stack(0x000000003bc60000,0x000000003bd60000)]
  0x000000001bde2000 JavaThread "RMI TCP Accept-0" daemon [_thread_in_native, id=11344, stack(0x000000003b7c0000,0x000000003b8c0000)]
  0x000000001f1d8800 JavaThread "stdout" [_thread_in_native, id=12528, stack(0x000000003b490000,0x000000003b590000)]
  0x000000001f1d5800 JavaThread "stderr" [_thread_in_native, id=1204, stack(0x000000003b390000,0x000000003b490000)]
  0x000000001f1ce000 JavaThread "WorkerExecutor Queue Thread 9" [_thread_blocked, id=13680, stack(0x000000003b160000,0x000000003b260000)]
  0x000000001f1cd800 JavaThread "WorkerExecutor Queue Thread 8" [_thread_blocked, id=584, stack(0x000000003b060000,0x000000003b160000)]
  0x000000001f1d2800 JavaThread "WorkerExecutor Queue Thread 7" [_thread_blocked, id=11080, stack(0x000000003af60000,0x000000003b060000)]
  0x000000001f1cb000 JavaThread "WorkerExecutor Queue Thread 6" [_thread_blocked, id=10296, stack(0x000000003ae60000,0x000000003af60000)]
  0x000000001f1d2000 JavaThread "WorkerExecutor Queue Thread 5" [_thread_in_vm, id=13396, stack(0x000000003ad60000,0x000000003ae60000)]
  0x000000001f1cf800 JavaThread "WorkerExecutor Queue Thread 4" [_thread_blocked, id=14932, stack(0x000000003ac60000,0x000000003ad60000)]
  0x0000000032002000 JavaThread "WorkerExecutor Queue Thread 3" [_thread_blocked, id=11976, stack(0x000000003a960000,0x000000003aa60000)]
  0x0000000032000800 JavaThread "WorkerExecutor Queue" [_thread_blocked, id=2984, stack(0x000000003a860000,0x000000003a960000)]
  0x0000000032001800 JavaThread "stdout" [_thread_in_native, id=6488, stack(0x000000003a760000,0x000000003a860000)]
  0x0000000032003000 JavaThread "stderr" [_thread_in_native, id=10596, stack(0x000000003a660000,0x000000003a760000)]
  0x0000000031ffe800 JavaThread "stdout" [_thread_in_native, id=11888, stack(0x000000003a560000,0x000000003a660000)]
  0x0000000031ffa000 JavaThread "stderr" [_thread_in_native, id=2668, stack(0x000000003a460000,0x000000003a560000)]
  0x000000001b844800 JavaThread "stdout" [_thread_in_native, id=11004, stack(0x000000003a360000,0x000000003a460000)]
  0x000000001b845000 JavaThread "stderr" [_thread_in_native, id=8872, stack(0x000000003a260000,0x000000003a360000)]
  0x000000001b843000 JavaThread "stdout" [_thread_in_native, id=6224, stack(0x000000003a160000,0x000000003a260000)]
  0x000000001b843800 JavaThread "stderr" [_thread_in_native, id=3268, stack(0x000000003a060000,0x000000003a160000)]
  0x000000001b849800 JavaThread "stdout" [_thread_in_native, id=11412, stack(0x0000000039f60000,0x000000003a060000)]
  0x000000001b846000 JavaThread "stderr" [_thread_in_native, id=8548, stack(0x0000000039e60000,0x0000000039f60000)]
  0x000000001b848000 JavaThread "stdout" [_thread_in_native, id=5048, stack(0x0000000039d60000,0x0000000039e60000)]
  0x000000001b847800 JavaThread "stderr" [_thread_in_native, id=7292, stack(0x0000000039590000,0x0000000039690000)]
  0x000000001b83b800 JavaThread "stdout" [_thread_in_native, id=13916, stack(0x0000000035da0000,0x0000000035ea0000)]
  0x000000001b842000 JavaThread "stderr" [_thread_in_native, id=14084, stack(0x0000000032e20000,0x0000000032f20000)]
  0x000000001b846800 JavaThread "pool-22-thread-1" [_thread_blocked, id=4540, stack(0x0000000039c60000,0x0000000039d60000)]
  0x000000001b494800 JavaThread "Cache worker for execution history cache (C:\Users\Mendiratta\AndroidStudioProjects\Bookerkotlin\.gradle\6.5\executionHistory)" [_thread_blocked, id=13416, stack(0x0000000031cf0000,0x0000000031df0000)]
  0x000000001b493800 JavaThread "Execution worker for ':' Thread 7" [_thread_in_Java, id=10640, stack(0x0000000039960000,0x0000000039a60000)]
  0x000000001b490800 JavaThread "Execution worker for ':' Thread 6" [_thread_in_Java, id=9784, stack(0x0000000039860000,0x0000000039960000)]
  0x000000001b487800 JavaThread "Execution worker for ':' Thread 5" [_thread_in_Java, id=8188, stack(0x0000000039760000,0x0000000039860000)]
  0x000000001b48c000 JavaThread "Execution worker for ':' Thread 4" [_thread_in_native, id=11220, stack(0x0000000037790000,0x0000000037890000)]
  0x000000001b48a000 JavaThread "Execution worker for ':' Thread 3" [_thread_in_Java, id=7616, stack(0x0000000034250000,0x0000000034350000)]
  0x000000001b487000 JavaThread "Execution worker for ':' Thread 2" [_thread_in_Java, id=13172, stack(0x00000000319f0000,0x0000000031af0000)]
  0x000000001b48d800 JavaThread "Execution worker for ':'" [_thread_blocked, id=13348, stack(0x00000000309c0000,0x0000000030ac0000)]
  0x000000001b48b800 JavaThread "Cache worker for file content cache (C:\Users\Mendiratta\AndroidStudioProjects\Bookerkotlin\.gradle\6.5\fileContent)" [_thread_blocked, id=7368, stack(0x000000002ffc0000,0x00000000300c0000)]
  0x000000001b488800 JavaThread "Cache worker for Build Output Cleanup Cache (C:\Users\Mendiratta\AndroidStudioProjects\Bookerkotlin\.gradle\buildOutputCleanup)" [_thread_blocked, id=9564, stack(0x000000002f8c0000,0x000000002f9c0000)]
  0x000000001b48d000 JavaThread "jar transforms Thread 846" [_thread_blocked, id=13884, stack(0x000000002f7c0000,0x000000002f8c0000)]
  0x000000001b485800 JavaThread "jar transforms Thread 845" [_thread_blocked, id=13820, stack(0x000000002f6c0000,0x000000002f7c0000)]
  0x000000001b489000 JavaThread "jar transforms Thread 844" [_thread_blocked, id=14940, stack(0x000000002f5c0000,0x000000002f6c0000)]
  0x00000000194bf800 JavaThread "jar transforms Thread 843" [_thread_blocked, id=4224, stack(0x000000002f060000,0x000000002f160000)]
  0x00000000194be800 JavaThread "jar transforms Thread 842" [_thread_blocked, id=2892, stack(0x000000002ef60000,0x000000002f060000)]
  0x00000000194c0000 JavaThread "jar transforms Thread 841" [_thread_blocked, id=7228, stack(0x000000002ee60000,0x000000002ef60000)]
  0x00000000194be000 JavaThread "jar transforms Thread 840" [_thread_blocked, id=10552, stack(0x000000002ed60000,0x000000002ee60000)]
  0x00000000194b6000 JavaThread "jar transforms Thread 839" [_thread_blocked, id=14972, stack(0x000000002d5e0000,0x000000002d6e0000)]
  0x00000000194bd000 JavaThread "jar transforms Thread 838" [_thread_blocked, id=9284, stack(0x000000002bca0000,0x000000002bda0000)]
  0x00000000194bc800 JavaThread "jar transforms Thread 837" [_thread_blocked, id=6108, stack(0x000000002ada0000,0x000000002aea0000)]
  0x00000000194b4800 JavaThread "jar transforms Thread 836" [_thread_blocked, id=10868, stack(0x000000002a6a0000,0x000000002a7a0000)]
  0x00000000194bb800 JavaThread "jar transforms Thread 835" [_thread_blocked, id=12112, stack(0x000000002a5a0000,0x000000002a6a0000)]
  0x00000000194ba800 JavaThread "jar transforms Thread 834" [_thread_blocked, id=2832, stack(0x000000002a4a0000,0x000000002a5a0000)]
  0x00000000194b9000 JavaThread "jar transforms Thread 833" [_thread_blocked, id=10732, stack(0x000000002a3a0000,0x000000002a4a0000)]
  0x00000000194b7000 JavaThread "jar transforms Thread 832" [_thread_blocked, id=2912, stack(0x000000002a2a0000,0x000000002a3a0000)]
  0x00000000194ba000 JavaThread "jar transforms Thread 831" [_thread_blocked, id=9180, stack(0x000000002a1a0000,0x000000002a2a0000)]
  0x00000000194b8800 JavaThread "jar transforms Thread 830" [_thread_blocked, id=3232, stack(0x000000002a0a0000,0x000000002a1a0000)]
  0x00000000194b4000 JavaThread "jar transforms Thread 829" [_thread_blocked, id=13928, stack(0x0000000029fa0000,0x000000002a0a0000)]
  0x00000000194b7800 JavaThread "jar transforms Thread 828" [_thread_blocked, id=4984, stack(0x0000000029ea0000,0x0000000029fa0000)]
  0x00000000194ae800 JavaThread "jar transforms Thread 827" [_thread_blocked, id=3780, stack(0x0000000029da0000,0x0000000029ea0000)]
  0x00000000194b3000 JavaThread "jar transforms Thread 826" [_thread_blocked, id=10504, stack(0x0000000029b20000,0x0000000029c20000)]
  0x00000000194b5800 JavaThread "jar transforms Thread 825" [_thread_blocked, id=10368, stack(0x0000000029a20000,0x0000000029b20000)]
  0x00000000194b1000 JavaThread "jar transforms Thread 824" [_thread_blocked, id=1252, stack(0x0000000029920000,0x0000000029a20000)]
  0x00000000194b2800 JavaThread "jar transforms Thread 823" [_thread_blocked, id=3316, stack(0x0000000029820000,0x0000000029920000)]
  0x00000000194b0000 JavaThread "jar transforms Thread 822" [_thread_blocked, id=7392, stack(0x0000000029720000,0x0000000029820000)]
  0x00000000194ae000 JavaThread "jar transforms Thread 821" [_thread_blocked, id=9608, stack(0x0000000029620000,0x0000000029720000)]
  0x00000000194ac800 JavaThread "jar transforms Thread 820" [_thread_blocked, id=1968, stack(0x0000000029520000,0x0000000029620000)]
  0x00000000194b1800 JavaThread "jar transforms Thread 819" [_thread_blocked, id=11000, stack(0x0000000029420000,0x0000000029520000)]
  0x00000000194a5000 JavaThread "jar transforms Thread 818" [_thread_blocked, id=14500, stack(0x0000000029320000,0x0000000029420000)]
  0x00000000194ab800 JavaThread "jar transforms Thread 817" [_thread_blocked, id=5472, stack(0x0000000029220000,0x0000000029320000)]
  0x00000000194ab000 JavaThread "jar transforms Thread 816" [_thread_blocked, id=7716, stack(0x0000000029120000,0x0000000029220000)]
  0x00000000194aa000 JavaThread "jar transforms Thread 815" [_thread_blocked, id=6564, stack(0x0000000029020000,0x0000000029120000)]
  0x00000000194a4000 JavaThread "jar transforms Thread 814" [_thread_blocked, id=9104, stack(0x0000000028f20000,0x0000000029020000)]
  0x00000000194a2800 JavaThread "jar transforms Thread 813" [_thread_blocked, id=13912, stack(0x0000000028e20000,0x0000000028f20000)]
  0x00000000194a3800 JavaThread "jar transforms Thread 812" [_thread_blocked, id=13848, stack(0x0000000028d20000,0x0000000028e20000)]
  0x00000000194a9800 JavaThread "jar transforms Thread 811" [_thread_blocked, id=2852, stack(0x0000000028c20000,0x0000000028d20000)]
  0x00000000194a2000 JavaThread "jar transforms Thread 810" [_thread_blocked, id=7176, stack(0x0000000028b20000,0x0000000028c20000)]
  0x00000000194a1000 JavaThread "jar transforms Thread 809" [_thread_blocked, id=6544, stack(0x0000000028a20000,0x0000000028b20000)]
  0x00000000194a7000 JavaThread "jar transforms Thread 808" [_thread_blocked, id=8352, stack(0x0000000028920000,0x0000000028a20000)]
  0x00000000194a6800 JavaThread "jar transforms Thread 807" [_thread_blocked, id=13028, stack(0x0000000028820000,0x0000000028920000)]
  0x000000002da0e800 JavaThread "jar transforms Thread 806" [_thread_blocked, id=11184, stack(0x0000000028720000,0x0000000028820000)]
  0x000000002da10000 JavaThread "jar transforms Thread 805" [_thread_blocked, id=10352, stack(0x0000000028620000,0x0000000028720000)]
  0x000000002da11000 JavaThread "jar transforms Thread 804" [_thread_blocked, id=2732, stack(0x0000000028520000,0x0000000028620000)]
  0x000000002da0e000 JavaThread "jar transforms Thread 803" [_thread_blocked, id=4356, stack(0x0000000028420000,0x0000000028520000)]
  0x000000002da0f800 JavaThread "jar transforms Thread 802" [_thread_blocked, id=2056, stack(0x0000000028320000,0x0000000028420000)]
  0x000000002da0d000 JavaThread "jar transforms Thread 801" [_thread_blocked, id=14612, stack(0x0000000028220000,0x0000000028320000)]
  0x000000002da05800 JavaThread "jar transforms Thread 800" [_thread_blocked, id=9636, stack(0x0000000028120000,0x0000000028220000)]
  0x000000002da0c800 JavaThread "jar transforms Thread 799" [_thread_blocked, id=1860, stack(0x0000000028020000,0x0000000028120000)]
  0x000000002da05000 JavaThread "jar transforms Thread 798" [_thread_blocked, id=7408, stack(0x0000000027f20000,0x0000000028020000)]
  0x000000002da0b800 JavaThread "jar transforms Thread 797" [_thread_blocked, id=7372, stack(0x0000000027e20000,0x0000000027f20000)]
  0x000000002da0b000 JavaThread "jar transforms Thread 796" [_thread_blocked, id=1032, stack(0x0000000027d20000,0x0000000027e20000)]
  0x000000002da08000 JavaThread "jar transforms Thread 795" [_thread_blocked, id=6956, stack(0x0000000027c20000,0x0000000027d20000)]
  0x000000002da07000 JavaThread "jar transforms Thread 794" [_thread_blocked, id=4076, stack(0x0000000027b20000,0x0000000027c20000)]
  0x000000002da08800 JavaThread "jar transforms Thread 793" [_thread_blocked, id=14144, stack(0x0000000027a20000,0x0000000027b20000)]
  0x000000002da09800 JavaThread "jar transforms Thread 792" [_thread_blocked, id=7472, stack(0x0000000027920000,0x0000000027a20000)]
  0x000000002da0a000 JavaThread "jar transforms Thread 791" [_thread_blocked, id=15348, stack(0x0000000027820000,0x0000000027920000)]
  0x000000002da06800 JavaThread "jar transforms Thread 790" [_thread_blocked, id=10704, stack(0x0000000027720000,0x0000000027820000)]
  0x000000002d9fd800 JavaThread "jar transforms Thread 789" [_thread_blocked, id=10212, stack(0x0000000027620000,0x0000000027720000)]
  0x000000002da02800 JavaThread "jar transforms Thread 788" [_thread_blocked, id=14064, stack(0x0000000027520000,0x0000000027620000)]
  0x000000002da02000 JavaThread "jar transforms Thread 787" [_thread_blocked, id=1308, stack(0x0000000027420000,0x0000000027520000)]
  0x000000002da04000 JavaThread "jar transforms Thread 786" [_thread_blocked, id=7036, stack(0x0000000027320000,0x0000000027420000)]
  0x000000002d9fa800 JavaThread "jar transforms Thread 785" [_thread_blocked, id=1168, stack(0x0000000027220000,0x0000000027320000)]
  0x000000002d9fc800 JavaThread "jar transforms Thread 784" [_thread_blocked, id=11628, stack(0x0000000027120000,0x0000000027220000)]
  0x000000002d9ff800 JavaThread "jar transforms Thread 783" [_thread_blocked, id=2284, stack(0x0000000027020000,0x0000000027120000)]
  0x000000002d9fe000 JavaThread "jar transforms Thread 782" [_thread_blocked, id=4004, stack(0x0000000026f20000,0x0000000027020000)]
  0x000000002d9fc000 JavaThread "jar transforms Thread 781" [_thread_blocked, id=9360, stack(0x0000000026e20000,0x0000000026f20000)]
  0x000000002d9fb000 JavaThread "jar transforms Thread 780" [_thread_blocked, id=4976, stack(0x0000000026d20000,0x0000000026e20000)]
  0x000000002da01000 JavaThread "jar transforms Thread 779" [_thread_blocked, id=3064, stack(0x0000000026c20000,0x0000000026d20000)]
  0x000000002d9ff000 JavaThread "jar transforms Thread 778" [_thread_blocked, id=1792, stack(0x0000000026b20000,0x0000000026c20000)]
  0x000000002d9f3000 JavaThread "jar transforms Thread 777" [_thread_blocked, id=6728, stack(0x0000000026a20000,0x0000000026b20000)]
  0x000000002d9f9800 JavaThread "jar transforms Thread 776" [_thread_blocked, id=14164, stack(0x0000000026920000,0x0000000026a20000)]
  0x000000002d9f5000 JavaThread "jar transforms Thread 775" [_thread_blocked, id=5160, stack(0x0000000026820000,0x0000000026920000)]
  0x000000002d9f8000 JavaThread "jar transforms Thread 774" [_thread_blocked, id=13380, stack(0x0000000026720000,0x0000000026820000)]
  0x000000002d9f6800 JavaThread "jar transforms Thread 773" [_thread_blocked, id=10548, stack(0x0000000026620000,0x0000000026720000)]
  0x000000002d9f7800 JavaThread "jar transforms Thread 772" [_thread_blocked, id=14740, stack(0x0000000026520000,0x0000000026620000)]
  0x000000002d9f3800 JavaThread "jar transforms Thread 771" [_thread_blocked, id=13464, stack(0x0000000026420000,0x0000000026520000)]
  0x000000002d9f4800 JavaThread "jar transforms Thread 770" [_thread_blocked, id=2992, stack(0x0000000026320000,0x0000000026420000)]
  0x000000002d9f2000 JavaThread "jar transforms Thread 769" [_thread_blocked, id=9728, stack(0x0000000026220000,0x0000000026320000)]
  0x000000002d9f9000 JavaThread "jar transforms Thread 768" [_thread_blocked, id=13568, stack(0x0000000026120000,0x0000000026220000)]
  0x000000002d9f6000 JavaThread "jar transforms Thread 767" [_thread_blocked, id=9612, stack(0x0000000026020000,0x0000000026120000)]
  0x00000000322a1000 JavaThread "jar transforms Thread 766" [_thread_blocked, id=12500, stack(0x0000000025f20000,0x0000000026020000)]
  0x00000000322a0000 JavaThread "jar transforms Thread 765" [_thread_blocked, id=1200, stack(0x0000000025e20000,0x0000000025f20000)]
  0x000000003229f800 JavaThread "jar transforms Thread 764" [_thread_blocked, id=7332, stack(0x0000000025d20000,0x0000000025e20000)]
  0x000000003229e800 JavaThread "jar transforms Thread 763" [_thread_blocked, id=3432, stack(0x0000000025c20000,0x0000000025d20000)]
  0x0000000032297000 JavaThread "jar transforms Thread 762" [_thread_blocked, id=11144, stack(0x0000000025b20000,0x0000000025c20000)]
  0x000000003229e000 JavaThread "jar transforms Thread 761" [_thread_blocked, id=15240, stack(0x0000000025a20000,0x0000000025b20000)]
  0x0000000032296800 JavaThread "jar transforms Thread 760" [_thread_blocked, id=2068, stack(0x0000000025920000,0x0000000025a20000)]
  0x0000000032298000 JavaThread "jar transforms Thread 759" [_thread_blocked, id=7224, stack(0x0000000025820000,0x0000000025920000)]
  0x000000003229d000 JavaThread "jar transforms Thread 758" [_thread_blocked, id=15216, stack(0x0000000025720000,0x0000000025820000)]
  0x0000000032299800 JavaThread "jar transforms Thread 757" [_thread_blocked, id=1640, stack(0x0000000025620000,0x0000000025720000)]
  0x0000000032295800 JavaThread "jar transforms Thread 756" [_thread_blocked, id=13656, stack(0x0000000025520000,0x0000000025620000)]
  0x0000000032298800 JavaThread "jar transforms Thread 755" [_thread_blocked, id=13328, stack(0x0000000025420000,0x0000000025520000)]
  0x000000003229c800 JavaThread "jar transforms Thread 754" [_thread_blocked, id=1448, stack(0x0000000025320000,0x0000000025420000)]
  0x000000003229a000 JavaThread "jar transforms Thread 753" [_thread_blocked, id=8000, stack(0x0000000025220000,0x0000000025320000)]
  0x000000003229b800 JavaThread "jar transforms Thread 752" [_thread_blocked, id=11208, stack(0x0000000025120000,0x0000000025220000)]
  0x0000000032295000 JavaThread "jar transforms Thread 751" [_thread_blocked, id=11956, stack(0x0000000025020000,0x0000000025120000)]
  0x000000003229b000 JavaThread "jar transforms Thread 750" [_thread_blocked, id=8892, stack(0x0000000024f20000,0x0000000025020000)]
  0x000000003228d800 JavaThread "jar transforms Thread 749" [_thread_blocked, id=2928, stack(0x0000000024e20000,0x0000000024f20000)]
  0x000000003228e000 JavaThread "jar transforms Thread 748" [_thread_blocked, id=3660, stack(0x0000000024d20000,0x0000000024e20000)]
  0x0000000032291000 JavaThread "jar transforms Thread 747" [_thread_blocked, id=3212, stack(0x0000000024c20000,0x0000000024d20000)]
  0x000000003228f800 JavaThread "jar transforms Thread 746" [_thread_blocked, id=12592, stack(0x0000000024b20000,0x0000000024c20000)]
  0x0000000032294000 JavaThread "jar transforms Thread 745" [_thread_blocked, id=11824, stack(0x0000000024a20000,0x0000000024b20000)]
  0x0000000032292000 JavaThread "jar transforms Thread 744" [_thread_blocked, id=12724, stack(0x0000000024920000,0x0000000024a20000)]
  0x000000003228f000 JavaThread "jar transforms Thread 743" [_thread_blocked, id=13620, stack(0x0000000024820000,0x0000000024920000)]
  0x000000003228c800 JavaThread "jar transforms Thread 742" [_thread_blocked, id=6576, stack(0x0000000024720000,0x0000000024820000)]
  0x0000000032293800 JavaThread "jar transforms Thread 741" [_thread_blocked, id=10484, stack(0x0000000024620000,0x0000000024720000)]
  0x000000003228c000 JavaThread "jar transforms Thread 740" [_thread_blocked, id=3492, stack(0x0000000024520000,0x0000000024620000)]
  0x0000000032290800 JavaThread "jar transforms Thread 739" [_thread_blocked, id=12104, stack(0x0000000024220000,0x0000000024320000)]
  0x0000000032292800 JavaThread "jar transforms Thread 738" [_thread_blocked, id=2940, stack(0x0000000023f20000,0x0000000024020000)]
  0x0000000032284000 JavaThread "jar transforms Thread 737" [_thread_blocked, id=7768, stack(0x0000000023c20000,0x0000000023d20000)]
  0x000000003228b000 JavaThread "jar transforms Thread 736" [_thread_blocked, id=2016, stack(0x0000000023920000,0x0000000023a20000)]
  0x0000000032283800 JavaThread "jar transforms Thread 735" [_thread_blocked, id=3052, stack(0x0000000023820000,0x0000000023920000)]
  0x000000003228a800 JavaThread "jar transforms Thread 734" [_thread_blocked, id=2996, stack(0x0000000023720000,0x0000000023820000)]
  0x0000000032282800 JavaThread "jar transforms Thread 733" [_thread_blocked, id=7936, stack(0x0000000023620000,0x0000000023720000)]
  0x0000000032289800 JavaThread "jar transforms Thread 732" [_thread_blocked, id=13304, stack(0x0000000023520000,0x0000000023620000)]
  0x0000000032288000 JavaThread "jar transforms Thread 731" [_thread_blocked, id=7668, stack(0x0000000023420000,0x0000000023520000)]
  0x0000000032285800 JavaThread "jar transforms Thread 730" [_thread_blocked, id=15204, stack(0x0000000023320000,0x0000000023420000)]
  0x0000000032288800 JavaThread "jar transforms Thread 729" [_thread_blocked, id=8264, stack(0x0000000023220000,0x0000000023320000)]
  0x0000000032287000 JavaThread "Build operations Thread 8" [_thread_blocked, id=4720, stack(0x0000000023120000,0x0000000023220000)]
  0x0000000032286800 JavaThread "Build operations Thread 7" [_thread_blocked, id=13116, stack(0x0000000023020000,0x0000000023120000)]
  0x0000000032285000 JavaThread "Build operations Thread 6" [_thread_blocked, id=6876, stack(0x0000000022f20000,0x0000000023020000)]
  0x000000001c61e800 JavaThread "Build operations Thread 5" [_thread_blocked, id=11940, stack(0x0000000022e20000,0x0000000022f20000)]
  0x000000001c61b800 JavaThread "Build operations Thread 4" [_thread_blocked, id=1116, stack(0x0000000022d20000,0x0000000022e20000)]
  0x000000001c61a800 JavaThread "Build operations Thread 3" [_thread_blocked, id=4680, stack(0x0000000022520000,0x0000000022620000)]
  0x000000001c61d800 JavaThread "Build operations Thread 2" [_thread_blocked, id=9720, stack(0x0000000021d20000,0x0000000021e20000)]
  0x000000001c618800 JavaThread "Build operations" [_thread_blocked, id=8244, stack(0x00000000209c0000,0x0000000020ac0000)]
  0x000000001c61c000 JavaThread "jar transforms Thread 728" [_thread_blocked, id=15308, stack(0x00000000208c0000,0x00000000209c0000)]
  0x000000001c61f000 JavaThread "Cache worker for cache directory md-rule (C:\Users\Mendiratta\.gradle\caches\6.5\md-rule)" [_thread_blocked, id=10208, stack(0x000000001e3c0000,0x000000001e4c0000)]
  0x000000001c610000 JavaThread "Cache worker for cache directory md-supplier (C:\Users\Mendiratta\.gradle\caches\6.5\md-supplier)" [_thread_blocked, id=10140, stack(0x000000001ddc0000,0x000000001dec0000)]
  0x000000001c617000 JavaThread "Cache worker for checksums cache (C:\Users\Mendiratta\AndroidStudioProjects\Bookerkotlin\.gradle\checksums)" [_thread_blocked, id=13712, stack(0x000000001dac0000,0x000000001dbc0000)]
  0x000000001c615800 JavaThread "Cache worker for file hash cache (C:\Users\Mendiratta\AndroidStudioProjects\Bookerkotlin\.gradle\6.5\fileHashes)" [_thread_blocked, id=3396, stack(0x000000001d8c0000,0x000000001d9c0000)]
  0x000000001c611800 JavaThread "Thread-1015" [_thread_blocked, id=12120, stack(0x000000001d5c0000,0x000000001d6c0000)]
  0x000000001c614800 JavaThread "Stdin handler" [_thread_blocked, id=5432, stack(0x000000001d4c0000,0x000000001d5c0000)]
  0x000000001c611000 JavaThread "Asynchronous log dispatcher for DefaultDaemonConnection: socket connection from /127.0.0.1:63556 to /127.0.0.1:63851" [_thread_blocked, id=11060, stack(0x000000001d080000,0x000000001d180000)]
  0x000000001c616000 JavaThread "Daemon worker Thread 9" [_thread_in_Java, id=8744, stack(0x000000001cf80000,0x000000001d080000)]
  0x000000001c613000 JavaThread "Cancel handler" [_thread_blocked, id=6332, stack(0x0000000000820000,0x0000000000920000)]
  0x000000001c612800 JavaThread "Handler for socket connection from /127.0.0.1:63556 to /127.0.0.1:63851" [_thread_in_native, id=13532, stack(0x0000000000720000,0x0000000000820000)]
  0x000000001c614000 JavaThread "Daemon Thread 9" [_thread_blocked, id=8780, stack(0x0000000000620000,0x0000000000720000)]
  0x000000001f1d7000 JavaThread "Cache worker for Java compile cache (C:\Users\Mendiratta\.gradle\caches\6.5\javaCompile)" [_thread_blocked, id=1728, stack(0x00000000305c0000,0x00000000306c0000)]
  0x000000001f1d5000 JavaThread "RMI Reaper" [_thread_blocked, id=12052, stack(0x00000000308c0000,0x00000000309c0000)]
  0x000000001f1d4000 JavaThread "RMI TCP Accept-0" daemon [_thread_in_native, id=2872, stack(0x00000000307c0000,0x00000000308c0000)]
  0x000000001f1cc800 JavaThread "GC Daemon" daemon [_thread_blocked, id=12896, stack(0x00000000306c0000,0x00000000307c0000)]
  0x000000001f1d3800 JavaThread "RMI Scheduler(0)" daemon [_thread_blocked, id=1836, stack(0x00000000304c0000,0x00000000305c0000)]
  0x000000001b48a800 JavaThread "Memory manager" [_thread_blocked, id=7536, stack(0x000000002d010000,0x000000002d110000)]
  0x000000001b83d800 JavaThread "Cache worker for file content cache (C:\Users\Mendiratta\.gradle\caches\6.5\fileContent)" [_thread_blocked, id=4572, stack(0x0000000022620000,0x0000000022720000)]
  0x000000001b83d000 JavaThread "Cache worker for execution history cache (C:\Users\Mendiratta\.gradle\caches\6.5\executionHistory)" [_thread_blocked, id=12940, stack(0x0000000021e20000,0x0000000021f20000)]
  0x000000001bde0000 JavaThread "Cache worker for file hash cache (C:\Users\Mendiratta\.gradle\caches\6.5\fileHashes)" [_thread_blocked, id=11380, stack(0x000000001e2c0000,0x000000001e3c0000)]
  0x000000001bde0800 JavaThread "File lock request listener" [_thread_in_native, id=12412, stack(0x000000001e1c0000,0x000000001e2c0000)]
  0x000000001bdac800 JavaThread "Cache worker for journal cache (C:\Users\Mendiratta\.gradle\caches\journal-1)" [_thread_blocked, id=6944, stack(0x000000001e0c0000,0x000000001e1c0000)]
  0x000000001bbb2800 JavaThread "Daemon periodic checks" [_thread_blocked, id=13264, stack(0x000000001d3c0000,0x000000001d4c0000)]
  0x000000001bbb0000 JavaThread "Incoming local TCP Connector on port 63556" [_thread_in_native, id=7604, stack(0x000000001d180000,0x000000001d280000)]
  0x0000000019457800 JavaThread "Daemon health stats" [_thread_blocked, id=8960, stack(0x000000001cb40000,0x000000001cc40000)]
  0x000000001936c000 JavaThread "Service Thread" daemon [_thread_blocked, id=5132, stack(0x0000000019fa0000,0x000000001a0a0000)]
  0x00000000192e1000 JavaThread "C1 CompilerThread3" daemon [_thread_in_vm, id=11444, stack(0x0000000019ea0000,0x0000000019fa0000)]
  0x00000000192d9000 JavaThread "C2 CompilerThread2" daemon [_thread_in_native, id=6020, stack(0x0000000019da0000,0x0000000019ea0000)]
  0x00000000174ce000 JavaThread "C2 CompilerThread1" daemon [_thread_in_native, id=8760, stack(0x0000000019ca0000,0x0000000019da0000)]
=>0x00000000174ca000 JavaThread "C2 CompilerThread0" daemon [_thread_in_native, id=14148, stack(0x0000000019ba0000,0x0000000019ca0000)]
  0x00000000192d3800 JavaThread "Attach Listener" daemon [_thread_blocked, id=2664, stack(0x0000000019aa0000,0x0000000019ba0000)]
  0x00000000192d2800 JavaThread "Signal Dispatcher" daemon [_thread_blocked, id=888, stack(0x00000000199a0000,0x0000000019aa0000)]
  0x000000000244c800 JavaThread "Finalizer" daemon [_thread_blocked, id=452, stack(0x00000000197a0000,0x00000000198a0000)]
  0x00000000192c0800 JavaThread "Reference Handler" daemon [_thread_blocked, id=2748, stack(0x00000000196a0000,0x00000000197a0000)]
  0x0000000002352800 JavaThread "main" [_thread_blocked, id=15220, stack(0x0000000002250000,0x0000000002350000)]

Other Threads:
  0x00000000174b8000 VMThread [stack: 0x00000000191a0000,0x00000000192a0000] [id=12032]
  0x000000001936d000 WatcherThread [stack: 0x000000001a0a0000,0x000000001a1a0000] [id=10652]

VM state:not at safepoint (normal execution)

VM Mutex/Monitor currently owned by a thread: None

heap address: 0x0000000080000000, size: 2048 MB, Compressed Oops mode: 32-bit
Narrow klass base: 0x0000000000000000, Narrow klass shift: 3
Compressed class space size: 1073741824 Address: 0x0000000100000000

Heap:
 PSYoungGen      total 605696K, used 342185K [0x00000000d5580000, 0x0000000100000000, 0x0000000100000000)
  eden space 555520K, 52% used [0x00000000d5580000,0x00000000e72c32b0,0x00000000f7400000)
  from space 50176K, 99% used [0x00000000f7400000,0x00000000fa4e73d8,0x00000000fa500000)
  to   space 74752K, 0% used [0x00000000fb700000,0x00000000fb700000,0x0000000100000000)
 ParOldGen       total 264192K, used 230636K [0x0000000080000000, 0x0000000090200000, 0x00000000d5580000)
  object space 264192K, 87% used [0x0000000080000000,0x000000008e13b300,0x0000000090200000)
 Metaspace       used 189943K, capacity 201284K, committed 201368K, reserved 1224704K
  class space    used 23954K, capacity 25939K, committed 26016K, reserved 1048576K

Card table byte_map: [0x0000000011810000,0x0000000011c20000] byte_map_base: 0x0000000011410000

Marking Bits: (ParMarkBitMap*) 0x000000006961f030
 Begin Bits: [0x00000000126d0000, 0x00000000146d0000)
 End Bits:   [0x00000000146d0000, 0x00000000166d0000)

Polling page: 0x00000000009a0000

CodeCache: size=245760Kb used=89695Kb max_used=89695Kb free=156064Kb
 bounds [0x0000000002450000, 0x0000000007c60000, 0x0000000011450000]
 total_blobs=26693 nmethods=25691 adapters=911
 compilation: enabled

Compilation events (10 events):
Event: 2627.938 Thread 0x00000000192e1000 nmethod 33098 0x0000000007c46150 code [0x0000000007c462a0, 0x0000000007c46470]
Event: 2627.938 Thread 0x00000000192e1000 33113       2       com.android.tools.r8.ir.optimize.j0::b (1573 bytes)
Event: 2627.965 Thread 0x00000000192e1000 nmethod 33113 0x0000000007c46510 code [0x0000000007c46dc0, 0x0000000007c4a048]
Event: 2627.965 Thread 0x00000000192e1000 33131       2       com.android.tools.r8.ir.regalloc.j::a (523 bytes)
Event: 2627.970 Thread 0x00000000192e1000 nmethod 33131 0x0000000007c4e5d0 code [0x0000000007c4e9c0, 0x0000000007c4fb58]
Event: 2627.970 Thread 0x00000000192e1000 33134       1       com.android.tools.r8.s.b.r0::Q (2 bytes)
Event: 2627.970 Thread 0x00000000192e1000 nmethod 33134 0x0000000007c51710 code [0x0000000007c51860, 0x0000000007c51970]
Event: 2627.970 Thread 0x00000000192e1000 33105       2       com.android.tools.r8.ir.optimize.l::h (599 bytes)
Event: 2627.976 Thread 0x00000000192e1000 nmethod 33105 0x0000000007c519d0 code [0x0000000007c51e40, 0x0000000007c53528]
Event: 2627.976 Thread 0x00000000192e1000 33137       2       com.android.tools.r8.graph.K::a (195 bytes)

GC Heap History (10 events):
Event: 2621.502 GC heap before
{Heap before GC invocations=40 (full 5):
 PSYoungGen      total 609792K, used 609772K [0x00000000d5580000, 0x0000000100000000, 0x0000000100000000)
  eden space 543232K, 100% used [0x00000000d5580000,0x00000000f6800000,0x00000000f6800000)
  from space 66560K, 99% used [0x00000000fbf00000,0x00000000ffffb150,0x0000000100000000)
  to   space 77824K, 0% used [0x00000000f6800000,0x00000000f6800000,0x00000000fb400000)
 ParOldGen       total 264192K, used 163492K [0x0000000080000000, 0x0000000090200000, 0x00000000d5580000)
  object space 264192K, 61% used [0x0000000080000000,0x0000000089fa9198,0x0000000090200000)
 Metaspace       used 172020K, capacity 180930K, committed 181144K, reserved 1206272K
  class space    used 21684K, capacity 23344K, committed 23456K, reserved 1048576K
Event: 2621.530 GC heap after
Heap after GC invocations=40 (full 5):
 PSYoungGen      total 621056K, used 27274K [0x00000000d5580000, 0x0000000100000000, 0x0000000100000000)
  eden space 543232K, 0% used [0x00000000d5580000,0x00000000d5580000,0x00000000f6800000)
  from space 77824K, 35% used [0x00000000f6800000,0x00000000f82a2b38,0x00000000fb400000)
  to   space 73728K, 0% used [0x00000000fb800000,0x00000000fb800000,0x0000000100000000)
 ParOldGen       total 264192K, used 199924K [0x0000000080000000, 0x0000000090200000, 0x00000000d5580000)
  object space 264192K, 75% used [0x0000000080000000,0x000000008c33d1f0,0x0000000090200000)
 Metaspace       used 172020K, capacity 180930K, committed 181144K, reserved 1206272K
  class space    used 21684K, capacity 23344K, committed 23456K, reserved 1048576K
}
Event: 2621.804 GC heap before
{Heap before GC invocations=41 (full 5):
 PSYoungGen      total 621056K, used 570506K [0x00000000d5580000, 0x0000000100000000, 0x0000000100000000)
  eden space 543232K, 100% used [0x00000000d5580000,0x00000000f6800000,0x00000000f6800000)
  from space 77824K, 35% used [0x00000000f6800000,0x00000000f82a2b38,0x00000000fb400000)
  to   space 73728K, 0% used [0x00000000fb800000,0x00000000fb800000,0x0000000100000000)
 ParOldGen       total 264192K, used 199928K [0x0000000080000000, 0x0000000090200000, 0x00000000d5580000)
  object space 264192K, 75% used [0x0000000080000000,0x000000008c33e3c8,0x0000000090200000)
 Metaspace       used 172022K, capacity 180930K, committed 181144K, reserved 1206272K
  class space    used 21684K, capacity 23344K, committed 23456K, reserved 1048576K
Event: 2621.818 GC heap after
Heap after GC invocations=41 (full 5):
 PSYoungGen      total 612864K, used 20508K [0x00000000d5580000, 0x00000000ff800000, 0x0000000100000000)
  eden space 547328K, 0% used [0x00000000d5580000,0x00000000d5580000,0x00000000f6c00000)
  from space 65536K, 31% used [0x00000000fb800000,0x00000000fcc07008,0x00000000ff800000)
  to   space 71680K, 0% used [0x00000000f6c00000,0x00000000f6c00000,0x00000000fb200000)
 ParOldGen       total 264192K, used 218987K [0x0000000080000000, 0x0000000090200000, 0x00000000d5580000)
  object space 264192K, 82% used [0x0000000080000000,0x000000008d5dae18,0x0000000090200000)
 Metaspace       used 172022K, capacity 180930K, committed 181144K, reserved 1206272K
  class space    used 21684K, capacity 23344K, committed 23456K, reserved 1048576K
}
Event: 2624.309 GC heap before
{Heap before GC invocations=42 (full 5):
 PSYoungGen      total 612864K, used 567836K [0x00000000d5580000, 0x00000000ff800000, 0x0000000100000000)
  eden space 547328K, 100% used [0x00000000d5580000,0x00000000f6c00000,0x00000000f6c00000)
  from space 65536K, 31% used [0x00000000fb800000,0x00000000fcc07008,0x00000000ff800000)
  to   space 71680K, 0% used [0x00000000f6c00000,0x00000000f6c00000,0x00000000fb200000)
 ParOldGen       total 264192K, used 219050K [0x0000000080000000, 0x0000000090200000, 0x00000000d5580000)
  object space 264192K, 82% used [0x0000000080000000,0x000000008d5eaae0,0x0000000090200000)
 Metaspace       used 173265K, capacity 182194K, committed 182552K, reserved 1208320K
  class space    used 21814K, capacity 23464K, committed 23584K, reserved 1048576K
Event: 2624.320 GC heap after
Heap after GC invocations=42 (full 5):
 PSYoungGen      total 619008K, used 11645K [0x00000000d5580000, 0x0000000100000000, 0x0000000100000000)
  eden space 547328K, 0% used [0x00000000d5580000,0x00000000d5580000,0x00000000f6c00000)
  from space 71680K, 16% used [0x00000000f6c00000,0x00000000f775f5a8,0x00000000fb200000)
  to   space 70656K, 0% used [0x00000000fbb00000,0x00000000fbb00000,0x0000000100000000)
 ParOldGen       total 264192K, used 222960K [0x0000000080000000, 0x0000000090200000, 0x00000000d5580000)
  object space 264192K, 84% used [0x0000000080000000,0x000000008d9bc2b8,0x0000000090200000)
 Metaspace       used 173265K, capacity 182194K, committed 182552K, reserved 1208320K
  class space    used 21814K, capacity 23464K, committed 23584K, reserved 1048576K
}
Event: 2624.885 GC heap before
{Heap before GC invocations=43 (full 5):
 PSYoungGen      total 619008K, used 558973K [0x00000000d5580000, 0x0000000100000000, 0x0000000100000000)
  eden space 547328K, 100% used [0x00000000d5580000,0x00000000f6c00000,0x00000000f6c00000)
  from space 71680K, 16% used [0x00000000f6c00000,0x00000000f775f5a8,0x00000000fb200000)
  to   space 70656K, 0% used [0x00000000fbb00000,0x00000000fbb00000,0x0000000100000000)
 ParOldGen       total 264192K, used 222963K [0x0000000080000000, 0x0000000090200000, 0x00000000d5580000)
  object space 264192K, 84% used [0x0000000080000000,0x000000008d9bcee0,0x0000000090200000)
 Metaspace       used 173296K, capacity 182198K, committed 182552K, reserved 1208320K
  class space    used 21814K, capacity 23464K, committed 23584K, reserved 1048576K
Event: 2624.910 GC heap after
Heap after GC invocations=43 (full 5):
 PSYoungGen      total 626176K, used 42522K [0x00000000d5580000, 0x0000000100000000, 0x0000000100000000)
  eden space 555520K, 0% used [0x00000000d5580000,0x00000000d5580000,0x00000000f7400000)
  from space 70656K, 60% used [0x00000000fbb00000,0x00000000fe4869a0,0x0000000100000000)
  to   space 71680K, 0% used [0x00000000f7400000,0x00000000f7400000,0x00000000fba00000)
 ParOldGen       total 264192K, used 229343K [0x0000000080000000, 0x0000000090200000, 0x00000000d5580000)
  object space 264192K, 86% used [0x0000000080000000,0x000000008dff7f60,0x0000000090200000)
 Metaspace       used 173296K, capacity 182198K, committed 182552K, reserved 1208320K
  class space    used 21814K, capacity 23464K, committed 23584K, reserved 1048576K
}
Event: 2627.241 GC heap before
{Heap before GC invocations=44 (full 5):
 PSYoungGen      total 626176K, used 598042K [0x00000000d5580000, 0x0000000100000000, 0x0000000100000000)
  eden space 555520K, 100% used [0x00000000d5580000,0x00000000f7400000,0x00000000f7400000)
  from space 70656K, 60% used [0x00000000fbb00000,0x00000000fe4869a0,0x0000000100000000)
  to   space 71680K, 0% used [0x00000000f7400000,0x00000000f7400000,0x00000000fba00000)
 ParOldGen       total 264192K, used 229376K [0x0000000080000000, 0x0000000090200000, 0x00000000d5580000)
  object space 264192K, 86% used [0x0000000080000000,0x000000008e0002b0,0x0000000090200000)
 Metaspace       used 188314K, capacity 199568K, committed 199832K, reserved 1222656K
  class space    used 23760K, capacity 25739K, committed 25760K, reserved 1048576K
Event: 2627.277 GC heap after
Heap after GC invocations=44 (full 5):
 PSYoungGen      total 605696K, used 50076K [0x00000000d5580000, 0x0000000100000000, 0x0000000100000000)
  eden space 555520K, 0% used [0x00000000d5580000,0x00000000d5580000,0x00000000f7400000)
  from space 50176K, 99% used [0x00000000f7400000,0x00000000fa4e73d8,0x00000000fa500000)
  to   space 74752K, 0% used [0x00000000fb700000,0x00000000fb700000,0x0000000100000000)
 ParOldGen       total 264192K, used 230636K [0x0000000080000000, 0x0000000090200000, 0x00000000d5580000)
  object space 264192K, 87% used [0x0000000080000000,0x000000008e13b300,0x0000000090200000)
 Metaspace       used 188314K, capacity 199568K, committed 199832K, reserved 1222656K
  class space    used 23760K, capacity 25739K, committed 25760K, reserved 1048576K
}

Deoptimization events (10 events):
Event: 2627.434 Thread 0x000000001b487800 Uncommon trap: reason=unstable_if action=reinterpret pc=0x000000000789e664 method=com.android.tools.r8.ir.regalloc.b.g(I)Lcom/android/tools/r8/ir/regalloc/b; @ 132
Event: 2627.447 Thread 0x000000001b487000 Uncommon trap: reason=bimorphic action=maybe_recompile pc=0x000000000791c3a4 method=com.android.tools.r8.ir.regalloc.a.a(Lcom/android/tools/r8/s/b/q1;Ljava/util/Collection;)Z @ 1
Event: 2627.447 Thread 0x000000001b487000 Uncommon trap: reason=bimorphic action=maybe_recompile pc=0x000000000791c3a4 method=com.android.tools.r8.ir.regalloc.a.a(Lcom/android/tools/r8/s/b/q1;Ljava/util/Collection;)Z @ 1
Event: 2627.447 Thread 0x000000001b487000 Uncommon trap: reason=bimorphic action=maybe_recompile pc=0x000000000791c3a4 method=com.android.tools.r8.ir.regalloc.a.a(Lcom/android/tools/r8/s/b/q1;Ljava/util/Collection;)Z @ 1
Event: 2627.447 Thread 0x000000001b487000 Uncommon trap: reason=bimorphic action=maybe_recompile pc=0x000000000791c3a4 method=com.android.tools.r8.ir.regalloc.a.a(Lcom/android/tools/r8/s/b/q1;Ljava/util/Collection;)Z @ 1
Event: 2627.450 Thread 0x000000001b487000 Uncommon trap: reason=unstable_if action=reinterpret pc=0x00000000073a9fcc method=com.android.tools.r8.t.a.a.a.f.X$e.contains(Ljava/lang/Object;)Z @ 84
Event: 2627.480 Thread 0x000000001b487000 Uncommon trap: reason=unstable_if action=reinterpret pc=0x0000000004377544 method=com.android.tools.r8.graph.i0.a([C)I @ 29
Event: 2627.614 Thread 0x000000001b490800 Uncommon trap: reason=class_check action=maybe_recompile pc=0x0000000007b2528c method=com.android.tools.r8.t.a.a.a.f.e.putAll(Ljava/util/Map;)V @ 3
Event: 2627.617 Thread 0x000000001b490800 Uncommon trap: reason=class_check action=maybe_recompile pc=0x0000000007b2528c method=com.android.tools.r8.t.a.a.a.f.e.putAll(Ljava/util/Map;)V @ 3
Event: 2627.629 Thread 0x000000001b490800 Uncommon trap: reason=unstable_if action=reinterpret pc=0x00000000076822e4 method=com.android.tools.r8.s.b.W0.equals(Ljava/lang/Object;)Z @ 60

Classes redefined (0 events):
No events

Internal exceptions (10 events):
Event: 2627.060 Thread 0x000000001b493800 Exception <a 'sun/nio/fs/WindowsException'> (0x00000000f3c6b638) thrown at [C:\src\AOSP-openjdk-git\hotspot\src\share\vm\prims\jni.cpp, line 710]
Event: 2627.067 Thread 0x000000001c616000 Exception <a 'sun/nio/fs/WindowsException'> (0x00000000f3d74140) thrown at [C:\src\AOSP-openjdk-git\hotspot\src\share\vm\prims\jni.cpp, line 710]
Event: 2627.130 Thread 0x000000001b48c000 Exception <a 'sun/nio/fs/WindowsException'> (0x00000000f514a310) thrown at [C:\src\AOSP-openjdk-git\hotspot\src\share\vm\prims\jni.cpp, line 710]
Event: 2627.185 Thread 0x000000001b48c000 Exception <a 'sun/nio/fs/WindowsException'> (0x00000000f6276d58) thrown at [C:\src\AOSP-openjdk-git\hotspot\src\share\vm\prims\jni.cpp, line 710]
Event: 2627.280 Thread 0x000000001b487800 Exception <a 'sun/nio/fs/WindowsException'> (0x00000000d5690050) thrown at [C:\src\AOSP-openjdk-git\hotspot\src\share\vm\prims\jni.cpp, line 710]
Event: 2627.405 Thread 0x000000001b48c000 Exception <a 'sun/nio/fs/WindowsException'> (0x00000000d87f2150) thrown at [C:\src\AOSP-openjdk-git\hotspot\src\share\vm\prims\jni.cpp, line 710]
Event: 2627.500 Thread 0x000000001b48c000 Exception <a 'sun/nio/fs/WindowsException'> (0x00000000d977e178) thrown at [C:\src\AOSP-openjdk-git\hotspot\src\share\vm\prims\jni.cpp, line 710]
Event: 2627.540 Thread 0x000000001b48c000 Exception <a 'sun/nio/fs/WindowsException'> (0x00000000dbaf8690) thrown at [C:\src\AOSP-openjdk-git\hotspot\src\share\vm\prims\jni.cpp, line 710]
Event: 2627.562 Thread 0x000000001b48c000 Exception <a 'sun/nio/fs/WindowsException'> (0x00000000dc459f18) thrown at [C:\src\AOSP-openjdk-git\hotspot\src\share\vm\prims\jni.cpp, line 710]
Event: 2627.785 Thread 0x000000001b493800 Exception <a 'sun/nio/fs/WindowsException'> (0x00000000e1929ff0) thrown at [C:\src\AOSP-openjdk-git\hotspot\src\share\vm\prims\jni.cpp, line 710]

Events (10 events):
Event: 2627.965 loading class org/antlr/v4/runtime/tree/RuleNode
Event: 2627.965 loading class org/antlr/v4/runtime/tree/RuleNode done
Event: 2627.965 loading class org/antlr/v4/runtime/tree/ParseTree
Event: 2627.965 loading class org/antlr/v4/runtime/tree/ParseTree done
Event: 2627.965 loading class org/antlr/v4/runtime/tree/SyntaxTree
Event: 2627.965 loading class org/antlr/v4/runtime/tree/SyntaxTree done
Event: 2627.966 loading class org/antlr/v4/runtime/tree/Tree
Event: 2627.966 loading class org/antlr/v4/runtime/tree/Tree done
Event: 2627.971 loading class org/antlr/v4/runtime/ParserRuleContext
Event: 2627.971 loading class org/antlr/v4/runtime/ParserRuleContext done


Dynamic libraries:
0x00007ff6caeb0000 - 0x00007ff6caee1000 	C:\Program Files\Android\Android Studio\jre\bin\java.exe
0x00007ffe54210000 - 0x00007ffe54405000 	C:\WINDOWS\SYSTEM32\ntdll.dll
0x00007ffe530c0000 - 0x00007ffe5317d000 	C:\WINDOWS\System32\KERNEL32.DLL
0x00007ffe51d10000 - 0x00007ffe51fd8000 	C:\WINDOWS\System32\KERNELBASE.dll
0x00007ffe536e0000 - 0x00007ffe5378c000 	C:\WINDOWS\System32\ADVAPI32.dll
0x00007ffe53430000 - 0x00007ffe534ce000 	C:\WINDOWS\System32\msvcrt.dll
0x00007ffe54070000 - 0x00007ffe5410b000 	C:\WINDOWS\System32\sechost.dll
0x00007ffe52ad0000 - 0x00007ffe52bfb000 	C:\WINDOWS\System32\RPCRT4.dll
0x00007ffe52ca0000 - 0x00007ffe52e40000 	C:\WINDOWS\System32\USER32.dll
0x00007ffe519d0000 - 0x00007ffe519f2000 	C:\WINDOWS\System32\win32u.dll
0x00007ffe52f70000 - 0x00007ffe52f9a000 	C:\WINDOWS\System32\GDI32.dll
0x00007ffe51c00000 - 0x00007ffe51d0b000 	C:\WINDOWS\System32\gdi32full.dll
0x00007ffe51a00000 - 0x00007ffe51a9d000 	C:\WINDOWS\System32\msvcp_win.dll
0x00007ffe52140000 - 0x00007ffe52240000 	C:\WINDOWS\System32\ucrtbase.dll
0x00007ffe3a000000 - 0x00007ffe3a29a000 	C:\WINDOWS\WinSxS\amd64_microsoft.windows.common-controls_6595b64144ccf1df_6.0.19041.844_none_ca00b6081b84eb1d\COMCTL32.dll
0x00007ffe52270000 - 0x00007ffe522a0000 	C:\WINDOWS\System32\IMM32.DLL
0x000000006a040000 - 0x000000006a112000 	C:\Program Files\Android\Android Studio\jre\jre\bin\msvcr100.dll
0x0000000068e50000 - 0x000000006969b000 	C:\Program Files\Android\Android Studio\jre\jre\bin\server\jvm.dll
0x00007ffe52c90000 - 0x00007ffe52c98000 	C:\WINDOWS\System32\PSAPI.DLL
0x00007ffe3c9c0000 - 0x00007ffe3c9c9000 	C:\WINDOWS\SYSTEM32\WSOCK32.dll
0x00007ffe43c60000 - 0x00007ffe43c87000 	C:\WINDOWS\SYSTEM32\WINMM.dll
0x00007ffe42e60000 - 0x00007ffe42e6a000 	C:\WINDOWS\SYSTEM32\VERSION.dll
0x00007ffe53340000 - 0x00007ffe533ab000 	C:\WINDOWS\System32\WS2_32.dll
0x00007ffe4bd00000 - 0x00007ffe4bd0f000 	C:\Program Files\Android\Android Studio\jre\jre\bin\verify.dll
0x00007ffe1fc50000 - 0x00007ffe1fc79000 	C:\Program Files\Android\Android Studio\jre\jre\bin\java.dll
0x00007ffe29980000 - 0x00007ffe29996000 	C:\Program Files\Android\Android Studio\jre\jre\bin\zip.dll
0x00007ffe53790000 - 0x00007ffe53ed2000 	C:\WINDOWS\System32\SHELL32.dll
0x00007ffe4f7e0000 - 0x00007ffe4ff71000 	C:\WINDOWS\SYSTEM32\windows.storage.dll
0x00007ffe522a0000 - 0x00007ffe525f5000 	C:\WINDOWS\System32\combase.dll
0x00007ffe513c0000 - 0x00007ffe513ec000 	C:\WINDOWS\SYSTEM32\Wldp.dll
0x00007ffe53290000 - 0x00007ffe5333e000 	C:\WINDOWS\System32\SHCORE.dll
0x00007ffe54010000 - 0x00007ffe54065000 	C:\WINDOWS\System32\shlwapi.dll
0x00007ffe51890000 - 0x00007ffe518af000 	C:\WINDOWS\SYSTEM32\profapi.dll
0x00007ffe291e0000 - 0x00007ffe291fa000 	C:\Program Files\Android\Android Studio\jre\jre\bin\net.dll
0x00007ffe51130000 - 0x00007ffe5119a000 	C:\WINDOWS\system32\mswsock.dll
0x00007ffe28e40000 - 0x00007ffe28e53000 	C:\Program Files\Android\Android Studio\jre\jre\bin\nio.dll
0x00007ffe2ef00000 - 0x00007ffe2ef27000 	C:\Users\Mendiratta\.gradle\native\f6784746aeab05261644944871eae4fe03e0ef1612fff0a4a95f87b438bc6780\windows-amd64\native-platform.dll
0x00007ffe4bb80000 - 0x00007ffe4bb8d000 	C:\Program Files\Android\Android Studio\jre\jre\bin\management.dll
0x00007ffe51300000 - 0x00007ffe51318000 	C:\WINDOWS\SYSTEM32\CRYPTSP.dll
0x00007ffe50a20000 - 0x00007ffe50a54000 	C:\WINDOWS\system32\rsaenh.dll
0x00007ffe52240000 - 0x00007ffe52267000 	C:\WINDOWS\System32\bcrypt.dll
0x00007ffe51850000 - 0x00007ffe5187e000 	C:\WINDOWS\SYSTEM32\USERENV.dll
0x00007ffe51950000 - 0x00007ffe519d0000 	C:\WINDOWS\System32\bcryptprimitives.dll
0x00007ffe51320000 - 0x00007ffe5132c000 	C:\WINDOWS\SYSTEM32\CRYPTBASE.dll
0x00007ffe50db0000 - 0x00007ffe50deb000 	C:\WINDOWS\SYSTEM32\IPHLPAPI.DLL
0x00007ffe54110000 - 0x00007ffe54118000 	C:\WINDOWS\System32\NSI.dll
0x00007ffe497b0000 - 0x00007ffe497c7000 	C:\WINDOWS\SYSTEM32\dhcpcsvc6.DLL
0x00007ffe49c00000 - 0x00007ffe49c1d000 	C:\WINDOWS\SYSTEM32\dhcpcsvc.DLL
0x00007ffe50df0000 - 0x00007ffe50ebc000 	C:\WINDOWS\SYSTEM32\DNSAPI.dll
0x00007ffe4a610000 - 0x00007ffe4a61b000 	C:\WINDOWS\SYSTEM32\WINNSI.DLL
0x00007ffe4a990000 - 0x00007ffe4a9ae000 	C:\Users\Mendiratta\AppData\Local\Temp\native-platform4714930747831394688dir\native-platform.dll
0x0000000066e00000 - 0x0000000066f03000 	C:\Users\Mendiratta\AppData\Local\Temp\sqlite-3.25.2-276d096c-5b24-45a5-abcf-a8969a8c9b3e-sqlitejdbc.dll
0x0000000030ec0000 - 0x0000000030fc3000 	C:\Users\Mendiratta\AppData\Local\Temp\sqlite-3.25.2-673a3291-efc3-409f-a9b8-704f69fa1875-sqlitejdbc.dll
0x00007ffe1cf70000 - 0x00007ffe1cf94000 	C:\Program Files\Android\Android Studio\jre\jre\bin\sunec.dll
0x00007ffe43a30000 - 0x00007ffe43a3a000 	C:\Windows\System32\rasadhlp.dll
0x00007ffe43d70000 - 0x00007ffe43def000 	C:\WINDOWS\System32\fwpuclnt.dll
0x00007ffe4d5a0000 - 0x00007ffe4d5ab000 	C:\Program Files\Android\Android Studio\jre\jre\bin\sunmscapi.dll
0x00007ffe51aa0000 - 0x00007ffe51bff000 	C:\WINDOWS\System32\CRYPT32.dll
0x00007ffe50650000 - 0x00007ffe50683000 	C:\WINDOWS\SYSTEM32\ntmarta.dll
0x00007ffe4eed0000 - 0x00007ffe4ef60000 	C:\WINDOWS\system32\apphelp.dll
0x000000003b260000 - 0x000000003b363000 	C:\Users\Mendiratta\AppData\Local\Temp\sqlite-3.25.2-5bcb0a19-0d61-4e1d-99a8-5a92ed128bf4-sqlitejdbc.dll

VM Arguments:
jvm_args: -Xmx2048m -Dfile.encoding=UTF-8 -Duser.country=US -Duser.language=en -Duser.variant 
java_command: org.gradle.launcher.daemon.bootstrap.GradleDaemon 6.5
java_class_path (initial): C:\Users\Mendiratta\.gradle\wrapper\dists\gradle-6.5-bin\6nifqtx7604sqp1q6g8wikw7p\gradle-6.5\lib\gradle-launcher-6.5.jar
Launcher Type: SUN_STANDARD

Environment Variables:
PATH=C:\Python39\Scripts\;C:\Python39\;C:\Program Files\Common Files\Oracle\Java\javapath;C:\Program Files (x86)\Intel\iCLS Client\;C:\Program Files\Intel\iCLS Client\;C:\WINDOWS\system32;C:\WINDOWS;C:\WINDOWS\System32\Wbem;C:\WINDOWS\System32\WindowsPowerShell\v1.0\;C:\Program Files\Intel\WiFi\bin\;C:\Program Files\Common Files\Intel\WirelessCommon\;C:\Program Files (x86)\Intel\Intel(R) Management Engine Components\DAL;C:\Program Files\Intel\Intel(R) Management Engine Components\DAL;C:\Program Files (x86)\Intel\Intel(R) Management Engine Components\IPT;C:\Program Files\Intel\Intel(R) Management Engine Components\IPT;C:\WINDOWS\System32\OpenSSH\;C:\Program Files\Polyspace\R2019a\bin;C:\sqlite;C:\Users\Mendiratta\AppData\Local\Android\Sdk\platform-tools;C:\Program Files\nodejs\;C:\ProgramData\chocolatey\bin;C:\Program Files\Git\cmd;C:\Users\Mendiratta\AppData\Local\Microsoft\WindowsApps;C:\Users\Mendiratta\AppData\Roaming\Microsoft\Windows\Start Menu\Programs\Python 3.7;C:\Users\Mendiratta\AppData\Local\Programs\Python\Python37-32;;C:\Users\Mendiratta\AppData\Local\Programs\Microsoft VS Code\bin;C:\Users\Mendiratta\AppData\Roaming\npm
USERNAME=Mendiratta
OS=Windows_NT
PROCESSOR_IDENTIFIER=Intel64 Family 6 Model 142 Stepping 10, GenuineIntel



---------------  S Y S T E M  ---------------

OS: Windows 10.0 , 64 bit Build 19041 (10.0.19041.928)

CPU:total 8 (initial active 8) (4 cores per cpu, 2 threads per core) family 6 model 142 stepping 10, cmov, cx8, fxsr, mmx, sse, sse2, sse3, ssse3, sse4.1, sse4.2, popcnt, avx, avx2, aes, clmul, erms, 3dnowpref, lzcnt, ht, tsc, tscinvbit, bmi1, bmi2, adx

Memory: 4k page, physical 8262884k(893804k free), swap 9311460k(5264k free)

vm_info: OpenJDK 64-Bit Server VM (25.242-b01) for windows-amd64 JRE (1.8.0_242-release-1644-b01), built by "builder" with MS VC++ 10.0 (VS2010)

time: Tue May 04 17:53:14 2021
timezone: India Standard Time
elapsed time: 2628 seconds (0d 0h 43m 48s)

