#
# There is insufficient memory for the Java Runtime Environment to continue.
# Native memory allocation (malloc) failed to allocate 532080 bytes for Chunk::new
# Possible reasons:
#   The system is out of physical RAM or swap space
#   The process is running with CompressedOops enabled, and the Java Heap may be blocking the growth of the native heap
# Possible solutions:
#   Reduce memory load on the system
#   Increase physical memory or swap space
#   Check if swap backing store is full
#   Decrease Java heap size (-Xmx/-Xms)
#   Decrease number of Java threads
#   Decrease Java thread stack sizes (-Xss)
#   Set larger code cache with -XX:ReservedCodeCacheSize=
#   JVM is running with Unscaled Compressed Oops mode in which the Java heap is
#     placed in the first 4GB address space. The Java Heap base address is the
#     maximum limit for the native heap growth. Please use -XX:HeapBaseMinAddress
#     to set the Java Heap base and to place the Java Heap above 4GB virtual address.
# This output file may be truncated or incomplete.
#
#  Out of Memory Error (./open/src/hotspot/share/memory/arena.cpp:195), pid=2988, tid=12244
#
# JRE version: Java(TM) SE Runtime Environment (15.0+36) (build 15+36-1562)
# Java VM: Java HotSpot(TM) 64-Bit Server VM (15+36-1562, mixed mode, sharing, tiered, compressed oops, g1 gc, windows-amd64)
# No core dump will be written. Minidumps are not enabled by default on client versions of Windows
#

---------------  S U M M A R Y ------------

Command Line: --add-opens=java.base/java.util=ALL-UNNAMED --add-opens=java.base/java.lang=ALL-UNNAMED --add-opens=java.base/java.lang.invoke=ALL-UNNAMED --add-opens=java.prefs/java.util.prefs=ALL-UNNAMED -Xmx2048m -Dfile.encoding=UTF-8 -Duser.country=US -Duser.language=en -Duser.variant org.gradle.launcher.daemon.bootstrap.GradleDaemon 6.5

Host: Intel(R) Core(TM) i5-8250U CPU @ 1.60GHz, 8 cores, 7G,  Windows 10 , 64 bit Build 19041 (10.0.19041.928)
Time: Tue May  4 20:47:31 2021 India Standard Time elapsed time: 2076.037138 seconds (0d 0h 34m 36s)

---------------  T H R E A D  ---------------

Current thread (0x000001312b174a20):  JavaThread "C2 CompilerThread1" daemon [_thread_in_native, id=12244, stack(0x00000007d5c00000,0x00000007d5d00000)]


Current CompileTask:
C2:2076037 7188       4       org.gradle.internal.serialize.kryo.StringDeduplicatingKryoBackedEncoder::writeString (20 bytes)

Stack: [0x00000007d5c00000,0x00000007d5d00000]
Native frames: (J=compiled Java code, j=interpreted, Vv=VM code, C=native code)
V  [jvm.dll+0x629eaa]
V  [jvm.dll+0x780379]
V  [jvm.dll+0x781ad3]
V  [jvm.dll+0x782133]
V  [jvm.dll+0x2159d5]
V  [jvm.dll+0x9794a]
V  [jvm.dll+0x9802c]
V  [jvm.dll+0x32dc35]
V  [jvm.dll+0x2f6ffa]
V  [jvm.dll+0x2f63ba]
V  [jvm.dll+0x1e9dd5]
V  [jvm.dll+0x1e903e]
V  [jvm.dll+0x177f17]
V  [jvm.dll+0x1f88f5]
V  [jvm.dll+0x1f699c]
V  [jvm.dll+0x74384d]
V  [jvm.dll+0x73c64a]
V  [jvm.dll+0x628d16]
C  [ucrtbase.dll+0x21bb2]
C  [KERNEL32.DLL+0x17034]
C  [ntdll.dll+0x52651]


---------------  P R O C E S S  ---------------

Threads class SMR info:
_java_thread_list=0x000001312cbc4b30, length=58, elements={
0x0000013108431fd0, 0x0000013126fb3840, 0x0000013126fb4320, 0x0000013126fca5e0,
0x0000013126fccfb0, 0x0000013126fcd970, 0x0000013126fce660, 0x0000013126fcf060,
0x0000013126fd1970, 0x00000131279ffc40, 0x0000013127a1d810, 0x0000013128b319b0,
0x0000013128b33b60, 0x0000013128b34030, 0x00000131292dd370, 0x00000131292dd840,
0x00000131292dc030, 0x00000131292df520, 0x00000131292da350, 0x000001312ce26810,
0x000001312ce26ce0, 0x000001312ce27b50, 0x000001312ce28e90, 0x000001312ce271b0,
0x000001312ce27680, 0x000001312ce2d1f0, 0x000001312ce28020, 0x000001312ce2d6c0,
0x000001312ce284f0, 0x000001312ce2b9e0, 0x000001312ce29360, 0x000001312ce29830,
0x000001312ce29d00, 0x000001312ce2c850, 0x000001312ce289c0, 0x000001312ce2a1d0,
0x000001312ce2cd20, 0x000001312ce2a6a0, 0x000001312b174a20, 0x000001312ce2ab70,
0x000001312ce2b040, 0x000001312ce2b510, 0x000001312ce2beb0, 0x0000013129af7270,
0x0000013129af5590, 0x0000013129af38b0, 0x0000013129af6400, 0x0000013129af2f10,
0x0000013129af4250, 0x0000013129af5f30, 0x0000013129af68d0, 0x0000013129aefef0,
0x0000013129af33e0, 0x0000013129af6da0, 0x0000013129af7740, 0x0000013129af50c0,
0x0000013129af2a40, 0x0000013129af3d80
}

Java Threads: ( => current thread )
  0x0000013108431fd0 JavaThread "main" [_thread_blocked, id=2628, stack(0x00000007d2900000,0x00000007d2a00000)]
  0x0000013126fb3840 JavaThread "Reference Handler" daemon [_thread_blocked, id=4448, stack(0x00000007d3000000,0x00000007d3100000)]
  0x0000013126fb4320 JavaThread "Finalizer" daemon [_thread_blocked, id=1108, stack(0x00000007d3100000,0x00000007d3200000)]
  0x0000013126fca5e0 JavaThread "Signal Dispatcher" daemon [_thread_blocked, id=11536, stack(0x00000007d3200000,0x00000007d3300000)]
  0x0000013126fccfb0 JavaThread "Attach Listener" daemon [_thread_blocked, id=14140, stack(0x00000007d3300000,0x00000007d3400000)]
  0x0000013126fcd970 JavaThread "Service Thread" daemon [_thread_blocked, id=10136, stack(0x00000007d3400000,0x00000007d3500000)]
  0x0000013126fce660 JavaThread "C2 CompilerThread0" daemon [_thread_blocked, id=12240, stack(0x00000007d3500000,0x00000007d3600000)]
  0x0000013126fcf060 JavaThread "C1 CompilerThread0" daemon [_thread_blocked, id=13640, stack(0x00000007d3600000,0x00000007d3700000)]
  0x0000013126fd1970 JavaThread "Sweeper thread" daemon [_thread_blocked, id=2068, stack(0x00000007d3700000,0x00000007d3800000)]
  0x00000131279ffc40 JavaThread "Common-Cleaner" daemon [_thread_blocked, id=12316, stack(0x00000007d3800000,0x00000007d3900000)]
  0x0000013127a1d810 JavaThread "Notification Thread" daemon [_thread_blocked, id=13332, stack(0x00000007d3900000,0x00000007d3a00000)]
  0x0000013128b319b0 JavaThread "Daemon health stats" [_thread_blocked, id=756, stack(0x00000007d3e00000,0x00000007d3f00000)]
  0x0000013128b33b60 JavaThread "Incoming local TCP Connector on port 51223" [_thread_in_native, id=8340, stack(0x00000007d4100000,0x00000007d4200000)]
  0x0000013128b34030 JavaThread "Daemon periodic checks" [_thread_blocked, id=2620, stack(0x00000007d4200000,0x00000007d4300000)]
  0x00000131292dd370 JavaThread "Cache worker for journal cache (C:\Users\Mendiratta\.gradle\caches\journal-1)" [_thread_blocked, id=8048, stack(0x00000007d4a00000,0x00000007d4b00000)]
  0x00000131292dd840 JavaThread "File lock request listener" [_thread_in_native, id=14076, stack(0x00000007d4b00000,0x00000007d4c00000)]
  0x00000131292dc030 JavaThread "Cache worker for file hash cache (C:\Users\Mendiratta\.gradle\caches\6.5\fileHashes)" [_thread_blocked, id=6380, stack(0x00000007d4c00000,0x00000007d4d00000)]
  0x00000131292df520 JavaThread "Cache worker for execution history cache (C:\Users\Mendiratta\.gradle\caches\6.5\executionHistory)" [_thread_blocked, id=440, stack(0x00000007d5700000,0x00000007d5800000)]
  0x00000131292da350 JavaThread "Cache worker for file content cache (C:\Users\Mendiratta\.gradle\caches\6.5\fileContent)" [_thread_blocked, id=9976, stack(0x00000007d5a00000,0x00000007d5b00000)]
  0x000001312ce26810 JavaThread "Daemon Thread 2" [_thread_blocked, id=10412, stack(0x00000007d2600000,0x00000007d2700000)]
  0x000001312ce26ce0 JavaThread "Handler for socket connection from /127.0.0.1:51223 to /127.0.0.1:52070" [_thread_in_native, id=13248, stack(0x00000007d2700000,0x00000007d2800000)]
  0x000001312ce27b50 JavaThread "Cancel handler" [_thread_blocked, id=9132, stack(0x00000007d2800000,0x00000007d2900000)]
  0x000001312ce28e90 JavaThread "Daemon worker Thread 2" [_thread_blocked, id=4184, stack(0x00000007d3b00000,0x00000007d3c00000)]
  0x000001312ce271b0 JavaThread "Asynchronous log dispatcher for DefaultDaemonConnection: socket connection from /127.0.0.1:51223 to /127.0.0.1:52070" [_thread_blocked, id=11992, stack(0x00000007d4000000,0x00000007d4100000)]
  0x000001312ce27680 JavaThread "Stdin handler" [_thread_blocked, id=11912, stack(0x00000007d4300000,0x00000007d4400000)]
  0x000001312ce2d1f0 JavaThread "Thread-161" [_thread_blocked, id=2820, stack(0x00000007d4400000,0x00000007d4500000)]
  0x000001312ce28020 JavaThread "Cache worker for file hash cache (C:\Users\Mendiratta\AndroidStudioProjects\Bookerkotlin\.gradle\6.5\fileHashes)" [_thread_blocked, id=13508, stack(0x00000007d4500000,0x00000007d4600000)]
  0x000001312ce2d6c0 JavaThread "Cache worker for checksums cache (C:\Users\Mendiratta\AndroidStudioProjects\Bookerkotlin\.gradle\checksums)" [_thread_blocked, id=12760, stack(0x00000007d4600000,0x00000007d4700000)]
  0x000001312ce284f0 JavaThread "Cache worker for cache directory md-supplier (C:\Users\Mendiratta\.gradle\caches\6.5\md-supplier)" [_thread_blocked, id=13560, stack(0x00000007d4700000,0x00000007d4800000)]
  0x000001312ce2b9e0 JavaThread "Cache worker for cache directory md-rule (C:\Users\Mendiratta\.gradle\caches\6.5\md-rule)" [_thread_blocked, id=7200, stack(0x00000007d4800000,0x00000007d4900000)]
  0x000001312ce29360 JavaThread "Build operations" [_thread_blocked, id=10964, stack(0x00000007d4900000,0x00000007d4a00000)]
  0x000001312ce29830 JavaThread "Build operations Thread 2" [_thread_blocked, id=14120, stack(0x00000007d4d00000,0x00000007d4e00000)]
  0x000001312ce29d00 JavaThread "Build operations Thread 3" [_thread_blocked, id=12628, stack(0x00000007d4e00000,0x00000007d4f00000)]
  0x000001312ce2c850 JavaThread "Build operations Thread 4" [_thread_blocked, id=7500, stack(0x00000007d4f00000,0x00000007d5000000)]
  0x000001312ce289c0 JavaThread "Build operations Thread 5" [_thread_blocked, id=4684, stack(0x00000007d5000000,0x00000007d5100000)]
  0x000001312ce2a1d0 JavaThread "Build operations Thread 6" [_thread_blocked, id=13568, stack(0x00000007d5600000,0x00000007d5700000)]
  0x000001312ce2cd20 JavaThread "Build operations Thread 7" [_thread_blocked, id=8396, stack(0x00000007d5900000,0x00000007d5a00000)]
  0x000001312ce2a6a0 JavaThread "Build operations Thread 8" [_thread_blocked, id=13380, stack(0x00000007d5b00000,0x00000007d5c00000)]
=>0x000001312b174a20 JavaThread "C2 CompilerThread1" daemon [_thread_in_native, id=12244, stack(0x00000007d5c00000,0x00000007d5d00000)]
  0x000001312ce2ab70 JavaThread "jar transforms Thread 120" [_thread_blocked, id=7312, stack(0x00000007d5d00000,0x00000007d5e00000)]
  0x000001312ce2b040 JavaThread "jar transforms Thread 121" [_thread_blocked, id=13308, stack(0x00000007d5e00000,0x00000007d5f00000)]
  0x000001312ce2b510 JavaThread "jar transforms Thread 122" [_thread_blocked, id=10924, stack(0x00000007d5f00000,0x00000007d6000000)]
  0x000001312ce2beb0 JavaThread "jar transforms Thread 123" [_thread_blocked, id=13984, stack(0x00000007d6000000,0x00000007d6100000)]
  0x0000013129af7270 JavaThread "jar transforms Thread 124" [_thread_blocked, id=3028, stack(0x00000007d6100000,0x00000007d6200000)]
  0x0000013129af5590 JavaThread "jar transforms Thread 125" [_thread_blocked, id=1664, stack(0x00000007d6200000,0x00000007d6300000)]
  0x0000013129af38b0 JavaThread "jar transforms Thread 126" [_thread_blocked, id=13804, stack(0x00000007d6300000,0x00000007d6400000)]
  0x0000013129af6400 JavaThread "jar transforms Thread 127" [_thread_blocked, id=9516, stack(0x00000007d6400000,0x00000007d6500000)]
  0x0000013129af2f10 JavaThread "jar transforms Thread 128" [_thread_blocked, id=10336, stack(0x00000007d6500000,0x00000007d6600000)]
  0x0000013129af4250 JavaThread "jar transforms Thread 129" [_thread_blocked, id=9120, stack(0x00000007d6600000,0x00000007d6700000)]
  0x0000013129af5f30 JavaThread "jar transforms Thread 130" [_thread_blocked, id=8568, stack(0x00000007d6700000,0x00000007d6800000)]
  0x0000013129af68d0 JavaThread "jar transforms Thread 131" [_thread_blocked, id=8896, stack(0x00000007d6800000,0x00000007d6900000)]
  0x0000013129aefef0 JavaThread "jar transforms Thread 132" [_thread_blocked, id=10728, stack(0x00000007d6900000,0x00000007d6a00000)]
  0x0000013129af33e0 JavaThread "jar transforms Thread 133" [_thread_blocked, id=5656, stack(0x00000007d6a00000,0x00000007d6b00000)]
  0x0000013129af6da0 JavaThread "jar transforms Thread 134" [_thread_blocked, id=10024, stack(0x00000007d6b00000,0x00000007d6c00000)]
  0x0000013129af7740 JavaThread "jar transforms Thread 135" [_thread_blocked, id=9900, stack(0x00000007d6c00000,0x00000007d6d00000)]
  0x0000013129af50c0 JavaThread "jar transforms Thread 136" [_thread_blocked, id=14272, stack(0x00000007d6d00000,0x00000007d6e00000)]
  0x0000013129af2a40 JavaThread "jar transforms Thread 137" [_thread_blocked, id=7816, stack(0x00000007d6e00000,0x00000007d6f00000)]
  0x0000013129af3d80 JavaThread "jar transforms Thread 138" [_thread_blocked, id=7368, stack(0x00000007d6f00000,0x00000007d7000000)]

Other Threads:
  0x0000013126fb20b0 VMThread "VM Thread" [stack: 0x00000007d2f00000,0x00000007d3000000] [id=10392]
  0x0000013127a11690 WatcherThread [stack: 0x00000007d3a00000,0x00000007d3b00000] [id=13964]
  0x0000013108471370 GCTaskThread "GC Thread#0" [stack: 0x00000007d2a00000,0x00000007d2b00000] [id=10732]
  0x0000013127dbe200 GCTaskThread "GC Thread#1" [stack: 0x00000007d3c00000,0x00000007d3d00000] [id=6456]
  0x0000013127dbe530 GCTaskThread "GC Thread#2" [stack: 0x00000007d3d00000,0x00000007d3e00000] [id=8448]
  0x0000013127dbbef0 GCTaskThread "GC Thread#3" [stack: 0x00000007d5100000,0x00000007d5200000] [id=11544]
  0x0000013127dbcbb0 GCTaskThread "GC Thread#4" [stack: 0x00000007d5200000,0x00000007d5300000] [id=9088]
  0x0000013127dbdba0 GCTaskThread "GC Thread#5" [stack: 0x00000007d5300000,0x00000007d5400000] [id=10952]
  0x0000013127dbc220 GCTaskThread "GC Thread#6" [stack: 0x00000007d5400000,0x00000007d5500000] [id=6732]
  0x0000013127dbc550 GCTaskThread "GC Thread#7" [stack: 0x00000007d5500000,0x00000007d5600000] [id=14000]
  0x0000013108483560 ConcurrentGCThread "G1 Main Marker" [stack: 0x00000007d2b00000,0x00000007d2c00000] [id=5088]
  0x00000131084840e0 ConcurrentGCThread "G1 Conc#0" [stack: 0x00000007d2c00000,0x00000007d2d00000] [id=10000]
  0x0000013127dbd540 ConcurrentGCThread "G1 Conc#1" [stack: 0x00000007d5800000,0x00000007d5900000] [id=10676]
  0x00000131085032a0 ConcurrentGCThread "G1 Refine#0" [stack: 0x00000007d2d00000,0x00000007d2e00000] [id=4256]
  0x000001312da998d0 ConcurrentGCThread "G1 Refine#1" [stack: 0x00000007d7000000,0x00000007d7100000] [id=14320]
  0x0000013108503e30 ConcurrentGCThread "G1 Young RemSet Sampling" [stack: 0x00000007d2e00000,0x00000007d2f00000] [id=6044]

Threads with active compile tasks:
C2 CompilerThread1  2076079 7188       4       org.gradle.internal.serialize.kryo.StringDeduplicatingKryoBackedEncoder::writeString (20 bytes)

VM state: not at safepoint (normal execution)

VM Mutex/Monitor currently owned by a thread: None

OutOfMemory and StackOverflow Exception counts:
OutOfMemoryError java_heap_errors=1
LinkageErrors=86

Heap address: 0x0000000080000000, size: 2048 MB, Compressed Oops mode: 32-bit
CDS archive(s) mapped at: [0x0000000800000000-0x0000000800b50000-0x0000000800b50000), size 11862016, SharedBaseAddress: 0x0000000800000000, ArchiveRelocationMode: 0.
Compressed class space mapped at: 0x0000000800b50000-0x0000000840b50000, size: 1073741824
Narrow klass base: 0x0000000800000000, Narrow klass shift: 3, Narrow klass range: 0x100000000

GC Precious Log:
 CPUs: 8 total, 8 available
 Memory: 8069M
 Large Page Support: Disabled
 NUMA Support: Disabled
 Compressed Oops: Enabled (32-bit)
 Heap Region Size: 1M
 Heap Min Capacity: 8M
 Heap Initial Capacity: 128M
 Heap Max Capacity: 2G
 Pre-touch: Disabled
 Parallel Workers: 8
 Concurrent Workers: 2
 Concurrent Refinement Workers: 8
 Periodic GC: Disabled

Heap:
 garbage-first heap   total 116736K, used 61562K [0x0000000080000000, 0x0000000100000000)
  region size 1024K, 5 young (5120K), 3 survivors (3072K)
 Metaspace       used 63118K, capacity 63975K, committed 64380K, reserved 1105920K
  class space    used 7985K, capacity 8229K, committed 8316K, reserved 1048576K

Heap Regions: E=young(eden), S=young(survivor), O=old, HS=humongous(starts), HC=humongous(continues), CS=collection set, F=free, OA=open archive, CA=closed archive, TAMS=top-at-mark-start (previous, next)
|   0|0x0000000080000000, 0x0000000080100000, 0x0000000080100000|100%| O|  |TAMS 0x0000000080100000, 0x0000000080000000| Updating 
|   1|0x0000000080100000, 0x0000000080200000, 0x0000000080200000|100%| O|  |TAMS 0x0000000080200000, 0x0000000080100000| Updating 
|   2|0x0000000080200000, 0x0000000080300000, 0x0000000080300000|100%| O|  |TAMS 0x0000000080300000, 0x0000000080200000| Updating 
|   3|0x0000000080300000, 0x0000000080400000, 0x0000000080400000|100%|HS|  |TAMS 0x0000000080400000, 0x0000000080300000| Complete 
|   4|0x0000000080400000, 0x0000000080500000, 0x0000000080500000|100%|HC|  |TAMS 0x0000000080500000, 0x0000000080400000| Complete 
|   5|0x0000000080500000, 0x0000000080600000, 0x0000000080600000|100%|HC|  |TAMS 0x0000000080600000, 0x0000000080500000| Complete 
|   6|0x0000000080600000, 0x0000000080700000, 0x0000000080700000|100%| O|  |TAMS 0x0000000080700000, 0x0000000080600000| Updating 
|   7|0x0000000080700000, 0x0000000080800000, 0x0000000080800000|100%| O|  |TAMS 0x0000000080800000, 0x0000000080700000| Updating 
|   8|0x0000000080800000, 0x0000000080900000, 0x0000000080900000|100%| O|  |TAMS 0x0000000080900000, 0x0000000080800000| Updating 
|   9|0x0000000080900000, 0x0000000080a00000, 0x0000000080a00000|100%| O|  |TAMS 0x0000000080a00000, 0x0000000080900000| Updating 
|  10|0x0000000080a00000, 0x0000000080b00000, 0x0000000080b00000|100%| O|  |TAMS 0x0000000080b00000, 0x0000000080a00000| Updating 
|  11|0x0000000080b00000, 0x0000000080c00000, 0x0000000080c00000|100%| O|  |TAMS 0x0000000080c00000, 0x0000000080b00000| Updating 
|  12|0x0000000080c00000, 0x0000000080d00000, 0x0000000080d00000|100%| O|  |TAMS 0x0000000080d00000, 0x0000000080c00000| Updating 
|  13|0x0000000080d00000, 0x0000000080e00000, 0x0000000080e00000|100%| O|  |TAMS 0x0000000080e00000, 0x0000000080d00000| Updating 
|  14|0x0000000080e00000, 0x0000000080f00000, 0x0000000080f00000|100%| O|  |TAMS 0x0000000080f00000, 0x0000000080e00000| Updating 
|  15|0x0000000080f00000, 0x0000000081000000, 0x0000000081000000|100%| O|  |TAMS 0x0000000081000000, 0x0000000080f00000| Updating 
|  16|0x0000000081000000, 0x0000000081100000, 0x0000000081100000|100%| O|  |TAMS 0x0000000081100000, 0x0000000081000000| Updating 
|  17|0x0000000081100000, 0x000000008118a400, 0x0000000081200000| 54%| O|  |TAMS 0x000000008118a400, 0x0000000081100000| Updating 
|  18|0x0000000081200000, 0x0000000081300000, 0x0000000081300000|100%| O|  |TAMS 0x0000000081300000, 0x0000000081200000| Updating 
|  19|0x0000000081300000, 0x0000000081400000, 0x0000000081400000|100%| O|  |TAMS 0x0000000081400000, 0x0000000081300000| Updating 
|  20|0x0000000081400000, 0x0000000081500000, 0x0000000081500000|100%| O|  |TAMS 0x0000000081500000, 0x0000000081400000| Updating 
|  21|0x0000000081500000, 0x0000000081600000, 0x0000000081600000|100%| O|  |TAMS 0x0000000081600000, 0x0000000081500000| Updating 
|  22|0x0000000081600000, 0x0000000081700000, 0x0000000081700000|100%| O|  |TAMS 0x0000000081700000, 0x0000000081600000| Updating 
|  23|0x0000000081700000, 0x0000000081800000, 0x0000000081800000|100%| O|  |TAMS 0x0000000081800000, 0x0000000081700000| Updating 
|  24|0x0000000081800000, 0x0000000081900000, 0x0000000081900000|100%| O|  |TAMS 0x0000000081900000, 0x0000000081800000| Updating 
|  25|0x0000000081900000, 0x0000000081a00000, 0x0000000081a00000|100%|HS|  |TAMS 0x0000000081a00000, 0x0000000081900000| Complete 
|  26|0x0000000081a00000, 0x0000000081b00000, 0x0000000081b00000|100%| O|  |TAMS 0x0000000081b00000, 0x0000000081a00000| Updating 
|  27|0x0000000081b00000, 0x0000000081c00000, 0x0000000081c00000|100%| O|  |TAMS 0x0000000081c00000, 0x0000000081b00000| Updating 
|  28|0x0000000081c00000, 0x0000000081d00000, 0x0000000081d00000|100%|HS|  |TAMS 0x0000000081d00000, 0x0000000081c00000| Complete 
|  29|0x0000000081d00000, 0x0000000081e00000, 0x0000000081e00000|100%|HC|  |TAMS 0x0000000081e00000, 0x0000000081d00000| Complete 
|  30|0x0000000081e00000, 0x0000000081f00000, 0x0000000081f00000|100%|HC|  |TAMS 0x0000000081f00000, 0x0000000081e00000| Complete 
|  31|0x0000000081f00000, 0x0000000082000000, 0x0000000082000000|100%|HS|  |TAMS 0x0000000082000000, 0x0000000081f00000| Complete 
|  32|0x0000000082000000, 0x0000000082100000, 0x0000000082100000|100%|HC|  |TAMS 0x0000000082100000, 0x0000000082000000| Complete 
|  33|0x0000000082100000, 0x0000000082200000, 0x0000000082200000|100%| O|  |TAMS 0x0000000082200000, 0x0000000082100000| Updating 
|  34|0x0000000082200000, 0x0000000082300000, 0x0000000082300000|100%| O|  |TAMS 0x0000000082300000, 0x0000000082200000| Updating 
|  35|0x0000000082300000, 0x0000000082400000, 0x0000000082400000|100%| O|  |TAMS 0x0000000082400000, 0x0000000082300000| Updating 
|  36|0x0000000082400000, 0x0000000082500000, 0x0000000082500000|100%| O|  |TAMS 0x0000000082500000, 0x0000000082400000| Updating 
|  37|0x0000000082500000, 0x0000000082600000, 0x0000000082600000|100%| O|  |TAMS 0x0000000082600000, 0x0000000082500000| Updating 
|  38|0x0000000082600000, 0x0000000082700000, 0x0000000082700000|100%| O|  |TAMS 0x0000000082700000, 0x0000000082600000| Updating 
|  39|0x0000000082700000, 0x0000000082800000, 0x0000000082800000|100%| O|  |TAMS 0x0000000082800000, 0x0000000082700000| Updating 
|  40|0x0000000082800000, 0x0000000082900000, 0x0000000082900000|100%| O|  |TAMS 0x0000000082900000, 0x0000000082800000| Updating 
|  41|0x0000000082900000, 0x0000000082a00000, 0x0000000082a00000|100%| O|  |TAMS 0x0000000082a00000, 0x0000000082900000| Updating 
|  42|0x0000000082a00000, 0x0000000082b00000, 0x0000000082b00000|100%| O|  |TAMS 0x0000000082b00000, 0x0000000082a00000| Updating 
|  43|0x0000000082b00000, 0x0000000082c00000, 0x0000000082c00000|100%| O|  |TAMS 0x0000000082c00000, 0x0000000082b00000| Updating 
|  44|0x0000000082c00000, 0x0000000082d00000, 0x0000000082d00000|100%| O|  |TAMS 0x0000000082d00000, 0x0000000082c00000| Updating 
|  45|0x0000000082d00000, 0x0000000082e00000, 0x0000000082e00000|100%| O|  |TAMS 0x0000000082e00000, 0x0000000082d00000| Updating 
|  46|0x0000000082e00000, 0x0000000082f00000, 0x0000000082f00000|100%| O|  |TAMS 0x0000000082f00000, 0x0000000082e00000| Updating 
|  47|0x0000000082f00000, 0x0000000083000000, 0x0000000083000000|100%| O|  |TAMS 0x0000000083000000, 0x0000000082f00000| Updating 
|  48|0x0000000083000000, 0x0000000083100000, 0x0000000083100000|100%| O|  |TAMS 0x0000000083100000, 0x0000000083000000| Updating 
|  49|0x0000000083100000, 0x0000000083200000, 0x0000000083200000|100%| O|  |TAMS 0x0000000083200000, 0x0000000083100000| Updating 
|  50|0x0000000083200000, 0x0000000083300000, 0x0000000083300000|100%| O|  |TAMS 0x0000000083300000, 0x0000000083200000| Updating 
|  51|0x0000000083300000, 0x0000000083400000, 0x0000000083400000|100%| O|  |TAMS 0x0000000083400000, 0x0000000083300000| Updating 
|  52|0x0000000083400000, 0x0000000083500000, 0x0000000083500000|100%| O|  |TAMS 0x0000000083500000, 0x0000000083400000| Updating 
|  53|0x0000000083500000, 0x0000000083600000, 0x0000000083600000|100%| O|  |TAMS 0x0000000083600000, 0x0000000083500000| Updating 
|  54|0x0000000083600000, 0x0000000083700000, 0x0000000083700000|100%| O|  |TAMS 0x0000000083600000, 0x0000000083600000| Untracked 
|  55|0x0000000083700000, 0x0000000083800000, 0x0000000083800000|100%| O|  |TAMS 0x0000000083700000, 0x0000000083700000| Untracked 
|  56|0x0000000083800000, 0x0000000083894600, 0x0000000083900000| 57%| O|  |TAMS 0x0000000083800000, 0x0000000083800000| Updating 
|  57|0x0000000083900000, 0x0000000083900000, 0x0000000083a00000|  0%| F|  |TAMS 0x0000000083900000, 0x0000000083900000| Untracked 
|  58|0x0000000083a00000, 0x0000000083a00000, 0x0000000083b00000|  0%| F|  |TAMS 0x0000000083a00000, 0x0000000083a00000| Untracked 
|  59|0x0000000083b00000, 0x0000000083b00000, 0x0000000083c00000|  0%| F|  |TAMS 0x0000000083b00000, 0x0000000083b00000| Untracked 
|  60|0x0000000083c00000, 0x0000000083c00000, 0x0000000083d00000|  0%| F|  |TAMS 0x0000000083c00000, 0x0000000083c00000| Untracked 
|  61|0x0000000083d00000, 0x0000000083d00000, 0x0000000083e00000|  0%| F|  |TAMS 0x0000000083d00000, 0x0000000083d00000| Untracked 
|  62|0x0000000083e00000, 0x0000000083e00000, 0x0000000083f00000|  0%| F|  |TAMS 0x0000000083e00000, 0x0000000083e00000| Untracked 
|  63|0x0000000083f00000, 0x0000000083f00000, 0x0000000084000000|  0%| F|  |TAMS 0x0000000083f00000, 0x0000000083f00000| Untracked 
|  64|0x0000000084000000, 0x0000000084000000, 0x0000000084100000|  0%| F|  |TAMS 0x0000000084000000, 0x0000000084000000| Untracked 
|  65|0x0000000084100000, 0x0000000084100000, 0x0000000084200000|  0%| F|  |TAMS 0x0000000084100000, 0x0000000084100000| Untracked 
|  66|0x0000000084200000, 0x0000000084200000, 0x0000000084300000|  0%| F|  |TAMS 0x0000000084200000, 0x0000000084200000| Untracked 
|  67|0x0000000084300000, 0x0000000084300000, 0x0000000084400000|  0%| F|  |TAMS 0x0000000084300000, 0x0000000084300000| Untracked 
|  68|0x0000000084400000, 0x0000000084400000, 0x0000000084500000|  0%| F|  |TAMS 0x0000000084400000, 0x0000000084400000| Untracked 
|  69|0x0000000084500000, 0x0000000084500000, 0x0000000084600000|  0%| F|  |TAMS 0x0000000084500000, 0x0000000084500000| Untracked 
|  70|0x0000000084600000, 0x0000000084600000, 0x0000000084700000|  0%| F|  |TAMS 0x0000000084600000, 0x0000000084600000| Untracked 
|  71|0x0000000084700000, 0x0000000084700000, 0x0000000084800000|  0%| F|  |TAMS 0x0000000084700000, 0x0000000084700000| Untracked 
|  72|0x0000000084800000, 0x0000000084900000, 0x0000000084900000|100%| S|CS|TAMS 0x0000000084800000, 0x0000000084800000| Complete 
|  73|0x0000000084900000, 0x0000000084900000, 0x0000000084a00000|  0%| F|  |TAMS 0x0000000084900000, 0x0000000084900000| Untracked 
|  74|0x0000000084a00000, 0x0000000084a00000, 0x0000000084b00000|  0%| F|  |TAMS 0x0000000084a00000, 0x0000000084a00000| Untracked 
|  75|0x0000000084b00000, 0x0000000084b00000, 0x0000000084c00000|  0%| F|  |TAMS 0x0000000084b00000, 0x0000000084b00000| Untracked 
|  76|0x0000000084c00000, 0x0000000084d00000, 0x0000000084d00000|100%| S|CS|TAMS 0x0000000084c00000, 0x0000000084c00000| Complete 
|  77|0x0000000084d00000, 0x0000000084e00000, 0x0000000084e00000|100%| S|CS|TAMS 0x0000000084d00000, 0x0000000084d00000| Complete 
|  78|0x0000000084e00000, 0x0000000084e00000, 0x0000000084f00000|  0%| F|  |TAMS 0x0000000084e00000, 0x0000000084e00000| Untracked 
|  79|0x0000000084f00000, 0x0000000084f00000, 0x0000000085000000|  0%| F|  |TAMS 0x0000000084f00000, 0x0000000084f00000| Untracked 
|  80|0x0000000085000000, 0x0000000085000000, 0x0000000085100000|  0%| F|  |TAMS 0x0000000085000000, 0x0000000085000000| Untracked 
|  81|0x0000000085100000, 0x0000000085100000, 0x0000000085200000|  0%| F|  |TAMS 0x0000000085100000, 0x0000000085100000| Untracked 
|  82|0x0000000085200000, 0x0000000085200000, 0x0000000085300000|  0%| F|  |TAMS 0x0000000085200000, 0x0000000085200000| Untracked 
|  83|0x0000000085300000, 0x0000000085300000, 0x0000000085400000|  0%| F|  |TAMS 0x0000000085300000, 0x0000000085300000| Untracked 
|  84|0x0000000085400000, 0x0000000085400000, 0x0000000085500000|  0%| F|  |TAMS 0x0000000085400000, 0x0000000085400000| Untracked 
|  85|0x0000000085500000, 0x0000000085500000, 0x0000000085600000|  0%| F|  |TAMS 0x0000000085500000, 0x0000000085500000| Untracked 
|  86|0x0000000085600000, 0x0000000085600000, 0x0000000085700000|  0%| F|  |TAMS 0x0000000085600000, 0x0000000085600000| Untracked 
|  87|0x0000000085700000, 0x0000000085700000, 0x0000000085800000|  0%| F|  |TAMS 0x0000000085700000, 0x0000000085700000| Untracked 
|  88|0x0000000085800000, 0x0000000085800000, 0x0000000085900000|  0%| F|  |TAMS 0x0000000085800000, 0x0000000085800000| Untracked 
|  89|0x0000000085900000, 0x0000000085900000, 0x0000000085a00000|  0%| F|  |TAMS 0x0000000085900000, 0x0000000085900000| Untracked 
|  90|0x0000000085a00000, 0x0000000085a00000, 0x0000000085b00000|  0%| F|  |TAMS 0x0000000085a00000, 0x0000000085a00000| Untracked 
|  91|0x0000000085b00000, 0x0000000085b00000, 0x0000000085c00000|  0%| F|  |TAMS 0x0000000085b00000, 0x0000000085b00000| Untracked 
|  92|0x0000000085c00000, 0x0000000085c00000, 0x0000000085d00000|  0%| F|  |TAMS 0x0000000085c00000, 0x0000000085c00000| Untracked 
|  93|0x0000000085d00000, 0x0000000085d00000, 0x0000000085e00000|  0%| F|  |TAMS 0x0000000085d00000, 0x0000000085d00000| Untracked 
|  94|0x0000000085e00000, 0x0000000085e00000, 0x0000000085f00000|  0%| F|  |TAMS 0x0000000085e00000, 0x0000000085e00000| Untracked 
|  95|0x0000000085f00000, 0x0000000085f00000, 0x0000000086000000|  0%| F|  |TAMS 0x0000000085f00000, 0x0000000085f00000| Untracked 
|  96|0x0000000086000000, 0x0000000086000000, 0x0000000086100000|  0%| F|  |TAMS 0x0000000086000000, 0x0000000086000000| Untracked 
|  97|0x0000000086100000, 0x0000000086100000, 0x0000000086200000|  0%| F|  |TAMS 0x0000000086100000, 0x0000000086100000| Untracked 
|  98|0x0000000086200000, 0x0000000086200000, 0x0000000086300000|  0%| F|  |TAMS 0x0000000086200000, 0x0000000086200000| Untracked 
|  99|0x0000000086300000, 0x0000000086300000, 0x0000000086400000|  0%| F|  |TAMS 0x0000000086300000, 0x0000000086300000| Untracked 
| 100|0x0000000086400000, 0x0000000086400000, 0x0000000086500000|  0%| F|  |TAMS 0x0000000086400000, 0x0000000086400000| Untracked 
| 101|0x0000000086500000, 0x0000000086500000, 0x0000000086600000|  0%| F|  |TAMS 0x0000000086500000, 0x0000000086500000| Untracked 
| 102|0x0000000086600000, 0x0000000086600000, 0x0000000086700000|  0%| F|  |TAMS 0x0000000086600000, 0x0000000086600000| Untracked 
| 103|0x0000000086700000, 0x0000000086700000, 0x0000000086800000|  0%| F|  |TAMS 0x0000000086700000, 0x0000000086700000| Untracked 
| 104|0x0000000086800000, 0x0000000086800000, 0x0000000086900000|  0%| F|  |TAMS 0x0000000086800000, 0x0000000086800000| Untracked 
| 105|0x0000000086900000, 0x0000000086900000, 0x0000000086a00000|  0%| F|  |TAMS 0x0000000086900000, 0x0000000086900000| Untracked 
| 106|0x0000000086a00000, 0x0000000086a00000, 0x0000000086b00000|  0%| F|  |TAMS 0x0000000086a00000, 0x0000000086a00000| Untracked 
| 107|0x0000000086b00000, 0x0000000086b00000, 0x0000000086c00000|  0%| F|  |TAMS 0x0000000086b00000, 0x0000000086b00000| Untracked 
| 108|0x0000000086c00000, 0x0000000086c00000, 0x0000000086d00000|  0%| F|  |TAMS 0x0000000086c00000, 0x0000000086c00000| Untracked 
| 109|0x0000000086d00000, 0x0000000086d00000, 0x0000000086e00000|  0%| F|  |TAMS 0x0000000086d00000, 0x0000000086d00000| Untracked 
| 110|0x0000000086e00000, 0x0000000086e00000, 0x0000000086f00000|  0%| F|  |TAMS 0x0000000086e00000, 0x0000000086e00000| Untracked 
| 111|0x0000000086f00000, 0x0000000086f00000, 0x0000000087000000|  0%| F|  |TAMS 0x0000000086f00000, 0x0000000086f00000| Untracked 
| 116|0x0000000087400000, 0x000000008749a7e0, 0x0000000087500000| 60%| E|  |TAMS 0x0000000087400000, 0x0000000087400000| Complete 
| 127|0x0000000087f00000, 0x0000000088000000, 0x0000000088000000|100%| E|CS|TAMS 0x0000000087f00000, 0x0000000087f00000| Complete 

Card table byte_map: [0x000001311fda0000,0x00000131201a0000] _byte_map_base: 0x000001311f9a0000

Marking Bits (Prev, Next): (CMBitMap*) 0x0000013108472b00, (CMBitMap*) 0x0000013108472b40
 Prev Bits: [0x00000131205a0000, 0x00000131225a0000)
 Next Bits: [0x00000131225a0000, 0x00000131245a0000)

Polling page: 0x0000013107c10000

Metaspace:

Usage:
  Non-class:     54.44 MB capacity,    53.86 MB ( 99%) used,   518.77 KB ( <1%) free+waste,    75.31 KB ( <1%) overhead. 
      Class:      8.04 MB capacity,     7.80 MB ( 97%) used,   215.02 KB (  3%) free+waste,    28.56 KB ( <1%) overhead. 
       Both:     62.48 MB capacity,    61.66 MB ( 99%) used,   733.80 KB (  1%) free+waste,   103.88 KB ( <1%) overhead. 

Virtual space:
  Non-class space:       56.00 MB reserved,      54.75 MB ( 98%) committed 
      Class space:        1.00 GB reserved,       8.12 MB ( <1%) committed 
             Both:        1.05 GB reserved,      62.87 MB (  6%) committed 

Chunk freelists:
   Non-Class:  145.00 KB
       Class:  63.00 KB
        Both:  208.00 KB

MaxMetaspaceSize: 17179869184.00 GB
CompressedClassSpaceSize: 1.00 GB

CodeHeap 'non-profiled nmethods': size=120000Kb used=3653Kb max_used=3653Kb free=116346Kb
 bounds [0x0000013118140000, 0x00000131184e0000, 0x000001311f670000]
CodeHeap 'profiled nmethods': size=120000Kb used=12813Kb max_used=12813Kb free=107186Kb
 bounds [0x0000013110c10000, 0x00000131118a0000, 0x0000013118140000]
CodeHeap 'non-nmethods': size=5760Kb used=2359Kb max_used=2470Kb free=3400Kb
 bounds [0x0000013110670000, 0x00000131108e0000, 0x0000013110c10000]
 total_blobs=7372 nmethods=6525 adapters=759
 compilation: enabled
              stopped_count=0, restarted_count=0
 full_count=0

Compilation events (20 events):
Event: 2076.031 Thread 0x0000013126fcf060 7314       1       org.gradle.api.internal.artifacts.ivyservice.DefaultArtifactCacheMetadata::getTransformsStoreDirectory (5 bytes)
Event: 2076.032 Thread 0x0000013126fcf060 nmethod 7314 0x00000131184c7d10 code [0x00000131184c7ea0, 0x00000131184c7f58]
Event: 2076.032 Thread 0x0000013126fcf060 7316       3       org.gradle.kotlin.dsl.provider.ScriptCacheRepository::cacheRootFor (21 bytes)
Event: 2076.032 Thread 0x0000013126fcf060 nmethod 7316 0x0000013111882110 code [0x00000131118822c0, 0x00000131118824b8]
Event: 2076.032 Thread 0x0000013126fcf060 7317       1       net.rubygrapefruit.platform.internal.WindowsFileStat::getLastModifiedTime (5 bytes)
Event: 2076.032 Thread 0x0000013126fcf060 nmethod 7317 0x00000131184c8010 code [0x00000131184c81a0, 0x00000131184c8258]
Event: 2076.032 Thread 0x0000013126fcf060 7318       1       net.rubygrapefruit.platform.internal.WindowsFileStat::getSize (5 bytes)
Event: 2076.032 Thread 0x0000013126fcf060 nmethod 7318 0x00000131184c8310 code [0x00000131184c84a0, 0x00000131184c8558]
Event: 2076.032 Thread 0x0000013126fcf060 7319       1       org.gradle.internal.file.impl.DefaultFileMetadata::getLength (5 bytes)
Event: 2076.032 Thread 0x0000013126fcf060 nmethod 7319 0x00000131184c8610 code [0x00000131184c87a0, 0x00000131184c8858]
Event: 2076.032 Thread 0x0000013126fcf060 7320       1       org.gradle.internal.file.impl.DefaultFileMetadata::getLastModified (5 bytes)
Event: 2076.032 Thread 0x0000013126fcf060 nmethod 7320 0x00000131184c8910 code [0x00000131184c8aa0, 0x00000131184c8b58]
Event: 2076.032 Thread 0x0000013126fcf060 7321       3       org.gradle.internal.vfs.impl.DefaultSnapshotHierarchy::getMetadata (44 bytes)
Event: 2076.033 Thread 0x0000013126fcf060 nmethod 7321 0x0000013111882610 code [0x0000013111882820, 0x0000013111882e08]
Event: 2076.035 Thread 0x0000013126fcf060 7322       3       org.gradle.internal.watch.vfs.impl.WatchingVirtualFileSystem::read (7 bytes)
Event: 2076.035 Thread 0x0000013126fcf060 nmethod 7322 0x0000013111883090 code [0x0000013111883240, 0x0000013111883468]
Event: 2076.035 Thread 0x0000013126fcf060 7323       3       org.gradle.internal.watch.vfs.impl.AbstractDelegatingVirtualFileSystem::read (10 bytes)
Event: 2076.035 Thread 0x0000013126fcf060 nmethod 7323 0x0000013111883590 code [0x0000013111883740, 0x0000013111883908]
Event: 2076.035 Thread 0x0000013126fcf060 7324       3       org.gradle.internal.vfs.impl.DefaultVirtualFileSystem$$Lambda$195/0x0000000800ee32a8::<init> (15 bytes)
Event: 2076.035 Thread 0x0000013126fcf060 nmethod 7324 0x0000013111883a10 code [0x0000013111883bc0, 0x0000013111883dd8]

GC Heap History (20 events):
Event: 3.810 GC heap before
{Heap before GC invocations=10 (full 0):
 garbage-first heap   total 82944K, used 57763K [0x0000000080000000, 0x0000000100000000)
  region size 1024K, 20 young (20480K), 5 survivors (5120K)
 Metaspace       used 37365K, capacity 38134K, committed 38268K, reserved 1083392K
  class space    used 4985K, capacity 5202K, committed 5244K, reserved 1048576K
}
Event: 3.813 GC heap after
{Heap after GC invocations=11 (full 0):
 garbage-first heap   total 82944K, used 44362K [0x0000000080000000, 0x0000000100000000)
  region size 1024K, 1 young (1024K), 1 survivors (1024K)
 Metaspace       used 37365K, capacity 38134K, committed 38268K, reserved 1083392K
  class space    used 4985K, capacity 5202K, committed 5244K, reserved 1048576K
}
Event: 4.030 GC heap before
{Heap before GC invocations=11 (full 0):
 garbage-first heap   total 82944K, used 60746K [0x0000000080000000, 0x0000000100000000)
  region size 1024K, 17 young (17408K), 1 survivors (1024K)
 Metaspace       used 41326K, capacity 42064K, committed 42236K, reserved 1085440K
  class space    used 5412K, capacity 5593K, committed 5628K, reserved 1048576K
}
Event: 4.032 GC heap after
{Heap after GC invocations=12 (full 0):
 garbage-first heap   total 82944K, used 45158K [0x0000000080000000, 0x0000000100000000)
  region size 1024K, 2 young (2048K), 2 survivors (2048K)
 Metaspace       used 41326K, capacity 42064K, committed 42236K, reserved 1085440K
  class space    used 5412K, capacity 5593K, committed 5628K, reserved 1048576K
}
Event: 4.306 GC heap before
{Heap before GC invocations=13 (full 0):
 garbage-first heap   total 82944K, used 61542K [0x0000000080000000, 0x0000000100000000)
  region size 1024K, 19 young (19456K), 2 survivors (2048K)
 Metaspace       used 44446K, capacity 45311K, committed 45564K, reserved 1089536K
  class space    used 5771K, capacity 6012K, committed 6140K, reserved 1048576K
}
Event: 4.309 GC heap after
{Heap after GC invocations=14 (full 0):
 garbage-first heap   total 82944K, used 46532K [0x0000000080000000, 0x0000000100000000)
  region size 1024K, 3 young (3072K), 3 survivors (3072K)
 Metaspace       used 44446K, capacity 45311K, committed 45564K, reserved 1089536K
  class space    used 5771K, capacity 6012K, committed 6140K, reserved 1048576K
}
Event: 4.460 GC heap before
{Heap before GC invocations=14 (full 0):
 garbage-first heap   total 82944K, used 61892K [0x0000000080000000, 0x0000000100000000)
  region size 1024K, 19 young (19456K), 3 survivors (3072K)
 Metaspace       used 45442K, capacity 46255K, committed 46460K, reserved 1089536K
  class space    used 5906K, capacity 6151K, committed 6268K, reserved 1048576K
}
Event: 4.464 GC heap after
{Heap after GC invocations=15 (full 0):
 garbage-first heap   total 82944K, used 48094K [0x0000000080000000, 0x0000000100000000)
  region size 1024K, 3 young (3072K), 3 survivors (3072K)
 Metaspace       used 45442K, capacity 46255K, committed 46460K, reserved 1089536K
  class space    used 5906K, capacity 6151K, committed 6268K, reserved 1048576K
}
Event: 4.613 GC heap before
{Heap before GC invocations=16 (full 0):
 garbage-first heap   total 87040K, used 62430K [0x0000000080000000, 0x0000000100000000)
  region size 1024K, 18 young (18432K), 3 survivors (3072K)
 Metaspace       used 47137K, capacity 47995K, committed 48124K, reserved 1091584K
  class space    used 6111K, capacity 6345K, committed 6396K, reserved 1048576K
}
Event: 4.616 GC heap after
{Heap after GC invocations=17 (full 0):
 garbage-first heap   total 87040K, used 49508K [0x0000000080000000, 0x0000000100000000)
  region size 1024K, 2 young (2048K), 2 survivors (2048K)
 Metaspace       used 47137K, capacity 47995K, committed 48124K, reserved 1091584K
  class space    used 6111K, capacity 6345K, committed 6396K, reserved 1048576K
}
Event: 5.008 GC heap before
{Heap before GC invocations=18 (full 0):
 garbage-first heap   total 92160K, used 68964K [0x0000000080000000, 0x0000000100000000)
  region size 1024K, 20 young (20480K), 2 survivors (2048K)
 Metaspace       used 50951K, capacity 51719K, committed 51836K, reserved 1093632K
  class space    used 6519K, capacity 6709K, committed 6780K, reserved 1048576K
}
Event: 5.011 GC heap after
{Heap after GC invocations=19 (full 0):
 garbage-first heap   total 92160K, used 50406K [0x0000000080000000, 0x0000000100000000)
  region size 1024K, 3 young (3072K), 3 survivors (3072K)
 Metaspace       used 50951K, capacity 51719K, committed 51836K, reserved 1093632K
  class space    used 6519K, capacity 6709K, committed 6780K, reserved 1048576K
}
Event: 5.230 GC heap before
{Heap before GC invocations=19 (full 0):
 garbage-first heap   total 92160K, used 72934K [0x0000000080000000, 0x0000000100000000)
  region size 1024K, 25 young (25600K), 3 survivors (3072K)
 Metaspace       used 52133K, capacity 52957K, committed 53116K, reserved 1095680K
  class space    used 6663K, capacity 6907K, committed 7036K, reserved 1048576K
}
Event: 5.234 GC heap after
{Heap after GC invocations=20 (full 0):
 garbage-first heap   total 92160K, used 53118K [0x0000000080000000, 0x0000000100000000)
  region size 1024K, 4 young (4096K), 4 survivors (4096K)
 Metaspace       used 52133K, capacity 52957K, committed 53116K, reserved 1095680K
  class space    used 6663K, capacity 6907K, committed 7036K, reserved 1048576K
}
Event: 5.468 GC heap before
{Heap before GC invocations=21 (full 0):
 garbage-first heap   total 97280K, used 72574K [0x0000000080000000, 0x0000000100000000)
  region size 1024K, 23 young (23552K), 4 survivors (4096K)
 Metaspace       used 54348K, capacity 55118K, committed 55420K, reserved 1097728K
  class space    used 6970K, capacity 7201K, committed 7292K, reserved 1048576K
}
Event: 5.472 GC heap after
{Heap after GC invocations=22 (full 0):
 garbage-first heap   total 116736K, used 55168K [0x0000000080000000, 0x0000000100000000)
  region size 1024K, 3 young (3072K), 3 survivors (3072K)
 Metaspace       used 54348K, capacity 55118K, committed 55420K, reserved 1097728K
  class space    used 6970K, capacity 7201K, committed 7292K, reserved 1048576K
}
Event: 5.934 GC heap before
{Heap before GC invocations=22 (full 0):
 garbage-first heap   total 116736K, used 89984K [0x0000000080000000, 0x0000000100000000)
  region size 1024K, 37 young (37888K), 3 survivors (3072K)
 Metaspace       used 58834K, capacity 59703K, committed 60028K, reserved 1101824K
  class space    used 7689K, capacity 7951K, committed 8060K, reserved 1048576K
}
Event: 5.939 GC heap after
{Heap after GC invocations=23 (full 0):
 garbage-first heap   total 116736K, used 57526K [0x0000000080000000, 0x0000000100000000)
  region size 1024K, 5 young (5120K), 5 survivors (5120K)
 Metaspace       used 58834K, capacity 59703K, committed 60028K, reserved 1101824K
  class space    used 7689K, capacity 7951K, committed 8060K, reserved 1048576K
}
Event: 1013.940 GC heap before
{Heap before GC invocations=24 (full 0):
 garbage-first heap   total 116736K, used 90294K [0x0000000080000000, 0x0000000100000000)
  region size 1024K, 38 young (38912K), 5 survivors (5120K)
 Metaspace       used 62678K, capacity 63567K, committed 63868K, reserved 1105920K
  class space    used 7984K, capacity 8211K, committed 8316K, reserved 1048576K
}
Event: 1013.949 GC heap after
{Heap after GC invocations=25 (full 0):
 garbage-first heap   total 116736K, used 58083K [0x0000000080000000, 0x0000000100000000)
  region size 1024K, 4 young (4096K), 4 survivors (4096K)
 Metaspace       used 62678K, capacity 63567K, committed 63868K, reserved 1105920K
  class space    used 7984K, capacity 8211K, committed 8316K, reserved 1048576K
}

Deoptimization events (20 events):
Event: 2075.839 Thread 0x000001312ce28e90 DEOPT PACKING pc=0x0000013118491760 sp=0x00000007d3bfabc0
Event: 2075.839 Thread 0x000001312ce28e90 DEOPT UNPACKING pc=0x00000131106be42f sp=0x00000007d3bfab48 mode 2
Event: 2075.839 Thread 0x000001312ce28e90 Uncommon trap: trap_request=0xffffffde fr.pc=0x0000013118491760 relative=0x00000000000000c0
Event: 2075.839 Thread 0x000001312ce28e90 Uncommon trap: reason=class_check action=maybe_recompile pc=0x0000013118491760 method=java.util.RegularEnumSet.contains(Ljava/lang/Object;)Z @ 38 c2
Event: 2075.839 Thread 0x000001312ce28e90 DEOPT PACKING pc=0x0000013118491760 sp=0x00000007d3bfac20
Event: 2075.839 Thread 0x000001312ce28e90 DEOPT UNPACKING pc=0x00000131106be42f sp=0x00000007d3bfaba8 mode 2
Event: 2075.972 Thread 0x000001312ce28e90 Uncommon trap: trap_request=0xffffffde fr.pc=0x00000131184a2e00 relative=0x0000000000000320
Event: 2075.972 Thread 0x000001312ce28e90 Uncommon trap: reason=class_check action=maybe_recompile pc=0x00000131184a2e00 method=java.util.stream.ReferencePipeline.forEachWithCancel(Ljava/util/Spliterator;Ljava/util/stream/Sink;)Z @ 1 c2
Event: 2075.972 Thread 0x000001312ce28e90 DEOPT PACKING pc=0x00000131184a2e00 sp=0x00000007d3bf97c0
Event: 2075.972 Thread 0x000001312ce28e90 DEOPT UNPACKING pc=0x00000131106be42f sp=0x00000007d3bf9618 mode 2
Event: 2075.987 Thread 0x000001312ce2c850 DEOPT PACKING pc=0x0000013110e5b24c sp=0x00000007d4ffd930
Event: 2075.987 Thread 0x000001312ce2c850 DEOPT UNPACKING pc=0x00000131106be23f sp=0x00000007d4ffceb0 mode 0
Event: 2075.997 Thread 0x000001312ce29360 DEOPT PACKING pc=0x0000013110e5b24c sp=0x00000007d49fdfb0
Event: 2075.997 Thread 0x000001312ce29360 DEOPT UNPACKING pc=0x00000131106be23f sp=0x00000007d49fd530 mode 0
Event: 2076.002 Thread 0x000001312ce29360 DEOPT PACKING pc=0x0000013110e5b24c sp=0x00000007d49fd7b0
Event: 2076.002 Thread 0x000001312ce29360 DEOPT UNPACKING pc=0x00000131106be23f sp=0x00000007d49fcd30 mode 0
Event: 2076.008 Thread 0x000001312ce2a1d0 DEOPT PACKING pc=0x0000013110e5b24c sp=0x00000007d56fd670
Event: 2076.008 Thread 0x000001312ce2a1d0 DEOPT UNPACKING pc=0x00000131106be23f sp=0x00000007d56fcbf0 mode 0
Event: 2076.035 Thread 0x0000013129af5f30 DEOPT PACKING pc=0x0000013110e5b24c sp=0x00000007d67fe970
Event: 2076.035 Thread 0x0000013129af5f30 DEOPT UNPACKING pc=0x00000131106be23f sp=0x00000007d67fdef0 mode 0

Classes unloaded (0 events):
No events

Classes redefined (0 events):
No events

Internal exceptions (20 events):
Event: 5.692 Thread 0x0000013128b32820 Exception <a 'java/lang/ClassNotFoundException'{0x00000000860a24e0}: com/android/build/gradle/internal/api/ApkVariantOutputImpl_DecoratedBeanInfo> (0x00000000860a24e0) 
thrown [./open/src/hotspot/share/classfile/systemDictionary.cpp, line 295]
Event: 5.692 Thread 0x0000013128b32820 Exception <a 'java/lang/ClassNotFoundException'{0x00000000860ab940}: com/android/build/gradle/internal/api/ApkVariantOutputImplBeanInfo> (0x00000000860ab940) 
thrown [./open/src/hotspot/share/classfile/systemDictionary.cpp, line 295]
Event: 5.692 Thread 0x0000013128b32820 Exception <a 'java/lang/ClassNotFoundException'{0x00000000860b4db0}: com/android/build/gradle/internal/api/BaseVariantOutputImplBeanInfo> (0x00000000860b4db0) 
thrown [./open/src/hotspot/share/classfile/systemDictionary.cpp, line 295]
Event: 5.693 Thread 0x0000013128b32820 Exception <a 'java/lang/ClassNotFoundException'{0x00000000860be1f8}: com/android/build/gradle/internal/api/BaseVariantOutputImplCustomizer> (0x00000000860be1f8) 
thrown [./open/src/hotspot/share/classfile/systemDictionary.cpp, line 295]
Event: 5.694 Thread 0x0000013128b32820 Exception <a 'java/lang/ClassNotFoundException'{0x00000000860d9d30}: com/android/build/gradle/internal/api/ApkVariantOutputImplCustomizer> (0x00000000860d9d30) 
thrown [./open/src/hotspot/share/classfile/systemDictionary.cpp, line 295]
Event: 5.695 Thread 0x0000013128b32820 Exception <a 'java/lang/ClassNotFoundException'{0x00000000860f08d0}: com/android/build/gradle/internal/api/ApkVariantOutputImpl_DecoratedCustomizer> (0x00000000860f08d0) 
thrown [./open/src/hotspot/share/classfile/systemDictionary.cpp, line 295]
Event: 5.710 Thread 0x0000013128b32820 Exception <a 'java/lang/ClassNotFoundException'{0x0000000085e28570}: com/android/build/gradle/internal/api/ReadOnlyBuildTypeBeanInfo> (0x0000000085e28570) 
thrown [./open/src/hotspot/share/classfile/systemDictionary.cpp, line 295]
Event: 5.710 Thread 0x0000013128b32820 Exception <a 'java/lang/ClassNotFoundException'{0x0000000085e32968}: com/android/build/gradle/internal/api/ReadOnlyBaseConfigBeanInfo> (0x0000000085e32968) 
thrown [./open/src/hotspot/share/classfile/systemDictionary.cpp, line 295]
Event: 5.710 Thread 0x0000013128b32820 Exception <a 'java/lang/ClassNotFoundException'{0x0000000085e3c038}: com/android/build/gradle/internal/api/ReadOnlyBaseConfigCustomizer> (0x0000000085e3c038) 
thrown [./open/src/hotspot/share/classfile/systemDictionary.cpp, line 295]
Event: 5.711 Thread 0x0000013128b32820 Exception <a 'java/lang/ClassNotFoundException'{0x0000000085e55bb8}: com/android/build/gradle/internal/api/ReadOnlyBuildTypeCustomizer> (0x0000000085e55bb8) 
thrown [./open/src/hotspot/share/classfile/systemDictionary.cpp, line 295]
Event: 5.792 Thread 0x0000013128b32820 Exception <a 'java/lang/ClassNotFoundException'{0x0000000085844de8}: org/gradle/api/internal/file/collections/DefaultConfigurableFileTreeBeanInfo> (0x0000000085844de8) 
thrown [./open/src/hotspot/share/classfile/systemDictionary.cpp, line 295]
Event: 5.792 Thread 0x0000013128b32820 Exception <a 'java/lang/ClassNotFoundException'{0x000000008584de48}: org/gradle/api/internal/file/CompositeFileTreeBeanInfo> (0x000000008584de48) 
thrown [./open/src/hotspot/share/classfile/systemDictionary.cpp, line 295]
Event: 5.792 Thread 0x0000013128b32820 Exception <a 'java/lang/ClassNotFoundException'{0x0000000085856f10}: org/gradle/api/internal/file/CompositeFileCollectionBeanInfo> (0x0000000085856f10) 
thrown [./open/src/hotspot/share/classfile/systemDictionary.cpp, line 295]
Event: 5.793 Thread 0x0000013128b32820 Exception <a 'java/lang/ClassNotFoundException'{0x000000008585ffd8}: org/gradle/api/internal/file/AbstractFileCollectionBeanInfo> (0x000000008585ffd8) 
thrown [./open/src/hotspot/share/classfile/systemDictionary.cpp, line 295]
Event: 5.793 Thread 0x0000013128b32820 Exception <a 'java/lang/ClassNotFoundException'{0x0000000085869070}: org/gradle/api/internal/file/AbstractFileCollectionCustomizer> (0x0000000085869070) 
thrown [./open/src/hotspot/share/classfile/systemDictionary.cpp, line 295]
Event: 5.794 Thread 0x0000013128b32820 Exception <a 'java/lang/ClassNotFoundException'{0x000000008587f590}: org/gradle/api/internal/file/CompositeFileCollectionCustomizer> (0x000000008587f590) 
thrown [./open/src/hotspot/share/classfile/systemDictionary.cpp, line 295]
Event: 5.795 Thread 0x0000013128b32820 Exception <a 'java/lang/ClassNotFoundException'{0x0000000085892078}: org/gradle/api/internal/file/CompositeFileTreeCustomizer> (0x0000000085892078) 
thrown [./open/src/hotspot/share/classfile/systemDictionary.cpp, line 295]
Event: 5.795 Thread 0x0000013128b32820 Exception <a 'java/lang/ClassNotFoundException'{0x00000000858a45c8}: org/gradle/api/internal/file/collections/DefaultConfigurableFileTreeCustomizer> (0x00000000858a45c8) 
thrown [./open/src/hotspot/share/classfile/systemDictionary.cpp, line 295]
Event: 5.818 Thread 0x0000013128b32820 Exception <a 'java/lang/NoSuchMethodError'{0x0000000085644048}: 'void java.lang.invoke.DirectMethodHandle$Holder.invokeStatic(java.lang.Object, java.lang.Object, java.lang.Object, java.lang.Object, java.lang.Object, java.lang.Object, java.lang.Object)'> (0x0000000085644048) 
thrown [./open/src/hotspot/share/interpreter/linkResolver.cpp, line 782]
Event: 5.939 Thread 0x0000013128b32350 Exception <a 'java/lang/NoSuchMethodError'{0x0000000084f0d8b0}: 'void java.lang.invoke.DirectMethodHandle$Holder.invokeVirtual(java.lang.Object, java.lang.Object)'> (0x0000000084f0d8b0) 
thrown [./open/src/hotspot/share/interpreter/linkResolver.cpp, line 782]

Events (20 events):
Event: 2075.984 Thread 0x000001312ce29d00 Thread added: 0x000001312ce29d00
Event: 2075.984 Thread 0x000001312ce2c850 Thread added: 0x000001312ce2c850
Event: 2075.984 Thread 0x000001312ce289c0 Thread added: 0x000001312ce289c0
Event: 2075.984 Thread 0x000001312ce2a1d0 Thread added: 0x000001312ce2a1d0
Event: 2075.984 Thread 0x000001312ce2cd20 Thread added: 0x000001312ce2cd20
Event: 2075.984 Thread 0x000001312ce2a6a0 Thread added: 0x000001312ce2a6a0
Event: 2075.990 Executing VM operation: HandshakeAllThreads
Event: 2075.990 Executing VM operation: HandshakeAllThreads done
Event: 2075.996 Thread 0x000001312b174a20 Thread added: 0x000001312b174a20
Event: 2076.022 Thread 0x000001312ce2ab70 Thread added: 0x000001312ce2ab70
Event: 2076.023 Thread 0x000001312ce2b040 Thread added: 0x000001312ce2b040
Event: 2076.025 Thread 0x000001312ce2b510 Thread added: 0x000001312ce2b510
Event: 2076.026 Thread 0x000001312ce2beb0 Thread added: 0x000001312ce2beb0
Event: 2076.027 Thread 0x0000013129af7270 Thread added: 0x0000013129af7270
Event: 2076.029 Thread 0x0000013129af5590 Thread added: 0x0000013129af5590
Event: 2076.030 Thread 0x0000013129af38b0 Thread added: 0x0000013129af38b0
Event: 2076.031 Thread 0x0000013129af6400 Thread added: 0x0000013129af6400
Event: 2076.032 Thread 0x0000013129af2f10 Thread added: 0x0000013129af2f10
Event: 2076.033 Thread 0x0000013129af4250 Thread added: 0x0000013129af4250
Event: 2076.035 Thread 0x0000013129af5f30 Thread added: 0x0000013129af5f30


Dynamic libraries:
0x00007ff7e3700000 - 0x00007ff7e370f000 	C:\Program Files\Java\jdk-15\bin\java.exe
0x00007ff8249d0000 - 0x00007ff824bc5000 	C:\WINDOWS\SYSTEM32\ntdll.dll
0x00007ff822d40000 - 0x00007ff822dfd000 	C:\WINDOWS\System32\KERNEL32.DLL
0x00007ff822370000 - 0x00007ff822638000 	C:\WINDOWS\System32\KERNELBASE.dll
0x00007ff822110000 - 0x00007ff822210000 	C:\WINDOWS\System32\ucrtbase.dll
0x00007ff81a950000 - 0x00007ff81a969000 	C:\Program Files\Java\jdk-15\bin\VCRUNTIME140.dll
0x00007ff809e70000 - 0x00007ff809e88000 	C:\Program Files\Java\jdk-15\bin\jli.dll
0x00007ff823c00000 - 0x00007ff823cac000 	C:\WINDOWS\System32\ADVAPI32.dll
0x00007ff822f80000 - 0x00007ff82301e000 	C:\WINDOWS\System32\msvcrt.dll
0x00007ff822ca0000 - 0x00007ff822d3b000 	C:\WINDOWS\System32\sechost.dll
0x00007ff8243b0000 - 0x00007ff8244db000 	C:\WINDOWS\System32\RPCRT4.dll
0x00007ff8240e0000 - 0x00007ff824280000 	C:\WINDOWS\System32\USER32.dll
0x00007ff822640000 - 0x00007ff822662000 	C:\WINDOWS\System32\win32u.dll
0x00007ff80af00000 - 0x00007ff80b19a000 	C:\WINDOWS\WinSxS\amd64_microsoft.windows.common-controls_6595b64144ccf1df_6.0.19041.844_none_ca00b6081b84eb1d\COMCTL32.dll
0x00007ff823cc0000 - 0x00007ff823cea000 	C:\WINDOWS\System32\GDI32.dll
0x00007ff822670000 - 0x00007ff82277b000 	C:\WINDOWS\System32\gdi32full.dll
0x00007ff822930000 - 0x00007ff8229cd000 	C:\WINDOWS\System32\msvcp_win.dll
0x00007ff81ffa0000 - 0x00007ff81ffaa000 	C:\WINDOWS\SYSTEM32\VERSION.dll
0x00007ff8244e0000 - 0x00007ff824510000 	C:\WINDOWS\System32\IMM32.DLL
0x00007ff81a810000 - 0x00007ff81a81c000 	C:\Program Files\Java\jdk-15\bin\vcruntime140_1.dll
0x00007ffff6ff0000 - 0x00007ffff7081000 	C:\Program Files\Java\jdk-15\bin\msvcp140.dll
0x00007fffeddf0000 - 0x00007fffee94c000 	C:\Program Files\Java\jdk-15\bin\server\jvm.dll
0x00007ff824760000 - 0x00007ff824768000 	C:\WINDOWS\System32\PSAPI.DLL
0x00007ff80e070000 - 0x00007ff80e079000 	C:\WINDOWS\SYSTEM32\WSOCK32.dll
0x00007ff813f80000 - 0x00007ff813fa7000 	C:\WINDOWS\SYSTEM32\WINMM.dll
0x00007ff824920000 - 0x00007ff82498b000 	C:\WINDOWS\System32\WS2_32.dll
0x00007ff8209d0000 - 0x00007ff8209e2000 	C:\WINDOWS\SYSTEM32\kernel.appcore.dll
0x00007ff81a650000 - 0x00007ff81a65a000 	C:\Program Files\Java\jdk-15\bin\jimage.dll
0x00007ff80b970000 - 0x00007ff80bb54000 	C:\WINDOWS\SYSTEM32\DBGHELP.DLL
0x00007ff80c9b0000 - 0x00007ff80c9dc000 	C:\WINDOWS\SYSTEM32\dbgcore.DLL
0x00007ff8227d0000 - 0x00007ff822850000 	C:\WINDOWS\System32\bcryptPrimitives.dll
0x00007ffffea10000 - 0x00007ffffea35000 	C:\Program Files\Java\jdk-15\bin\java.dll
0x00007ff8234b0000 - 0x00007ff823bf2000 	C:\WINDOWS\System32\SHELL32.dll
0x00007ff8201f0000 - 0x00007ff820981000 	C:\WINDOWS\SYSTEM32\windows.storage.dll
0x00007ff823cf0000 - 0x00007ff824045000 	C:\WINDOWS\System32\combase.dll
0x00007ff821b80000 - 0x00007ff821bac000 	C:\WINDOWS\SYSTEM32\Wldp.dll
0x00007ff822b20000 - 0x00007ff822bce000 	C:\WINDOWS\System32\SHCORE.dll
0x00007ff824620000 - 0x00007ff824675000 	C:\WINDOWS\System32\shlwapi.dll
0x00007ff822050000 - 0x00007ff82206f000 	C:\WINDOWS\SYSTEM32\profapi.dll
0x00007ff808e00000 - 0x00007ff808e19000 	C:\Program Files\Java\jdk-15\bin\net.dll
0x00007ff814430000 - 0x00007ff81453b000 	C:\WINDOWS\SYSTEM32\WINHTTP.dll
0x00007ff8218f0000 - 0x00007ff82195a000 	C:\WINDOWS\system32\mswsock.dll
0x00007ff806d20000 - 0x00007ff806d32000 	C:\Program Files\Java\jdk-15\bin\nio.dll
0x00007ffffefd0000 - 0x00007ffffefe8000 	C:\Program Files\Java\jdk-15\bin\zip.dll
0x00007ff81a5b0000 - 0x00007ff81a5c0000 	C:\Program Files\Java\jdk-15\bin\verify.dll
0x00007ff808450000 - 0x00007ff808477000 	C:\Users\Mendiratta\.gradle\native\f6784746aeab05261644944871eae4fe03e0ef1612fff0a4a95f87b438bc6780\windows-amd64\native-platform.dll
0x00007ff80e7c0000 - 0x00007ff80e7c9000 	C:\Program Files\Java\jdk-15\bin\management.dll
0x00007ff80c900000 - 0x00007ff80c90b000 	C:\Program Files\Java\jdk-15\bin\management_ext.dll
0x00007ff821ac0000 - 0x00007ff821ad8000 	C:\WINDOWS\SYSTEM32\CRYPTSP.dll
0x00007ff8211e0000 - 0x00007ff821214000 	C:\WINDOWS\system32\rsaenh.dll
0x00007ff822900000 - 0x00007ff822927000 	C:\WINDOWS\System32\bcrypt.dll
0x00007ff821fd0000 - 0x00007ff821ffe000 	C:\WINDOWS\SYSTEM32\USERENV.dll
0x00007ff821ae0000 - 0x00007ff821aec000 	C:\WINDOWS\SYSTEM32\CRYPTBASE.dll
0x00007ff821570000 - 0x00007ff8215ab000 	C:\WINDOWS\SYSTEM32\IPHLPAPI.DLL
0x00007ff822a30000 - 0x00007ff822a38000 	C:\WINDOWS\System32\NSI.dll
0x00007ff81ab10000 - 0x00007ff81ab27000 	C:\WINDOWS\SYSTEM32\dhcpcsvc6.DLL
0x00007ff81ab50000 - 0x00007ff81ab6d000 	C:\WINDOWS\SYSTEM32\dhcpcsvc.DLL
0x00007ff8215b0000 - 0x00007ff82167c000 	C:\WINDOWS\SYSTEM32\DNSAPI.dll
0x00007ff81aa50000 - 0x00007ff81aa5b000 	C:\WINDOWS\SYSTEM32\WINNSI.DLL

dbghelp: loaded successfully - version: 4.0.5 - missing functions: none
symbol engine: initialized successfully - sym options: 0x614 - pdb path: .;C:\Program Files\Java\jdk-15\bin;C:\WINDOWS\SYSTEM32;C:\WINDOWS\WinSxS\amd64_microsoft.windows.common-controls_6595b64144ccf1df_6.0.19041.844_none_ca00b6081b84eb1d;C:\Program Files\Java\jdk-15\bin\server;C:\Users\Mendiratta\.gradle\native\f6784746aeab05261644944871eae4fe03e0ef1612fff0a4a95f87b438bc6780\windows-amd64

VM Arguments:
jvm_args: --add-opens=java.base/java.util=ALL-UNNAMED --add-opens=java.base/java.lang=ALL-UNNAMED --add-opens=java.base/java.lang.invoke=ALL-UNNAMED --add-opens=java.prefs/java.util.prefs=ALL-UNNAMED -Xmx2048m -Dfile.encoding=UTF-8 -Duser.country=US -Duser.language=en -Duser.variant 
java_command: org.gradle.launcher.daemon.bootstrap.GradleDaemon 6.5
java_class_path (initial): C:\Users\Mendiratta\.gradle\wrapper\dists\gradle-6.5-bin\6nifqtx7604sqp1q6g8wikw7p\gradle-6.5\lib\gradle-launcher-6.5.jar
Launcher Type: SUN_STANDARD

[Global flags]
     intx CICompilerCount                          = 4                                         {product} {ergonomic}
     uint ConcGCThreads                            = 2                                         {product} {ergonomic}
     uint G1ConcRefinementThreads                  = 8                                         {product} {ergonomic}
   size_t G1HeapRegionSize                         = 1048576                                   {product} {ergonomic}
    uintx GCDrainStackTargetSize                   = 64                                        {product} {ergonomic}
   size_t InitialHeapSize                          = 134217728                                 {product} {ergonomic}
   size_t MarkStackSize                            = 4194304                                   {product} {ergonomic}
   size_t MaxHeapSize                              = 2147483648                                {product} {command line}
   size_t MaxNewSize                               = 1287651328                                {product} {ergonomic}
   size_t MinHeapDeltaBytes                        = 1048576                                   {product} {ergonomic}
   size_t MinHeapSize                              = 8388608                                   {product} {ergonomic}
    uintx NonNMethodCodeHeapSize                   = 5839372                                {pd product} {ergonomic}
    uintx NonProfiledCodeHeapSize                  = 122909434                              {pd product} {ergonomic}
    uintx ProfiledCodeHeapSize                     = 122909434                              {pd product} {ergonomic}
    uintx ReservedCodeCacheSize                    = 251658240                              {pd product} {ergonomic}
     bool SegmentedCodeCache                       = true                                      {product} {ergonomic}
   size_t SoftMaxHeapSize                          = 2147483648                             {manageable} {ergonomic}
     bool UseCompressedClassPointers               = true                                 {lp64_product} {ergonomic}
     bool UseCompressedOops                        = true                                 {lp64_product} {ergonomic}
     bool UseG1GC                                  = true                                      {product} {ergonomic}
     bool UseLargePagesIndividualAllocation        = false                                  {pd product} {ergonomic}

Logging:
Log output configuration:
 #0: stdout all=warning uptime,level,tags
 #1: stderr all=off uptime,level,tags

Environment Variables:
CLASSPATH=C:\Users\Mendiratta\AndroidStudioProjects\Bookerkotlin\\gradle\wrapper\gradle-wrapper.jar
PATH=C:\Python39\Scripts\;C:\Python39\;C:\Program Files\Common Files\Oracle\Java\javapath;C:\Program Files (x86)\Intel\iCLS Client\;C:\Program Files\Intel\iCLS Client\;C:\WINDOWS\system32;C:\WINDOWS;C:\WINDOWS\System32\Wbem;C:\WINDOWS\System32\WindowsPowerShell\v1.0\;C:\Program Files\Intel\WiFi\bin\;C:\Program Files\Common Files\Intel\WirelessCommon\;C:\Program Files (x86)\Intel\Intel(R) Management Engine Components\DAL;C:\Program Files\Intel\Intel(R) Management Engine Components\DAL;C:\Program Files (x86)\Intel\Intel(R) Management Engine Components\IPT;C:\Program Files\Intel\Intel(R) Management Engine Components\IPT;C:\WINDOWS\System32\OpenSSH\;C:\Program Files\Polyspace\R2019a\bin;C:\sqlite;C:\Users\Mendiratta\AppData\Local\Android\Sdk\platform-tools;C:\Program Files\nodejs\;C:\ProgramData\chocolatey\bin;C:\Program Files\Git\cmd;C:\Users\Mendiratta\AppData\Local\Microsoft\WindowsApps;C:\Users\Mendiratta\AppData\Roaming\Microsoft\Windows\Start Menu\Programs\Python 3.7;C:\Users\Mendiratta\AppData\Local\Programs\Python\Python37-32;;C:\Users\Mendiratta\AppData\Local\Programs\Microsoft VS Code\bin;C:\Users\Mendiratta\AppData\Roaming\npm
USERNAME=Mendiratta
OS=Windows_NT
PROCESSOR_IDENTIFIER=Intel64 Family 6 Model 142 Stepping 10, GenuineIntel



---------------  S Y S T E M  ---------------

OS:
 Windows 10 , 64 bit Build 19041 (10.0.19041.928)
OS uptime: 0 days 2:30 hours
HyperV virtualization detected

CPU: total 8 (initial active 8) (4 cores per cpu, 2 threads per core) family 6 model 142 stepping 10, cmov, cx8, fxsr, mmx, sse, sse2, sse3, ssse3, sse4.1, sse4.2, popcnt, vzeroupper, avx, avx2, aes, clmul, erms, 3dnowpref, lzcnt, ht, tsc, tscinvbit, bmi1, bmi2, adx, fma, clflush, clflushopt

Memory: 4k page, system-wide physical 8069M (1065M free)
TotalPageFile size 9093M (AvailPageFile size 1M)
current process WorkingSet (physical memory assigned to process): 299M, peak: 361M
current process commit charge ("private bytes"): 343M, peak: 411M

vm_info: Java HotSpot(TM) 64-Bit Server VM (15+36-1562) for windows-amd64 JRE (15+36-1562), built on Aug 11 2020 22:38:02 by "mach5one" with unknown MS VC++:1925

END.
