#
# There is insufficient memory for the Java Runtime Environment to continue.
# Native memory allocation (mmap) failed to map 2097152 bytes for G1 virtual space
# Possible reasons:
#   The system is out of physical RAM or swap space
#   The process is running with CompressedOops enabled, and the Java Heap may be blocking the growth of the native heap
# Possible solutions:
#   Reduce memory load on the system
#   Increase physical memory or swap space
#   Check if swap backing store is full
#   Decrease Java heap size (-Xmx/-Xms)
#   Decrease number of Java threads
#   Decrease Java thread stack sizes (-Xss)
#   Set larger code cache with -XX:ReservedCodeCacheSize=
#   JVM is running with Unscaled Compressed Oops mode in which the Java heap is
#     placed in the first 4GB address space. The Java Heap base address is the
#     maximum limit for the native heap growth. Please use -XX:HeapBaseMinAddress
#     to set the Java Heap base and to place the Java Heap above 4GB virtual address.
# This output file may be truncated or incomplete.
#
#  Out of Memory Error (./open/src/hotspot/os/windows/os_windows.cpp:3472), pid=10116, tid=3636
#
# JRE version:  (15.0+36) (build )
# Java VM: Java HotSpot(TM) 64-Bit Server VM (15+36-1562, mixed mode, sharing, tiered, compressed oops, g1 gc, windows-amd64)
# No core dump will be written. Minidumps are not enabled by default on client versions of Windows
#

---------------  S U M M A R Y ------------

Command Line: 

Host: Intel(R) Core(TM) i5-8250U CPU @ 1.60GHz, 8 cores, 7G,  Windows 10 , 64 bit Build 19041 (10.0.19041.804)
Time: Sat Apr 10 18:52:45 2021 India Standard Time elapsed time: 0.102144 seconds (0d 0h 0m 0s)

---------------  T H R E A D  ---------------

Current thread (0x000001724eb60a60):  JavaThread "Unknown thread" [_thread_in_vm, id=3636, stack(0x0000001d87500000,0x0000001d87600000)]

Stack: [0x0000001d87500000,0x0000001d87600000]
Native frames: (J=compiled Java code, j=interpreted, Vv=VM code, C=native code)
V  [jvm.dll+0x629eaa]
V  [jvm.dll+0x780379]
V  [jvm.dll+0x781ad3]
V  [jvm.dll+0x782133]
V  [jvm.dll+0x2159d5]
V  [jvm.dll+0x627299]
V  [jvm.dll+0x61bdd5]
V  [jvm.dll+0x2cf96d]
V  [jvm.dll+0x2cf7d2]
V  [jvm.dll+0x2d57ac]
V  [jvm.dll+0x32524d]
V  [jvm.dll+0x324904]
V  [jvm.dll+0x2a68ea]
V  [jvm.dll+0x2a7a88]
V  [jvm.dll+0x75d0f1]
V  [jvm.dll+0x333af4]
V  [jvm.dll+0x73d816]
V  [jvm.dll+0x3b68e7]
V  [jvm.dll+0x3b8371]
C  [jli.dll+0x52fb]
C  [ucrtbase.dll+0x21bb2]
C  [KERNEL32.DLL+0x17034]
C  [ntdll.dll+0x52651]


---------------  P R O C E S S  ---------------

Threads class SMR info:
_java_thread_list=0x00007ffbfb7d2fa0, length=0, elements={
}

Java Threads: ( => current thread )

Other Threads:
  0x000001724eb9f510 GCTaskThread "GC Thread#0" [stack: 0x0000001d87600000,0x0000001d87700000] [id=10812]
  0x000001724ebb0bc0 ConcurrentGCThread "G1 Main Marker" [stack: 0x0000001d87700000,0x0000001d87800000] [id=1528]
  0x000001724ebb1830 ConcurrentGCThread "G1 Conc#0" [stack: 0x0000001d87800000,0x0000001d87900000] [id=10516]

[error occurred during error reporting (printing all threads), id 0xc0000005, EXCEPTION_ACCESS_VIOLATION (0xc0000005) at pc=0x00007ffbfafc77b7]

VM state: not at safepoint (not fully initialized)

VM Mutex/Monitor currently owned by a thread:  ([mutex/lock_event])
[0x000001724eb5c4c0] Heap_lock - owner thread: 0x000001724eb60a60

Heap address: 0x0000000081e00000, size: 2018 MB, Compressed Oops mode: 32-bit
CDS archive(s) mapped at: [0x0000000000000000-0x0000000000000000-0x0000000000000000), size 0, SharedBaseAddress: 0x0000000800000000, ArchiveRelocationMode: 0.
Narrow klass base: 0x0000000000000000, Narrow klass shift: 0, Narrow klass range: 0x0

Heap:
 garbage-first heap   total 131072K, used 0K [0x0000000081e00000, 0x0000000100000000)
  region size 1024K, 0 young (0K), 0 survivors (0K)
 Metaspace       used 0K, capacity 0K, committed 0K, reserved 0K
  class space    used 0K, capacity 0K, committed 0K, reserved 0K

Heap Regions: E=young(eden), S=young(survivor), O=old, HS=humongous(starts), HC=humongous(continues), CS=collection set, F=free, OA=open archive, CA=closed archive, TAMS=top-at-mark-start (previous, next)

Card table byte_map: [0x00000172664d0000,0x00000172668d0000] _byte_map_base: 0x00000172660c1000

Marking Bits (Prev, Next): (CMBitMap*) 0x000001724eb9fd80, (CMBitMap*) 0x000001724eb9fdc0
 Prev Bits: [0x0000017266cd0000, 0x0000017268c58000)
 Next Bits: [0x0000017268c60000, 0x000001726abe8000)

GC Heap History (0 events):
No events

Deoptimization events (0 events):
No events

Classes unloaded (0 events):
No events

Classes redefined (0 events):
No events

Internal exceptions (0 events):
No events

Events (1 events):
Event: 0.058 Loaded shared library C:\Program Files\Java\jdk-15\bin\java.dll


Dynamic libraries:
0x00007ff6186d0000 - 0x00007ff6186df000 	C:\Program Files\Java\jdk-15\bin\java.exe
0x00007ffc329d0000 - 0x00007ffc32bc5000 	C:\WINDOWS\SYSTEM32\ntdll.dll
0x00007ffc30df0000 - 0x00007ffc30ead000 	C:\WINDOWS\System32\KERNEL32.DLL
0x00007ffc30520000 - 0x00007ffc307e9000 	C:\WINDOWS\System32\KERNELBASE.dll
0x00007ffc30110000 - 0x00007ffc30210000 	C:\WINDOWS\System32\ucrtbase.dll
0x00007ffc2a6a0000 - 0x00007ffc2a6b9000 	C:\Program Files\Java\jdk-15\bin\VCRUNTIME140.dll
0x00007ffc2a630000 - 0x00007ffc2a648000 	C:\Program Files\Java\jdk-15\bin\jli.dll
0x00007ffc30ca0000 - 0x00007ffc30d4c000 	C:\WINDOWS\System32\ADVAPI32.dll
0x00007ffc31910000 - 0x00007ffc319ae000 	C:\WINDOWS\System32\msvcrt.dll
0x00007ffc31860000 - 0x00007ffc318fc000 	C:\WINDOWS\System32\sechost.dll
0x00007ffc310f0000 - 0x00007ffc3121b000 	C:\WINDOWS\System32\RPCRT4.dll
0x00007ffc30a30000 - 0x00007ffc30bd0000 	C:\WINDOWS\System32\USER32.dll
0x00007ffc30a00000 - 0x00007ffc30a22000 	C:\WINDOWS\System32\win32u.dll
0x00007ffc30eb0000 - 0x00007ffc30eda000 	C:\WINDOWS\System32\GDI32.dll
0x00007ffc18c20000 - 0x00007ffc18eba000 	C:\WINDOWS\WinSxS\amd64_microsoft.windows.common-controls_6595b64144ccf1df_6.0.19041.844_none_ca00b6081b84eb1d\COMCTL32.dll
0x00007ffc308f0000 - 0x00007ffc309fb000 	C:\WINDOWS\System32\gdi32full.dll
0x00007ffc30270000 - 0x00007ffc3030d000 	C:\WINDOWS\System32\msvcp_win.dll
0x00007ffc20170000 - 0x00007ffc2017a000 	C:\WINDOWS\SYSTEM32\VERSION.dll
0x00007ffc32570000 - 0x00007ffc325a0000 	C:\WINDOWS\System32\IMM32.DLL
0x00007ffc2a690000 - 0x00007ffc2a69c000 	C:\Program Files\Java\jdk-15\bin\vcruntime140_1.dll
0x00007ffc03d10000 - 0x00007ffc03da1000 	C:\Program Files\Java\jdk-15\bin\msvcp140.dll
0x00007ffbfad10000 - 0x00007ffbfb86c000 	C:\Program Files\Java\jdk-15\bin\server\jvm.dll
0x00007ffc30dd0000 - 0x00007ffc30dd8000 	C:\WINDOWS\System32\PSAPI.DLL
0x00007ffc224f0000 - 0x00007ffc22517000 	C:\WINDOWS\SYSTEM32\WINMM.dll
0x00007ffc20300000 - 0x00007ffc20309000 	C:\WINDOWS\SYSTEM32\WSOCK32.dll
0x00007ffc32600000 - 0x00007ffc3266b000 	C:\WINDOWS\System32\WS2_32.dll
0x00007ffc2e9b0000 - 0x00007ffc2e9c2000 	C:\WINDOWS\SYSTEM32\kernel.appcore.dll
0x00007ffc2a490000 - 0x00007ffc2a49a000 	C:\Program Files\Java\jdk-15\bin\jimage.dll
0x00007ffc18a30000 - 0x00007ffc18c14000 	C:\WINDOWS\SYSTEM32\DBGHELP.DLL
0x00007ffc189b0000 - 0x00007ffc189dc000 	C:\WINDOWS\SYSTEM32\dbgcore.DLL
0x00007ffc30470000 - 0x00007ffc304f0000 	C:\WINDOWS\System32\bcryptPrimitives.dll
0x00007ffc12ea0000 - 0x00007ffc12ec5000 	C:\Program Files\Java\jdk-15\bin\java.dll

dbghelp: loaded successfully - version: 4.0.5 - missing functions: none
symbol engine: initialized successfully - sym options: 0x614 - pdb path: .;C:\Program Files\Java\jdk-15\bin;C:\WINDOWS\SYSTEM32;C:\WINDOWS\WinSxS\amd64_microsoft.windows.common-controls_6595b64144ccf1df_6.0.19041.844_none_ca00b6081b84eb1d;C:\Program Files\Java\jdk-15\bin\server

VM Arguments:
java_command: <unknown>
java_class_path (initial): <not set>
Launcher Type: SUN_STANDARD

[Global flags]
     intx CICompilerCount                          = 4                                         {product} {ergonomic}
     uint ConcGCThreads                            = 2                                         {product} {ergonomic}
     uint G1ConcRefinementThreads                  = 8                                         {product} {ergonomic}
   size_t G1HeapRegionSize                         = 1048576                                   {product} {ergonomic}
    uintx GCDrainStackTargetSize                   = 64                                        {product} {ergonomic}
   size_t InitialHeapSize                          = 134217728                                 {product} {ergonomic}
   size_t MarkStackSize                            = 4194304                                   {product} {ergonomic}
   size_t MaxHeapSize                              = 2116026368                                {product} {ergonomic}
   size_t MinHeapDeltaBytes                        = 1048576                                   {product} {ergonomic}
   size_t MinHeapSize                              = 8388608                                   {product} {ergonomic}
    uintx NonNMethodCodeHeapSize                   = 5839372                                {pd product} {ergonomic}
    uintx NonProfiledCodeHeapSize                  = 122909434                              {pd product} {ergonomic}
    uintx ProfiledCodeHeapSize                     = 122909434                              {pd product} {ergonomic}
    uintx ReservedCodeCacheSize                    = 251658240                              {pd product} {ergonomic}
     bool SegmentedCodeCache                       = true                                      {product} {ergonomic}
   size_t SoftMaxHeapSize                          = 2116026368                             {manageable} {ergonomic}
     bool UseCompressedClassPointers               = true                                 {lp64_product} {ergonomic}
     bool UseCompressedOops                        = true                                 {lp64_product} {ergonomic}
     bool UseG1GC                                  = true                                      {product} {ergonomic}
     bool UseLargePagesIndividualAllocation        = false                                  {pd product} {ergonomic}

Logging:
Log output configuration:
 #0: stdout all=warning uptime,level,tags
 #1: stderr all=off uptime,level,tags

Environment Variables:
PATH=C:\Python39\Scripts\;C:\Python39\;C:\Program Files\Common Files\Oracle\Java\javapath;C:\Program Files (x86)\Intel\iCLS Client\;C:\Program Files\Intel\iCLS Client\;C:\WINDOWS\system32;C:\WINDOWS;C:\WINDOWS\System32\Wbem;C:\WINDOWS\System32\WindowsPowerShell\v1.0\;C:\Program Files\Intel\WiFi\bin\;C:\Program Files\Common Files\Intel\WirelessCommon\;C:\Program Files (x86)\Intel\Intel(R) Management Engine Components\DAL;C:\Program Files\Intel\Intel(R) Management Engine Components\DAL;C:\Program Files (x86)\Intel\Intel(R) Management Engine Components\IPT;C:\Program Files\Intel\Intel(R) Management Engine Components\IPT;C:\WINDOWS\System32\OpenSSH\;C:\Program Files\Polyspace\R2019a\bin;C:\sqlite;C:\Users\Mendiratta\AppData\Local\Android\Sdk\platform-tools;C:\Program Files\nodejs\;C:\ProgramData\chocolatey\bin;C:\Program Files\Git\cmd;C:\Users\Mendiratta\AppData\Local\Microsoft\WindowsApps;C:\Users\Mendiratta\AppData\Roaming\Microsoft\Windows\Start Menu\Programs\Python 3.7;C:\Users\Mendiratta\AppData\Local\Programs\Python\Python37-32;;C:\Users\Mendiratta\AppData\Local\Programs\Microsoft VS Code\bin;C:\Users\Mendiratta\AppData\Roaming\npm
USERNAME=Mendiratta
OS=Windows_NT
PROCESSOR_IDENTIFIER=Intel64 Family 6 Model 142 Stepping 10, GenuineIntel



---------------  S Y S T E M  ---------------

OS:
 Windows 10 , 64 bit Build 19041 (10.0.19041.804)
OS uptime: 0 days 20:13 hours
HyperV virtualization detected

CPU: total 8 (initial active 8) (4 cores per cpu, 2 threads per core) family 6 model 142 stepping 10, cmov, cx8, fxsr, mmx, sse, sse2, sse3, ssse3, sse4.1, sse4.2, popcnt, vzeroupper, avx, avx2, aes, clmul, erms, 3dnowpref, lzcnt, ht, tsc, tscinvbit, bmi1, bmi2, adx, fma, clflush, clflushopt

Memory: 4k page, system-wide physical 8069M (1335M free)
TotalPageFile size 9093M (AvailPageFile size 5M)
current process WorkingSet (physical memory assigned to process): 10M, peak: 10M
current process commit charge ("private bytes"): 188M, peak: 190M

vm_info: Java HotSpot(TM) 64-Bit Server VM (15+36-1562) for windows-amd64 JRE (15+36-1562), built on Aug 11 2020 22:38:02 by "mach5one" with unknown MS VC++:1925

END.
