#
# There is insufficient memory for the Java Runtime Environment to continue.
# Native memory allocation (mmap) failed to map 134217728 bytes for G1 virtual space
# Possible reasons:
#   The system is out of physical RAM or swap space
#   The process is running with CompressedOops enabled, and the Java Heap may be blocking the growth of the native heap
# Possible solutions:
#   Reduce memory load on the system
#   Increase physical memory or swap space
#   Check if swap backing store is full
#   Decrease Java heap size (-Xmx/-Xms)
#   Decrease number of Java threads
#   Decrease Java thread stack sizes (-Xss)
#   Set larger code cache with -XX:ReservedCodeCacheSize=
#   JVM is running with Unscaled Compressed Oops mode in which the Java heap is
#     placed in the first 4GB address space. The Java Heap base address is the
#     maximum limit for the native heap growth. Please use -XX:HeapBaseMinAddress
#     to set the Java Heap base and to place the Java Heap above 4GB virtual address.
# This output file may be truncated or incomplete.
#
#  Out of Memory Error (./open/src/hotspot/os/windows/os_windows.cpp:3472), pid=8716, tid=14052
#
# JRE version:  (15.0+36) (build )
# Java VM: Java HotSpot(TM) 64-Bit Server VM (15+36-1562, mixed mode, sharing, tiered, compressed oops, g1 gc, windows-amd64)
# No core dump will be written. Minidumps are not enabled by default on client versions of Windows
#

---------------  S U M M A R Y ------------

Command Line: 

Host: Intel(R) Core(TM) i5-8250U CPU @ 1.60GHz, 8 cores, 7G,  Windows 10 , 64 bit Build 19041 (10.0.19041.928)
Time: Tue May  4 20:10:42 2021 India Standard Time elapsed time: 0.013108 seconds (0d 0h 0m 0s)

---------------  T H R E A D  ---------------

Current thread (0x000002806b19eef0):  JavaThread "Unknown thread" [_thread_in_vm, id=14052, stack(0x000000a519200000,0x000000a519300000)]

Stack: [0x000000a519200000,0x000000a519300000]
Native frames: (J=compiled Java code, j=interpreted, Vv=VM code, C=native code)
V  [jvm.dll+0x629eaa]
V  [jvm.dll+0x780379]
V  [jvm.dll+0x781ad3]
V  [jvm.dll+0x782133]
V  [jvm.dll+0x2159d5]
V  [jvm.dll+0x627299]
V  [jvm.dll+0x61bdd5]
V  [jvm.dll+0x2cf96d]
V  [jvm.dll+0x2cf7d2]
V  [jvm.dll+0x2d57ac]
V  [jvm.dll+0x32523a]
V  [jvm.dll+0x324904]
V  [jvm.dll+0x2a68ea]
V  [jvm.dll+0x2a7a88]
V  [jvm.dll+0x75d0f1]
V  [jvm.dll+0x333af4]
V  [jvm.dll+0x73d816]
V  [jvm.dll+0x3b68e7]
V  [jvm.dll+0x3b8371]
C  [jli.dll+0x52fb]
C  [ucrtbase.dll+0x21bb2]
C  [KERNEL32.DLL+0x17034]
C  [ntdll.dll+0x52651]


---------------  P R O C E S S  ---------------

Threads class SMR info:
_java_thread_list=0x00007fffee8b2fa0, length=0, elements={
}

Java Threads: ( => current thread )

Other Threads:
  0x000002806b1def20 GCTaskThread "GC Thread#0" [stack: 0x000000a519300000,0x000000a519400000] [id=11392]
  0x000002806b1f1360 ConcurrentGCThread "G1 Main Marker" [stack: 0x000000a519400000,0x000000a519500000] [id=6840]
  0x000002806b1f1ee0 ConcurrentGCThread "G1 Conc#0" [stack: 0x000000a519500000,0x000000a519600000] [id=9352]

[error occurred during error reporting (printing all threads), id 0xc0000005, EXCEPTION_ACCESS_VIOLATION (0xc0000005) at pc=0x00007fffee0a77b7]

VM state: not at safepoint (not fully initialized)

VM Mutex/Monitor currently owned by a thread:  ([mutex/lock_event])
[0x000002806b19b1a0] Heap_lock - owner thread: 0x000002806b19eef0

Heap address: 0x0000000081e00000, size: 2018 MB, Compressed Oops mode: 32-bit
CDS archive(s) mapped at: [0x0000000000000000-0x0000000000000000-0x0000000000000000), size 0, SharedBaseAddress: 0x0000000800000000, ArchiveRelocationMode: 0.
Narrow klass base: 0x0000000000000000, Narrow klass shift: 0, Narrow klass range: 0x0

Heap:
 garbage-first heap   total 131072K, used 0K [0x0000000081e00000, 0x0000000100000000)
  region size 1024K, 0 young (0K), 0 survivors (0K)
 Metaspace       used 0K, capacity 0K, committed 0K, reserved 0K
  class space    used 0K, capacity 0K, committed 0K, reserved 0K

Heap Regions: E=young(eden), S=young(survivor), O=old, HS=humongous(starts), HC=humongous(continues), CS=collection set, F=free, OA=open archive, CA=closed archive, TAMS=top-at-mark-start (previous, next)

Card table byte_map: [0x0000028073b20000,0x0000028073f20000] _byte_map_base: 0x0000028073711000

Marking Bits (Prev, Next): (CMBitMap*) 0x000002806b1e06b0, (CMBitMap*) 0x000002806b1e06f0
 Prev Bits: [0x0000028074320000, 0x00000280762a8000)
 Next Bits: [0x00000280762b0000, 0x0000028078238000)

GC Heap History (0 events):
No events

Deoptimization events (0 events):
No events

Classes unloaded (0 events):
No events

Classes redefined (0 events):
No events

Internal exceptions (0 events):
No events

Events (1 events):
Event: 0.008 Loaded shared library C:\Program Files\Java\jdk-15\bin\java.dll


Dynamic libraries:
0x00007ff7e3700000 - 0x00007ff7e370f000 	C:\Program Files\Java\jdk-15\bin\java.exe
0x00007ff8249d0000 - 0x00007ff824bc5000 	C:\WINDOWS\SYSTEM32\ntdll.dll
0x00007ff822d40000 - 0x00007ff822dfd000 	C:\WINDOWS\System32\KERNEL32.DLL
0x00007ff822370000 - 0x00007ff822638000 	C:\WINDOWS\System32\KERNELBASE.dll
0x00007ff822110000 - 0x00007ff822210000 	C:\WINDOWS\System32\ucrtbase.dll
0x00007ff81c660000 - 0x00007ff81c679000 	C:\Program Files\Java\jdk-15\bin\VCRUNTIME140.dll
0x00007ff81a990000 - 0x00007ff81a9a8000 	C:\Program Files\Java\jdk-15\bin\jli.dll
0x00007ff823c00000 - 0x00007ff823cac000 	C:\WINDOWS\System32\ADVAPI32.dll
0x00007ff822f80000 - 0x00007ff82301e000 	C:\WINDOWS\System32\msvcrt.dll
0x00007ff822ca0000 - 0x00007ff822d3b000 	C:\WINDOWS\System32\sechost.dll
0x00007ff8243b0000 - 0x00007ff8244db000 	C:\WINDOWS\System32\RPCRT4.dll
0x00007ff8240e0000 - 0x00007ff824280000 	C:\WINDOWS\System32\USER32.dll
0x00007ff822640000 - 0x00007ff822662000 	C:\WINDOWS\System32\win32u.dll
0x00007ff80af00000 - 0x00007ff80b19a000 	C:\WINDOWS\WinSxS\amd64_microsoft.windows.common-controls_6595b64144ccf1df_6.0.19041.844_none_ca00b6081b84eb1d\COMCTL32.dll
0x00007ff823cc0000 - 0x00007ff823cea000 	C:\WINDOWS\System32\GDI32.dll
0x00007ff822670000 - 0x00007ff82277b000 	C:\WINDOWS\System32\gdi32full.dll
0x00007ff822930000 - 0x00007ff8229cd000 	C:\WINDOWS\System32\msvcp_win.dll
0x00007ff81ffa0000 - 0x00007ff81ffaa000 	C:\WINDOWS\SYSTEM32\VERSION.dll
0x00007ff8244e0000 - 0x00007ff824510000 	C:\WINDOWS\System32\IMM32.DLL
0x00007ff81a980000 - 0x00007ff81a98c000 	C:\Program Files\Java\jdk-15\bin\vcruntime140_1.dll
0x00007ffffe870000 - 0x00007ffffe901000 	C:\Program Files\Java\jdk-15\bin\msvcp140.dll
0x00007fffeddf0000 - 0x00007fffee94c000 	C:\Program Files\Java\jdk-15\bin\server\jvm.dll
0x00007ff824760000 - 0x00007ff824768000 	C:\WINDOWS\System32\PSAPI.DLL
0x00007ff80e070000 - 0x00007ff80e079000 	C:\WINDOWS\SYSTEM32\WSOCK32.dll
0x00007ff813f80000 - 0x00007ff813fa7000 	C:\WINDOWS\SYSTEM32\WINMM.dll
0x00007ff824920000 - 0x00007ff82498b000 	C:\WINDOWS\System32\WS2_32.dll
0x00007ff8209d0000 - 0x00007ff8209e2000 	C:\WINDOWS\SYSTEM32\kernel.appcore.dll
0x00007ff81a970000 - 0x00007ff81a97a000 	C:\Program Files\Java\jdk-15\bin\jimage.dll
0x00007ff80b970000 - 0x00007ff80bb54000 	C:\WINDOWS\SYSTEM32\DBGHELP.DLL
0x00007ff80c9b0000 - 0x00007ff80c9dc000 	C:\WINDOWS\SYSTEM32\dbgcore.DLL
0x00007ff8227d0000 - 0x00007ff822850000 	C:\WINDOWS\System32\bcryptPrimitives.dll
0x00007ff81a830000 - 0x00007ff81a855000 	C:\Program Files\Java\jdk-15\bin\java.dll

dbghelp: loaded successfully - version: 4.0.5 - missing functions: none
symbol engine: initialized successfully - sym options: 0x614 - pdb path: .;C:\Program Files\Java\jdk-15\bin;C:\WINDOWS\SYSTEM32;C:\WINDOWS\WinSxS\amd64_microsoft.windows.common-controls_6595b64144ccf1df_6.0.19041.844_none_ca00b6081b84eb1d;C:\Program Files\Java\jdk-15\bin\server

VM Arguments:
java_command: <unknown>
java_class_path (initial): <not set>
Launcher Type: SUN_STANDARD

[Global flags]
     intx CICompilerCount                          = 4                                         {product} {ergonomic}
     uint ConcGCThreads                            = 2                                         {product} {ergonomic}
     uint G1ConcRefinementThreads                  = 8                                         {product} {ergonomic}
   size_t G1HeapRegionSize                         = 1048576                                   {product} {ergonomic}
    uintx GCDrainStackTargetSize                   = 64                                        {product} {ergonomic}
   size_t InitialHeapSize                          = 134217728                                 {product} {ergonomic}
   size_t MarkStackSize                            = 4194304                                   {product} {ergonomic}
   size_t MaxHeapSize                              = 2116026368                                {product} {ergonomic}
   size_t MinHeapDeltaBytes                        = 1048576                                   {product} {ergonomic}
   size_t MinHeapSize                              = 8388608                                   {product} {ergonomic}
    uintx NonNMethodCodeHeapSize                   = 5839372                                {pd product} {ergonomic}
    uintx NonProfiledCodeHeapSize                  = 122909434                              {pd product} {ergonomic}
    uintx ProfiledCodeHeapSize                     = 122909434                              {pd product} {ergonomic}
    uintx ReservedCodeCacheSize                    = 251658240                              {pd product} {ergonomic}
     bool SegmentedCodeCache                       = true                                      {product} {ergonomic}
   size_t SoftMaxHeapSize                          = 2116026368                             {manageable} {ergonomic}
     bool UseCompressedClassPointers               = true                                 {lp64_product} {ergonomic}
     bool UseCompressedOops                        = true                                 {lp64_product} {ergonomic}
     bool UseG1GC                                  = true                                      {product} {ergonomic}
     bool UseLargePagesIndividualAllocation        = false                                  {pd product} {ergonomic}

Logging:
Log output configuration:
 #0: stdout all=warning uptime,level,tags
 #1: stderr all=off uptime,level,tags

Environment Variables:
PATH=C:\Python39\Scripts\;C:\Python39\;C:\Program Files\Common Files\Oracle\Java\javapath;C:\Program Files (x86)\Intel\iCLS Client\;C:\Program Files\Intel\iCLS Client\;C:\WINDOWS\system32;C:\WINDOWS;C:\WINDOWS\System32\Wbem;C:\WINDOWS\System32\WindowsPowerShell\v1.0\;C:\Program Files\Intel\WiFi\bin\;C:\Program Files\Common Files\Intel\WirelessCommon\;C:\Program Files (x86)\Intel\Intel(R) Management Engine Components\DAL;C:\Program Files\Intel\Intel(R) Management Engine Components\DAL;C:\Program Files (x86)\Intel\Intel(R) Management Engine Components\IPT;C:\Program Files\Intel\Intel(R) Management Engine Components\IPT;C:\WINDOWS\System32\OpenSSH\;C:\Program Files\Polyspace\R2019a\bin;C:\sqlite;C:\Users\Mendiratta\AppData\Local\Android\Sdk\platform-tools;C:\Program Files\nodejs\;C:\ProgramData\chocolatey\bin;C:\Program Files\Git\cmd;C:\Users\Mendiratta\AppData\Local\Microsoft\WindowsApps;C:\Users\Mendiratta\AppData\Roaming\Microsoft\Windows\Start Menu\Programs\Python 3.7;C:\Users\Mendiratta\AppData\Local\Programs\Python\Python37-32;;C:\Users\Mendiratta\AppData\Local\Programs\Microsoft VS Code\bin;C:\Users\Mendiratta\AppData\Roaming\npm
USERNAME=Mendiratta
OS=Windows_NT
PROCESSOR_IDENTIFIER=Intel64 Family 6 Model 142 Stepping 10, GenuineIntel



---------------  S Y S T E M  ---------------

OS:
 Windows 10 , 64 bit Build 19041 (10.0.19041.928)
OS uptime: 0 days 1:53 hours
HyperV virtualization detected

CPU: total 8 (initial active 8) (4 cores per cpu, 2 threads per core) family 6 model 142 stepping 10, cmov, cx8, fxsr, mmx, sse, sse2, sse3, ssse3, sse4.1, sse4.2, popcnt, vzeroupper, avx, avx2, aes, clmul, erms, 3dnowpref, lzcnt, ht, tsc, tscinvbit, bmi1, bmi2, adx, fma, clflush, clflushopt

Memory: 4k page, system-wide physical 8069M (787M free)
TotalPageFile size 9093M (AvailPageFile size 29M)
current process WorkingSet (physical memory assigned to process): 10M, peak: 10M
current process commit charge ("private bytes"): 60M, peak: 188M

vm_info: Java HotSpot(TM) 64-Bit Server VM (15+36-1562) for windows-amd64 JRE (15+36-1562), built on Aug 11 2020 22:38:02 by "mach5one" with unknown MS VC++:1925

END.
