#
# There is insufficient memory for the Java Runtime Environment to continue.
# Native memory allocation (mmap) failed to map 16777216 bytes for G1 virtual space
# Possible reasons:
#   The system is out of physical RAM or swap space
#   The process is running with CompressedOops enabled, and the Java Heap may be blocking the growth of the native heap
# Possible solutions:
#   Reduce memory load on the system
#   Increase physical memory or swap space
#   Check if swap backing store is full
#   Decrease Java heap size (-Xmx/-Xms)
#   Decrease number of Java threads
#   Decrease Java thread stack sizes (-Xss)
#   Set larger code cache with -XX:ReservedCodeCacheSize=
#   JVM is running with Unscaled Compressed Oops mode in which the Java heap is
#     placed in the first 4GB address space. The Java Heap base address is the
#     maximum limit for the native heap growth. Please use -XX:HeapBaseMinAddress
#     to set the Java Heap base and to place the Java Heap above 4GB virtual address.
# This output file may be truncated or incomplete.
#
#  Out of Memory Error (./open/src/hotspot/os/windows/os_windows.cpp:3472), pid=5468, tid=11936
#
# JRE version: Java(TM) SE Runtime Environment (15.0+36) (build 15+36-1562)
# Java VM: Java HotSpot(TM) 64-Bit Server VM (15+36-1562, mixed mode, sharing, tiered, compressed oops, g1 gc, windows-amd64)
# No core dump will be written. Minidumps are not enabled by default on client versions of Windows
#

---------------  S U M M A R Y ------------

Command Line: --add-opens=java.base/java.util=ALL-UNNAMED --add-opens=java.base/java.lang=ALL-UNNAMED --add-opens=java.base/java.lang.invoke=ALL-UNNAMED --add-opens=java.prefs/java.util.prefs=ALL-UNNAMED -Xmx2048m -Dfile.encoding=UTF-8 -Duser.country=US -Duser.language=en -Duser.variant org.gradle.launcher.daemon.bootstrap.GradleDaemon 6.5

Host: Intel(R) Core(TM) i5-8250U CPU @ 1.60GHz, 8 cores, 7G,  Windows 10 , 64 bit Build 19041 (10.0.19041.928)
Time: Tue May  4 20:48:26 2021 India Standard Time elapsed time: 4.321044 seconds (0d 0h 0m 4s)

---------------  T H R E A D  ---------------

Current thread (0x000002775db63390):  VMThread "VM Thread" [stack: 0x000000d336900000,0x000000d336a00000] [id=11936]

Stack: [0x000000d336900000,0x000000d336a00000]
[error occurred during error reporting (printing stack bounds), id 0xc0000005, EXCEPTION_ACCESS_VIOLATION (0xc0000005) at pc=0x0000027746a510ad]

Native frames: (J=compiled Java code, j=interpreted, Vv=VM code, C=native code)
V  [jvm.dll+0x629eaa]
V  [jvm.dll+0x780379]
V  [jvm.dll+0x781ad3]
V  [jvm.dll+0x782095]
V  [jvm.dll+0x78204b]
V  [jvm.dll+0x629379]
V  [jvm.dll+0x629b48]
C  [ntdll.dll+0xa207f]
C  [ntdll.dll+0x51454]
C  [ntdll.dll+0xa0bae]
C  0x0000027746a510ad

VM_Operation (0x000000d3381f7080): G1CollectForAllocation, mode: safepoint, requested by thread 0x000002775f6f5f40


---------------  P R O C E S S  ---------------

Threads class SMR info:
_java_thread_list=0x00000277651fdca0, length=160, elements={
0x000002773d005730, 0x000002775db64f20, 0x000002775db65a00, 0x000002775db7ab10,
0x000002775db7e4f0, 0x000002775db7eeb0, 0x000002775db80c60, 0x000002775dba3630,
0x000002775dbb6710, 0x000002775e5dd690, 0x000002775e60b520, 0x000002775e6ab560,
0x00000277601a0130, 0x000002775f187c90, 0x000002775fc18340, 0x0000027760906db0,
0x000002775fb170b0, 0x00000277600d96c0, 0x000002775f775ef0, 0x000002775f6f5f40,
0x00000277605c20e0, 0x000002775fd74f80, 0x000002775fd77fa0, 0x000002775fd76790,
0x000002775fd77600, 0x000002775fd77ad0, 0x000002775fd762c0, 0x000002775fe973c0,
0x000002775fe96a20, 0x000002775fe9b720, 0x000002775fe9cf30, 0x000002775fe96550,
0x000002775fe97d60, 0x000002775fe990a0, 0x000002775fe99570, 0x000002775fe9ca60,
0x000002775fe99a40, 0x000002775fe9c0c0, 0x000002775fe9a3e0, 0x000002775fe9d400,
0x000002775fe9a8b0, 0x000002775fe9ad80, 0x0000027762d93130, 0x0000027762d90ab0,
0x0000027762d8bdb0, 0x0000027762d91df0, 0x0000027762d90110, 0x0000027762d91920,
0x0000027762d922c0, 0x0000027762d93600, 0x0000027762d8df60, 0x0000027762d8da90,
0x0000027762d92790, 0x0000027762d8d5c0, 0x0000027762d92c60, 0x0000027762d8e430,
0x0000027762d8f2a0, 0x0000027762d8c280, 0x0000027762d8f770, 0x0000027762d8d0f0,
0x0000027762d8e900, 0x0000027762d8edd0, 0x0000027762d8fc40, 0x0000027762d8c750,
0x0000027762d8cc20, 0x0000027762d905e0, 0x0000027762d90f80, 0x0000027762d91450,
0x0000027762df64f0, 0x0000027762df3e70, 0x0000027762df5680, 0x0000027762df5b50,
0x0000027762df4ce0, 0x0000027762df7830, 0x0000027762df99e0, 0x0000027762df4810,
0x0000027762df81d0, 0x0000027762df51b0, 0x0000027762dfb1f0, 0x0000027762df6020,
0x0000027762dfb6c0, 0x0000027762dfa850, 0x0000027762df86a0, 0x0000027762df69c0,
0x0000027762df4340, 0x0000027762df9eb0, 0x0000027762df9510, 0x0000027762df6e90,
0x0000027762df9040, 0x0000027762dfad20, 0x0000027762df7360, 0x0000027762df7d00,
0x0000027762df8b70, 0x0000027762dfa380, 0x00000277635cd4e0, 0x00000277635d09d0,
0x00000277635d26b0, 0x00000277635d1370, 0x00000277635d1840, 0x00000277635cc670,
0x00000277635d1d10, 0x00000277635ce820, 0x00000277635cd9b0, 0x00000277635d2b80,
0x00000277635cb330, 0x00000277635cfb60, 0x00000277635cb800, 0x00000277635d0500,
0x00000277635d0030, 0x00000277635cf1c0, 0x00000277635ce350, 0x00000277635cde80,
0x00000277635cbcd0, 0x00000277635cecf0, 0x00000277635cf690, 0x00000277635d0ea0,
0x00000277635cc1a0, 0x00000277635ccb40, 0x00000277635cd010, 0x0000027760d56e30,
0x0000027760d55620, 0x0000027760d55fc0, 0x0000027760d57ca0, 0x0000027760d57300,
0x0000027760d542e0, 0x0000027760d56960, 0x0000027760d55af0, 0x0000027760d56490,
0x0000027760d577d0, 0x0000027760d54c80, 0x0000027760d547b0, 0x0000027760d55150,
0x0000027761e963f0, 0x0000027761e99410, 0x0000027761e94710, 0x0000027761e985a0,
0x0000027761e94be0, 0x0000027761e968c0, 0x0000027761e99db0, 0x0000027761e92a30,
0x0000027761e92f00, 0x0000027761e998e0, 0x0000027761e9a280, 0x0000027761e950b0,
0x0000027761e933d0, 0x0000027761e938a0, 0x0000027761e98a70, 0x0000027761e96d90,
0x0000027761e93d70, 0x0000027761e94240, 0x0000027761e97c00, 0x0000027761e95a50,
0x0000027761e97260, 0x0000027761e980d0, 0x0000027761e95f20, 0x0000027761e95580,
0x0000027761e97730, 0x0000027761e98f40, 0x000002776311a9d0, 0x0000027763116b40
}

Java Threads: ( => current thread )
  0x000002773d005730 JavaThread "main" [_thread_blocked, id=13588, stack(0x000000d336300000,0x000000d336400000)]
  0x000002775db64f20 JavaThread "Reference Handler" daemon [_thread_blocked, id=4396, stack(0x000000d336a00000,0x000000d336b00000)]
  0x000002775db65a00 JavaThread "Finalizer" daemon [_thread_blocked, id=13320, stack(0x000000d336b00000,0x000000d336c00000)]
  0x000002775db7ab10 JavaThread "Signal Dispatcher" daemon [_thread_blocked, id=1460, stack(0x000000d336c00000,0x000000d336d00000)]
  0x000002775db7e4f0 JavaThread "Attach Listener" daemon [_thread_blocked, id=9080, stack(0x000000d336d00000,0x000000d336e00000)]
  0x000002775db7eeb0 JavaThread "Service Thread" daemon [_thread_blocked, id=8968, stack(0x000000d336e00000,0x000000d336f00000)]
  0x000002775db80c60 JavaThread "C2 CompilerThread0" daemon [_thread_in_native, id=7596, stack(0x000000d336f00000,0x000000d337000000)]
  0x000002775dba3630 JavaThread "C1 CompilerThread0" daemon [_thread_blocked, id=10800, stack(0x000000d337000000,0x000000d337100000)]
  0x000002775dbb6710 JavaThread "Sweeper thread" daemon [_thread_blocked, id=8548, stack(0x000000d337100000,0x000000d337200000)]
  0x000002775e5dd690 JavaThread "Common-Cleaner" daemon [_thread_blocked, id=6836, stack(0x000000d337200000,0x000000d337300000)]
  0x000002775e60b520 JavaThread "Notification Thread" daemon [_thread_blocked, id=10872, stack(0x000000d337300000,0x000000d337400000)]
  0x000002775e6ab560 JavaThread "C2 CompilerThread1" daemon [_thread_in_native, id=2960, stack(0x000000d337500000,0x000000d337600000)]
  0x00000277601a0130 JavaThread "C2 CompilerThread2" daemon [_thread_blocked, id=6564, stack(0x000000d337800000,0x000000d337900000)]
  0x000002775f187c90 JavaThread "Daemon health stats" [_thread_blocked, id=8464, stack(0x000000d337900000,0x000000d337a00000)]
  0x000002775fc18340 JavaThread "Incoming local TCP Connector on port 52092" [_thread_in_native, id=14200, stack(0x000000d337c00000,0x000000d337d00000)]
  0x0000027760906db0 JavaThread "Daemon periodic checks" [_thread_blocked, id=13268, stack(0x000000d337d00000,0x000000d337e00000)]
  0x000002775fb170b0 JavaThread "Daemon" [_thread_blocked, id=8768, stack(0x000000d337e00000,0x000000d337f00000)]
  0x00000277600d96c0 JavaThread "Handler for socket connection from /127.0.0.1:52092 to /127.0.0.1:52093" [_thread_in_native, id=3360, stack(0x000000d337f00000,0x000000d338000000)]
  0x000002775f775ef0 JavaThread "Cancel handler" [_thread_blocked, id=6468, stack(0x000000d338000000,0x000000d338100000)]
  0x000002775f6f5f40 JavaThread "Daemon worker" [_thread_blocked, id=6420, stack(0x000000d338100000,0x000000d338200000)]
  0x00000277605c20e0 JavaThread "Asynchronous log dispatcher for DefaultDaemonConnection: socket connection from /127.0.0.1:52092 to /127.0.0.1:52093" [_thread_blocked, id=6968, stack(0x000000d338200000,0x000000d338300000)]
  0x000002775fd74f80 JavaThread "Stdin handler" [_thread_blocked, id=12692, stack(0x000000d338300000,0x000000d338400000)]
  0x000002775fd77fa0 JavaThread "Thread-8" [_thread_blocked, id=10596, stack(0x000000d338400000,0x000000d338500000)]
  0x000002775fd76790 JavaThread "Cache worker for journal cache (C:\Users\Mendiratta\.gradle\caches\journal-1)" [_thread_blocked, id=8608, stack(0x000000d338500000,0x000000d338600000)]
  0x000002775fd77600 JavaThread "File lock request listener" [_thread_in_native, id=11592, stack(0x000000d338600000,0x000000d338700000)]
  0x000002775fd77ad0 JavaThread "Cache worker for file hash cache (C:\Users\Mendiratta\.gradle\caches\6.5\fileHashes)" [_thread_blocked, id=6696, stack(0x000000d338700000,0x000000d338800000)]
  0x000002775fd762c0 JavaThread "Cache worker for file hash cache (C:\Users\Mendiratta\AndroidStudioProjects\Bookerkotlin\.gradle\6.5\fileHashes)" [_thread_blocked, id=10972, stack(0x000000d338800000,0x000000d338900000)]
  0x000002775fe973c0 JavaThread "Cache worker for checksums cache (C:\Users\Mendiratta\AndroidStudioProjects\Bookerkotlin\.gradle\checksums)" [_thread_blocked, id=13052, stack(0x000000d338900000,0x000000d338a00000)]
  0x000002775fe96a20 JavaThread "Cache worker for cache directory md-supplier (C:\Users\Mendiratta\.gradle\caches\6.5\md-supplier)" [_thread_blocked, id=11612, stack(0x000000d338a00000,0x000000d338b00000)]
  0x000002775fe9b720 JavaThread "Cache worker for cache directory md-rule (C:\Users\Mendiratta\.gradle\caches\6.5\md-rule)" [_thread_blocked, id=8212, stack(0x000000d339000000,0x000000d339100000)]
  0x000002775fe9cf30 JavaThread "Cache worker for execution history cache (C:\Users\Mendiratta\.gradle\caches\6.5\executionHistory)" [_thread_blocked, id=2580, stack(0x000000d339100000,0x000000d339200000)]
  0x000002775fe96550 JavaThread "jar transforms" [_thread_blocked, id=8884, stack(0x000000d339300000,0x000000d339400000)]
  0x000002775fe97d60 JavaThread "Cache worker for file content cache (C:\Users\Mendiratta\.gradle\caches\6.5\fileContent)" [_thread_blocked, id=6464, stack(0x000000d339400000,0x000000d339500000)]
  0x000002775fe990a0 JavaThread "Build operations" [_thread_blocked, id=7836, stack(0x000000d339500000,0x000000d339600000)]
  0x000002775fe99570 JavaThread "Build operations Thread 2" [_thread_blocked, id=12980, stack(0x000000d339600000,0x000000d339700000)]
  0x000002775fe9ca60 JavaThread "Build operations Thread 3" [_thread_blocked, id=10416, stack(0x000000d339700000,0x000000d339800000)]
  0x000002775fe99a40 JavaThread "Build operations Thread 4" [_thread_blocked, id=6784, stack(0x000000d339800000,0x000000d339900000)]
  0x000002775fe9c0c0 JavaThread "Build operations Thread 5" [_thread_blocked, id=2632, stack(0x000000d339900000,0x000000d339a00000)]
  0x000002775fe9a3e0 JavaThread "Build operations Thread 6" [_thread_blocked, id=10180, stack(0x000000d339a00000,0x000000d339b00000)]
  0x000002775fe9d400 JavaThread "Build operations Thread 7" [_thread_blocked, id=1716, stack(0x000000d339b00000,0x000000d339c00000)]
  0x000002775fe9a8b0 JavaThread "Build operations Thread 8" [_thread_blocked, id=2448, stack(0x000000d339c00000,0x000000d339d00000)]
  0x000002775fe9ad80 JavaThread "jar transforms Thread 2" [_thread_blocked, id=6364, stack(0x000000d339d00000,0x000000d339e00000)]
  0x0000027762d93130 JavaThread "jar transforms Thread 3" [_thread_blocked, id=5996, stack(0x000000d339e00000,0x000000d339f00000)]
  0x0000027762d90ab0 JavaThread "jar transforms Thread 4" [_thread_blocked, id=8856, stack(0x000000d339f00000,0x000000d33a000000)]
  0x0000027762d8bdb0 JavaThread "jar transforms Thread 5" [_thread_blocked, id=6408, stack(0x000000d33a000000,0x000000d33a100000)]
  0x0000027762d91df0 JavaThread "jar transforms Thread 6" [_thread_blocked, id=14144, stack(0x000000d33a100000,0x000000d33a200000)]
  0x0000027762d90110 JavaThread "jar transforms Thread 7" [_thread_blocked, id=4500, stack(0x000000d33a200000,0x000000d33a300000)]
  0x0000027762d91920 JavaThread "jar transforms Thread 8" [_thread_blocked, id=9020, stack(0x000000d33a300000,0x000000d33a400000)]
  0x0000027762d922c0 JavaThread "jar transforms Thread 9" [_thread_blocked, id=9744, stack(0x000000d33a400000,0x000000d33a500000)]
  0x0000027762d93600 JavaThread "jar transforms Thread 10" [_thread_blocked, id=13928, stack(0x000000d33a500000,0x000000d33a600000)]
  0x0000027762d8df60 JavaThread "jar transforms Thread 11" [_thread_blocked, id=4044, stack(0x000000d33a600000,0x000000d33a700000)]
  0x0000027762d8da90 JavaThread "jar transforms Thread 12" [_thread_blocked, id=8288, stack(0x000000d33a700000,0x000000d33a800000)]
  0x0000027762d92790 JavaThread "jar transforms Thread 13" [_thread_blocked, id=14284, stack(0x000000d33a800000,0x000000d33a900000)]
  0x0000027762d8d5c0 JavaThread "jar transforms Thread 14" [_thread_blocked, id=5444, stack(0x000000d33a900000,0x000000d33aa00000)]
  0x0000027762d92c60 JavaThread "jar transforms Thread 15" [_thread_blocked, id=11552, stack(0x000000d33aa00000,0x000000d33ab00000)]
  0x0000027762d8e430 JavaThread "jar transforms Thread 16" [_thread_blocked, id=4596, stack(0x000000d33ab00000,0x000000d33ac00000)]
  0x0000027762d8f2a0 JavaThread "jar transforms Thread 17" [_thread_blocked, id=4520, stack(0x000000d33ac00000,0x000000d33ad00000)]
  0x0000027762d8c280 JavaThread "jar transforms Thread 18" [_thread_blocked, id=6920, stack(0x000000d33ad00000,0x000000d33ae00000)]
  0x0000027762d8f770 JavaThread "jar transforms Thread 19" [_thread_blocked, id=4564, stack(0x000000d33ae00000,0x000000d33af00000)]
  0x0000027762d8d0f0 JavaThread "jar transforms Thread 20" [_thread_blocked, id=5552, stack(0x000000d33af00000,0x000000d33b000000)]
  0x0000027762d8e900 JavaThread "jar transforms Thread 21" [_thread_blocked, id=6076, stack(0x000000d33b000000,0x000000d33b100000)]
  0x0000027762d8edd0 JavaThread "jar transforms Thread 22" [_thread_blocked, id=9704, stack(0x000000d33b100000,0x000000d33b200000)]
  0x0000027762d8fc40 JavaThread "jar transforms Thread 23" [_thread_blocked, id=1408, stack(0x000000d33b200000,0x000000d33b300000)]
  0x0000027762d8c750 JavaThread "jar transforms Thread 24" [_thread_blocked, id=7620, stack(0x000000d33b300000,0x000000d33b400000)]
  0x0000027762d8cc20 JavaThread "jar transforms Thread 25" [_thread_blocked, id=14188, stack(0x000000d33b400000,0x000000d33b500000)]
  0x0000027762d905e0 JavaThread "jar transforms Thread 26" [_thread_blocked, id=8128, stack(0x000000d33b500000,0x000000d33b600000)]
  0x0000027762d90f80 JavaThread "jar transforms Thread 27" [_thread_blocked, id=3300, stack(0x000000d33b600000,0x000000d33b700000)]
  0x0000027762d91450 JavaThread "jar transforms Thread 28" [_thread_blocked, id=11320, stack(0x000000d33b700000,0x000000d33b800000)]
  0x0000027762df64f0 JavaThread "jar transforms Thread 29" [_thread_blocked, id=5440, stack(0x000000d33b800000,0x000000d33b900000)]
  0x0000027762df3e70 JavaThread "jar transforms Thread 30" [_thread_blocked, id=10536, stack(0x000000d33b900000,0x000000d33ba00000)]
  0x0000027762df5680 JavaThread "jar transforms Thread 31" [_thread_blocked, id=5484, stack(0x000000d33ba00000,0x000000d33bb00000)]
  0x0000027762df5b50 JavaThread "jar transforms Thread 32" [_thread_blocked, id=8172, stack(0x000000d33bb00000,0x000000d33bc00000)]
  0x0000027762df4ce0 JavaThread "jar transforms Thread 33" [_thread_blocked, id=13668, stack(0x000000d33bc00000,0x000000d33bd00000)]
  0x0000027762df7830 JavaThread "jar transforms Thread 34" [_thread_blocked, id=9624, stack(0x000000d33bd00000,0x000000d33be00000)]
  0x0000027762df99e0 JavaThread "jar transforms Thread 35" [_thread_blocked, id=9164, stack(0x000000d33be00000,0x000000d33bf00000)]
  0x0000027762df4810 JavaThread "jar transforms Thread 36" [_thread_blocked, id=7912, stack(0x000000d33bf00000,0x000000d33c000000)]
  0x0000027762df81d0 JavaThread "jar transforms Thread 37" [_thread_blocked, id=6180, stack(0x000000d33c000000,0x000000d33c100000)]
  0x0000027762df51b0 JavaThread "jar transforms Thread 38" [_thread_blocked, id=5332, stack(0x000000d33c100000,0x000000d33c200000)]
  0x0000027762dfb1f0 JavaThread "jar transforms Thread 39" [_thread_blocked, id=2316, stack(0x000000d33c200000,0x000000d33c300000)]
  0x0000027762df6020 JavaThread "jar transforms Thread 40" [_thread_blocked, id=11044, stack(0x000000d33c300000,0x000000d33c400000)]
  0x0000027762dfb6c0 JavaThread "jar transforms Thread 41" [_thread_blocked, id=10688, stack(0x000000d33c400000,0x000000d33c500000)]
  0x0000027762dfa850 JavaThread "jar transforms Thread 42" [_thread_blocked, id=14316, stack(0x000000d33c500000,0x000000d33c600000)]
  0x0000027762df86a0 JavaThread "jar transforms Thread 43" [_thread_blocked, id=8812, stack(0x000000d33c600000,0x000000d33c700000)]
  0x0000027762df69c0 JavaThread "jar transforms Thread 44" [_thread_blocked, id=13152, stack(0x000000d33c700000,0x000000d33c800000)]
  0x0000027762df4340 JavaThread "jar transforms Thread 45" [_thread_blocked, id=8240, stack(0x000000d33c800000,0x000000d33c900000)]
  0x0000027762df9eb0 JavaThread "jar transforms Thread 46" [_thread_blocked, id=13512, stack(0x000000d33c900000,0x000000d33ca00000)]
  0x0000027762df9510 JavaThread "jar transforms Thread 47" [_thread_blocked, id=4120, stack(0x000000d33ca00000,0x000000d33cb00000)]
  0x0000027762df6e90 JavaThread "jar transforms Thread 48" [_thread_blocked, id=10032, stack(0x000000d33cb00000,0x000000d33cc00000)]
  0x0000027762df9040 JavaThread "jar transforms Thread 49" [_thread_blocked, id=3900, stack(0x000000d33cc00000,0x000000d33cd00000)]
  0x0000027762dfad20 JavaThread "jar transforms Thread 50" [_thread_blocked, id=10644, stack(0x000000d33cd00000,0x000000d33ce00000)]
  0x0000027762df7360 JavaThread "jar transforms Thread 51" [_thread_blocked, id=2604, stack(0x000000d33ce00000,0x000000d33cf00000)]
  0x0000027762df7d00 JavaThread "jar transforms Thread 52" [_thread_blocked, id=8656, stack(0x000000d33cf00000,0x000000d33d000000)]
  0x0000027762df8b70 JavaThread "jar transforms Thread 53" [_thread_blocked, id=9304, stack(0x000000d33d000000,0x000000d33d100000)]
  0x0000027762dfa380 JavaThread "jar transforms Thread 54" [_thread_blocked, id=3144, stack(0x000000d33d100000,0x000000d33d200000)]
  0x00000277635cd4e0 JavaThread "jar transforms Thread 55" [_thread_blocked, id=10208, stack(0x000000d33d200000,0x000000d33d300000)]
  0x00000277635d09d0 JavaThread "jar transforms Thread 56" [_thread_blocked, id=6884, stack(0x000000d33d300000,0x000000d33d400000)]
  0x00000277635d26b0 JavaThread "jar transforms Thread 57" [_thread_blocked, id=10940, stack(0x000000d33d400000,0x000000d33d500000)]
  0x00000277635d1370 JavaThread "jar transforms Thread 58" [_thread_blocked, id=10176, stack(0x000000d33d500000,0x000000d33d600000)]
  0x00000277635d1840 JavaThread "jar transforms Thread 59" [_thread_blocked, id=2856, stack(0x000000d33d600000,0x000000d33d700000)]
  0x00000277635cc670 JavaThread "jar transforms Thread 60" [_thread_blocked, id=11448, stack(0x000000d33d700000,0x000000d33d800000)]
  0x00000277635d1d10 JavaThread "jar transforms Thread 61" [_thread_blocked, id=4108, stack(0x000000d33d800000,0x000000d33d900000)]
  0x00000277635ce820 JavaThread "jar transforms Thread 62" [_thread_blocked, id=11372, stack(0x000000d33d900000,0x000000d33da00000)]
  0x00000277635cd9b0 JavaThread "jar transforms Thread 63" [_thread_blocked, id=12760, stack(0x000000d33da00000,0x000000d33db00000)]
  0x00000277635d2b80 JavaThread "jar transforms Thread 64" [_thread_blocked, id=8520, stack(0x000000d33db00000,0x000000d33dc00000)]
  0x00000277635cb330 JavaThread "jar transforms Thread 65" [_thread_blocked, id=13560, stack(0x000000d33dc00000,0x000000d33dd00000)]
  0x00000277635cfb60 JavaThread "jar transforms Thread 66" [_thread_blocked, id=7200, stack(0x000000d33dd00000,0x000000d33de00000)]
  0x00000277635cb800 JavaThread "jar transforms Thread 67" [_thread_blocked, id=13620, stack(0x000000d33de00000,0x000000d33df00000)]
  0x00000277635d0500 JavaThread "jar transforms Thread 68" [_thread_blocked, id=13508, stack(0x000000d33df00000,0x000000d33e000000)]
  0x00000277635d0030 JavaThread "jar transforms Thread 69" [_thread_blocked, id=13380, stack(0x000000d33e000000,0x000000d33e100000)]
  0x00000277635cf1c0 JavaThread "jar transforms Thread 70" [_thread_blocked, id=8396, stack(0x000000d33e100000,0x000000d33e200000)]
  0x00000277635ce350 JavaThread "jar transforms Thread 71" [_thread_blocked, id=13744, stack(0x000000d33e200000,0x000000d33e300000)]
  0x00000277635cde80 JavaThread "jar transforms Thread 72" [_thread_blocked, id=10036, stack(0x000000d33e300000,0x000000d33e400000)]
  0x00000277635cbcd0 JavaThread "jar transforms Thread 73" [_thread_blocked, id=10224, stack(0x000000d33e400000,0x000000d33e500000)]
  0x00000277635cecf0 JavaThread "jar transforms Thread 74" [_thread_blocked, id=9320, stack(0x000000d33e500000,0x000000d33e600000)]
  0x00000277635cf690 JavaThread "jar transforms Thread 75" [_thread_blocked, id=1732, stack(0x000000d33e600000,0x000000d33e700000)]
  0x00000277635d0ea0 JavaThread "jar transforms Thread 76" [_thread_blocked, id=1472, stack(0x000000d33e700000,0x000000d33e800000)]
  0x00000277635cc1a0 JavaThread "jar transforms Thread 77" [_thread_blocked, id=4756, stack(0x000000d33e800000,0x000000d33e900000)]
  0x00000277635ccb40 JavaThread "jar transforms Thread 78" [_thread_blocked, id=7216, stack(0x000000d33e900000,0x000000d33ea00000)]
  0x00000277635cd010 JavaThread "jar transforms Thread 79" [_thread_blocked, id=9716, stack(0x000000d33ea00000,0x000000d33eb00000)]
  0x0000027760d56e30 JavaThread "jar transforms Thread 80" [_thread_blocked, id=8448, stack(0x000000d33eb00000,0x000000d33ec00000)]
  0x0000027760d55620 JavaThread "jar transforms Thread 81" [_thread_blocked, id=6732, stack(0x000000d33ec00000,0x000000d33ed00000)]
  0x0000027760d55fc0 JavaThread "jar transforms Thread 82" [_thread_blocked, id=14000, stack(0x000000d33ed00000,0x000000d33ee00000)]
  0x0000027760d57ca0 JavaThread "jar transforms Thread 83" [_thread_blocked, id=10952, stack(0x000000d33ee00000,0x000000d33ef00000)]
  0x0000027760d57300 JavaThread "jar transforms Thread 84" [_thread_blocked, id=7816, stack(0x000000d33ef00000,0x000000d33f000000)]
  0x0000027760d542e0 JavaThread "jar transforms Thread 85" [_thread_blocked, id=6560, stack(0x000000d33f000000,0x000000d33f100000)]
  0x0000027760d56960 JavaThread "jar transforms Thread 86" [_thread_blocked, id=440, stack(0x000000d33f100000,0x000000d33f200000)]
  0x0000027760d55af0 JavaThread "jar transforms Thread 87" [_thread_blocked, id=7312, stack(0x000000d33f200000,0x000000d33f300000)]
  0x0000027760d56490 JavaThread "jar transforms Thread 88" [_thread_blocked, id=9976, stack(0x000000d33f300000,0x000000d33f400000)]
  0x0000027760d577d0 JavaThread "jar transforms Thread 89" [_thread_blocked, id=10676, stack(0x000000d33f400000,0x000000d33f500000)]
  0x0000027760d54c80 JavaThread "jar transforms Thread 90" [_thread_blocked, id=13296, stack(0x000000d33f500000,0x000000d33f600000)]
  0x0000027760d547b0 JavaThread "jar transforms Thread 91" [_thread_blocked, id=11544, stack(0x000000d33f600000,0x000000d33f700000)]
  0x0000027760d55150 JavaThread "jar transforms Thread 92" [_thread_blocked, id=12104, stack(0x000000d33f700000,0x000000d33f800000)]
  0x0000027761e963f0 JavaThread "jar transforms Thread 93" [_thread_blocked, id=6852, stack(0x000000d33f800000,0x000000d33f900000)]
  0x0000027761e99410 JavaThread "jar transforms Thread 94" [_thread_blocked, id=5708, stack(0x000000d33f900000,0x000000d33fa00000)]
  0x0000027761e94710 JavaThread "jar transforms Thread 95" [_thread_blocked, id=13992, stack(0x000000d33fa00000,0x000000d33fb00000)]
  0x0000027761e985a0 JavaThread "jar transforms Thread 96" [_thread_blocked, id=6380, stack(0x000000d33fb00000,0x000000d33fc00000)]
  0x0000027761e94be0 JavaThread "jar transforms Thread 97" [_thread_blocked, id=13248, stack(0x000000d33fc00000,0x000000d33fd00000)]
  0x0000027761e968c0 JavaThread "jar transforms Thread 98" [_thread_blocked, id=14320, stack(0x000000d33fd00000,0x000000d33fe00000)]
  0x0000027761e99db0 JavaThread "jar transforms Thread 99" [_thread_blocked, id=9516, stack(0x000000d33fe00000,0x000000d33ff00000)]
  0x0000027761e92a30 JavaThread "jar transforms Thread 100" [_thread_blocked, id=10728, stack(0x000000d33ff00000,0x000000d340000000)]
  0x0000027761e92f00 JavaThread "jar transforms Thread 101" [_thread_blocked, id=13804, stack(0x000000d340000000,0x000000d340100000)]
  0x0000027761e998e0 JavaThread "jar transforms Thread 102" [_thread_blocked, id=8568, stack(0x000000d340100000,0x000000d340200000)]
  0x0000027761e9a280 JavaThread "jar transforms Thread 103" [_thread_blocked, id=10924, stack(0x000000d340200000,0x000000d340300000)]
  0x0000027761e950b0 JavaThread "jar transforms Thread 104" [_thread_blocked, id=10024, stack(0x000000d340300000,0x000000d340400000)]
  0x0000027761e933d0 JavaThread "jar transforms Thread 105" [_thread_blocked, id=13308, stack(0x000000d340400000,0x000000d340500000)]
  0x0000027761e938a0 JavaThread "jar transforms Thread 106" [_thread_blocked, id=8896, stack(0x000000d340500000,0x000000d340600000)]
  0x0000027761e98a70 JavaThread "jar transforms Thread 107" [_thread_blocked, id=3028, stack(0x000000d340600000,0x000000d340700000)]
  0x0000027761e96d90 JavaThread "jar transforms Thread 108" [_thread_blocked, id=10412, stack(0x000000d340700000,0x000000d340800000)]
  0x0000027761e93d70 JavaThread "jar transforms Thread 109" [_thread_blocked, id=11992, stack(0x000000d340800000,0x000000d340900000)]
  0x0000027761e94240 JavaThread "jar transforms Thread 110" [_thread_blocked, id=8340, stack(0x000000d340900000,0x000000d340a00000)]
  0x0000027761e97c00 JavaThread "jar transforms Thread 111" [_thread_blocked, id=4184, stack(0x000000d340a00000,0x000000d340b00000)]
  0x0000027761e95a50 JavaThread "jar transforms Thread 112" [_thread_blocked, id=9132, stack(0x000000d340b00000,0x000000d340c00000)]
  0x0000027761e97260 JavaThread "jar transforms Thread 113" [_thread_blocked, id=13984, stack(0x000000d340c00000,0x000000d340d00000)]
  0x0000027761e980d0 JavaThread "jar transforms Thread 114" [_thread_blocked, id=1664, stack(0x000000d340d00000,0x000000d340e00000)]
  0x0000027761e95f20 JavaThread "jar transforms Thread 115" [_thread_blocked, id=14272, stack(0x000000d340e00000,0x000000d340f00000)]
  0x0000027761e95580 JavaThread "jar transforms Thread 116" [_thread_blocked, id=7368, stack(0x000000d340f00000,0x000000d341000000)]
  0x0000027761e97730 JavaThread "jar transforms Thread 117" [_thread_blocked, id=9900, stack(0x000000d341000000,0x000000d341100000)]
  0x0000027761e98f40 JavaThread "jar transforms Thread 118" [_thread_blocked, id=12244, stack(0x000000d341100000,0x000000d341200000)]
  0x000002776311a9d0 JavaThread "jar transforms Thread 119" [_thread_blocked, id=2988, stack(0x000000d341200000,0x000000d341300000)]
  0x0000027763116b40 JavaThread "Cache worker for Build Output Cleanup Cache (C:\Users\Mendiratta\AndroidStudioProjects\Bookerkotlin\.gradle\buildOutputCleanup)" [_thread_blocked, id=5560, stack(0x000000d341300000,0x000000d341400000)]

Other Threads:
=>0x000002775db63390 VMThread "VM Thread" [stack: 0x000000d336900000,0x000000d336a00000] [id=11936]
  0x000002775e60e620 WatcherThread [stack: 0x000000d337400000,0x000000d337500000] [id=4440]
  0x000002773d0425c0 GCTaskThread "GC Thread#0" [stack: 0x000000d336400000,0x000000d336500000] [id=12496]
  0x000002775eaeaa70 GCTaskThread "GC Thread#1" [stack: 0x000000d337600000,0x000000d337700000] [id=2312]
  0x000002775eaeba60 GCTaskThread "GC Thread#2" [stack: 0x000000d337700000,0x000000d337800000] [id=10892]
  0x000002775fa14d70 GCTaskThread "GC Thread#3" [stack: 0x000000d338b00000,0x000000d338c00000] [id=8088]
  0x000002775fa11740 GCTaskThread "GC Thread#4" [stack: 0x000000d338c00000,0x000000d338d00000] [id=11016]
  0x000002775fa13a50 GCTaskThread "GC Thread#5" [stack: 0x000000d338d00000,0x000000d338e00000] [id=13236]
  0x000002775fa120d0 GCTaskThread "GC Thread#6" [stack: 0x000000d338e00000,0x000000d338f00000] [id=7624]
  0x000002775fa14710 GCTaskThread "GC Thread#7" [stack: 0x000000d338f00000,0x000000d339000000] [id=7376]
  0x000002773d0557c0 ConcurrentGCThread "G1 Main Marker" [stack: 0x000000d336500000,0x000000d336600000] [id=12764]
  0x000002773d056340 ConcurrentGCThread "G1 Conc#0" [stack: 0x000000d336600000,0x000000d336700000] [id=1820]
  0x000002775fa13d80 ConcurrentGCThread "G1 Conc#1" [stack: 0x000000d339200000,0x000000d339300000] [id=11472]
  0x000002773d0d49e0 ConcurrentGCThread "G1 Refine#0" [stack: 0x000000d336700000,0x000000d336800000] [id=1432]
  0x000002773d0d5570 ConcurrentGCThread "G1 Young RemSet Sampling" [stack: 0x000000d336800000,0x000000d336900000] [id=7856]

Threads with active compile tasks:
C2 CompilerThread0     4341 4785       4       org.objectweb.asm.Frame::execute (2318 bytes)
C2 CompilerThread1     4341 4723   !   4       java.security.AccessController::doPrivileged (26 bytes)
C2 CompilerThread2     4341 4907 %     4       sun.security.provider.SHA2::implCompress0 @ 133 (322 bytes)

VM state: at safepoint (normal execution)

VM Mutex/Monitor currently owned by a thread:  ([mutex/lock_event])
[0x000002773cfff860] Threads_lock - owner thread: 0x000002775db63390
[0x000002773d0012d0] Heap_lock - owner thread: 0x000002775f6f5f40

Heap address: 0x0000000080000000, size: 2048 MB, Compressed Oops mode: 32-bit
CDS archive(s) mapped at: [0x0000000800000000-0x0000000800b50000-0x0000000800b50000), size 11862016, SharedBaseAddress: 0x0000000800000000, ArchiveRelocationMode: 0.
Compressed class space mapped at: 0x0000000800b50000-0x0000000840b50000, size: 1073741824
Narrow klass base: 0x0000000800000000, Narrow klass shift: 3, Narrow klass range: 0x100000000

GC Precious Log:
 CPUs: 8 total, 8 available
 Memory: 8069M
 Large Page Support: Disabled
 NUMA Support: Disabled
 Compressed Oops: Enabled (32-bit)
 Heap Region Size: 1M
 Heap Min Capacity: 8M
 Heap Initial Capacity: 128M
 Heap Max Capacity: 2G
 Pre-touch: Disabled
 Parallel Workers: 8
 Concurrent Workers: 2
 Concurrent Refinement Workers: 8
 Periodic GC: Disabled

Heap:
 garbage-first heap   total 97280K, used 46599K [0x0000000080000000, 0x0000000100000000)
  region size 1024K, 3 young (3072K), 3 survivors (3072K)
 Metaspace       used 44679K, capacity 45409K, committed 45564K, reserved 1089536K
  class space    used 5802K, capacity 6045K, committed 6140K, reserved 1048576K

Heap Regions: E=young(eden), S=young(survivor), O=old, HS=humongous(starts), HC=humongous(continues), CS=collection set, F=free, OA=open archive, CA=closed archive, TAMS=top-at-mark-start (previous, next)
|   0|0x0000000080000000, 0x0000000080100000, 0x0000000080100000|100%| O|  |TAMS 0x0000000080100000, 0x0000000080100000| Untracked 
|   1|0x0000000080100000, 0x0000000080200000, 0x0000000080200000|100%| O|  |TAMS 0x0000000080200000, 0x0000000080200000| Untracked 
|   2|0x0000000080200000, 0x0000000080300000, 0x0000000080300000|100%| O|  |TAMS 0x0000000080300000, 0x0000000080300000| Untracked 
|   3|0x0000000080300000, 0x0000000080400000, 0x0000000080400000|100%|HS|  |TAMS 0x0000000080400000, 0x0000000080400000| Complete 
|   4|0x0000000080400000, 0x0000000080500000, 0x0000000080500000|100%|HC|  |TAMS 0x0000000080500000, 0x0000000080500000| Complete 
|   5|0x0000000080500000, 0x0000000080600000, 0x0000000080600000|100%|HC|  |TAMS 0x0000000080600000, 0x0000000080600000| Complete 
|   6|0x0000000080600000, 0x0000000080700000, 0x0000000080700000|100%| O|  |TAMS 0x0000000080700000, 0x0000000080700000| Untracked 
|   7|0x0000000080700000, 0x0000000080800000, 0x0000000080800000|100%| O|  |TAMS 0x0000000080800000, 0x0000000080800000| Untracked 
|   8|0x0000000080800000, 0x0000000080900000, 0x0000000080900000|100%| O|  |TAMS 0x0000000080900000, 0x0000000080900000| Untracked 
|   9|0x0000000080900000, 0x0000000080a00000, 0x0000000080a00000|100%| O|  |TAMS 0x0000000080a00000, 0x0000000080a00000| Untracked 
|  10|0x0000000080a00000, 0x0000000080b00000, 0x0000000080b00000|100%| O|  |TAMS 0x0000000080b00000, 0x0000000080b00000| Untracked 
|  11|0x0000000080b00000, 0x0000000080c00000, 0x0000000080c00000|100%| O|  |TAMS 0x0000000080c00000, 0x0000000080c00000| Untracked 
|  12|0x0000000080c00000, 0x0000000080d00000, 0x0000000080d00000|100%| O|  |TAMS 0x0000000080d00000, 0x0000000080d00000| Untracked 
|  13|0x0000000080d00000, 0x0000000080e00000, 0x0000000080e00000|100%| O|  |TAMS 0x0000000080e00000, 0x0000000080e00000| Untracked 
|  14|0x0000000080e00000, 0x0000000080f00000, 0x0000000080f00000|100%| O|  |TAMS 0x0000000080f00000, 0x0000000080f00000| Untracked 
|  15|0x0000000080f00000, 0x0000000081000000, 0x0000000081000000|100%| O|  |TAMS 0x0000000081000000, 0x0000000081000000| Untracked 
|  16|0x0000000081000000, 0x0000000081100000, 0x0000000081100000|100%| O|  |TAMS 0x0000000081100000, 0x0000000081100000| Untracked 
|  17|0x0000000081100000, 0x000000008115de00, 0x0000000081200000| 36%| O|  |TAMS 0x000000008115de00, 0x000000008115de00| Untracked 
|  18|0x0000000081200000, 0x0000000081300000, 0x0000000081300000|100%| O|  |TAMS 0x0000000081300000, 0x0000000081300000| Untracked 
|  19|0x0000000081300000, 0x0000000081400000, 0x0000000081400000|100%| O|  |TAMS 0x0000000081400000, 0x0000000081400000| Untracked 
|  20|0x0000000081400000, 0x0000000081500000, 0x0000000081500000|100%| O|  |TAMS 0x0000000081500000, 0x0000000081500000| Untracked 
|  21|0x0000000081500000, 0x0000000081600000, 0x0000000081600000|100%| O|  |TAMS 0x0000000081600000, 0x0000000081600000| Untracked 
|  22|0x0000000081600000, 0x0000000081700000, 0x0000000081700000|100%| O|  |TAMS 0x0000000081700000, 0x0000000081700000| Untracked 
|  23|0x0000000081700000, 0x0000000081800000, 0x0000000081800000|100%| O|  |TAMS 0x0000000081800000, 0x0000000081800000| Untracked 
|  24|0x0000000081800000, 0x0000000081900000, 0x0000000081900000|100%|HS|  |TAMS 0x0000000081900000, 0x0000000081900000| Complete 
|  25|0x0000000081900000, 0x0000000081a00000, 0x0000000081a00000|100%|HS|  |TAMS 0x0000000081a00000, 0x0000000081a00000| Complete 
|  26|0x0000000081a00000, 0x0000000081b00000, 0x0000000081b00000|100%|HC|  |TAMS 0x0000000081b00000, 0x0000000081b00000| Complete 
|  27|0x0000000081b00000, 0x0000000081c00000, 0x0000000081c00000|100%| O|  |TAMS 0x0000000081c00000, 0x0000000081c00000| Untracked 
|  28|0x0000000081c00000, 0x0000000081d00000, 0x0000000081d00000|100%|HS|  |TAMS 0x0000000081d00000, 0x0000000081d00000| Complete 
|  29|0x0000000081d00000, 0x0000000081e00000, 0x0000000081e00000|100%|HC|  |TAMS 0x0000000081e00000, 0x0000000081e00000| Complete 
|  30|0x0000000081e00000, 0x0000000081f00000, 0x0000000081f00000|100%|HC|  |TAMS 0x0000000081f00000, 0x0000000081f00000| Complete 
|  31|0x0000000081f00000, 0x0000000082000000, 0x0000000082000000|100%| O|  |TAMS 0x0000000082000000, 0x0000000082000000| Untracked 
|  32|0x0000000082000000, 0x0000000082100000, 0x0000000082100000|100%| O|  |TAMS 0x0000000082100000, 0x0000000082100000| Untracked 
|  33|0x0000000082100000, 0x0000000082200000, 0x0000000082200000|100%| O|  |TAMS 0x0000000082200000, 0x0000000082200000| Untracked 
|  34|0x0000000082200000, 0x0000000082300000, 0x0000000082300000|100%| O|  |TAMS 0x0000000082300000, 0x0000000082300000| Untracked 
|  35|0x0000000082300000, 0x0000000082400000, 0x0000000082400000|100%| O|  |TAMS 0x0000000082400000, 0x0000000082400000| Untracked 
|  36|0x0000000082400000, 0x0000000082500000, 0x0000000082500000|100%| O|  |TAMS 0x0000000082500000, 0x0000000082500000| Untracked 
|  37|0x0000000082500000, 0x0000000082600000, 0x0000000082600000|100%| O|  |TAMS 0x0000000082600000, 0x0000000082600000| Untracked 
|  38|0x0000000082600000, 0x0000000082700000, 0x0000000082700000|100%| O|  |TAMS 0x0000000082700000, 0x0000000082700000| Untracked 
|  39|0x0000000082700000, 0x0000000082800000, 0x0000000082800000|100%| O|  |TAMS 0x0000000082700000, 0x0000000082700000| Untracked 
|  40|0x0000000082800000, 0x0000000082900000, 0x0000000082900000|100%| O|  |TAMS 0x0000000082900000, 0x0000000082900000| Untracked 
|  41|0x0000000082900000, 0x0000000082a00000, 0x0000000082a00000|100%| O|  |TAMS 0x0000000082a00000, 0x0000000082a00000| Untracked 
|  42|0x0000000082a00000, 0x0000000082a23e00, 0x0000000082b00000| 14%| O|  |TAMS 0x0000000082a00000, 0x0000000082a00000| Untracked 
|  43|0x0000000082b00000, 0x0000000082b00000, 0x0000000082c00000|  0%| F|  |TAMS 0x0000000082b00000, 0x0000000082b00000| Untracked 
|  44|0x0000000082c00000, 0x0000000082c00000, 0x0000000082d00000|  0%| F|  |TAMS 0x0000000082c00000, 0x0000000082c00000| Untracked 
|  45|0x0000000082d00000, 0x0000000082e00000, 0x0000000082e00000|100%| O|  |TAMS 0x0000000082df5e00, 0x0000000082df5e00| Untracked 
|  46|0x0000000082e00000, 0x0000000082e00000, 0x0000000082f00000|  0%| F|  |TAMS 0x0000000082e00000, 0x0000000082e00000| Untracked 
|  47|0x0000000082f00000, 0x0000000082f00000, 0x0000000083000000|  0%| F|  |TAMS 0x0000000082f00000, 0x0000000082f00000| Untracked 
|  48|0x0000000083000000, 0x0000000083000000, 0x0000000083100000|  0%| F|  |TAMS 0x0000000083000000, 0x0000000083000000| Untracked 
|  49|0x0000000083100000, 0x0000000083100000, 0x0000000083200000|  0%| F|  |TAMS 0x0000000083100000, 0x0000000083100000| Untracked 
|  50|0x0000000083200000, 0x0000000083200000, 0x0000000083300000|  0%| F|  |TAMS 0x0000000083200000, 0x0000000083200000| Untracked 
|  51|0x0000000083300000, 0x0000000083300000, 0x0000000083400000|  0%| F|  |TAMS 0x0000000083300000, 0x0000000083300000| Untracked 
|  52|0x0000000083400000, 0x0000000083400000, 0x0000000083500000|  0%| F|  |TAMS 0x0000000083400000, 0x0000000083400000| Untracked 
|  53|0x0000000083500000, 0x0000000083500000, 0x0000000083600000|  0%| F|  |TAMS 0x0000000083500000, 0x0000000083500000| Untracked 
|  54|0x0000000083600000, 0x0000000083600000, 0x0000000083700000|  0%| F|  |TAMS 0x0000000083600000, 0x0000000083600000| Untracked 
|  55|0x0000000083700000, 0x0000000083800000, 0x0000000083800000|100%| S|CS|TAMS 0x0000000083700000, 0x0000000083700000| Complete 
|  56|0x0000000083800000, 0x0000000083900000, 0x0000000083900000|100%| S|CS|TAMS 0x0000000083800000, 0x0000000083800000| Complete 
|  57|0x0000000083900000, 0x0000000083a00000, 0x0000000083a00000|100%| S|CS|TAMS 0x0000000083900000, 0x0000000083900000| Complete 
|  58|0x0000000083a00000, 0x0000000083a00000, 0x0000000083b00000|  0%| F|  |TAMS 0x0000000083a00000, 0x0000000083a00000| Untracked 
|  59|0x0000000083b00000, 0x0000000083b00000, 0x0000000083c00000|  0%| F|  |TAMS 0x0000000083b00000, 0x0000000083b00000| Untracked 
|  60|0x0000000083c00000, 0x0000000083c00000, 0x0000000083d00000|  0%| F|  |TAMS 0x0000000083c00000, 0x0000000083c00000| Untracked 
|  61|0x0000000083d00000, 0x0000000083d00000, 0x0000000083e00000|  0%| F|  |TAMS 0x0000000083d00000, 0x0000000083d00000| Untracked 
|  62|0x0000000083e00000, 0x0000000083e00000, 0x0000000083f00000|  0%| F|  |TAMS 0x0000000083e00000, 0x0000000083e00000| Untracked 
|  63|0x0000000083f00000, 0x0000000083f00000, 0x0000000084000000|  0%| F|  |TAMS 0x0000000083f00000, 0x0000000083f00000| Untracked 
|  64|0x0000000084000000, 0x0000000084000000, 0x0000000084100000|  0%| F|  |TAMS 0x0000000084000000, 0x0000000084000000| Untracked 
|  65|0x0000000084100000, 0x0000000084100000, 0x0000000084200000|  0%| F|  |TAMS 0x0000000084100000, 0x0000000084100000| Untracked 
|  66|0x0000000084200000, 0x0000000084200000, 0x0000000084300000|  0%| F|  |TAMS 0x0000000084200000, 0x0000000084200000| Untracked 
|  67|0x0000000084300000, 0x0000000084300000, 0x0000000084400000|  0%| F|  |TAMS 0x0000000084300000, 0x0000000084300000| Untracked 
|  68|0x0000000084400000, 0x0000000084400000, 0x0000000084500000|  0%| F|  |TAMS 0x0000000084400000, 0x0000000084400000| Untracked 
|  69|0x0000000084500000, 0x0000000084500000, 0x0000000084600000|  0%| F|  |TAMS 0x0000000084500000, 0x0000000084500000| Untracked 
|  70|0x0000000084600000, 0x0000000084600000, 0x0000000084700000|  0%| F|  |TAMS 0x0000000084600000, 0x0000000084600000| Untracked 
|  71|0x0000000084700000, 0x0000000084700000, 0x0000000084800000|  0%| F|  |TAMS 0x0000000084700000, 0x0000000084700000| Untracked 
|  72|0x0000000084800000, 0x0000000084800000, 0x0000000084900000|  0%| F|  |TAMS 0x0000000084800000, 0x0000000084800000| Untracked 
|  73|0x0000000084900000, 0x0000000084900000, 0x0000000084a00000|  0%| F|  |TAMS 0x0000000084900000, 0x0000000084900000| Untracked 
|  74|0x0000000084a00000, 0x0000000084a00000, 0x0000000084b00000|  0%| F|  |TAMS 0x0000000084a00000, 0x0000000084a00000| Untracked 
|  75|0x0000000084b00000, 0x0000000084b00000, 0x0000000084c00000|  0%| F|  |TAMS 0x0000000084b00000, 0x0000000084b00000| Untracked 
|  76|0x0000000084c00000, 0x0000000084c00000, 0x0000000084d00000|  0%| F|  |TAMS 0x0000000084c00000, 0x0000000084c00000| Untracked 
| 116|0x0000000087400000, 0x0000000087400000, 0x0000000087500000|  0%| F|  |TAMS 0x0000000087400000, 0x0000000087400000| Untracked 
| 127|0x0000000087f00000, 0x0000000087f00000, 0x0000000088000000|  0%| F|  |TAMS 0x0000000087f00000, 0x0000000087f00000| Untracked 

Card table byte_map: [0x00000277568b0000,0x0000027756cb0000] _byte_map_base: 0x00000277564b0000

Marking Bits (Prev, Next): (CMBitMap*) 0x000002773d044da0, (CMBitMap*) 0x000002773d044d60
 Prev Bits: [0x00000277590b0000, 0x000002775b0b0000)
 Next Bits: [0x00000277570b0000, 0x00000277590b0000)

Polling page: 0x000002773d0e0000

Metaspace:

Usage:
  Non-class:     38.44 MB capacity,    37.97 MB ( 99%) used,   428.12 KB (  1%) free+waste,    59.50 KB ( <1%) overhead. 
      Class:      5.90 MB capacity,     5.67 MB ( 96%) used,   218.38 KB (  4%) free+waste,    24.00 KB ( <1%) overhead. 
       Both:     44.34 MB capacity,    43.63 MB ( 98%) used,   646.50 KB (  1%) free+waste,    83.50 KB ( <1%) overhead. 

Virtual space:
  Non-class space:       40.00 MB reserved,      38.50 MB ( 96%) committed 
      Class space:        1.00 GB reserved,       6.00 MB ( <1%) committed 
             Both:        1.04 GB reserved,      44.50 MB (  4%) committed 

Chunk freelists:
   Non-Class:  60.00 KB
       Class:  3.00 KB
        Both:  63.00 KB

MaxMetaspaceSize: 17179869184.00 GB
CompressedClassSpaceSize: 1.00 GB

CodeHeap 'non-profiled nmethods': size=120000Kb used=2688Kb max_used=2688Kb free=117311Kb
 bounds [0x000002774e520000, 0x000002774e7d0000, 0x0000027755a50000]
CodeHeap 'profiled nmethods': size=120000Kb used=9717Kb max_used=9717Kb free=110282Kb
 bounds [0x0000027746ff0000, 0x0000027747970000, 0x000002774e520000]
CodeHeap 'non-nmethods': size=5760Kb used=2337Kb max_used=2425Kb free=3422Kb
 bounds [0x0000027746a50000, 0x0000027746cc0000, 0x0000027746ff0000]
 total_blobs=5747 nmethods=4932 adapters=727
 compilation: enabled
              stopped_count=0, restarted_count=0
 full_count=0

Compilation events (20 events):
Event: 4.305 Thread 0x000002775dba3630 4944       2       java.util.LinkedHashMap::get (29 bytes)
Event: 4.305 Thread 0x000002775dba3630 nmethod 4944 0x0000027747969610 code [0x00000277479697c0, 0x0000027747969958]
Event: 4.305 Thread 0x000002775dba3630 4945       2       sun.reflect.annotation.AnnotationParser::parseMemberValue (162 bytes)
Event: 4.306 Thread 0x000002775dba3630 nmethod 4945 0x0000027747969a90 code [0x0000027747969d00, 0x000002774796a2f8]
Event: 4.306 Thread 0x000002775dba3630 4946       2       jdk.internal.reflect.ConstantPool::getIntAt (10 bytes)
Event: 4.306 Thread 0x000002775dba3630 nmethod 4946 0x000002774796a690 code [0x000002774796a820, 0x000002774796a928]
Event: 4.307 Thread 0x000002775dba3630 4948       2       sun.reflect.annotation.AnnotationParser::skipMemberValue (11 bytes)
Event: 4.307 Thread 0x000002775dba3630 nmethod 4948 0x000002774796aa10 code [0x000002774796abc0, 0x000002774796acd8]
Event: 4.308 Thread 0x00000277601a0130 nmethod 4877 0x000002774e7bf590 code [0x000002774e7bf700, 0x000002774e7bf958]
Event: 4.308 Thread 0x00000277601a0130 4886 %     4       sun.security.provider.SHA::implCompress0 @ 355 (482 bytes)
Event: 4.309 Thread 0x000002775dba3630 4949       2       org.gradle.internal.instantiation.generator.AsmBackedClassGenerator$ClassBuilderImpl::maybeBox (49 bytes)
Event: 4.309 Thread 0x000002775dba3630 nmethod 4949 0x000002774796ad90 code [0x000002774796af80, 0x000002774796b328]
Event: 4.309 Thread 0x000002775dba3630 4950       2       org.gradle.model.internal.asm.AsmClassGeneratorUtils::unboxOrCast (332 bytes)
Event: 4.309 Thread 0x000002775dba3630 nmethod 4950 0x000002774796b590 code [0x000002774796b940, 0x000002774796c2d8]
Event: 4.309 Thread 0x000002775dba3630 4951       2       org.gradle.internal.instantiation.generator.AsmBackedClassGenerator$ClassBuilderImpl::applyConventionMappingToProperty (35 bytes)
Event: 4.310 Thread 0x000002775dba3630 nmethod 4951 0x000002774796c990 code [0x000002774796cb80, 0x000002774796ce68]
Event: 4.310 Thread 0x000002775dba3630 4952       2       org.objectweb.asm.SymbolTable::addConstantIntegerOrFloat (100 bytes)
Event: 4.310 Thread 0x000002775dba3630 nmethod 4952 0x000002774796d090 code [0x000002774796d260, 0x000002774796d578]
Event: 4.313 Thread 0x00000277601a0130 nmethod 4886% 0x000002774e7bfa90 code [0x000002774e7bfc20, 0x000002774e7c00f8]
Event: 4.313 Thread 0x00000277601a0130 4907 %     4       sun.security.provider.SHA2::implCompress0 @ 133 (322 bytes)

GC Heap History (20 events):
Event: 0.825 GC heap after
{Heap after GC invocations=2 (full 0):
 garbage-first heap   total 131072K, used 12651K [0x0000000080000000, 0x0000000100000000)
  region size 1024K, 4 young (4096K), 4 survivors (4096K)
 Metaspace       used 4145K, capacity 6653K, committed 6656K, reserved 1056768K
  class space    used 507K, capacity 767K, committed 768K, reserved 1048576K
}
Event: 2.032 GC heap before
{Heap before GC invocations=2 (full 0):
 garbage-first heap   total 131072K, used 86379K [0x0000000080000000, 0x0000000100000000)
  region size 1024K, 76 young (77824K), 4 survivors (4096K)
 Metaspace       used 19127K, capacity 19494K, committed 19840K, reserved 1067008K
  class space    used 2665K, capacity 2829K, committed 2944K, reserved 1048576K
}
Event: 2.037 GC heap after
{Heap after GC invocations=3 (full 0):
 garbage-first heap   total 131072K, used 17808K [0x0000000080000000, 0x0000000100000000)
  region size 1024K, 10 young (10240K), 10 survivors (10240K)
 Metaspace       used 19127K, capacity 19494K, committed 19840K, reserved 1067008K
  class space    used 2665K, capacity 2829K, committed 2944K, reserved 1048576K
}
Event: 2.173 GC heap before
{Heap before GC invocations=3 (full 0):
 garbage-first heap   total 131072K, used 28048K [0x0000000080000000, 0x0000000100000000)
  region size 1024K, 21 young (21504K), 10 survivors (10240K)
 Metaspace       used 20814K, capacity 21211K, committed 21248K, reserved 1067008K
  class space    used 2933K, capacity 3058K, committed 3072K, reserved 1048576K
}
Event: 2.178 GC heap after
{Heap after GC invocations=4 (full 0):
 garbage-first heap   total 131072K, used 18688K [0x0000000080000000, 0x0000000100000000)
  region size 1024K, 1 young (1024K), 1 survivors (1024K)
 Metaspace       used 20814K, capacity 21211K, committed 21248K, reserved 1067008K
  class space    used 2933K, capacity 3058K, committed 3072K, reserved 1048576K
}
Event: 2.700 GC heap before
{Heap before GC invocations=5 (full 0):
 garbage-first heap   total 68608K, used 61696K [0x0000000080000000, 0x0000000100000000)
  region size 1024K, 40 young (40960K), 1 survivors (1024K)
 Metaspace       used 29743K, capacity 30257K, committed 30588K, reserved 1075200K
  class space    used 3951K, capacity 4128K, committed 4220K, reserved 1048576K
}
Event: 2.704 GC heap after
{Heap after GC invocations=6 (full 0):
 garbage-first heap   total 68608K, used 22203K [0x0000000080000000, 0x0000000100000000)
  region size 1024K, 5 young (5120K), 5 survivors (5120K)
 Metaspace       used 29743K, capacity 30257K, committed 30588K, reserved 1075200K
  class space    used 3951K, capacity 4128K, committed 4220K, reserved 1048576K
}
Event: 2.981 GC heap before
{Heap before GC invocations=6 (full 0):
 garbage-first heap   total 68608K, used 49851K [0x0000000080000000, 0x0000000100000000)
  region size 1024K, 32 young (32768K), 5 survivors (5120K)
 Metaspace       used 32167K, capacity 32681K, committed 33020K, reserved 1077248K
  class space    used 4303K, capacity 4465K, committed 4604K, reserved 1048576K
}
Event: 2.985 GC heap after
{Heap after GC invocations=7 (full 0):
 garbage-first heap   total 68608K, used 24932K [0x0000000080000000, 0x0000000100000000)
  region size 1024K, 3 young (3072K), 3 survivors (3072K)
 Metaspace       used 32167K, capacity 32681K, committed 33020K, reserved 1077248K
  class space    used 4303K, capacity 4465K, committed 4604K, reserved 1048576K
}
Event: 3.354 GC heap before
{Heap before GC invocations=7 (full 0):
 garbage-first heap   total 68608K, used 50532K [0x0000000080000000, 0x0000000100000000)
  region size 1024K, 28 young (28672K), 3 survivors (3072K)
 Metaspace       used 34534K, capacity 35142K, committed 35324K, reserved 1079296K
  class space    used 4590K, capacity 4794K, committed 4860K, reserved 1048576K
}
Event: 3.358 GC heap after
{Heap after GC invocations=8 (full 0):
 garbage-first heap   total 68608K, used 27156K [0x0000000080000000, 0x0000000100000000)
  region size 1024K, 3 young (3072K), 3 survivors (3072K)
 Metaspace       used 34534K, capacity 35142K, committed 35324K, reserved 1079296K
  class space    used 4590K, capacity 4794K, committed 4860K, reserved 1048576K
}
Event: 3.643 GC heap before
{Heap before GC invocations=8 (full 0):
 garbage-first heap   total 68608K, used 53780K [0x0000000080000000, 0x0000000100000000)
  region size 1024K, 25 young (25600K), 3 survivors (3072K)
 Metaspace       used 35187K, capacity 35786K, committed 35964K, reserved 1081344K
  class space    used 4670K, capacity 4872K, committed 4988K, reserved 1048576K
}
Event: 3.647 GC heap after
{Heap after GC invocations=9 (full 0):
 garbage-first heap   total 68608K, used 41931K [0x0000000080000000, 0x0000000100000000)
  region size 1024K, 4 young (4096K), 4 survivors (4096K)
 Metaspace       used 35187K, capacity 35786K, committed 35964K, reserved 1081344K
  class space    used 4670K, capacity 4872K, committed 4988K, reserved 1048576K
}
Event: 3.762 GC heap before
{Heap before GC invocations=10 (full 0):
 garbage-first heap   total 75776K, used 51147K [0x0000000080000000, 0x0000000100000000)
  region size 1024K, 14 young (14336K), 4 survivors (4096K)
 Metaspace       used 36602K, capacity 37271K, committed 37372K, reserved 1081344K
  class space    used 4863K, capacity 5046K, committed 5116K, reserved 1048576K
}
Event: 3.765 GC heap after
{Heap after GC invocations=11 (full 0):
 garbage-first heap   total 75776K, used 42895K [0x0000000080000000, 0x0000000100000000)
  region size 1024K, 1 young (1024K), 1 survivors (1024K)
 Metaspace       used 36602K, capacity 37271K, committed 37372K, reserved 1081344K
  class space    used 4863K, capacity 5046K, committed 5116K, reserved 1048576K
}
Event: 3.927 GC heap before
{Heap before GC invocations=11 (full 0):
 garbage-first heap   total 75776K, used 56207K [0x0000000080000000, 0x0000000100000000)
  region size 1024K, 15 young (15360K), 1 survivors (1024K)
 Metaspace       used 38971K, capacity 39737K, committed 40060K, reserved 1083392K
  class space    used 5171K, capacity 5395K, committed 5500K, reserved 1048576K
}
Event: 3.929 GC heap after
{Heap after GC invocations=12 (full 0):
 garbage-first heap   total 75776K, used 43377K [0x0000000080000000, 0x0000000100000000)
  region size 1024K, 2 young (2048K), 2 survivors (2048K)
 Metaspace       used 38971K, capacity 39737K, committed 40060K, reserved 1083392K
  class space    used 5171K, capacity 5395K, committed 5500K, reserved 1048576K
}
Event: 4.134 GC heap before
{Heap before GC invocations=13 (full 0):
 garbage-first heap   total 80896K, used 58737K [0x0000000080000000, 0x0000000100000000)
  region size 1024K, 17 young (17408K), 2 survivors (2048K)
 Metaspace       used 42633K, capacity 43419K, committed 43516K, reserved 1087488K
  class space    used 5553K, capacity 5788K, committed 5884K, reserved 1048576K
}
Event: 4.137 GC heap after
{Heap after GC invocations=14 (full 0):
 garbage-first heap   total 80896K, used 44325K [0x0000000080000000, 0x0000000100000000)
  region size 1024K, 2 young (2048K), 2 survivors (2048K)
 Metaspace       used 42633K, capacity 43419K, committed 43516K, reserved 1087488K
  class space    used 5553K, capacity 5788K, committed 5884K, reserved 1048576K
}
Event: 4.316 GC heap before
{Heap before GC invocations=14 (full 0):
 garbage-first heap   total 80896K, used 62757K [0x0000000080000000, 0x0000000100000000)
  region size 1024K, 21 young (21504K), 2 survivors (2048K)
 Metaspace       used 44679K, capacity 45409K, committed 45564K, reserved 1089536K
  class space    used 5802K, capacity 6045K, committed 6140K, reserved 1048576K
}

Deoptimization events (20 events):
Event: 4.274 Thread 0x000002775f6f5f40 DEOPT PACKING pc=0x0000027747958acf sp=0x000000d3381f47a0
Event: 4.274 Thread 0x000002775f6f5f40 DEOPT UNPACKING pc=0x0000027746a9e23f sp=0x000000d3381f3c20 mode 0
Event: 4.274 Thread 0x000002775f6f5f40 DEOPT PACKING pc=0x0000027747958acf sp=0x000000d3381f47b0
Event: 4.274 Thread 0x000002775f6f5f40 DEOPT UNPACKING pc=0x0000027746a9e23f sp=0x000000d3381f3c30 mode 0
Event: 4.275 Thread 0x000002775f6f5f40 DEOPT PACKING pc=0x0000027747958acf sp=0x000000d3381f47b0
Event: 4.275 Thread 0x000002775f6f5f40 DEOPT UNPACKING pc=0x0000027746a9e23f sp=0x000000d3381f3c30 mode 0
Event: 4.275 Thread 0x000002775f6f5f40 DEOPT PACKING pc=0x0000027747958acf sp=0x000000d3381f47b0
Event: 4.275 Thread 0x000002775f6f5f40 DEOPT UNPACKING pc=0x0000027746a9e23f sp=0x000000d3381f3c30 mode 0
Event: 4.276 Thread 0x000002775f6f5f40 DEOPT PACKING pc=0x0000027747958acf sp=0x000000d3381f47b0
Event: 4.276 Thread 0x000002775f6f5f40 DEOPT UNPACKING pc=0x0000027746a9e23f sp=0x000000d3381f3c30 mode 0
Event: 4.276 Thread 0x000002775f6f5f40 DEOPT PACKING pc=0x0000027747958acf sp=0x000000d3381f47a0
Event: 4.276 Thread 0x000002775f6f5f40 DEOPT UNPACKING pc=0x0000027746a9e23f sp=0x000000d3381f3c20 mode 0
Event: 4.276 Thread 0x000002775f6f5f40 DEOPT PACKING pc=0x0000027747958acf sp=0x000000d3381f47b0
Event: 4.276 Thread 0x000002775f6f5f40 DEOPT UNPACKING pc=0x0000027746a9e23f sp=0x000000d3381f3c30 mode 0
Event: 4.277 Thread 0x000002775f6f5f40 DEOPT PACKING pc=0x0000027747958acf sp=0x000000d3381f47b0
Event: 4.277 Thread 0x000002775f6f5f40 DEOPT UNPACKING pc=0x0000027746a9e23f sp=0x000000d3381f3c30 mode 0
Event: 4.277 Thread 0x000002775f6f5f40 DEOPT PACKING pc=0x0000027747958acf sp=0x000000d3381f47b0
Event: 4.277 Thread 0x000002775f6f5f40 DEOPT UNPACKING pc=0x0000027746a9e23f sp=0x000000d3381f3c30 mode 0
Event: 4.278 Thread 0x000002775f6f5f40 DEOPT PACKING pc=0x0000027747958acf sp=0x000000d3381f47b0
Event: 4.278 Thread 0x000002775f6f5f40 DEOPT UNPACKING pc=0x0000027746a9e23f sp=0x000000d3381f3c30 mode 0

Classes unloaded (0 events):
No events

Classes redefined (0 events):
No events

Internal exceptions (20 events):
Event: 3.649 Thread 0x000002775f6f5f40 Exception <a 'java/lang/ClassNotFoundException'{0x0000000087f2d158}: build_8ve4py6yrpcqht3tukl1hab4mBeanInfo> (0x0000000087f2d158) 
thrown [./open/src/hotspot/share/classfile/systemDictionary.cpp, line 295]
Event: 3.649 Thread 0x000002775f6f5f40 Exception <a 'java/lang/ClassNotFoundException'{0x0000000087f32690}: build_8ve4py6yrpcqht3tukl1hab4mCustomizer> (0x0000000087f32690) 
thrown [./open/src/hotspot/share/classfile/systemDictionary.cpp, line 295]
Event: 3.655 Thread 0x000002775f6f5f40 Exception <a 'java/lang/ClassNotFoundException'{0x0000000087f7b7e8}: org/gradle/plugin/use/internal/PluginRequestCollector$PluginDependenciesSpecImplBeanInfo> (0x0000000087f7b7e8) 
thrown [./open/src/hotspot/share/classfile/systemDictionary.cpp, line 295]
Event: 3.655 Thread 0x000002775f6f5f40 Exception <a 'java/lang/ClassNotFoundException'{0x0000000087f880b8}: org/gradle/plugin/use/internal/PluginRequestCollector$PluginDependenciesSpecImplCustomizer> (0x0000000087f880b8) 
thrown [./open/src/hotspot/share/classfile/systemDictionary.cpp, line 295]
Event: 3.660 Thread 0x000002775f6f5f40 Exception <a 'java/lang/NoSuchMethodError'{0x0000000087fce4e8}: 'void java.lang.invoke.DirectMethodHandle$Holder.invokeInterface(java.lang.Object, java.lang.Object)'> (0x0000000087fce4e8) 
thrown [./open/src/hotspot/share/interpreter/linkResolver.cpp, line 782]
Event: 3.688 Thread 0x000002775f6f5f40 Exception <a 'java/lang/ClassNotFoundException'{0x00000000847b5f68}: org/gradle/api/internal/plugins/DefaultObjectConfigurationActionBeanInfo> (0x00000000847b5f68) 
thrown [./open/src/hotspot/share/classfile/systemDictionary.cpp, line 295]
Event: 3.689 Thread 0x000002775f6f5f40 Exception <a 'java/lang/ClassNotFoundException'{0x00000000847c41b0}: org/gradle/api/internal/plugins/DefaultObjectConfigurationActionCustomizer> (0x00000000847c41b0) 
thrown [./open/src/hotspot/share/classfile/systemDictionary.cpp, line 295]
Event: 3.801 Thread 0x000002775f6f5f40 Exception <a 'java/lang/NoSuchMethodError'{0x00000000847db090}: 'java.lang.Object java.lang.invoke.DelegatingMethodHandle$Holder.reinvoke_L(java.lang.Object, java.lang.Object, java.lang.Object, java.lang.Object, java.lang.Object, java.lang.Object, java.lang.Object, java.lang.Object, java.lang.Object, java.lang.Object, java.lang.Object, java.lang.Object, java.lang.Object, java.lang.Object, java.lang.Object, java.lang.Object, java.lang.Object)'> (0x00000000847db090) 
thrown [./open/src/hotspot/share/interpre
Event: 3.801 Thread 0x000002775f6f5f40 Exception <a 'java/lang/NoSuchMethodError'{0x00000000847e5e30}: 'java.lang.Object java.lang.invoke.Invokers$Holder.invoker(java.lang.Object, java.lang.Object, java.lang.Object, java.lang.Object, java.lang.Object, java.lang.Object, java.lang.Object, java.lang.Object, java.lang.Object, java.lang.Object, java.lang.Object, java.lang.Object, java.lang.Object, java.lang.Object, java.lang.Object, java.lang.Object, java.lang.Object)'> (0x00000000847e5e30) 
thrown [./open/src/hotspot/share/interpreter/linkResolver.
Event: 3.801 Thread 0x000002775f6f5f40 Exception <a 'java/lang/NoSuchMethodError'{0x00000000847ec778}: 'java.lang.Object java.lang.invoke.DelegatingMethodHandle$Holder.delegate(java.lang.Object, java.lang.Object, java.lang.Object, java.lang.Object, java.lang.Object, java.lang.Object, java.lang.Object, java.lang.Object, java.lang.Object, java.lang.Object, java.lang.Object, java.lang.Object, java.lang.Object, java.lang.Object, java.lang.Object, java.lang.Object, java.lang.Object)'> (0x00000000847ec778) 
thrown [./open/src/hotspot/share/interprete
Event: 3.810 Thread 0x000002775f6f5f40 Exception <a 'java/lang/NoSuchMethodError'{0x0000000084663fc8}: 'java.lang.Object java.lang.invoke.DirectMethodHandle$Holder.invokeStatic(java.lang.Object, java.lang.Object, java.lang.Object, java.lang.Object, java.lang.Object, java.lang.Object, java.lang.Object, java.lang.Object, java.lang.Object, java.lang.Object, java.lang.Object, java.lang.Object, java.lang.Object, java.lang.Object, java.lang.Object, java.lang.Object, java.lang.Object)'> (0x0000000084663fc8) 
thrown [./open/src/hotspot/share/interprete
Event: 3.811 Thread 0x000002775f6f5f40 Exception <a 'java/lang/NoSuchMethodError'{0x000000008468ae80}: 'java.lang.Object java.lang.invoke.DirectMethodHandle$Holder.invokeStatic(java.lang.Object, java.lang.Object, java.lang.Object, java.lang.Object, java.lang.Object, java.lang.Object, java.lang.Object, java.lang.Object, java.lang.Object, java.lang.Object, java.lang.Object, java.lang.Object, java.lang.Object, java.lang.Object, java.lang.Object, java.lang.Object, java.lang.Object, java.lang.Object)'> (0x000000008468ae80) 
thrown [./open/src/hotspo
Event: 3.812 Thread 0x000002775f6f5f40 Exception <a 'java/lang/NoSuchMethodError'{0x00000000846b3668}: 'java.lang.Object java.lang.invoke.DirectMethodHandle$Holder.invokeStatic(java.lang.Object, java.lang.Object, java.lang.Object, java.lang.Object, java.lang.Object, java.lang.Object, java.lang.Object, java.lang.Object, java.lang.Object, java.lang.Object, java.lang.Object, java.lang.Object, java.lang.Object, java.lang.Object, java.lang.Object, java.lang.Object, java.lang.Object, java.lang.Object, java.lang.Object)'> (0x00000000846b3668) 
thrown 
Event: 3.814 Thread 0x000002775f6f5f40 Exception <a 'java/lang/NoSuchMethodError'{0x00000000846ddb28}: 'java.lang.Object java.lang.invoke.DirectMethodHandle$Holder.invokeStatic(java.lang.Object, java.lang.Object, java.lang.Object, java.lang.Object, java.lang.Object, java.lang.Object, java.lang.Object, java.lang.Object, java.lang.Object, java.lang.Object, java.lang.Object, java.lang.Object, java.lang.Object, java.lang.Object, java.lang.Object, java.lang.Object, java.lang.Object, java.lang.Object, java.lang.Object, java.lang.Object)'> (0x00000000
Event: 3.839 Thread 0x000002775f6f5f40 Exception <a 'java/lang/NoSuchMethodError'{0x000000008449e140}: 'java.lang.Object java.lang.invoke.DirectMethodHandle$Holder.newInvokeSpecial(java.lang.Object, java.lang.Object, java.lang.Object, java.lang.Object, int)'> (0x000000008449e140) 
thrown [./open/src/hotspot/share/interpreter/linkResolver.cpp, line 782]
Event: 3.839 Thread 0x000002775f6f5f40 Exception <a 'java/lang/NoSuchMethodError'{0x00000000844a3570}: 'java.lang.Object java.lang.invoke.DirectMethodHandle$Holder.invokeSpecial(java.lang.Object, java.lang.Object, java.lang.Object, java.lang.Object, java.lang.Object, int)'> (0x00000000844a3570) 
thrown [./open/src/hotspot/share/interpreter/linkResolver.cpp, line 782]
Event: 3.839 Thread 0x000002775f6f5f40 Exception <a 'java/lang/NoSuchMethodError'{0x00000000844a8448}: 'java.lang.Object java.lang.invoke.Invokers$Holder.linkToTargetMethod(java.lang.Object, java.lang.Object, java.lang.Object, int, java.lang.Object)'> (0x00000000844a8448) 
thrown [./open/src/hotspot/share/interpreter/linkResolver.cpp, line 782]
Event: 3.984 Thread 0x000002775f6f5f40 Exception <a 'java/lang/IncompatibleClassChangeError'{0x0000000084b03850}: Found class java.lang.Object, but interface was expected> (0x0000000084b03850) 
thrown [./open/src/hotspot/share/interpreter/linkResolver.cpp, line 848]
Event: 4.100 Thread 0x000002775f6f5f40 Exception <a 'java/lang/NoSuchMethodError'{0x000000008428da98}: 'void java.lang.invoke.DirectMethodHandle$Holder.invokeInterface(java.lang.Object, java.lang.Object, java.lang.Object, java.lang.Object)'> (0x000000008428da98) 
thrown [./open/src/hotspot/share/interpreter/linkResolver.cpp, line 782]
Event: 4.187 Thread 0x000002775f6f5f40 Implicit null exception at 0x000002774e6afe6b to 0x000002774e6aff5c

Events (20 events):
Event: 4.237 loading class sun/security/provider/DSA
Event: 4.237 loading class sun/security/provider/DSA done
Event: 4.237 loading class sun/security/provider/DSA$SHA1withDSA done
Event: 4.239 loading class java/math/SignedMutableBigInteger
Event: 4.239 loading class java/math/SignedMutableBigInteger done
Event: 4.248 loading class sun/security/util/SignatureFileVerifier$ConfigurationHolder
Event: 4.248 loading class sun/security/util/SignatureFileVerifier$ConfigurationHolder done
Event: 4.251 loading class java/util/Base64
Event: 4.251 loading class java/util/Base64 done
Event: 4.251 loading class java/util/Base64$Decoder
Event: 4.251 loading class java/util/Base64$Decoder done
Event: 4.251 loading class java/util/Base64$Encoder
Event: 4.251 loading class java/util/Base64$Encoder done
Event: 4.252 loading class java/util/jar/JarVerifier$VerifierStream
Event: 4.252 loading class java/util/jar/JarVerifier$VerifierStream done
Event: 4.252 loading class sun/security/util/ManifestEntryVerifier$SunProviderHolder
Event: 4.252 loading class sun/security/util/ManifestEntryVerifier$SunProviderHolder done
Event: 4.296 loading class java/security/KeyStore$ProtectionParameter
Event: 4.296 loading class java/security/KeyStore$ProtectionParameter done
Event: 4.316 Executing VM operation: G1CollectForAllocation


Dynamic libraries:
0x00007ff7e3700000 - 0x00007ff7e370f000 	C:\Program Files\Java\jdk-15\bin\java.exe
0x00007ff8249d0000 - 0x00007ff824bc5000 	C:\WINDOWS\SYSTEM32\ntdll.dll
0x00007ff822d40000 - 0x00007ff822dfd000 	C:\WINDOWS\System32\KERNEL32.DLL
0x00007ff822370000 - 0x00007ff822638000 	C:\WINDOWS\System32\KERNELBASE.dll
0x00007ff822110000 - 0x00007ff822210000 	C:\WINDOWS\System32\ucrtbase.dll
0x00007ff81a950000 - 0x00007ff81a968000 	C:\Program Files\Java\jdk-15\bin\jli.dll
0x00007ff813d50000 - 0x00007ff813d69000 	C:\Program Files\Java\jdk-15\bin\VCRUNTIME140.dll
0x00007ff823c00000 - 0x00007ff823cac000 	C:\WINDOWS\System32\ADVAPI32.dll
0x00007ff822f80000 - 0x00007ff82301e000 	C:\WINDOWS\System32\msvcrt.dll
0x00007ff822ca0000 - 0x00007ff822d3b000 	C:\WINDOWS\System32\sechost.dll
0x00007ff8243b0000 - 0x00007ff8244db000 	C:\WINDOWS\System32\RPCRT4.dll
0x00007ff8240e0000 - 0x00007ff824280000 	C:\WINDOWS\System32\USER32.dll
0x00007ff822640000 - 0x00007ff822662000 	C:\WINDOWS\System32\win32u.dll
0x00007ff80af00000 - 0x00007ff80b19a000 	C:\WINDOWS\WinSxS\amd64_microsoft.windows.common-controls_6595b64144ccf1df_6.0.19041.844_none_ca00b6081b84eb1d\COMCTL32.dll
0x00007ff823cc0000 - 0x00007ff823cea000 	C:\WINDOWS\System32\GDI32.dll
0x00007ff822670000 - 0x00007ff82277b000 	C:\WINDOWS\System32\gdi32full.dll
0x00007ff822930000 - 0x00007ff8229cd000 	C:\WINDOWS\System32\msvcp_win.dll
0x00007ff81ffa0000 - 0x00007ff81ffaa000 	C:\WINDOWS\SYSTEM32\VERSION.dll
0x00007ff8244e0000 - 0x00007ff824510000 	C:\WINDOWS\System32\IMM32.DLL
0x00007ff81a810000 - 0x00007ff81a81c000 	C:\Program Files\Java\jdk-15\bin\vcruntime140_1.dll
0x00007ffff6ff0000 - 0x00007ffff7081000 	C:\Program Files\Java\jdk-15\bin\msvcp140.dll
0x00007fffeddf0000 - 0x00007fffee94c000 	C:\Program Files\Java\jdk-15\bin\server\jvm.dll
0x00007ff824760000 - 0x00007ff824768000 	C:\WINDOWS\System32\PSAPI.DLL
0x00007ff813f80000 - 0x00007ff813fa7000 	C:\WINDOWS\SYSTEM32\WINMM.dll
0x00007ff80e070000 - 0x00007ff80e079000 	C:\WINDOWS\SYSTEM32\WSOCK32.dll
0x00007ff824920000 - 0x00007ff82498b000 	C:\WINDOWS\System32\WS2_32.dll
0x00007ff8209d0000 - 0x00007ff8209e2000 	C:\WINDOWS\SYSTEM32\kernel.appcore.dll
0x00007ff81a650000 - 0x00007ff81a65a000 	C:\Program Files\Java\jdk-15\bin\jimage.dll
0x00007ff80b970000 - 0x00007ff80bb54000 	C:\WINDOWS\SYSTEM32\DBGHELP.DLL
0x00007ff80c9b0000 - 0x00007ff80c9dc000 	C:\WINDOWS\SYSTEM32\dbgcore.DLL
0x00007ff8227d0000 - 0x00007ff822850000 	C:\WINDOWS\System32\bcryptPrimitives.dll
0x00007ff806b90000 - 0x00007ff806bb5000 	C:\Program Files\Java\jdk-15\bin\java.dll
0x00007ff8234b0000 - 0x00007ff823bf2000 	C:\WINDOWS\System32\SHELL32.dll
0x00007ff8201f0000 - 0x00007ff820981000 	C:\WINDOWS\SYSTEM32\windows.storage.dll
0x00007ff823cf0000 - 0x00007ff824045000 	C:\WINDOWS\System32\combase.dll
0x00007ff821b80000 - 0x00007ff821bac000 	C:\WINDOWS\SYSTEM32\Wldp.dll
0x00007ff822b20000 - 0x00007ff822bce000 	C:\WINDOWS\System32\SHCORE.dll
0x00007ff824620000 - 0x00007ff824675000 	C:\WINDOWS\System32\shlwapi.dll
0x00007ff822050000 - 0x00007ff82206f000 	C:\WINDOWS\SYSTEM32\profapi.dll
0x00007ff809e70000 - 0x00007ff809e89000 	C:\Program Files\Java\jdk-15\bin\net.dll
0x00007ff814430000 - 0x00007ff81453b000 	C:\WINDOWS\SYSTEM32\WINHTTP.dll
0x00007ff8218f0000 - 0x00007ff82195a000 	C:\WINDOWS\system32\mswsock.dll
0x00007ff808e00000 - 0x00007ff808e12000 	C:\Program Files\Java\jdk-15\bin\nio.dll
0x00007ff808b80000 - 0x00007ff808b98000 	C:\Program Files\Java\jdk-15\bin\zip.dll
0x00007ff81a5b0000 - 0x00007ff81a5c0000 	C:\Program Files\Java\jdk-15\bin\verify.dll
0x00007ff808450000 - 0x00007ff808477000 	C:\Users\Mendiratta\.gradle\native\f6784746aeab05261644944871eae4fe03e0ef1612fff0a4a95f87b438bc6780\windows-amd64\native-platform.dll
0x00007ff80e7c0000 - 0x00007ff80e7c9000 	C:\Program Files\Java\jdk-15\bin\management.dll
0x00007ff80e280000 - 0x00007ff80e28b000 	C:\Program Files\Java\jdk-15\bin\management_ext.dll
0x00007ff821ac0000 - 0x00007ff821ad8000 	C:\WINDOWS\SYSTEM32\CRYPTSP.dll
0x00007ff8211e0000 - 0x00007ff821214000 	C:\WINDOWS\system32\rsaenh.dll
0x00007ff822900000 - 0x00007ff822927000 	C:\WINDOWS\System32\bcrypt.dll
0x00007ff821fd0000 - 0x00007ff821ffe000 	C:\WINDOWS\SYSTEM32\USERENV.dll
0x00007ff821ae0000 - 0x00007ff821aec000 	C:\WINDOWS\SYSTEM32\CRYPTBASE.dll
0x00007ff821570000 - 0x00007ff8215ab000 	C:\WINDOWS\SYSTEM32\IPHLPAPI.DLL
0x00007ff822a30000 - 0x00007ff822a38000 	C:\WINDOWS\System32\NSI.dll
0x00007ff81ab10000 - 0x00007ff81ab27000 	C:\WINDOWS\SYSTEM32\dhcpcsvc6.DLL
0x00007ff81ab50000 - 0x00007ff81ab6d000 	C:\WINDOWS\SYSTEM32\dhcpcsvc.DLL
0x00007ff8215b0000 - 0x00007ff82167c000 	C:\WINDOWS\SYSTEM32\DNSAPI.dll
0x00007ff81aa50000 - 0x00007ff81aa5b000 	C:\WINDOWS\SYSTEM32\WINNSI.DLL

dbghelp: loaded successfully - version: 4.0.5 - missing functions: none
symbol engine: initialized successfully - sym options: 0x614 - pdb path: .;C:\Program Files\Java\jdk-15\bin;C:\WINDOWS\SYSTEM32;C:\WINDOWS\WinSxS\amd64_microsoft.windows.common-controls_6595b64144ccf1df_6.0.19041.844_none_ca00b6081b84eb1d;C:\Program Files\Java\jdk-15\bin\server;C:\Users\Mendiratta\.gradle\native\f6784746aeab05261644944871eae4fe03e0ef1612fff0a4a95f87b438bc6780\windows-amd64

VM Arguments:
jvm_args: --add-opens=java.base/java.util=ALL-UNNAMED --add-opens=java.base/java.lang=ALL-UNNAMED --add-opens=java.base/java.lang.invoke=ALL-UNNAMED --add-opens=java.prefs/java.util.prefs=ALL-UNNAMED -Xmx2048m -Dfile.encoding=UTF-8 -Duser.country=US -Duser.language=en -Duser.variant 
java_command: org.gradle.launcher.daemon.bootstrap.GradleDaemon 6.5
java_class_path (initial): C:\Users\Mendiratta\.gradle\wrapper\dists\gradle-6.5-bin\6nifqtx7604sqp1q6g8wikw7p\gradle-6.5\lib\gradle-launcher-6.5.jar
Launcher Type: SUN_STANDARD

[Global flags]
     intx CICompilerCount                          = 4                                         {product} {ergonomic}
     uint ConcGCThreads                            = 2                                         {product} {ergonomic}
     uint G1ConcRefinementThreads                  = 8                                         {product} {ergonomic}
   size_t G1HeapRegionSize                         = 1048576                                   {product} {ergonomic}
    uintx GCDrainStackTargetSize                   = 64                                        {product} {ergonomic}
   size_t InitialHeapSize                          = 134217728                                 {product} {ergonomic}
   size_t MarkStackSize                            = 4194304                                   {product} {ergonomic}
   size_t MaxHeapSize                              = 2147483648                                {product} {command line}
   size_t MaxNewSize                               = 1287651328                                {product} {ergonomic}
   size_t MinHeapDeltaBytes                        = 1048576                                   {product} {ergonomic}
   size_t MinHeapSize                              = 8388608                                   {product} {ergonomic}
    uintx NonNMethodCodeHeapSize                   = 5839372                                {pd product} {ergonomic}
    uintx NonProfiledCodeHeapSize                  = 122909434                              {pd product} {ergonomic}
    uintx ProfiledCodeHeapSize                     = 122909434                              {pd product} {ergonomic}
    uintx ReservedCodeCacheSize                    = 251658240                              {pd product} {ergonomic}
     bool SegmentedCodeCache                       = true                                      {product} {ergonomic}
   size_t SoftMaxHeapSize                          = 2147483648                             {manageable} {ergonomic}
     bool UseCompressedClassPointers               = true                                 {lp64_product} {ergonomic}
     bool UseCompressedOops                        = true                                 {lp64_product} {ergonomic}
     bool UseG1GC                                  = true                                      {product} {ergonomic}
     bool UseLargePagesIndividualAllocation        = false                                  {pd product} {ergonomic}

Logging:
Log output configuration:
 #0: stdout all=warning uptime,level,tags
 #1: stderr all=off uptime,level,tags

Environment Variables:
CLASSPATH=C:\Users\Mendiratta\AndroidStudioProjects\Bookerkotlin\\gradle\wrapper\gradle-wrapper.jar
PATH=C:\Python39\Scripts\;C:\Python39\;C:\Program Files\Common Files\Oracle\Java\javapath;C:\Program Files (x86)\Intel\iCLS Client\;C:\Program Files\Intel\iCLS Client\;C:\WINDOWS\system32;C:\WINDOWS;C:\WINDOWS\System32\Wbem;C:\WINDOWS\System32\WindowsPowerShell\v1.0\;C:\Program Files\Intel\WiFi\bin\;C:\Program Files\Common Files\Intel\WirelessCommon\;C:\Program Files (x86)\Intel\Intel(R) Management Engine Components\DAL;C:\Program Files\Intel\Intel(R) Management Engine Components\DAL;C:\Program Files (x86)\Intel\Intel(R) Management Engine Components\IPT;C:\Program Files\Intel\Intel(R) Management Engine Components\IPT;C:\WINDOWS\System32\OpenSSH\;C:\Program Files\Polyspace\R2019a\bin;C:\sqlite;C:\Users\Mendiratta\AppData\Local\Android\Sdk\platform-tools;C:\Program Files\nodejs\;C:\ProgramData\chocolatey\bin;C:\Program Files\Git\cmd;C:\Users\Mendiratta\AppData\Local\Microsoft\WindowsApps;C:\Users\Mendiratta\AppData\Roaming\Microsoft\Windows\Start Menu\Programs\Python 3.7;C:\Users\Mendiratta\AppData\Local\Programs\Python\Python37-32;;C:\Users\Mendiratta\AppData\Local\Programs\Microsoft VS Code\bin;C:\Users\Mendiratta\AppData\Roaming\npm
USERNAME=Mendiratta
OS=Windows_NT
PROCESSOR_IDENTIFIER=Intel64 Family 6 Model 142 Stepping 10, GenuineIntel



---------------  S Y S T E M  ---------------

OS:
 Windows 10 , 64 bit Build 19041 (10.0.19041.928)
OS uptime: 0 days 2:31 hours
HyperV virtualization detected

CPU: total 8 (initial active 8) (4 cores per cpu, 2 threads per core) family 6 model 142 stepping 10, cmov, cx8, fxsr, mmx, sse, sse2, sse3, ssse3, sse4.1, sse4.2, popcnt, vzeroupper, avx, avx2, aes, clmul, erms, 3dnowpref, lzcnt, ht, tsc, tscinvbit, bmi1, bmi2, adx, fma, clflush, clflushopt

Memory: 4k page, system-wide physical 8069M (1079M free)
TotalPageFile size 9093M (AvailPageFile size 6M)
current process WorkingSet (physical memory assigned to process): 281M, peak: 281M
current process commit charge ("private bytes"): 329M, peak: 343M

vm_info: Java HotSpot(TM) 64-Bit Server VM (15+36-1562) for windows-amd64 JRE (15+36-1562), built on Aug 11 2020 22:38:02 by "mach5one" with unknown MS VC++:1925

END.
