#
# There is insufficient memory for the Java Runtime Environment to continue.
# Native memory allocation (malloc) failed to allocate 1065136 bytes for Chunk::new
# Possible reasons:
#   The system is out of physical RAM or swap space
#   The process is running with CompressedOops enabled, and the Java Heap may be blocking the growth of the native heap
# Possible solutions:
#   Reduce memory load on the system
#   Increase physical memory or swap space
#   Check if swap backing store is full
#   Decrease Java heap size (-Xmx/-Xms)
#   Decrease number of Java threads
#   Decrease Java thread stack sizes (-Xss)
#   Set larger code cache with -XX:ReservedCodeCacheSize=
#   JVM is running with Unscaled Compressed Oops mode in which the Java heap is
#     placed in the first 4GB address space. The Java Heap base address is the
#     maximum limit for the native heap growth. Please use -XX:HeapBaseMinAddress
#     to set the Java Heap base and to place the Java Heap above 4GB virtual address.
# This output file may be truncated or incomplete.
#
#  Out of Memory Error (./open/src/hotspot/share/memory/arena.cpp:195), pid=14284, tid=6696
#
# JRE version: Java(TM) SE Runtime Environment (15.0+36) (build 15+36-1562)
# Java VM: Java HotSpot(TM) 64-Bit Server VM (15+36-1562, mixed mode, sharing, tiered, compressed oops, g1 gc, windows-amd64)
# No core dump will be written. Minidumps are not enabled by default on client versions of Windows
#

---------------  S U M M A R Y ------------

Command Line: --add-opens=java.base/java.util=ALL-UNNAMED --add-opens=java.base/java.lang=ALL-UNNAMED --add-opens=java.base/java.lang.invoke=ALL-UNNAMED --add-opens=java.prefs/java.util.prefs=ALL-UNNAMED -Xmx2048m -Dfile.encoding=UTF-8 -Duser.country=US -Duser.language=en -Duser.variant org.gradle.launcher.daemon.bootstrap.GradleDaemon 6.5

Host: Intel(R) Core(TM) i5-8250U CPU @ 1.60GHz, 8 cores, 7G,  Windows 10 , 64 bit Build 19041 (10.0.19041.928)
Time: Tue May  4 20:47:50 2021 India Standard Time elapsed time: 4.817706 seconds (0d 0h 0m 4s)

---------------  T H R E A D  ---------------

Current thread (0x000001c25b1606d0):  JavaThread "C2 CompilerThread2" daemon [_thread_in_native, id=6696, stack(0x0000006f99600000,0x0000006f99700000)]


Current CompileTask:
C2:   4817 5149       4       java.util.TreeMap::put (8 bytes)

Stack: [0x0000006f99600000,0x0000006f99700000]
Native frames: (J=compiled Java code, j=interpreted, Vv=VM code, C=native code)
V  [jvm.dll+0x629eaa]
V  [jvm.dll+0x780379]
V  [jvm.dll+0x781ad3]
V  [jvm.dll+0x782133]
V  [jvm.dll+0x2159d5]
V  [jvm.dll+0x9794a]
V  [jvm.dll+0x9802c]
V  [jvm.dll+0x32dc35]
V  [jvm.dll+0x2f6ffa]
V  [jvm.dll+0x2f63ba]
V  [jvm.dll+0x1e9dd5]
V  [jvm.dll+0x1e903e]
V  [jvm.dll+0x177f17]
V  [jvm.dll+0x1f88f5]
V  [jvm.dll+0x1f699c]
V  [jvm.dll+0x74384d]
V  [jvm.dll+0x73c64a]
V  [jvm.dll+0x628d16]
C  [ucrtbase.dll+0x21bb2]
C  [KERNEL32.DLL+0x17034]
C  [ntdll.dll+0x52651]


---------------  P R O C E S S  ---------------

Threads class SMR info:
_java_thread_list=0x000001c25b561460, length=160, elements={
0x000001c2384464b0, 0x000001c256fc6bc0, 0x000001c256fc75a0, 0x000001c256fdc8f0,
0x000001c256fe05e0, 0x000001c256fe0ea0, 0x000001c256fe1f50, 0x000001c256fe2900,
0x000001c256feb210, 0x000001c257a38310, 0x000001c257a43470, 0x000001c257b67f00,
0x000001c259293180, 0x000001c2590901a0, 0x000001c2591266e0, 0x000001c258ada430,
0x000001c258cb3ac0, 0x000001c258584740, 0x000001c25913e720, 0x000001c25928bd50,
0x000001c258e9c4b0, 0x000001c25955cc60, 0x000001c25955c790, 0x000001c25955dad0,
0x000001c25955ee10, 0x000001c25b1606d0, 0x000001c25955e940, 0x000001c25955e470,
0x000001c25b4074c0, 0x000001c25b40bcf0, 0x000001c25b40a4e0, 0x000001c25b406b20,
0x000001c25b407e60, 0x000001c25b408cd0, 0x000001c25b405cb0, 0x000001c25b409b40,
0x000001c25b40a010, 0x000001c25bdd9a40, 0x000001c25bdd5210, 0x000001c25bdd6a20,
0x000001c25bdd6ef0, 0x000001c25bdd5bb0, 0x000001c25bdd6080, 0x000001c25bdd43a0,
0x000001c25bdd73c0, 0x000001c25bdd7890, 0x000001c25bdd4870, 0x000001c25bdd4d40,
0x000001c25bdd7d60, 0x000001c25bdd56e0, 0x000001c25bdd6550, 0x000001c25bdda8b0,
0x000001c25bdd9f10, 0x000001c25bdd8230, 0x000001c25bdd90a0, 0x000001c25bdd8700,
0x000001c25bdda3e0, 0x000001c25bdd8bd0, 0x000001c25bdd3ed0, 0x000001c25bdd9570,
0x000001c25bdd3060, 0x000001c25bdd3530, 0x000001c25bdd3a00, 0x000001c25a3be500,
0x000001c25a3c1520, 0x000001c25a3c06b0, 0x000001c25a3c01e0, 0x000001c25a3c19f0,
0x000001c25a3c1050, 0x000001c25a3bbe80, 0x000001c25a3c1ec0, 0x000001c25a3c0b80,
0x000001c25a3be9d0, 0x000001c25a3bccf0, 0x000001c25a3c2390, 0x000001c25a3c2d30,
0x000001c25a3bc350, 0x000001c25a3bb4e0, 0x000001c25a3bb9b0, 0x000001c25a3bd690,
0x000001c25a3be030, 0x000001c25a3bc820, 0x000001c25a3bd1c0, 0x000001c25a3beea0,
0x000001c25a3bf370, 0x000001c25a3bdb60, 0x000001c25a3bf840, 0x000001c25a3bfd10,
0x000001c25c5437c0, 0x000001c25c543c90, 0x000001c25c544160, 0x000001c25c542480,
0x000001c25c53d780, 0x000001c25c53ef90, 0x000001c25c542e20, 0x000001c25c5402d0,
0x000001c25c541ae0, 0x000001c25c53c910, 0x000001c25c53cde0, 0x000001c25c5432f0,
0x000001c25c53fe00, 0x000001c25c541140, 0x000001c25c53d2b0, 0x000001c25c5407a0,
0x000001c25c53e120, 0x000001c25c542950, 0x000001c25c53e5f0, 0x000001c25c53eac0,
0x000001c25c53f460, 0x000001c25c53f930, 0x000001c25c540c70, 0x000001c25c53dc50,
0x000001c25c541610, 0x000001c25c541fb0, 0x000001c25b399be0, 0x000001c25b396220,
0x000001c25b394540, 0x000001c25b392860, 0x000001c25b392d30, 0x000001c25b393200,
0x000001c25b399240, 0x000001c25b397090, 0x000001c25b3936d0, 0x000001c25b397f00,
0x000001c25b395d50, 0x000001c25b3983d0, 0x000001c25b393ba0, 0x000001c25b395880,
0x000001c25b3966f0, 0x000001c25b398d70, 0x000001c25b394070, 0x000001c25b399710,
0x000001c25b394a10, 0x000001c25b394ee0, 0x000001c25b3953b0, 0x000001c25b396bc0,
0x000001c25b3988a0, 0x000001c25b397560, 0x000001c25b397a30, 0x000001c25a3b32d0,
0x000001c25a3ae5d0, 0x000001c25a3afde0, 0x000001c25a3aeaa0, 0x000001c25a3aef70,
0x000001c25a3b5950, 0x000001c25a3b4fb0, 0x000001c25a3af910, 0x000001c25a3b5e20,
0x000001c25a3b2930, 0x000001c25a3af440, 0x000001c25a3b1120, 0x000001c25a3b02b0,
0x000001c25a3b5480, 0x000001c25a3b0780, 0x000001c25a3b4610, 0x000001c25a3b0c50,
0x000001c25a3b2e00, 0x000001c25a3b4ae0, 0x000001c25a3b15f0, 0x000001c25a3b37a0
}

Java Threads: ( => current thread )
  0x000001c2384464b0 JavaThread "main" [_thread_blocked, id=5216, stack(0x0000006f97200000,0x0000006f97300000)]
  0x000001c256fc6bc0 JavaThread "Reference Handler" daemon [_thread_blocked, id=6332, stack(0x0000006f97900000,0x0000006f97a00000)]
  0x000001c256fc75a0 JavaThread "Finalizer" daemon [_thread_blocked, id=6236, stack(0x0000006f97a00000,0x0000006f97b00000)]
  0x000001c256fdc8f0 JavaThread "Signal Dispatcher" daemon [_thread_blocked, id=9152, stack(0x0000006f97b00000,0x0000006f97c00000)]
  0x000001c256fe05e0 JavaThread "Attach Listener" daemon [_thread_blocked, id=6280, stack(0x0000006f97c00000,0x0000006f97d00000)]
  0x000001c256fe0ea0 JavaThread "Service Thread" daemon [_thread_blocked, id=5324, stack(0x0000006f97d00000,0x0000006f97e00000)]
  0x000001c256fe1f50 JavaThread "C2 CompilerThread0" daemon [_thread_in_native, id=4000, stack(0x0000006f97e00000,0x0000006f97f00000)]
  0x000001c256fe2900 JavaThread "C1 CompilerThread0" daemon [_thread_blocked, id=13864, stack(0x0000006f97f00000,0x0000006f98000000)]
  0x000001c256feb210 JavaThread "Sweeper thread" daemon [_thread_blocked, id=1996, stack(0x0000006f98000000,0x0000006f98100000)]
  0x000001c257a38310 JavaThread "Common-Cleaner" daemon [_thread_blocked, id=5576, stack(0x0000006f98100000,0x0000006f98200000)]
  0x000001c257a43470 JavaThread "Notification Thread" daemon [_thread_blocked, id=8352, stack(0x0000006f98200000,0x0000006f98300000)]
  0x000001c257b67f00 JavaThread "C2 CompilerThread1" daemon [_thread_in_native, id=11532, stack(0x0000006f98400000,0x0000006f98500000)]
  0x000001c259293180 JavaThread "Daemon health stats" [_thread_blocked, id=3704, stack(0x0000006f98700000,0x0000006f98800000)]
  0x000001c2590901a0 JavaThread "Incoming local TCP Connector on port 52075" [_thread_in_native, id=12152, stack(0x0000006f98a00000,0x0000006f98b00000)]
  0x000001c2591266e0 JavaThread "Daemon periodic checks" [_thread_blocked, id=13960, stack(0x0000006f98b00000,0x0000006f98c00000)]
  0x000001c258ada430 JavaThread "Daemon" [_thread_blocked, id=11036, stack(0x0000006f98c00000,0x0000006f98d00000)]
  0x000001c258cb3ac0 JavaThread "Handler for socket connection from /127.0.0.1:52075 to /127.0.0.1:52076" [_thread_in_native, id=8720, stack(0x0000006f98d00000,0x0000006f98e00000)]
  0x000001c258584740 JavaThread "Cancel handler" [_thread_blocked, id=9796, stack(0x0000006f98e00000,0x0000006f98f00000)]
  0x000001c25913e720 JavaThread "Daemon worker" [_thread_in_vm, id=9412, stack(0x0000006f98f00000,0x0000006f99000000)]
  0x000001c25928bd50 JavaThread "Asynchronous log dispatcher for DefaultDaemonConnection: socket connection from /127.0.0.1:52075 to /127.0.0.1:52076" [_thread_blocked, id=1448, stack(0x0000006f99000000,0x0000006f99100000)]
  0x000001c258e9c4b0 JavaThread "Stdin handler" [_thread_blocked, id=13292, stack(0x0000006f99100000,0x0000006f99200000)]
  0x000001c25955cc60 JavaThread "Thread-8" [_thread_blocked, id=9076, stack(0x0000006f99200000,0x0000006f99300000)]
  0x000001c25955c790 JavaThread "Cache worker for journal cache (C:\Users\Mendiratta\.gradle\caches\journal-1)" [_thread_blocked, id=13544, stack(0x0000006f99300000,0x0000006f99400000)]
  0x000001c25955dad0 JavaThread "File lock request listener" [_thread_in_native, id=7628, stack(0x0000006f99400000,0x0000006f99500000)]
  0x000001c25955ee10 JavaThread "Cache worker for file hash cache (C:\Users\Mendiratta\.gradle\caches\6.5\fileHashes)" [_thread_blocked, id=7144, stack(0x0000006f99500000,0x0000006f99600000)]
=>0x000001c25b1606d0 JavaThread "C2 CompilerThread2" daemon [_thread_in_native, id=6696, stack(0x0000006f99600000,0x0000006f99700000)]
  0x000001c25955e940 JavaThread "Cache worker for file hash cache (C:\Users\Mendiratta\AndroidStudioProjects\Bookerkotlin\.gradle\6.5\fileHashes)" [_thread_blocked, id=9904, stack(0x0000006f99700000,0x0000006f99800000)]
  0x000001c25955e470 JavaThread "Cache worker for checksums cache (C:\Users\Mendiratta\AndroidStudioProjects\Bookerkotlin\.gradle\checksums)" [_thread_blocked, id=13040, stack(0x0000006f99800000,0x0000006f99900000)]
  0x000001c25b4074c0 JavaThread "Cache worker for cache directory md-supplier (C:\Users\Mendiratta\.gradle\caches\6.5\md-supplier)" [_thread_blocked, id=3940, stack(0x0000006f99900000,0x0000006f99a00000)]
  0x000001c25b40bcf0 JavaThread "Cache worker for cache directory md-rule (C:\Users\Mendiratta\.gradle\caches\6.5\md-rule)" [_thread_blocked, id=8384, stack(0x0000006f99f00000,0x0000006f9a000000)]
  0x000001c25b40a4e0 JavaThread "Cache worker for execution history cache (C:\Users\Mendiratta\.gradle\caches\6.5\executionHistory)" [_thread_blocked, id=13936, stack(0x0000006f9a000000,0x0000006f9a100000)]
  0x000001c25b406b20 JavaThread "jar transforms" [_thread_blocked, id=272, stack(0x0000006f9a200000,0x0000006f9a300000)]
  0x000001c25b407e60 JavaThread "Cache worker for file content cache (C:\Users\Mendiratta\.gradle\caches\6.5\fileContent)" [_thread_blocked, id=13264, stack(0x0000006f9a300000,0x0000006f9a400000)]
  0x000001c25b408cd0 JavaThread "Build operations" [_thread_blocked, id=9004, stack(0x0000006f9a400000,0x0000006f9a500000)]
  0x000001c25b405cb0 JavaThread "Build operations Thread 2" [_thread_blocked, id=8500, stack(0x0000006f9a500000,0x0000006f9a600000)]
  0x000001c25b409b40 JavaThread "Build operations Thread 3" [_thread_blocked, id=13672, stack(0x0000006f9a600000,0x0000006f9a700000)]
  0x000001c25b40a010 JavaThread "Build operations Thread 4" [_thread_blocked, id=14052, stack(0x0000006f9a700000,0x0000006f9a800000)]
  0x000001c25bdd9a40 JavaThread "Build operations Thread 5" [_thread_blocked, id=12872, stack(0x0000006f9a800000,0x0000006f9a900000)]
  0x000001c25bdd5210 JavaThread "Build operations Thread 6" [_thread_blocked, id=10068, stack(0x0000006f9a900000,0x0000006f9aa00000)]
  0x000001c25bdd6a20 JavaThread "Build operations Thread 7" [_thread_blocked, id=11848, stack(0x0000006f9aa00000,0x0000006f9ab00000)]
  0x000001c25bdd6ef0 JavaThread "Build operations Thread 8" [_thread_blocked, id=12480, stack(0x0000006f9ab00000,0x0000006f9ac00000)]
  0x000001c25bdd5bb0 JavaThread "jar transforms Thread 2" [_thread_blocked, id=1956, stack(0x0000006f9ac00000,0x0000006f9ad00000)]
  0x000001c25bdd6080 JavaThread "jar transforms Thread 3" [_thread_blocked, id=13136, stack(0x0000006f9ad00000,0x0000006f9ae00000)]
  0x000001c25bdd43a0 JavaThread "jar transforms Thread 4" [_thread_blocked, id=13740, stack(0x0000006f9ae00000,0x0000006f9af00000)]
  0x000001c25bdd73c0 JavaThread "jar transforms Thread 5" [_thread_blocked, id=10928, stack(0x0000006f9af00000,0x0000006f9b000000)]
  0x000001c25bdd7890 JavaThread "jar transforms Thread 6" [_thread_blocked, id=7564, stack(0x0000006f9b000000,0x0000006f9b100000)]
  0x000001c25bdd4870 JavaThread "jar transforms Thread 7" [_thread_blocked, id=3600, stack(0x0000006f9b100000,0x0000006f9b200000)]
  0x000001c25bdd4d40 JavaThread "jar transforms Thread 8" [_thread_blocked, id=2828, stack(0x0000006f9b200000,0x0000006f9b300000)]
  0x000001c25bdd7d60 JavaThread "jar transforms Thread 9" [_thread_blocked, id=2324, stack(0x0000006f9b300000,0x0000006f9b400000)]
  0x000001c25bdd56e0 JavaThread "jar transforms Thread 10" [_thread_blocked, id=10900, stack(0x0000006f9b400000,0x0000006f9b500000)]
  0x000001c25bdd6550 JavaThread "jar transforms Thread 11" [_thread_blocked, id=13364, stack(0x0000006f9b500000,0x0000006f9b600000)]
  0x000001c25bdda8b0 JavaThread "jar transforms Thread 12" [_thread_blocked, id=10048, stack(0x0000006f9b600000,0x0000006f9b700000)]
  0x000001c25bdd9f10 JavaThread "jar transforms Thread 13" [_thread_blocked, id=10944, stack(0x0000006f9b700000,0x0000006f9b800000)]
  0x000001c25bdd8230 JavaThread "jar transforms Thread 14" [_thread_blocked, id=8976, stack(0x0000006f9b800000,0x0000006f9b900000)]
  0x000001c25bdd90a0 JavaThread "jar transforms Thread 15" [_thread_blocked, id=13900, stack(0x0000006f9b900000,0x0000006f9ba00000)]
  0x000001c25bdd8700 JavaThread "jar transforms Thread 16" [_thread_blocked, id=2000, stack(0x0000006f9ba00000,0x0000006f9bb00000)]
  0x000001c25bdda3e0 JavaThread "jar transforms Thread 17" [_thread_blocked, id=13304, stack(0x0000006f9bb00000,0x0000006f9bc00000)]
  0x000001c25bdd8bd0 JavaThread "jar transforms Thread 18" [_thread_blocked, id=5280, stack(0x0000006f9bc00000,0x0000006f9bd00000)]
  0x000001c25bdd3ed0 JavaThread "jar transforms Thread 19" [_thread_blocked, id=5424, stack(0x0000006f9bd00000,0x0000006f9be00000)]
  0x000001c25bdd9570 JavaThread "jar transforms Thread 20" [_thread_blocked, id=10008, stack(0x0000006f9be00000,0x0000006f9bf00000)]
  0x000001c25bdd3060 JavaThread "jar transforms Thread 21" [_thread_blocked, id=7752, stack(0x0000006f9bf00000,0x0000006f9c000000)]
  0x000001c25bdd3530 JavaThread "jar transforms Thread 22" [_thread_blocked, id=9524, stack(0x0000006f9c000000,0x0000006f9c100000)]
  0x000001c25bdd3a00 JavaThread "jar transforms Thread 23" [_thread_blocked, id=9968, stack(0x0000006f9c100000,0x0000006f9c200000)]
  0x000001c25a3be500 JavaThread "jar transforms Thread 24" [_thread_blocked, id=8140, stack(0x0000006f9c200000,0x0000006f9c300000)]
  0x000001c25a3c1520 JavaThread "jar transforms Thread 25" [_thread_blocked, id=9700, stack(0x0000006f9c300000,0x0000006f9c400000)]
  0x000001c25a3c06b0 JavaThread "jar transforms Thread 26" [_thread_blocked, id=11096, stack(0x0000006f9c400000,0x0000006f9c500000)]
  0x000001c25a3c01e0 JavaThread "jar transforms Thread 27" [_thread_blocked, id=2144, stack(0x0000006f9c500000,0x0000006f9c600000)]
  0x000001c25a3c19f0 JavaThread "jar transforms Thread 28" [_thread_blocked, id=2744, stack(0x0000006f9c600000,0x0000006f9c700000)]
  0x000001c25a3c1050 JavaThread "jar transforms Thread 29" [_thread_blocked, id=6256, stack(0x0000006f9c700000,0x0000006f9c800000)]
  0x000001c25a3bbe80 JavaThread "jar transforms Thread 30" [_thread_blocked, id=9776, stack(0x0000006f9c800000,0x0000006f9c900000)]
  0x000001c25a3c1ec0 JavaThread "jar transforms Thread 31" [_thread_blocked, id=4888, stack(0x0000006f9c900000,0x0000006f9ca00000)]
  0x000001c25a3c0b80 JavaThread "jar transforms Thread 32" [_thread_blocked, id=4452, stack(0x0000006f9ca00000,0x0000006f9cb00000)]
  0x000001c25a3be9d0 JavaThread "jar transforms Thread 33" [_thread_blocked, id=11896, stack(0x0000006f9cb00000,0x0000006f9cc00000)]
  0x000001c25a3bccf0 JavaThread "jar transforms Thread 34" [_thread_blocked, id=7720, stack(0x0000006f9cc00000,0x0000006f9cd00000)]
  0x000001c25a3c2390 JavaThread "jar transforms Thread 35" [_thread_blocked, id=9852, stack(0x0000006f9cd00000,0x0000006f9ce00000)]
  0x000001c25a3c2d30 JavaThread "jar transforms Thread 36" [_thread_blocked, id=6596, stack(0x0000006f9ce00000,0x0000006f9cf00000)]
  0x000001c25a3bc350 JavaThread "jar transforms Thread 37" [_thread_blocked, id=8220, stack(0x0000006f9cf00000,0x0000006f9d000000)]
  0x000001c25a3bb4e0 JavaThread "jar transforms Thread 38" [_thread_blocked, id=11520, stack(0x0000006f9d000000,0x0000006f9d100000)]
  0x000001c25a3bb9b0 JavaThread "jar transforms Thread 39" [_thread_blocked, id=7672, stack(0x0000006f9d100000,0x0000006f9d200000)]
  0x000001c25a3bd690 JavaThread "jar transforms Thread 40" [_thread_blocked, id=13836, stack(0x0000006f9d200000,0x0000006f9d300000)]
  0x000001c25a3be030 JavaThread "jar transforms Thread 41" [_thread_blocked, id=13112, stack(0x0000006f9d300000,0x0000006f9d400000)]
  0x000001c25a3bc820 JavaThread "jar transforms Thread 42" [_thread_blocked, id=12756, stack(0x0000006f9d400000,0x0000006f9d500000)]
  0x000001c25a3bd1c0 JavaThread "jar transforms Thread 43" [_thread_blocked, id=984, stack(0x0000006f9d500000,0x0000006f9d600000)]
  0x000001c25a3beea0 JavaThread "jar transforms Thread 44" [_thread_blocked, id=9960, stack(0x0000006f9d600000,0x0000006f9d700000)]
  0x000001c25a3bf370 JavaThread "jar transforms Thread 45" [_thread_blocked, id=4508, stack(0x0000006f9d700000,0x0000006f9d800000)]
  0x000001c25a3bdb60 JavaThread "jar transforms Thread 46" [_thread_blocked, id=2492, stack(0x0000006f9d800000,0x0000006f9d900000)]
  0x000001c25a3bf840 JavaThread "jar transforms Thread 47" [_thread_blocked, id=10440, stack(0x0000006f9d900000,0x0000006f9da00000)]
  0x000001c25a3bfd10 JavaThread "jar transforms Thread 48" [_thread_blocked, id=1040, stack(0x0000006f9da00000,0x0000006f9db00000)]
  0x000001c25c5437c0 JavaThread "jar transforms Thread 49" [_thread_blocked, id=2724, stack(0x0000006f9db00000,0x0000006f9dc00000)]
  0x000001c25c543c90 JavaThread "jar transforms Thread 50" [_thread_blocked, id=5644, stack(0x0000006f9dc00000,0x0000006f9dd00000)]
  0x000001c25c544160 JavaThread "jar transforms Thread 51" [_thread_blocked, id=2040, stack(0x0000006f9dd00000,0x0000006f9de00000)]
  0x000001c25c542480 JavaThread "jar transforms Thread 52" [_thread_blocked, id=13436, stack(0x0000006f9de00000,0x0000006f9df00000)]
  0x000001c25c53d780 JavaThread "jar transforms Thread 53" [_thread_blocked, id=6276, stack(0x0000006f9df00000,0x0000006f9e000000)]
  0x000001c25c53ef90 JavaThread "jar transforms Thread 54" [_thread_blocked, id=6544, stack(0x0000006f9e000000,0x0000006f9e100000)]
  0x000001c25c542e20 JavaThread "jar transforms Thread 55" [_thread_blocked, id=13272, stack(0x0000006f9e100000,0x0000006f9e200000)]
  0x000001c25c5402d0 JavaThread "jar transforms Thread 56" [_thread_blocked, id=4140, stack(0x0000006f9e200000,0x0000006f9e300000)]
  0x000001c25c541ae0 JavaThread "jar transforms Thread 57" [_thread_blocked, id=4760, stack(0x0000006f9e300000,0x0000006f9e400000)]
  0x000001c25c53c910 JavaThread "jar transforms Thread 58" [_thread_blocked, id=10432, stack(0x0000006f9e400000,0x0000006f9e500000)]
  0x000001c25c53cde0 JavaThread "jar transforms Thread 59" [_thread_blocked, id=10908, stack(0x0000006f9e500000,0x0000006f9e600000)]
  0x000001c25c5432f0 JavaThread "jar transforms Thread 60" [_thread_blocked, id=10396, stack(0x0000006f9e600000,0x0000006f9e700000)]
  0x000001c25c53fe00 JavaThread "jar transforms Thread 61" [_thread_blocked, id=7884, stack(0x0000006f9e700000,0x0000006f9e800000)]
  0x000001c25c541140 JavaThread "jar transforms Thread 62" [_thread_blocked, id=10880, stack(0x0000006f9e800000,0x0000006f9e900000)]
  0x000001c25c53d2b0 JavaThread "jar transforms Thread 63" [_thread_blocked, id=8224, stack(0x0000006f9e900000,0x0000006f9ea00000)]
  0x000001c25c5407a0 JavaThread "jar transforms Thread 64" [_thread_blocked, id=3548, stack(0x0000006f9ea00000,0x0000006f9eb00000)]
  0x000001c25c53e120 JavaThread "jar transforms Thread 65" [_thread_blocked, id=13232, stack(0x0000006f9eb00000,0x0000006f9ec00000)]
  0x000001c25c542950 JavaThread "jar transforms Thread 66" [_thread_blocked, id=6476, stack(0x0000006f9ec00000,0x0000006f9ed00000)]
  0x000001c25c53e5f0 JavaThread "jar transforms Thread 67" [_thread_blocked, id=9228, stack(0x0000006f9ed00000,0x0000006f9ee00000)]
  0x000001c25c53eac0 JavaThread "jar transforms Thread 68" [_thread_blocked, id=5468, stack(0x0000006f9ee00000,0x0000006f9ef00000)]
  0x000001c25c53f460 JavaThread "jar transforms Thread 69" [_thread_blocked, id=6652, stack(0x0000006f9ef00000,0x0000006f9f000000)]
  0x000001c25c53f930 JavaThread "jar transforms Thread 70" [_thread_blocked, id=1936, stack(0x0000006f9f000000,0x0000006f9f100000)]
  0x000001c25c540c70 JavaThread "jar transforms Thread 71" [_thread_blocked, id=2684, stack(0x0000006f9f100000,0x0000006f9f200000)]
  0x000001c25c53dc50 JavaThread "jar transforms Thread 72" [_thread_blocked, id=11844, stack(0x0000006f9f200000,0x0000006f9f300000)]
  0x000001c25c541610 JavaThread "jar transforms Thread 73" [_thread_blocked, id=9808, stack(0x0000006f9f300000,0x0000006f9f400000)]
  0x000001c25c541fb0 JavaThread "jar transforms Thread 74" [_thread_blocked, id=9564, stack(0x0000006f9f400000,0x0000006f9f500000)]
  0x000001c25b399be0 JavaThread "jar transforms Thread 75" [_thread_blocked, id=9444, stack(0x0000006f9f500000,0x0000006f9f600000)]
  0x000001c25b396220 JavaThread "jar transforms Thread 76" [_thread_blocked, id=10684, stack(0x0000006f9f600000,0x0000006f9f700000)]
  0x000001c25b394540 JavaThread "jar transforms Thread 77" [_thread_blocked, id=9456, stack(0x0000006f9f700000,0x0000006f9f800000)]
  0x000001c25b392860 JavaThread "jar transforms Thread 78" [_thread_blocked, id=1236, stack(0x0000006f9f800000,0x0000006f9f900000)]
  0x000001c25b392d30 JavaThread "jar transforms Thread 79" [_thread_blocked, id=13032, stack(0x0000006f9f900000,0x0000006f9fa00000)]
  0x000001c25b393200 JavaThread "jar transforms Thread 80" [_thread_blocked, id=492, stack(0x0000006f9fa00000,0x0000006f9fb00000)]
  0x000001c25b399240 JavaThread "jar transforms Thread 81" [_thread_blocked, id=6572, stack(0x0000006f9fb00000,0x0000006f9fc00000)]
  0x000001c25b397090 JavaThread "jar transforms Thread 82" [_thread_blocked, id=4776, stack(0x0000006f9fc00000,0x0000006f9fd00000)]
  0x000001c25b3936d0 JavaThread "jar transforms Thread 83" [_thread_blocked, id=10456, stack(0x0000006f9fd00000,0x0000006f9fe00000)]
  0x000001c25b397f00 JavaThread "jar transforms Thread 84" [_thread_blocked, id=13588, stack(0x0000006f9fe00000,0x0000006f9ff00000)]
  0x000001c25b395d50 JavaThread "jar transforms Thread 85" [_thread_blocked, id=12496, stack(0x0000006f9ff00000,0x0000006fa0000000)]
  0x000001c25b3983d0 JavaThread "jar transforms Thread 86" [_thread_blocked, id=12764, stack(0x0000006fa0000000,0x0000006fa0100000)]
  0x000001c25b393ba0 JavaThread "jar transforms Thread 87" [_thread_blocked, id=1820, stack(0x0000006fa0100000,0x0000006fa0200000)]
  0x000001c25b395880 JavaThread "jar transforms Thread 88" [_thread_blocked, id=1432, stack(0x0000006fa0200000,0x0000006fa0300000)]
  0x000001c25b3966f0 JavaThread "jar transforms Thread 89" [_thread_blocked, id=7856, stack(0x0000006fa0300000,0x0000006fa0400000)]
  0x000001c25b398d70 JavaThread "jar transforms Thread 90" [_thread_blocked, id=11936, stack(0x0000006fa0400000,0x0000006fa0500000)]
  0x000001c25b394070 JavaThread "jar transforms Thread 91" [_thread_blocked, id=4396, stack(0x0000006fa0500000,0x0000006fa0600000)]
  0x000001c25b399710 JavaThread "jar transforms Thread 92" [_thread_blocked, id=13320, stack(0x0000006fa0600000,0x0000006fa0700000)]
  0x000001c25b394a10 JavaThread "jar transforms Thread 93" [_thread_blocked, id=1460, stack(0x0000006fa0700000,0x0000006fa0800000)]
  0x000001c25b394ee0 JavaThread "jar transforms Thread 94" [_thread_blocked, id=9080, stack(0x0000006fa0800000,0x0000006fa0900000)]
  0x000001c25b3953b0 JavaThread "jar transforms Thread 95" [_thread_blocked, id=8968, stack(0x0000006fa0900000,0x0000006fa0a00000)]
  0x000001c25b396bc0 JavaThread "jar transforms Thread 96" [_thread_blocked, id=7596, stack(0x0000006fa0a00000,0x0000006fa0b00000)]
  0x000001c25b3988a0 JavaThread "jar transforms Thread 97" [_thread_blocked, id=10800, stack(0x0000006fa0b00000,0x0000006fa0c00000)]
  0x000001c25b397560 JavaThread "jar transforms Thread 98" [_thread_blocked, id=8548, stack(0x0000006fa0c00000,0x0000006fa0d00000)]
  0x000001c25b397a30 JavaThread "jar transforms Thread 99" [_thread_blocked, id=6836, stack(0x0000006fa0d00000,0x0000006fa0e00000)]
  0x000001c25a3b32d0 JavaThread "jar transforms Thread 100" [_thread_blocked, id=10872, stack(0x0000006fa0e00000,0x0000006fa0f00000)]
  0x000001c25a3ae5d0 JavaThread "jar transforms Thread 101" [_thread_blocked, id=4440, stack(0x0000006fa0f00000,0x0000006fa1000000)]
  0x000001c25a3afde0 JavaThread "jar transforms Thread 102" [_thread_blocked, id=2960, stack(0x0000006fa1000000,0x0000006fa1100000)]
  0x000001c25a3aeaa0 JavaThread "jar transforms Thread 103" [_thread_blocked, id=2312, stack(0x0000006fa1100000,0x0000006fa1200000)]
  0x000001c25a3aef70 JavaThread "jar transforms Thread 104" [_thread_blocked, id=10892, stack(0x0000006fa1200000,0x0000006fa1300000)]
  0x000001c25a3b5950 JavaThread "jar transforms Thread 105" [_thread_blocked, id=6564, stack(0x0000006fa1300000,0x0000006fa1400000)]
  0x000001c25a3b4fb0 JavaThread "jar transforms Thread 106" [_thread_blocked, id=2376, stack(0x0000006fa1400000,0x0000006fa1500000)]
  0x000001c25a3af910 JavaThread "jar transforms Thread 107" [_thread_blocked, id=8464, stack(0x0000006fa1500000,0x0000006fa1600000)]
  0x000001c25a3b5e20 JavaThread "jar transforms Thread 108" [_thread_blocked, id=13824, stack(0x0000006fa1600000,0x0000006fa1700000)]
  0x000001c25a3b2930 JavaThread "jar transforms Thread 109" [_thread_blocked, id=13336, stack(0x0000006fa1700000,0x0000006fa1800000)]
  0x000001c25a3af440 JavaThread "jar transforms Thread 110" [_thread_blocked, id=14200, stack(0x0000006fa1800000,0x0000006fa1900000)]
  0x000001c25a3b1120 JavaThread "jar transforms Thread 111" [_thread_blocked, id=13268, stack(0x0000006fa1900000,0x0000006fa1a00000)]
  0x000001c25a3b02b0 JavaThread "jar transforms Thread 112" [_thread_blocked, id=1600, stack(0x0000006fa1a00000,0x0000006fa1b00000)]
  0x000001c25a3b5480 JavaThread "jar transforms Thread 113" [_thread_blocked, id=8768, stack(0x0000006fa1b00000,0x0000006fa1c00000)]
  0x000001c25a3b0780 JavaThread "jar transforms Thread 114" [_thread_blocked, id=3360, stack(0x0000006fa1c00000,0x0000006fa1d00000)]
  0x000001c25a3b4610 JavaThread "jar transforms Thread 115" [_thread_blocked, id=6468, stack(0x0000006fa1d00000,0x0000006fa1e00000)]
  0x000001c25a3b0c50 JavaThread "jar transforms Thread 116" [_thread_blocked, id=6420, stack(0x0000006fa1e00000,0x0000006fa1f00000)]
  0x000001c25a3b2e00 JavaThread "jar transforms Thread 117" [_thread_blocked, id=8480, stack(0x0000006fa1f00000,0x0000006fa2000000)]
  0x000001c25a3b4ae0 JavaThread "jar transforms Thread 118" [_thread_blocked, id=8560, stack(0x0000006fa2000000,0x0000006fa2100000)]
  0x000001c25a3b15f0 JavaThread "jar transforms Thread 119" [_thread_blocked, id=6968, stack(0x0000006fa2100000,0x0000006fa2200000)]
  0x000001c25a3b37a0 JavaThread "Cache worker for Build Output Cleanup Cache (C:\Users\Mendiratta\AndroidStudioProjects\Bookerkotlin\.gradle\buildOutputCleanup)" [_thread_blocked, id=12692, stack(0x0000006fa2200000,0x0000006fa2300000)]

Other Threads:
  0x000001c256fc5530 VMThread "VM Thread" [stack: 0x0000006f97800000,0x0000006f97900000] [id=7264]
  0x000001c257a4a990 WatcherThread [stack: 0x0000006f98300000,0x0000006f98400000] [id=5224]
  0x000001c238484d40 GCTaskThread "GC Thread#0" [stack: 0x0000006f97300000,0x0000006f97400000] [id=9072]
  0x000001c257dd8aa0 GCTaskThread "GC Thread#1" [stack: 0x0000006f98500000,0x0000006f98600000] [id=14156]
  0x000001c257dd9a90 GCTaskThread "GC Thread#2" [stack: 0x0000006f98600000,0x0000006f98700000] [id=6376]
  0x000001c257dd8dd0 GCTaskThread "GC Thread#3" [stack: 0x0000006f99a00000,0x0000006f99b00000] [id=1960]
  0x000001c257dd8110 GCTaskThread "GC Thread#4" [stack: 0x0000006f99b00000,0x0000006f99c00000] [id=4192]
  0x000001c257dd8770 GCTaskThread "GC Thread#5" [stack: 0x0000006f99c00000,0x0000006f99d00000] [id=8876]
  0x000001c257dd7ab0 GCTaskThread "GC Thread#6" [stack: 0x0000006f99d00000,0x0000006f99e00000] [id=1932]
  0x000001c257dd9430 GCTaskThread "GC Thread#7" [stack: 0x0000006f99e00000,0x0000006f99f00000] [id=10592]
  0x000001c2384980c0 ConcurrentGCThread "G1 Main Marker" [stack: 0x0000006f97400000,0x0000006f97500000] [id=1064]
  0x000001c238498ac0 ConcurrentGCThread "G1 Conc#0" [stack: 0x0000006f97500000,0x0000006f97600000] [id=532]
  0x000001c257dd7de0 ConcurrentGCThread "G1 Conc#1" [stack: 0x0000006f9a100000,0x0000006f9a200000] [id=12500]
  0x000001c2385156c0 ConcurrentGCThread "G1 Refine#0" [stack: 0x0000006f97600000,0x0000006f97700000] [id=12108]
  0x000001c2385160d0 ConcurrentGCThread "G1 Young RemSet Sampling" [stack: 0x0000006f97700000,0x0000006f97800000] [id=8044]

Threads with active compile tasks:
C2 CompilerThread0     4850 5148       4       java.util.TreeMap::put (221 bytes)
C2 CompilerThread1     4850 5240       4       java.util.regex.Pattern::compile (500 bytes)
C2 CompilerThread2     4850 5149       4       java.util.TreeMap::put (8 bytes)

VM state: not at safepoint (normal execution)

VM Mutex/Monitor currently owned by a thread: None

Heap address: 0x0000000080000000, size: 2048 MB, Compressed Oops mode: 32-bit
CDS archive(s) mapped at: [0x0000000800000000-0x0000000800b50000-0x0000000800b50000), size 11862016, SharedBaseAddress: 0x0000000800000000, ArchiveRelocationMode: 0.
Compressed class space mapped at: 0x0000000800b50000-0x0000000840b50000, size: 1073741824
Narrow klass base: 0x0000000800000000, Narrow klass shift: 3, Narrow klass range: 0x100000000

GC Precious Log:
 CPUs: 8 total, 8 available
 Memory: 8069M
 Large Page Support: Disabled
 NUMA Support: Disabled
 Compressed Oops: Enabled (32-bit)
 Heap Region Size: 1M
 Heap Min Capacity: 8M
 Heap Initial Capacity: 128M
 Heap Max Capacity: 2G
 Pre-touch: Disabled
 Parallel Workers: 8
 Concurrent Workers: 2
 Concurrent Refinement Workers: 8
 Periodic GC: Disabled

Heap:
 garbage-first heap   total 103424K, used 55353K [0x0000000080000000, 0x0000000100000000)
  region size 1024K, 10 young (10240K), 3 survivors (3072K)
 Metaspace       used 47883K, capacity 48712K, committed 49020K, reserved 1091584K
  class space    used 6179K, capacity 6412K, committed 6524K, reserved 1048576K

Heap Regions: E=young(eden), S=young(survivor), O=old, HS=humongous(starts), HC=humongous(continues), CS=collection set, F=free, OA=open archive, CA=closed archive, TAMS=top-at-mark-start (previous, next)
|   0|0x0000000080000000, 0x0000000080100000, 0x0000000080100000|100%| O|  |TAMS 0x0000000080100000, 0x0000000080000000| Untracked 
|   1|0x0000000080100000, 0x0000000080200000, 0x0000000080200000|100%| O|  |TAMS 0x0000000080200000, 0x0000000080100000| Untracked 
|   2|0x0000000080200000, 0x0000000080300000, 0x0000000080300000|100%| O|  |TAMS 0x0000000080300000, 0x0000000080200000| Untracked 
|   3|0x0000000080300000, 0x0000000080400000, 0x0000000080400000|100%|HS|  |TAMS 0x0000000080400000, 0x0000000080300000| Complete 
|   4|0x0000000080400000, 0x0000000080500000, 0x0000000080500000|100%|HC|  |TAMS 0x0000000080500000, 0x0000000080400000| Complete 
|   5|0x0000000080500000, 0x0000000080600000, 0x0000000080600000|100%|HC|  |TAMS 0x0000000080600000, 0x0000000080500000| Complete 
|   6|0x0000000080600000, 0x0000000080700000, 0x0000000080700000|100%| O|  |TAMS 0x0000000080700000, 0x0000000080600000| Untracked 
|   7|0x0000000080700000, 0x0000000080800000, 0x0000000080800000|100%| O|  |TAMS 0x0000000080800000, 0x0000000080700000| Untracked 
|   8|0x0000000080800000, 0x0000000080900000, 0x0000000080900000|100%| O|  |TAMS 0x0000000080900000, 0x0000000080800000| Untracked 
|   9|0x0000000080900000, 0x0000000080a00000, 0x0000000080a00000|100%| O|  |TAMS 0x0000000080a00000, 0x0000000080900000| Untracked 
|  10|0x0000000080a00000, 0x0000000080b00000, 0x0000000080b00000|100%| O|  |TAMS 0x0000000080b00000, 0x0000000080a00000| Untracked 
|  11|0x0000000080b00000, 0x0000000080c00000, 0x0000000080c00000|100%| O|  |TAMS 0x0000000080c00000, 0x0000000080b00000| Untracked 
|  12|0x0000000080c00000, 0x0000000080d00000, 0x0000000080d00000|100%| O|  |TAMS 0x0000000080d00000, 0x0000000080c00000| Untracked 
|  13|0x0000000080d00000, 0x0000000080e00000, 0x0000000080e00000|100%| O|  |TAMS 0x0000000080e00000, 0x0000000080d00000| Untracked 
|  14|0x0000000080e00000, 0x0000000080f00000, 0x0000000080f00000|100%| O|  |TAMS 0x0000000080f00000, 0x0000000080e00000| Untracked 
|  15|0x0000000080f00000, 0x0000000081000000, 0x0000000081000000|100%| O|  |TAMS 0x0000000081000000, 0x0000000080f00000| Untracked 
|  16|0x0000000081000000, 0x0000000081100000, 0x0000000081100000|100%| O|  |TAMS 0x0000000081100000, 0x0000000081000000| Untracked 
|  17|0x0000000081100000, 0x0000000081170000, 0x0000000081200000| 43%| O|  |TAMS 0x0000000081170000, 0x0000000081100000| Untracked 
|  18|0x0000000081200000, 0x0000000081300000, 0x0000000081300000|100%| O|  |TAMS 0x0000000081300000, 0x0000000081200000| Untracked 
|  19|0x0000000081300000, 0x0000000081400000, 0x0000000081400000|100%| O|  |TAMS 0x0000000081400000, 0x0000000081300000| Untracked 
|  20|0x0000000081400000, 0x0000000081500000, 0x0000000081500000|100%| O|  |TAMS 0x0000000081500000, 0x0000000081400000| Untracked 
|  21|0x0000000081500000, 0x0000000081600000, 0x0000000081600000|100%| O|  |TAMS 0x0000000081600000, 0x0000000081500000| Untracked 
|  22|0x0000000081600000, 0x0000000081700000, 0x0000000081700000|100%| O|  |TAMS 0x0000000081700000, 0x0000000081600000| Untracked 
|  23|0x0000000081700000, 0x0000000081800000, 0x0000000081800000|100%|HS|  |TAMS 0x0000000081800000, 0x0000000081700000| Complete 
|  24|0x0000000081800000, 0x0000000081900000, 0x0000000081900000|100%|HS|  |TAMS 0x0000000081900000, 0x0000000081800000| Complete 
|  25|0x0000000081900000, 0x0000000081a00000, 0x0000000081a00000|100%|HC|  |TAMS 0x0000000081a00000, 0x0000000081900000| Complete 
|  26|0x0000000081a00000, 0x0000000081b00000, 0x0000000081b00000|100%|HC|  |TAMS 0x0000000081b00000, 0x0000000081a00000| Complete 
|  27|0x0000000081b00000, 0x0000000081c00000, 0x0000000081c00000|100%|HS|  |TAMS 0x0000000081c00000, 0x0000000081b00000| Complete 
|  28|0x0000000081c00000, 0x0000000081d00000, 0x0000000081d00000|100%|HC|  |TAMS 0x0000000081d00000, 0x0000000081c00000| Complete 
|  29|0x0000000081d00000, 0x0000000081e00000, 0x0000000081e00000|100%| O|  |TAMS 0x0000000081e00000, 0x0000000081d00000| Untracked 
|  30|0x0000000081e00000, 0x0000000081f00000, 0x0000000081f00000|100%| O|  |TAMS 0x0000000081f00000, 0x0000000081e00000| Untracked 
|  31|0x0000000081f00000, 0x0000000082000000, 0x0000000082000000|100%| O|  |TAMS 0x0000000082000000, 0x0000000081f00000| Untracked 
|  32|0x0000000082000000, 0x0000000082100000, 0x0000000082100000|100%| O|  |TAMS 0x0000000082100000, 0x0000000082000000| Untracked 
|  33|0x0000000082100000, 0x0000000082200000, 0x0000000082200000|100%| O|  |TAMS 0x0000000082200000, 0x0000000082100000| Untracked 
|  34|0x0000000082200000, 0x0000000082300000, 0x0000000082300000|100%| O|  |TAMS 0x0000000082300000, 0x0000000082200000| Untracked 
|  35|0x0000000082300000, 0x0000000082400000, 0x0000000082400000|100%| O|  |TAMS 0x0000000082400000, 0x0000000082300000| Untracked 
|  36|0x0000000082400000, 0x0000000082500000, 0x0000000082500000|100%| O|  |TAMS 0x0000000082500000, 0x0000000082400000| Untracked 
|  37|0x0000000082500000, 0x0000000082600000, 0x0000000082600000|100%| O|  |TAMS 0x0000000082600000, 0x0000000082500000| Untracked 
|  38|0x0000000082600000, 0x0000000082700000, 0x0000000082700000|100%| O|  |TAMS 0x0000000082700000, 0x0000000082600000| Untracked 
|  39|0x0000000082700000, 0x0000000082800000, 0x0000000082800000|100%| O|  |TAMS 0x0000000082800000, 0x0000000082700000| Untracked 
|  40|0x0000000082800000, 0x0000000082900000, 0x0000000082900000|100%| O|  |TAMS 0x0000000082900000, 0x0000000082800000| Untracked 
|  41|0x0000000082900000, 0x0000000082a00000, 0x0000000082a00000|100%| O|  |TAMS 0x0000000082a00000, 0x0000000082900000| Untracked 
|  42|0x0000000082a00000, 0x0000000082b00000, 0x0000000082b00000|100%| O|  |TAMS 0x0000000082b00000, 0x0000000082a00000| Untracked 
|  43|0x0000000082b00000, 0x0000000082c00000, 0x0000000082c00000|100%| O|  |TAMS 0x0000000082c00000, 0x0000000082b00000| Untracked 
|  44|0x0000000082c00000, 0x0000000082d00000, 0x0000000082d00000|100%| O|  |TAMS 0x0000000082d00000, 0x0000000082c00000| Untracked 
|  45|0x0000000082d00000, 0x0000000082d4bc00, 0x0000000082e00000| 29%| O|  |TAMS 0x0000000082d4bc00, 0x0000000082d00000| Untracked 
|  46|0x0000000082e00000, 0x0000000082f00000, 0x0000000082f00000|100%|HS|  |TAMS 0x0000000082e00000, 0x0000000082e00000| Complete 
|  47|0x0000000082f00000, 0x0000000082f00000, 0x0000000083000000|  0%| F|  |TAMS 0x0000000082f00000, 0x0000000082f00000| Untracked 
|  48|0x0000000083000000, 0x0000000083000000, 0x0000000083100000|  0%| F|  |TAMS 0x0000000083000000, 0x0000000083000000| Untracked 
|  49|0x0000000083100000, 0x0000000083100000, 0x0000000083200000|  0%| F|  |TAMS 0x0000000083100000, 0x0000000083100000| Untracked 
|  50|0x0000000083200000, 0x0000000083200000, 0x0000000083300000|  0%| F|  |TAMS 0x0000000083200000, 0x0000000083200000| Untracked 
|  51|0x0000000083300000, 0x0000000083300000, 0x0000000083400000|  0%| F|  |TAMS 0x0000000083300000, 0x0000000083300000| Untracked 
|  52|0x0000000083400000, 0x0000000083400000, 0x0000000083500000|  0%| F|  |TAMS 0x0000000083400000, 0x0000000083400000| Untracked 
|  53|0x0000000083500000, 0x0000000083500000, 0x0000000083600000|  0%| F|  |TAMS 0x0000000083500000, 0x0000000083500000| Untracked 
|  54|0x0000000083600000, 0x0000000083600000, 0x0000000083700000|  0%| F|  |TAMS 0x0000000083600000, 0x0000000083600000| Untracked 
|  55|0x0000000083700000, 0x0000000083700000, 0x0000000083800000|  0%| F|  |TAMS 0x0000000083700000, 0x0000000083700000| Untracked 
|  56|0x0000000083800000, 0x0000000083800000, 0x0000000083900000|  0%| F|  |TAMS 0x0000000083800000, 0x0000000083800000| Untracked 
|  57|0x0000000083900000, 0x0000000083900000, 0x0000000083a00000|  0%| F|  |TAMS 0x0000000083900000, 0x0000000083900000| Untracked 
|  58|0x0000000083a00000, 0x0000000083a00000, 0x0000000083b00000|  0%| F|  |TAMS 0x0000000083a00000, 0x0000000083a00000| Untracked 
|  59|0x0000000083b00000, 0x0000000083b00000, 0x0000000083c00000|  0%| F|  |TAMS 0x0000000083b00000, 0x0000000083b00000| Untracked 
|  60|0x0000000083c00000, 0x0000000083c00000, 0x0000000083d00000|  0%| F|  |TAMS 0x0000000083c00000, 0x0000000083c00000| Untracked 
|  61|0x0000000083d00000, 0x0000000083d00000, 0x0000000083e00000|  0%| F|  |TAMS 0x0000000083d00000, 0x0000000083d00000| Untracked 
|  62|0x0000000083e00000, 0x0000000083e00000, 0x0000000083f00000|  0%| F|  |TAMS 0x0000000083e00000, 0x0000000083e00000| Untracked 
|  63|0x0000000083f00000, 0x0000000083f00000, 0x0000000084000000|  0%| F|  |TAMS 0x0000000083f00000, 0x0000000083f00000| Untracked 
|  64|0x0000000084000000, 0x0000000084000000, 0x0000000084100000|  0%| F|  |TAMS 0x0000000084000000, 0x0000000084000000| Untracked 
|  65|0x0000000084100000, 0x0000000084100000, 0x0000000084200000|  0%| F|  |TAMS 0x0000000084100000, 0x0000000084100000| Untracked 
|  66|0x0000000084200000, 0x0000000084200000, 0x0000000084300000|  0%| F|  |TAMS 0x0000000084200000, 0x0000000084200000| Untracked 
|  67|0x0000000084300000, 0x0000000084300000, 0x0000000084400000|  0%| F|  |TAMS 0x0000000084300000, 0x0000000084300000| Untracked 
|  68|0x0000000084400000, 0x0000000084400000, 0x0000000084500000|  0%| F|  |TAMS 0x0000000084400000, 0x0000000084400000| Untracked 
|  69|0x0000000084500000, 0x0000000084500000, 0x0000000084600000|  0%| F|  |TAMS 0x0000000084500000, 0x0000000084500000| Untracked 
|  70|0x0000000084600000, 0x0000000084600000, 0x0000000084700000|  0%| F|  |TAMS 0x0000000084600000, 0x0000000084600000| Untracked 
|  71|0x0000000084700000, 0x0000000084700000, 0x0000000084800000|  0%| F|  |TAMS 0x0000000084700000, 0x0000000084700000| Untracked 
|  72|0x0000000084800000, 0x0000000084800000, 0x0000000084900000|  0%| F|  |TAMS 0x0000000084800000, 0x0000000084800000| Untracked 
|  73|0x0000000084900000, 0x0000000084900000, 0x0000000084a00000|  0%| F|  |TAMS 0x0000000084900000, 0x0000000084900000| Untracked 
|  74|0x0000000084a00000, 0x0000000084a00000, 0x0000000084b00000|  0%| F|  |TAMS 0x0000000084a00000, 0x0000000084a00000| Untracked 
|  75|0x0000000084b00000, 0x0000000084b00000, 0x0000000084c00000|  0%| F|  |TAMS 0x0000000084b00000, 0x0000000084b00000| Untracked 
|  76|0x0000000084c00000, 0x0000000084c00000, 0x0000000084d00000|  0%| F|  |TAMS 0x0000000084c00000, 0x0000000084c00000| Untracked 
|  77|0x0000000084d00000, 0x0000000084d00000, 0x0000000084e00000|  0%| F|  |TAMS 0x0000000084d00000, 0x0000000084d00000| Untracked 
|  78|0x0000000084e00000, 0x0000000084e00000, 0x0000000084f00000|  0%| F|  |TAMS 0x0000000084e00000, 0x0000000084e00000| Untracked 
|  79|0x0000000084f00000, 0x0000000084f00000, 0x0000000085000000|  0%| F|  |TAMS 0x0000000084f00000, 0x0000000084f00000| Untracked 
|  80|0x0000000085000000, 0x0000000085000000, 0x0000000085100000|  0%| F|  |TAMS 0x0000000085000000, 0x0000000085000000| Untracked 
|  81|0x0000000085100000, 0x0000000085100000, 0x0000000085200000|  0%| F|  |TAMS 0x0000000085100000, 0x0000000085100000| Untracked 
|  82|0x0000000085200000, 0x0000000085200000, 0x0000000085300000|  0%| F|  |TAMS 0x0000000085200000, 0x0000000085200000| Untracked 
|  83|0x0000000085300000, 0x0000000085300000, 0x0000000085400000|  0%| F|  |TAMS 0x0000000085300000, 0x0000000085300000| Untracked 
|  84|0x0000000085400000, 0x0000000085400000, 0x0000000085500000|  0%| F|  |TAMS 0x0000000085400000, 0x0000000085400000| Untracked 
|  85|0x0000000085500000, 0x0000000085500000, 0x0000000085600000|  0%| F|  |TAMS 0x0000000085500000, 0x0000000085500000| Untracked 
|  86|0x0000000085600000, 0x0000000085600000, 0x0000000085700000|  0%| F|  |TAMS 0x0000000085600000, 0x0000000085600000| Untracked 
|  87|0x0000000085700000, 0x0000000085752a00, 0x0000000085800000| 32%| S|CS|TAMS 0x0000000085700000, 0x0000000085700000| Complete 
|  88|0x0000000085800000, 0x0000000085900000, 0x0000000085900000|100%| S|CS|TAMS 0x0000000085800000, 0x0000000085800000| Complete 
|  89|0x0000000085900000, 0x0000000085a00000, 0x0000000085a00000|100%| S|CS|TAMS 0x0000000085900000, 0x0000000085900000| Complete 
|  90|0x0000000085a00000, 0x0000000085a00000, 0x0000000085b00000|  0%| F|  |TAMS 0x0000000085a00000, 0x0000000085a00000| Untracked 
|  91|0x0000000085b00000, 0x0000000085b00000, 0x0000000085c00000|  0%| F|  |TAMS 0x0000000085b00000, 0x0000000085b00000| Untracked 
|  92|0x0000000085c00000, 0x0000000085c00000, 0x0000000085d00000|  0%| F|  |TAMS 0x0000000085c00000, 0x0000000085c00000| Untracked 
|  93|0x0000000085d00000, 0x0000000085d00000, 0x0000000085e00000|  0%| F|  |TAMS 0x0000000085d00000, 0x0000000085d00000| Untracked 
|  94|0x0000000085e00000, 0x0000000085f00000, 0x0000000085f00000|100%| E|  |TAMS 0x0000000085e00000, 0x0000000085e00000| Complete 
|  95|0x0000000085f00000, 0x0000000086000000, 0x0000000086000000|100%| E|CS|TAMS 0x0000000085f00000, 0x0000000085f00000| Complete 
|  96|0x0000000086000000, 0x0000000086100000, 0x0000000086100000|100%| E|CS|TAMS 0x0000000086000000, 0x0000000086000000| Complete 
|  97|0x0000000086100000, 0x0000000086200000, 0x0000000086200000|100%| E|CS|TAMS 0x0000000086100000, 0x0000000086100000| Complete 
| 114|0x0000000087200000, 0x0000000087300000, 0x0000000087300000|100%| E|CS|TAMS 0x0000000087200000, 0x0000000087200000| Complete 
| 115|0x0000000087300000, 0x0000000087400000, 0x0000000087400000|100%| E|CS|TAMS 0x0000000087300000, 0x0000000087300000| Complete 
| 127|0x0000000087f00000, 0x0000000088000000, 0x0000000088000000|100%| E|CS|TAMS 0x0000000087f00000, 0x0000000087f00000| Complete 

Card table byte_map: [0x000001c24fdb0000,0x000001c2501b0000] _byte_map_base: 0x000001c24f9b0000

Marking Bits (Prev, Next): (CMBitMap*) 0x000001c238486390, (CMBitMap*) 0x000001c238486350
 Prev Bits: [0x000001c2525b0000, 0x000001c2545b0000)
 Next Bits: [0x000001c2505b0000, 0x000001c2525b0000)

Polling page: 0x000001c2365e0000

Metaspace:

Usage:
  Non-class:     41.31 MB capacity,    40.73 MB ( 99%) used,   531.75 KB (  1%) free+waste,    64.31 KB ( <1%) overhead. 
      Class:      6.26 MB capacity,     6.03 MB ( 96%) used,   207.29 KB (  3%) free+waste,    25.62 KB ( <1%) overhead. 
       Both:     47.57 MB capacity,    46.76 MB ( 98%) used,   739.04 KB (  2%) free+waste,    89.94 KB ( <1%) overhead. 

Virtual space:
  Non-class space:       42.00 MB reserved,      41.50 MB ( 99%) committed 
      Class space:        1.00 GB reserved,       6.37 MB ( <1%) committed 
             Both:        1.04 GB reserved,      47.87 MB (  4%) committed 

Chunk freelists:
   Non-Class:  4.00 KB
       Class:  20.00 KB
        Both:  24.00 KB

MaxMetaspaceSize: 17179869184.00 GB
CompressedClassSpaceSize: 1.00 GB

CodeHeap 'non-profiled nmethods': size=120000Kb used=2929Kb max_used=2929Kb free=117070Kb
 bounds [0x000001c248150000, 0x000001c248430000, 0x000001c24f680000]
CodeHeap 'profiled nmethods': size=120000Kb used=10546Kb max_used=10546Kb free=109453Kb
 bounds [0x000001c240c20000, 0x000001c241670000, 0x000001c248150000]
CodeHeap 'non-nmethods': size=5760Kb used=2343Kb max_used=2407Kb free=3416Kb
 bounds [0x000001c240680000, 0x000001c2408f0000, 0x000001c240c20000]
 total_blobs=6078 nmethods=5253 adapters=737
 compilation: enabled
              stopped_count=0, restarted_count=0
 full_count=0

Compilation events (20 events):
Event: 4.805 Thread 0x000001c256fe2900 nmethod 5191 0x000001c248427a10 code [0x000001c248427ba0, 0x000001c248427c58]
Event: 4.805 Thread 0x000001c257b67f00 5190       4       kotlin.jvm.internal.Intrinsics::checkExpressionValueIsNotNull (38 bytes)
Event: 4.805 Thread 0x000001c256fe2900 5192       1       kotlin.Pair::component2 (5 bytes)
Event: 4.805 Thread 0x000001c256fe2900 nmethod 5192 0x000001c248427d10 code [0x000001c248427ea0, 0x000001c248427f58]
Event: 4.805 Thread 0x000001c256fe2900 5193       3       com.android.tools.build.jetifier.core.type.JavaType::hashCode (17 bytes)
Event: 4.805 Thread 0x000001c256fe2900 nmethod 5193 0x000001c24164c190 code [0x000001c24164c340, 0x000001c24164c4e8]
Event: 4.805 Thread 0x000001c257b67f00 nmethod 5190 0x000001c248428010 code [0x000001c248428180, 0x000001c2484281d8]
Event: 4.807 Thread 0x000001c256fe2900 5194       3       com.android.tools.build.jetifier.core.type.JavaType::hasInnerType (16 bytes)
Event: 4.807 Thread 0x000001c256fe2900 nmethod 5194 0x000001c24164c590 code [0x000001c24164c740, 0x000001c24164c908]
Event: 4.807 Thread 0x000001c257b67f00 5195       4       kotlin.text.StringsKt__StringsKt::contains$default (15 bytes)
Event: 4.809 Thread 0x000001c256fe2900 5198       3       com.google.common.collect.MapMakerInternalMap$StrongKeyWeakValueEntry::copy (34 bytes)
Event: 4.809 Thread 0x000001c256fe2900 nmethod 5198 0x000001c24164ca10 code [0x000001c24164cbe0, 0x000001c24164d128]
Event: 4.810 Thread 0x000001c257b67f00 nmethod 5195 0x000001c248428310 code [0x000001c2484284a0, 0x000001c2484286d8]
Event: 4.810 Thread 0x000001c257b67f00 5196       4       kotlin.text.StringsKt__StringsKt::contains (25 bytes)
Event: 4.813 Thread 0x000001c256fe2900 5199       1       com.android.tools.build.jetifier.core.pom.PomRewriteRule::getFrom (5 bytes)
Event: 4.813 Thread 0x000001c256fe2900 nmethod 5199 0x000001c248428910 code [0x000001c248428aa0, 0x000001c248428b58]
Event: 4.813 Thread 0x000001c257b67f00 nmethod 5196 0x000001c248428c10 code [0x000001c248428da0, 0x000001c248428fd8]
Event: 4.813 Thread 0x000001c257b67f00 5197       4       kotlin.text.StringsKt__StringsKt::indexOf (51 bytes)
Event: 4.815 Thread 0x000001c256fe2900 5201       3       java.util.regex.Pattern::accept (43 bytes)
Event: 4.815 Thread 0x000001c256fe2900 nmethod 5201 0x000001c24164d310 code [0x000001c24164d4e0, 0x000001c24164d7d8]

GC Heap History (20 events):
Event: 2.218 GC heap before
{Heap before GC invocations=3 (full 0):
 garbage-first heap   total 131072K, used 29065K [0x0000000080000000, 0x0000000100000000)
  region size 1024K, 22 young (22528K), 10 survivors (10240K)
 Metaspace       used 20829K, capacity 21211K, committed 21248K, reserved 1067008K
  class space    used 2939K, capacity 3058K, committed 3072K, reserved 1048576K
}
Event: 2.223 GC heap after
{Heap after GC invocations=4 (full 0):
 garbage-first heap   total 131072K, used 19009K [0x0000000080000000, 0x0000000100000000)
  region size 1024K, 2 young (2048K), 2 survivors (2048K)
 Metaspace       used 20829K, capacity 21211K, committed 21248K, reserved 1067008K
  class space    used 2939K, capacity 3058K, committed 3072K, reserved 1048576K
}
Event: 2.804 GC heap before
{Heap before GC invocations=5 (full 0):
 garbage-first heap   total 71680K, used 62017K [0x0000000080000000, 0x0000000100000000)
  region size 1024K, 42 young (43008K), 2 survivors (2048K)
 Metaspace       used 29841K, capacity 30289K, committed 30588K, reserved 1075200K
  class space    used 3971K, capacity 4160K, committed 4220K, reserved 1048576K
}
Event: 2.809 GC heap after
{Heap after GC invocations=6 (full 0):
 garbage-first heap   total 86016K, used 22235K [0x0000000080000000, 0x0000000100000000)
  region size 1024K, 5 young (5120K), 5 survivors (5120K)
 Metaspace       used 29841K, capacity 30289K, committed 30588K, reserved 1075200K
  class space    used 3971K, capacity 4160K, committed 4220K, reserved 1048576K
}
Event: 3.315 GC heap before
{Heap before GC invocations=6 (full 0):
 garbage-first heap   total 86016K, used 62171K [0x0000000080000000, 0x0000000100000000)
  region size 1024K, 44 young (45056K), 5 survivors (5120K)
 Metaspace       used 33783K, capacity 34370K, committed 34684K, reserved 1079296K
  class space    used 4489K, capacity 4665K, committed 4732K, reserved 1048576K
}
Event: 3.321 GC heap after
{Heap after GC invocations=7 (full 0):
 garbage-first heap   total 86016K, used 26170K [0x0000000080000000, 0x0000000100000000)
  region size 1024K, 4 young (4096K), 4 survivors (4096K)
 Metaspace       used 33783K, capacity 34370K, committed 34684K, reserved 1079296K
  class space    used 4489K, capacity 4665K, committed 4732K, reserved 1048576K
}
Event: 3.714 GC heap before
{Heap before GC invocations=7 (full 0):
 garbage-first heap   total 86016K, used 69178K [0x0000000080000000, 0x0000000100000000)
  region size 1024K, 40 young (40960K), 4 survivors (4096K)
 Metaspace       used 35114K, capacity 35752K, committed 35964K, reserved 1081344K
  class space    used 4659K, capacity 4866K, committed 4988K, reserved 1048576K
}
Event: 3.719 GC heap after
{Heap after GC invocations=8 (full 0):
 garbage-first heap   total 86016K, used 40553K [0x0000000080000000, 0x0000000100000000)
  region size 1024K, 5 young (5120K), 5 survivors (5120K)
 Metaspace       used 35114K, capacity 35752K, committed 35964K, reserved 1081344K
  class space    used 4659K, capacity 4866K, committed 4988K, reserved 1048576K
}
Event: 3.777 GC heap before
{Heap before GC invocations=8 (full 0):
 garbage-first heap   total 86016K, used 44649K [0x0000000080000000, 0x0000000100000000)
  region size 1024K, 10 young (10240K), 5 survivors (5120K)
 Metaspace       used 35284K, capacity 35862K, committed 36048K, reserved 1081344K
  class space    used 4682K, capacity 4876K, committed 4988K, reserved 1048576K
}
Event: 3.779 GC heap after
{Heap after GC invocations=9 (full 0):
 garbage-first heap   total 86016K, used 42321K [0x0000000080000000, 0x0000000100000000)
  region size 1024K, 2 young (2048K), 2 survivors (2048K)
 Metaspace       used 35284K, capacity 35862K, committed 36048K, reserved 1081344K
  class space    used 4682K, capacity 4876K, committed 4988K, reserved 1048576K
}
Event: 3.986 GC heap before
{Heap before GC invocations=10 (full 0):
 garbage-first heap   total 86016K, used 57681K [0x0000000080000000, 0x0000000100000000)
  region size 1024K, 17 young (17408K), 2 survivors (2048K)
 Metaspace       used 37467K, capacity 38202K, committed 38268K, reserved 1083392K
  class space    used 4990K, capacity 5203K, committed 5244K, reserved 1048576K
}
Event: 3.988 GC heap after
{Heap after GC invocations=11 (full 0):
 garbage-first heap   total 86016K, used 43027K [0x0000000080000000, 0x0000000100000000)
  region size 1024K, 1 young (1024K), 1 survivors (1024K)
 Metaspace       used 37467K, capacity 38202K, committed 38268K, reserved 1083392K
  class space    used 4990K, capacity 5203K, committed 5244K, reserved 1048576K
}
Event: 4.216 GC heap before
{Heap before GC invocations=11 (full 0):
 garbage-first heap   total 86016K, used 60435K [0x0000000080000000, 0x0000000100000000)
  region size 1024K, 18 young (18432K), 1 survivors (1024K)
 Metaspace       used 41601K, capacity 42355K, committed 42620K, reserved 1085440K
  class space    used 5441K, capacity 5690K, committed 5756K, reserved 1048576K
}
Event: 4.218 GC heap after
{Heap after GC invocations=12 (full 0):
 garbage-first heap   total 86016K, used 43863K [0x0000000080000000, 0x0000000100000000)
  region size 1024K, 2 young (2048K), 2 survivors (2048K)
 Metaspace       used 41601K, capacity 42355K, committed 42620K, reserved 1085440K
  class space    used 5441K, capacity 5690K, committed 5756K, reserved 1048576K
}
Event: 4.440 GC heap before
{Heap before GC invocations=13 (full 0):
 garbage-first heap   total 86016K, used 61271K [0x0000000080000000, 0x0000000100000000)
  region size 1024K, 20 young (20480K), 2 survivors (2048K)
 Metaspace       used 44492K, capacity 45314K, committed 45564K, reserved 1089536K
  class space    used 5774K, capacity 6013K, committed 6140K, reserved 1048576K
}
Event: 4.444 GC heap after
{Heap after GC invocations=14 (full 0):
 garbage-first heap   total 86016K, used 46127K [0x0000000080000000, 0x0000000100000000)
  region size 1024K, 3 young (3072K), 3 survivors (3072K)
 Metaspace       used 44492K, capacity 45314K, committed 45564K, reserved 1089536K
  class space    used 5774K, capacity 6013K, committed 6140K, reserved 1048576K
}
Event: 4.612 GC heap before
{Heap before GC invocations=14 (full 0):
 garbage-first heap   total 86016K, used 63535K [0x0000000080000000, 0x0000000100000000)
  region size 1024K, 21 young (21504K), 3 survivors (3072K)
 Metaspace       used 45940K, capacity 46744K, committed 46972K, reserved 1089536K
  class space    used 5964K, capacity 6185K, committed 6268K, reserved 1048576K
}
Event: 4.615 GC heap after
{Heap after GC invocations=15 (full 0):
 garbage-first heap   total 103424K, used 47459K [0x0000000080000000, 0x0000000100000000)
  region size 1024K, 2 young (2048K), 2 survivors (2048K)
 Metaspace       used 45940K, capacity 46744K, committed 46972K, reserved 1089536K
  class space    used 5964K, capacity 6185K, committed 6268K, reserved 1048576K
}
Event: 4.746 GC heap before
{Heap before GC invocations=16 (full 0):
 garbage-first heap   total 103424K, used 57699K [0x0000000080000000, 0x0000000100000000)
  region size 1024K, 13 young (13312K), 2 survivors (2048K)
 Metaspace       used 47190K, capacity 47998K, committed 48124K, reserved 1091584K
  class space    used 6113K, capacity 6346K, committed 6396K, reserved 1048576K
}
Event: 4.748 GC heap after
{Heap after GC invocations=17 (full 0):
 garbage-first heap   total 103424K, used 48185K [0x0000000080000000, 0x0000000100000000)
  region size 1024K, 3 young (3072K), 3 survivors (3072K)
 Metaspace       used 47190K, capacity 47998K, committed 48124K, reserved 1091584K
  class space    used 6113K, capacity 6346K, committed 6396K, reserved 1048576K
}

Deoptimization events (20 events):
Event: 4.470 Thread 0x000001c25913e720 DEOPT PACKING pc=0x000001c2415a9588 sp=0x0000006f98ff4ba0
Event: 4.470 Thread 0x000001c25913e720 DEOPT UNPACKING pc=0x000001c2406ce23f sp=0x0000006f98ff4058 mode 0
Event: 4.471 Thread 0x000001c25913e720 DEOPT PACKING pc=0x000001c2415a9588 sp=0x0000006f98ff4ba0
Event: 4.471 Thread 0x000001c25913e720 DEOPT UNPACKING pc=0x000001c2406ce23f sp=0x0000006f98ff4058 mode 0
Event: 4.471 Thread 0x000001c25913e720 DEOPT PACKING pc=0x000001c2415a9588 sp=0x0000006f98ff4ba0
Event: 4.471 Thread 0x000001c25913e720 DEOPT UNPACKING pc=0x000001c2406ce23f sp=0x0000006f98ff4058 mode 0
Event: 4.471 Thread 0x000001c25913e720 DEOPT PACKING pc=0x000001c2415a9588 sp=0x0000006f98ff4ba0
Event: 4.471 Thread 0x000001c25913e720 DEOPT UNPACKING pc=0x000001c2406ce23f sp=0x0000006f98ff4058 mode 0
Event: 4.473 Thread 0x000001c25913e720 DEOPT PACKING pc=0x000001c2415a9588 sp=0x0000006f98ff4ea0
Event: 4.473 Thread 0x000001c25913e720 DEOPT UNPACKING pc=0x000001c2406ce23f sp=0x0000006f98ff4358 mode 0
Event: 4.474 Thread 0x000001c25913e720 DEOPT PACKING pc=0x000001c2415a9588 sp=0x0000006f98ff4ea0
Event: 4.474 Thread 0x000001c25913e720 DEOPT UNPACKING pc=0x000001c2406ce23f sp=0x0000006f98ff4358 mode 0
Event: 4.652 Thread 0x000001c25913e720 Uncommon trap: trap_request=0xffffff45 fr.pc=0x000001c2482fe668 relative=0x00000000000003a8
Event: 4.652 Thread 0x000001c25913e720 Uncommon trap: reason=unstable_if action=reinterpret pc=0x000001c2482fe668 method=org.gradle.internal.reflect.PropertyAccessorType.of(Ljava/lang/reflect/Method;)Lorg/gradle/internal/reflect/PropertyAccessorType; @ 56 c2
Event: 4.652 Thread 0x000001c25913e720 DEOPT PACKING pc=0x000001c2482fe668 sp=0x0000006f98ff8f20
Event: 4.652 Thread 0x000001c25913e720 DEOPT UNPACKING pc=0x000001c2406ce42f sp=0x0000006f98ff8ee0 mode 2
Event: 4.758 Thread 0x000001c25913e720 Uncommon trap: trap_request=0xffffff45 fr.pc=0x000001c24824fe88 relative=0x00000000000003c8
Event: 4.758 Thread 0x000001c25913e720 Uncommon trap: reason=unstable_if action=reinterpret pc=0x000001c24824fe88 method=java.util.concurrent.ConcurrentHashMap.get(Ljava/lang/Object;)Ljava/lang/Object; @ 76 c2
Event: 4.758 Thread 0x000001c25913e720 DEOPT PACKING pc=0x000001c24824fe88 sp=0x0000006f98ff7210
Event: 4.758 Thread 0x000001c25913e720 DEOPT UNPACKING pc=0x000001c2406ce42f sp=0x0000006f98ff7188 mode 2

Classes unloaded (0 events):
No events

Classes redefined (0 events):
No events

Internal exceptions (20 events):
Event: 3.769 Thread 0x000001c25913e720 Exception <a 'java/lang/ClassNotFoundException'{0x00000000850b39e8}: build_8ve4py6yrpcqht3tukl1hab4mBeanInfo> (0x00000000850b39e8) 
thrown [./open/src/hotspot/share/classfile/systemDictionary.cpp, line 295]
Event: 3.769 Thread 0x000001c25913e720 Exception <a 'java/lang/ClassNotFoundException'{0x00000000850b8f20}: build_8ve4py6yrpcqht3tukl1hab4mCustomizer> (0x00000000850b8f20) 
thrown [./open/src/hotspot/share/classfile/systemDictionary.cpp, line 295]
Event: 3.773 Thread 0x000001c25913e720 Exception <a 'java/lang/ClassNotFoundException'{0x0000000084f009d0}: org/gradle/plugin/use/internal/PluginRequestCollector$PluginDependenciesSpecImplBeanInfo> (0x0000000084f009d0) 
thrown [./open/src/hotspot/share/classfile/systemDictionary.cpp, line 295]
Event: 3.774 Thread 0x000001c25913e720 Exception <a 'java/lang/ClassNotFoundException'{0x0000000084f0d2a0}: org/gradle/plugin/use/internal/PluginRequestCollector$PluginDependenciesSpecImplCustomizer> (0x0000000084f0d2a0) 
thrown [./open/src/hotspot/share/classfile/systemDictionary.cpp, line 295]
Event: 3.781 Thread 0x000001c25913e720 Exception <a 'java/lang/NoSuchMethodError'{0x0000000087f13b50}: 'void java.lang.invoke.DirectMethodHandle$Holder.invokeInterface(java.lang.Object, java.lang.Object)'> (0x0000000087f13b50) 
thrown [./open/src/hotspot/share/interpreter/linkResolver.cpp, line 782]
Event: 3.811 Thread 0x000001c25913e720 Exception <a 'java/lang/ClassNotFoundException'{0x00000000873e2618}: org/gradle/api/internal/plugins/DefaultObjectConfigurationActionBeanInfo> (0x00000000873e2618) 
thrown [./open/src/hotspot/share/classfile/systemDictionary.cpp, line 295]
Event: 3.812 Thread 0x000001c25913e720 Exception <a 'java/lang/ClassNotFoundException'{0x00000000873f0618}: org/gradle/api/internal/plugins/DefaultObjectConfigurationActionCustomizer> (0x00000000873f0618) 
thrown [./open/src/hotspot/share/classfile/systemDictionary.cpp, line 295]
Event: 3.942 Thread 0x000001c25913e720 Exception <a 'java/lang/NoSuchMethodError'{0x0000000084507a50}: 'java.lang.Object java.lang.invoke.DelegatingMethodHandle$Holder.reinvoke_L(java.lang.Object, java.lang.Object, java.lang.Object, java.lang.Object, java.lang.Object, java.lang.Object, java.lang.Object, java.lang.Object, java.lang.Object, java.lang.Object, java.lang.Object, java.lang.Object, java.lang.Object, java.lang.Object, java.lang.Object, java.lang.Object, java.lang.Object)'> (0x0000000084507a50) 
thrown [./open/src/hotspot/share/interpre
Event: 3.942 Thread 0x000001c25913e720 Exception <a 'java/lang/NoSuchMethodError'{0x00000000845127f0}: 'java.lang.Object java.lang.invoke.Invokers$Holder.invoker(java.lang.Object, java.lang.Object, java.lang.Object, java.lang.Object, java.lang.Object, java.lang.Object, java.lang.Object, java.lang.Object, java.lang.Object, java.lang.Object, java.lang.Object, java.lang.Object, java.lang.Object, java.lang.Object, java.lang.Object, java.lang.Object, java.lang.Object)'> (0x00000000845127f0) 
thrown [./open/src/hotspot/share/interpreter/linkResolver.
Event: 3.943 Thread 0x000001c25913e720 Exception <a 'java/lang/NoSuchMethodError'{0x0000000084519138}: 'java.lang.Object java.lang.invoke.DelegatingMethodHandle$Holder.delegate(java.lang.Object, java.lang.Object, java.lang.Object, java.lang.Object, java.lang.Object, java.lang.Object, java.lang.Object, java.lang.Object, java.lang.Object, java.lang.Object, java.lang.Object, java.lang.Object, java.lang.Object, java.lang.Object, java.lang.Object, java.lang.Object, java.lang.Object)'> (0x0000000084519138) 
thrown [./open/src/hotspot/share/interprete
Event: 3.950 Thread 0x000001c25913e720 Exception <a 'java/lang/NoSuchMethodError'{0x000000008458c8b8}: 'java.lang.Object java.lang.invoke.DirectMethodHandle$Holder.invokeStatic(java.lang.Object, java.lang.Object, java.lang.Object, java.lang.Object, java.lang.Object, java.lang.Object, java.lang.Object, java.lang.Object, java.lang.Object, java.lang.Object, java.lang.Object, java.lang.Object, java.lang.Object, java.lang.Object, java.lang.Object, java.lang.Object, java.lang.Object)'> (0x000000008458c8b8) 
thrown [./open/src/hotspot/share/interprete
Event: 3.952 Thread 0x000001c25913e720 Exception <a 'java/lang/NoSuchMethodError'{0x00000000845b3780}: 'java.lang.Object java.lang.invoke.DirectMethodHandle$Holder.invokeStatic(java.lang.Object, java.lang.Object, java.lang.Object, java.lang.Object, java.lang.Object, java.lang.Object, java.lang.Object, java.lang.Object, java.lang.Object, java.lang.Object, java.lang.Object, java.lang.Object, java.lang.Object, java.lang.Object, java.lang.Object, java.lang.Object, java.lang.Object, java.lang.Object)'> (0x00000000845b3780) 
thrown [./open/src/hotspo
Event: 3.953 Thread 0x000001c25913e720 Exception <a 'java/lang/NoSuchMethodError'{0x00000000845dbf68}: 'java.lang.Object java.lang.invoke.DirectMethodHandle$Holder.invokeStatic(java.lang.Object, java.lang.Object, java.lang.Object, java.lang.Object, java.lang.Object, java.lang.Object, java.lang.Object, java.lang.Object, java.lang.Object, java.lang.Object, java.lang.Object, java.lang.Object, java.lang.Object, java.lang.Object, java.lang.Object, java.lang.Object, java.lang.Object, java.lang.Object, java.lang.Object)'> (0x00000000845dbf68) 
thrown 
Event: 3.955 Thread 0x000001c25913e720 Exception <a 'java/lang/NoSuchMethodError'{0x0000000084406a38}: 'java.lang.Object java.lang.invoke.DirectMethodHandle$Holder.invokeStatic(java.lang.Object, java.lang.Object, java.lang.Object, java.lang.Object, java.lang.Object, java.lang.Object, java.lang.Object, java.lang.Object, java.lang.Object, java.lang.Object, java.lang.Object, java.lang.Object, java.lang.Object, java.lang.Object, java.lang.Object, java.lang.Object, java.lang.Object, java.lang.Object, java.lang.Object, java.lang.Object)'> (0x00000000
Event: 3.983 Thread 0x000001c25913e720 Exception <a 'java/lang/NoSuchMethodError'{0x00000000843dc038}: 'java.lang.Object java.lang.invoke.DirectMethodHandle$Holder.newInvokeSpecial(java.lang.Object, java.lang.Object, java.lang.Object, java.lang.Object, int)'> (0x00000000843dc038) 
thrown [./open/src/hotspot/share/interpreter/linkResolver.cpp, line 782]
Event: 3.983 Thread 0x000001c25913e720 Exception <a 'java/lang/NoSuchMethodError'{0x00000000843e1468}: 'java.lang.Object java.lang.invoke.DirectMethodHandle$Holder.invokeSpecial(java.lang.Object, java.lang.Object, java.lang.Object, java.lang.Object, java.lang.Object, int)'> (0x00000000843e1468) 
thrown [./open/src/hotspot/share/interpreter/linkResolver.cpp, line 782]
Event: 3.983 Thread 0x000001c25913e720 Exception <a 'java/lang/NoSuchMethodError'{0x00000000843e6340}: 'java.lang.Object java.lang.invoke.Invokers$Holder.linkToTargetMethod(java.lang.Object, java.lang.Object, java.lang.Object, int, java.lang.Object)'> (0x00000000843e6340) 
thrown [./open/src/hotspot/share/interpreter/linkResolver.cpp, line 782]
Event: 4.138 Thread 0x000001c25913e720 Exception <a 'java/lang/IncompatibleClassChangeError'{0x000000008472c0e8}: Found class java.lang.Object, but interface was expected> (0x000000008472c0e8) 
thrown [./open/src/hotspot/share/interpreter/linkResolver.cpp, line 848]
Event: 4.271 Thread 0x000001c25913e720 Exception <a 'java/lang/NoSuchMethodError'{0x00000000850bd4a8}: 'void java.lang.invoke.DirectMethodHandle$Holder.invokeInterface(java.lang.Object, java.lang.Object, java.lang.Object, java.lang.Object)'> (0x00000000850bd4a8) 
thrown [./open/src/hotspot/share/interpreter/linkResolver.cpp, line 782]
Event: 4.348 Thread 0x000001c25913e720 Implicit null exception at 0x000001c2482ccb6b to 0x000001c2482ccc5c

Events (20 events):
Event: 4.642 loading class javax/xml/stream/XMLStreamException
Event: 4.642 loading class javax/xml/stream/XMLStreamException done
Event: 4.648 loading class java/security/KeyStore
Event: 4.649 loading class java/security/KeyStore done
Event: 4.649 loading class java/security/KeyStore$1
Event: 4.649 loading class java/security/KeyStore$1 done
Event: 4.652 Executing VM operation: G1Concurrent
Event: 4.654 Executing VM operation: G1Concurrent done
Event: 4.670 Executing VM operation: G1Concurrent
Event: 4.670 Executing VM operation: G1Concurrent done
Event: 4.746 Executing VM operation: G1TryInitiateConcMark
Event: 4.748 Executing VM operation: G1TryInitiateConcMark done
Event: 4.752 loading class sun/reflect/generics/repository/FieldRepository
Event: 4.752 loading class sun/reflect/generics/repository/FieldRepository done
Event: 4.757 loading class jdk/internal/vm/annotation/ForceInline
Event: 4.757 loading class jdk/internal/vm/annotation/ForceInline done
Event: 4.787 Executing VM operation: G1Concurrent
Event: 4.789 Executing VM operation: G1Concurrent done
Event: 4.808 Executing VM operation: G1Concurrent
Event: 4.808 Executing VM operation: G1Concurrent done


Dynamic libraries:
0x00007ff7e3700000 - 0x00007ff7e370f000 	C:\Program Files\Java\jdk-15\bin\java.exe
0x00007ff8249d0000 - 0x00007ff824bc5000 	C:\WINDOWS\SYSTEM32\ntdll.dll
0x00007ff822d40000 - 0x00007ff822dfd000 	C:\WINDOWS\System32\KERNEL32.DLL
0x00007ff822370000 - 0x00007ff822638000 	C:\WINDOWS\System32\KERNELBASE.dll
0x00007ff822110000 - 0x00007ff822210000 	C:\WINDOWS\System32\ucrtbase.dll
0x00007ff81a950000 - 0x00007ff81a968000 	C:\Program Files\Java\jdk-15\bin\jli.dll
0x00007ff813d50000 - 0x00007ff813d69000 	C:\Program Files\Java\jdk-15\bin\VCRUNTIME140.dll
0x00007ff823c00000 - 0x00007ff823cac000 	C:\WINDOWS\System32\ADVAPI32.dll
0x00007ff822f80000 - 0x00007ff82301e000 	C:\WINDOWS\System32\msvcrt.dll
0x00007ff822ca0000 - 0x00007ff822d3b000 	C:\WINDOWS\System32\sechost.dll
0x00007ff8243b0000 - 0x00007ff8244db000 	C:\WINDOWS\System32\RPCRT4.dll
0x00007ff8240e0000 - 0x00007ff824280000 	C:\WINDOWS\System32\USER32.dll
0x00007ff822640000 - 0x00007ff822662000 	C:\WINDOWS\System32\win32u.dll
0x00007ff80af00000 - 0x00007ff80b19a000 	C:\WINDOWS\WinSxS\amd64_microsoft.windows.common-controls_6595b64144ccf1df_6.0.19041.844_none_ca00b6081b84eb1d\COMCTL32.dll
0x00007ff823cc0000 - 0x00007ff823cea000 	C:\WINDOWS\System32\GDI32.dll
0x00007ff822670000 - 0x00007ff82277b000 	C:\WINDOWS\System32\gdi32full.dll
0x00007ff822930000 - 0x00007ff8229cd000 	C:\WINDOWS\System32\msvcp_win.dll
0x00007ff81ffa0000 - 0x00007ff81ffaa000 	C:\WINDOWS\SYSTEM32\VERSION.dll
0x00007ff8244e0000 - 0x00007ff824510000 	C:\WINDOWS\System32\IMM32.DLL
0x00007ff81a810000 - 0x00007ff81a81c000 	C:\Program Files\Java\jdk-15\bin\vcruntime140_1.dll
0x00007ffff6ff0000 - 0x00007ffff7081000 	C:\Program Files\Java\jdk-15\bin\msvcp140.dll
0x00007fffeddf0000 - 0x00007fffee94c000 	C:\Program Files\Java\jdk-15\bin\server\jvm.dll
0x00007ff824760000 - 0x00007ff824768000 	C:\WINDOWS\System32\PSAPI.DLL
0x00007ff80e070000 - 0x00007ff80e079000 	C:\WINDOWS\SYSTEM32\WSOCK32.dll
0x00007ff813f80000 - 0x00007ff813fa7000 	C:\WINDOWS\SYSTEM32\WINMM.dll
0x00007ff824920000 - 0x00007ff82498b000 	C:\WINDOWS\System32\WS2_32.dll
0x00007ff8209d0000 - 0x00007ff8209e2000 	C:\WINDOWS\SYSTEM32\kernel.appcore.dll
0x00007ff81a650000 - 0x00007ff81a65a000 	C:\Program Files\Java\jdk-15\bin\jimage.dll
0x00007ff80b970000 - 0x00007ff80bb54000 	C:\WINDOWS\SYSTEM32\DBGHELP.DLL
0x00007ff80c9b0000 - 0x00007ff80c9dc000 	C:\WINDOWS\SYSTEM32\dbgcore.DLL
0x00007ff8227d0000 - 0x00007ff822850000 	C:\WINDOWS\System32\bcryptPrimitives.dll
0x00007ffffea10000 - 0x00007ffffea35000 	C:\Program Files\Java\jdk-15\bin\java.dll
0x00007ff8234b0000 - 0x00007ff823bf2000 	C:\WINDOWS\System32\SHELL32.dll
0x00007ff8201f0000 - 0x00007ff820981000 	C:\WINDOWS\SYSTEM32\windows.storage.dll
0x00007ff823cf0000 - 0x00007ff824045000 	C:\WINDOWS\System32\combase.dll
0x00007ff821b80000 - 0x00007ff821bac000 	C:\WINDOWS\SYSTEM32\Wldp.dll
0x00007ff822b20000 - 0x00007ff822bce000 	C:\WINDOWS\System32\SHCORE.dll
0x00007ff824620000 - 0x00007ff824675000 	C:\WINDOWS\System32\shlwapi.dll
0x00007ff822050000 - 0x00007ff82206f000 	C:\WINDOWS\SYSTEM32\profapi.dll
0x00007ff809e70000 - 0x00007ff809e89000 	C:\Program Files\Java\jdk-15\bin\net.dll
0x00007ff814430000 - 0x00007ff81453b000 	C:\WINDOWS\SYSTEM32\WINHTTP.dll
0x00007ff8218f0000 - 0x00007ff82195a000 	C:\WINDOWS\system32\mswsock.dll
0x00007ff808e00000 - 0x00007ff808e12000 	C:\Program Files\Java\jdk-15\bin\nio.dll
0x00007ff808b80000 - 0x00007ff808b98000 	C:\Program Files\Java\jdk-15\bin\zip.dll
0x00007ff81a5b0000 - 0x00007ff81a5c0000 	C:\Program Files\Java\jdk-15\bin\verify.dll
0x00007ff808450000 - 0x00007ff808477000 	C:\Users\Mendiratta\.gradle\native\f6784746aeab05261644944871eae4fe03e0ef1612fff0a4a95f87b438bc6780\windows-amd64\native-platform.dll
0x00007ff80e7c0000 - 0x00007ff80e7c9000 	C:\Program Files\Java\jdk-15\bin\management.dll
0x00007ff80e280000 - 0x00007ff80e28b000 	C:\Program Files\Java\jdk-15\bin\management_ext.dll
0x00007ff821ac0000 - 0x00007ff821ad8000 	C:\WINDOWS\SYSTEM32\CRYPTSP.dll
0x00007ff8211e0000 - 0x00007ff821214000 	C:\WINDOWS\system32\rsaenh.dll
0x00007ff822900000 - 0x00007ff822927000 	C:\WINDOWS\System32\bcrypt.dll
0x00007ff821fd0000 - 0x00007ff821ffe000 	C:\WINDOWS\SYSTEM32\USERENV.dll
0x00007ff821ae0000 - 0x00007ff821aec000 	C:\WINDOWS\SYSTEM32\CRYPTBASE.dll
0x00007ff821570000 - 0x00007ff8215ab000 	C:\WINDOWS\SYSTEM32\IPHLPAPI.DLL
0x00007ff822a30000 - 0x00007ff822a38000 	C:\WINDOWS\System32\NSI.dll
0x00007ff81ab10000 - 0x00007ff81ab27000 	C:\WINDOWS\SYSTEM32\dhcpcsvc6.DLL
0x00007ff81ab50000 - 0x00007ff81ab6d000 	C:\WINDOWS\SYSTEM32\dhcpcsvc.DLL
0x00007ff8215b0000 - 0x00007ff82167c000 	C:\WINDOWS\SYSTEM32\DNSAPI.dll
0x00007ff81aa50000 - 0x00007ff81aa5b000 	C:\WINDOWS\SYSTEM32\WINNSI.DLL

dbghelp: loaded successfully - version: 4.0.5 - missing functions: none
symbol engine: initialized successfully - sym options: 0x614 - pdb path: .;C:\Program Files\Java\jdk-15\bin;C:\WINDOWS\SYSTEM32;C:\WINDOWS\WinSxS\amd64_microsoft.windows.common-controls_6595b64144ccf1df_6.0.19041.844_none_ca00b6081b84eb1d;C:\Program Files\Java\jdk-15\bin\server;C:\Users\Mendiratta\.gradle\native\f6784746aeab05261644944871eae4fe03e0ef1612fff0a4a95f87b438bc6780\windows-amd64

VM Arguments:
jvm_args: --add-opens=java.base/java.util=ALL-UNNAMED --add-opens=java.base/java.lang=ALL-UNNAMED --add-opens=java.base/java.lang.invoke=ALL-UNNAMED --add-opens=java.prefs/java.util.prefs=ALL-UNNAMED -Xmx2048m -Dfile.encoding=UTF-8 -Duser.country=US -Duser.language=en -Duser.variant 
java_command: org.gradle.launcher.daemon.bootstrap.GradleDaemon 6.5
java_class_path (initial): C:\Users\Mendiratta\.gradle\wrapper\dists\gradle-6.5-bin\6nifqtx7604sqp1q6g8wikw7p\gradle-6.5\lib\gradle-launcher-6.5.jar
Launcher Type: SUN_STANDARD

[Global flags]
     intx CICompilerCount                          = 4                                         {product} {ergonomic}
     uint ConcGCThreads                            = 2                                         {product} {ergonomic}
     uint G1ConcRefinementThreads                  = 8                                         {product} {ergonomic}
   size_t G1HeapRegionSize                         = 1048576                                   {product} {ergonomic}
    uintx GCDrainStackTargetSize                   = 64                                        {product} {ergonomic}
   size_t InitialHeapSize                          = 134217728                                 {product} {ergonomic}
   size_t MarkStackSize                            = 4194304                                   {product} {ergonomic}
   size_t MaxHeapSize                              = 2147483648                                {product} {command line}
   size_t MaxNewSize                               = 1287651328                                {product} {ergonomic}
   size_t MinHeapDeltaBytes                        = 1048576                                   {product} {ergonomic}
   size_t MinHeapSize                              = 8388608                                   {product} {ergonomic}
    uintx NonNMethodCodeHeapSize                   = 5839372                                {pd product} {ergonomic}
    uintx NonProfiledCodeHeapSize                  = 122909434                              {pd product} {ergonomic}
    uintx ProfiledCodeHeapSize                     = 122909434                              {pd product} {ergonomic}
    uintx ReservedCodeCacheSize                    = 251658240                              {pd product} {ergonomic}
     bool SegmentedCodeCache                       = true                                      {product} {ergonomic}
   size_t SoftMaxHeapSize                          = 2147483648                             {manageable} {ergonomic}
     bool UseCompressedClassPointers               = true                                 {lp64_product} {ergonomic}
     bool UseCompressedOops                        = true                                 {lp64_product} {ergonomic}
     bool UseG1GC                                  = true                                      {product} {ergonomic}
     bool UseLargePagesIndividualAllocation        = false                                  {pd product} {ergonomic}

Logging:
Log output configuration:
 #0: stdout all=warning uptime,level,tags
 #1: stderr all=off uptime,level,tags

Environment Variables:
CLASSPATH=C:\Users\Mendiratta\AndroidStudioProjects\Bookerkotlin\\gradle\wrapper\gradle-wrapper.jar
PATH=C:\Python39\Scripts\;C:\Python39\;C:\Program Files\Common Files\Oracle\Java\javapath;C:\Program Files (x86)\Intel\iCLS Client\;C:\Program Files\Intel\iCLS Client\;C:\WINDOWS\system32;C:\WINDOWS;C:\WINDOWS\System32\Wbem;C:\WINDOWS\System32\WindowsPowerShell\v1.0\;C:\Program Files\Intel\WiFi\bin\;C:\Program Files\Common Files\Intel\WirelessCommon\;C:\Program Files (x86)\Intel\Intel(R) Management Engine Components\DAL;C:\Program Files\Intel\Intel(R) Management Engine Components\DAL;C:\Program Files (x86)\Intel\Intel(R) Management Engine Components\IPT;C:\Program Files\Intel\Intel(R) Management Engine Components\IPT;C:\WINDOWS\System32\OpenSSH\;C:\Program Files\Polyspace\R2019a\bin;C:\sqlite;C:\Users\Mendiratta\AppData\Local\Android\Sdk\platform-tools;C:\Program Files\nodejs\;C:\ProgramData\chocolatey\bin;C:\Program Files\Git\cmd;C:\Users\Mendiratta\AppData\Local\Microsoft\WindowsApps;C:\Users\Mendiratta\AppData\Roaming\Microsoft\Windows\Start Menu\Programs\Python 3.7;C:\Users\Mendiratta\AppData\Local\Programs\Python\Python37-32;;C:\Users\Mendiratta\AppData\Local\Programs\Microsoft VS Code\bin;C:\Users\Mendiratta\AppData\Roaming\npm
USERNAME=Mendiratta
OS=Windows_NT
PROCESSOR_IDENTIFIER=Intel64 Family 6 Model 142 Stepping 10, GenuineIntel



---------------  S Y S T E M  ---------------

OS:
 Windows 10 , 64 bit Build 19041 (10.0.19041.928)
OS uptime: 0 days 2:30 hours
HyperV virtualization detected

CPU: total 8 (initial active 8) (4 cores per cpu, 2 threads per core) family 6 model 142 stepping 10, cmov, cx8, fxsr, mmx, sse, sse2, sse3, ssse3, sse4.1, sse4.2, popcnt, vzeroupper, avx, avx2, aes, clmul, erms, 3dnowpref, lzcnt, ht, tsc, tscinvbit, bmi1, bmi2, adx, fma, clflush, clflushopt

Memory: 4k page, system-wide physical 8069M (1071M free)
TotalPageFile size 9093M (AvailPageFile size 5M)
current process WorkingSet (physical memory assigned to process): 287M, peak: 287M
current process commit charge ("private bytes"): 342M, peak: 342M

vm_info: Java HotSpot(TM) 64-Bit Server VM (15+36-1562) for windows-amd64 JRE (15+36-1562), built on Aug 11 2020 22:38:02 by "mach5one" with unknown MS VC++:1925

END.
